
Request: GET /api/stones at Sun Nov 03 2024 15:29:17 GMT+0200, IP: ::1, User Agent: Mozilla/5.0 (Windows NT 10.0; Win64; x64) AppleWebKit/537.36 (KHTML, like Gecko) Chrome/130.0.0.0 Safari/537.36 Edg/130.0.0.0
Response Body:
[
	{
		"_id": "66cc8fb935338737ded8520e",
		"name": "אמטיסט",
		"description": "אבן האמטיסט, בגוון סגול מהפנט, נחשבת לאבן הרוחניות והשלווה. היא ידועה כמסייעת בהרגעת הנפש ובאיזון רגשי, ומציעה הגנה מפני אנרגיות שליליות. האמטיסט מתאימה במיוחד לבני ובנות מזלות דגים, בתולה, וקשת, ותורמת להעצמת האינטואיציה ולחיזוק הקשר עם העצמי הפנימי. זו האבן המושלמת למי שמחפש חיבור עמוק יותר עם הרוחניות והיציבות הרגשית.",
		"__v": 1,
		"descriptionImageFileName": "1725889236586.jpg",
		"descriptionText": "לורם איפסום דולור סיט אמט, קונסקטורר אדיפיסינג אלית קולורס מונפרד אדנדום סילקוף, מרגשי ומרגשח. עמחליף נולום ארווס סאפיאן - פוסיליס קוויס, אקווזמן ליבם סולגק. בראיט ולחת צורק מונחף, בגורמי מגמש. תרבנך וסתעד לכנו סתשם השמה - לתכי מורגם בורק? לתיג ישבעס.\n\nקולורס מונפרד אדנדום סילקוף, מרגשי ומרגשח. עמחליף קונסקטורר אדיפיסינג אלית. סת אלמנקום ניסי נון ניבאה. דס איאקוליס וולופטה דיאם. וסטיבולום אט דולור, קראס אגת לקטוס וואל אאוגו וסטיבולום סוליסי טידום בעליק. קונדימנטום קורוס בליקרה, נונסטי קלובר בריקנה סטום,
...
Response: 304 15.933 ms 

Request: GET /api/products at Sun Nov 03 2024 15:29:17 GMT+0200, IP: ::1, User Agent: Mozilla/5.0 (Windows NT 10.0; Win64; x64) AppleWebKit/537.36 (KHTML, like Gecko) Chrome/130.0.0.0 Safari/537.36 Edg/130.0.0.0
Response Body:
[
	{
		"_id": "66cc90241508324d6c354db7",
		"title": "עגילים",
		"description": "עגילי מקרמה בעבודת יד אלו הם שילוב מושלם של עיצוב בוהו-שיק קלאסי ואמנות קראפט עכשווית. כל זוג עגילים עשוי מחוטי מקרמה איכותיים הנקשרים בקפידה ליצירת דפוסים ייחודיים ומורכבים. העגילים קלים ונוחים לענידה, ומוסיפים נגיעה של סטייל ייחודי לכל הופעה יומיומית או ערב אלגנטי. בין אם את מחפשת מתנה מקורית או תוספת אופנתית לאוסף שלך, עגילי המקרמה הללו הם הבחירה המושלמת.",
		"imageFileNames": [
			"1724679146877.jpg",
			"1724679146905.jpg",
			"1724679146913.jpg",
			"1724679146922.jpg"
		],
		"stock": 2,
		"stringAColor": "black",
		"stringBColor": "white",
		"stone": "אקוומרין",
		"category": "עגילים",
		"__v": 0,
		"discount": 20,
		"currentPrice": 280,
		"originalPrice": 350
	},
	{
		"_id": "66cc90241508324d6c354db8",
		"title": "שרשרת",
		"description": "שרשרת המקרמה הזו היא יותר מאשר תכשיט - היא יצירת אמנות של ממש. עשויה בקפידה מחוטי מקרמה איכותיים, כל שרשרת נרקמת בעבודת יד תוך תשומת לב לפרטים הקטנים ביותר. הדוג
...
Response: 304 30.519 ms 

Request: GET /api/categories at Sun Nov 03 2024 15:29:17 GMT+0200, IP: ::1, User Agent: Mozilla/5.0 (Windows NT 10.0; Win64; x64) AppleWebKit/537.36 (KHTML, like Gecko) Chrome/130.0.0.0 Safari/537.36 Edg/130.0.0.0
Response Body:
[
	{
		"_id": "66cc8fb935338737ded85208",
		"hebTitle": "צמידים",
		"engLink": "Bracelets",
		"imageFileNames": [
			"1724680280610.jpg",
			"1724680280611.jpg",
			"1724680280613.jpg",
			"1724680280613.jpg",
			"1724680280615.jpg"
		],
		"__v": 0
	},
	{
		"_id": "66cc8fb935338737ded85209",
		"hebTitle": "עגילים",
		"engLink": "earings",
		"imageFileNames": [
			"1724679146877.jpg",
			"1724679146905.jpg",
			"1724679146913.jpg",
			"1724679146922.jpg",
			"1725450626782.jpg",
			"1728390743395.jpg",
			"1728390968682.jpg",
			"1728809302122.png",
			"1728810017677.bmp",
			"1728810017767.png"
		],
		"__v": 0
	},
	{
		"_id": "66cc8fb935338737ded8520a",
		"hebTitle": "עגילי טבעת",
		"engLink": "Hook Earrings",
		"imageFileNames": [
			"1724679752305.jpg",
			"1724679752307.jpg",
			"1724679752310.jpg",
			"1724679752314.jpg",
			"1724679752333.jpg"
		],
		"__v": 0
	},
	{
		"_id": "66cc8fb935338737ded8520b",
		"hebTitle": "שרשראות",
		"engLink": "Necklaces",
		"imageFileNames": [
			"17
...
Response: 304 37.289 ms 

Request: GET / at Sun Nov 03 2024 15:29:17 GMT+0200, IP: ::1, User Agent: Mozilla/5.0 (Windows NT 10.0; Win64; x64) AppleWebKit/537.36 (KHTML, like Gecko) Chrome/130.0.0.0 Safari/537.36 Edg/130.0.0.0
Response: 304 1.738 ms 

Request: GET /api/stones at Sun Nov 03 2024 15:29:17 GMT+0200, IP: ::1, User Agent: Mozilla/5.0 (Windows NT 10.0; Win64; x64) AppleWebKit/537.36 (KHTML, like Gecko) Chrome/130.0.0.0 Safari/537.36 Edg/130.0.0.0
Response Body:
[
	{
		"_id": "66cc8fb935338737ded8520e",
		"name": "אמטיסט",
		"description": "אבן האמטיסט, בגוון סגול מהפנט, נחשבת לאבן הרוחניות והשלווה. היא ידועה כמסייעת בהרגעת הנפש ובאיזון רגשי, ומציעה הגנה מפני אנרגיות שליליות. האמטיסט מתאימה במיוחד לבני ובנות מזלות דגים, בתולה, וקשת, ותורמת להעצמת האינטואיציה ולחיזוק הקשר עם העצמי הפנימי. זו האבן המושלמת למי שמחפש חיבור עמוק יותר עם הרוחניות והיציבות הרגשית.",
		"__v": 1,
		"descriptionImageFileName": "1725889236586.jpg",
		"descriptionText": "לורם איפסום דולור סיט אמט, קונסקטורר אדיפיסינג אלית קולורס מונפרד אדנדום סילקוף, מרגשי ומרגשח. עמחליף נולום ארווס סאפיאן - פוסיליס קוויס, אקווזמן ליבם סולגק. בראיט ולחת צורק מונחף, בגורמי מגמש. תרבנך וסתעד לכנו סתשם השמה - לתכי מורגם בורק? לתיג ישבעס.\n\nקולורס מונפרד אדנדום סילקוף, מרגשי ומרגשח. עמחליף קונסקטורר אדיפיסינג אלית. סת אלמנקום ניסי נון ניבאה. דס איאקוליס וולופטה דיאם. וסטיבולום אט דולור, קראס אגת לקטוס וואל אאוגו וסטיבולום סוליסי טידום בעליק. קונדימנטום קורוס בליקרה, נונסטי קלובר בריקנה סטום,
...
Response: 304 8.760 ms 

Request: GET /api/stones at Sun Nov 03 2024 15:29:17 GMT+0200, IP: ::1, User Agent: Mozilla/5.0 (Windows NT 10.0; Win64; x64) AppleWebKit/537.36 (KHTML, like Gecko) Chrome/130.0.0.0 Safari/537.36 Edg/130.0.0.0
Response Body:
[
	{
		"_id": "66cc8fb935338737ded8520e",
		"name": "אמטיסט",
		"description": "אבן האמטיסט, בגוון סגול מהפנט, נחשבת לאבן הרוחניות והשלווה. היא ידועה כמסייעת בהרגעת הנפש ובאיזון רגשי, ומציעה הגנה מפני אנרגיות שליליות. האמטיסט מתאימה במיוחד לבני ובנות מזלות דגים, בתולה, וקשת, ותורמת להעצמת האינטואיציה ולחיזוק הקשר עם העצמי הפנימי. זו האבן המושלמת למי שמחפש חיבור עמוק יותר עם הרוחניות והיציבות הרגשית.",
		"__v": 1,
		"descriptionImageFileName": "1725889236586.jpg",
		"descriptionText": "לורם איפסום דולור סיט אמט, קונסקטורר אדיפיסינג אלית קולורס מונפרד אדנדום סילקוף, מרגשי ומרגשח. עמחליף נולום ארווס סאפיאן - פוסיליס קוויס, אקווזמן ליבם סולגק. בראיט ולחת צורק מונחף, בגורמי מגמש. תרבנך וסתעד לכנו סתשם השמה - לתכי מורגם בורק? לתיג ישבעס.\n\nקולורס מונפרד אדנדום סילקוף, מרגשי ומרגשח. עמחליף קונסקטורר אדיפיסינג אלית. סת אלמנקום ניסי נון ניבאה. דס איאקוליס וולופטה דיאם. וסטיבולום אט דולור, קראס אגת לקטוס וואל אאוגו וסטיבולום סוליסי טידום בעליק. קונדימנטום קורוס בליקרה, נונסטי קלובר בריקנה סטום,
...
Response: 304 3.095 ms 

Request: GET /public/products/1724679146877.jpg at Sun Nov 03 2024 15:39:55 GMT+0200, IP: ::1, User Agent: Mozilla/5.0 (Windows NT 10.0; Win64; x64) AppleWebKit/537.36 (KHTML, like Gecko) Chrome/130.0.0.0 Safari/537.36 Edg/130.0.0.0
Response: 304 0.576 ms 

Request: GET /public/products/1724679930178.jpg at Sun Nov 03 2024 15:39:55 GMT+0200, IP: ::1, User Agent: Mozilla/5.0 (Windows NT 10.0; Win64; x64) AppleWebKit/537.36 (KHTML, like Gecko) Chrome/130.0.0.0 Safari/537.36 Edg/130.0.0.0
Response: 304 0.576 ms 

Request: GET / at Sun Nov 03 2024 15:39:55 GMT+0200, IP: ::1, User Agent: Mozilla/5.0 (Windows NT 10.0; Win64; x64) AppleWebKit/537.36 (KHTML, like Gecko) Chrome/130.0.0.0 Safari/537.36 Edg/130.0.0.0
Response: 304 0.433 ms 

Request: GET /api/products at Sun Nov 03 2024 15:39:55 GMT+0200, IP: ::1, User Agent: Mozilla/5.0 (Windows NT 10.0; Win64; x64) AppleWebKit/537.36 (KHTML, like Gecko) Chrome/130.0.0.0 Safari/537.36 Edg/130.0.0.0
Response Body:
[
	{
		"_id": "66cc90241508324d6c354db7",
		"title": "עגילים",
		"description": "עגילי מקרמה בעבודת יד אלו הם שילוב מושלם של עיצוב בוהו-שיק קלאסי ואמנות קראפט עכשווית. כל זוג עגילים עשוי מחוטי מקרמה איכותיים הנקשרים בקפידה ליצירת דפוסים ייחודיים ומורכבים. העגילים קלים ונוחים לענידה, ומוסיפים נגיעה של סטייל ייחודי לכל הופעה יומיומית או ערב אלגנטי. בין אם את מחפשת מתנה מקורית או תוספת אופנתית לאוסף שלך, עגילי המקרמה הללו הם הבחירה המושלמת.",
		"imageFileNames": [
			"1724679146877.jpg",
			"1724679146905.jpg",
			"1724679146913.jpg",
			"1724679146922.jpg"
		],
		"stock": 2,
		"stringAColor": "black",
		"stringBColor": "white",
		"stone": "אקוומרין",
		"category": "עגילים",
		"__v": 0,
		"discount": 20,
		"currentPrice": 280,
		"originalPrice": 350
	},
	{
		"_id": "66cc90241508324d6c354db8",
		"title": "שרשרת",
		"description": "שרשרת המקרמה הזו היא יותר מאשר תכשיט - היא יצירת אמנות של ממש. עשויה בקפידה מחוטי מקרמה איכותיים, כל שרשרת נרקמת בעבודת יד תוך תשומת לב לפרטים הקטנים ביותר. הדוג
...
Response: 304 6.454 ms 

Request: GET /api/stones at Sun Nov 03 2024 15:39:55 GMT+0200, IP: ::1, User Agent: Mozilla/5.0 (Windows NT 10.0; Win64; x64) AppleWebKit/537.36 (KHTML, like Gecko) Chrome/130.0.0.0 Safari/537.36 Edg/130.0.0.0
Response Body:
[
	{
		"_id": "66cc8fb935338737ded8520e",
		"name": "אמטיסט",
		"description": "אבן האמטיסט, בגוון סגול מהפנט, נחשבת לאבן הרוחניות והשלווה. היא ידועה כמסייעת בהרגעת הנפש ובאיזון רגשי, ומציעה הגנה מפני אנרגיות שליליות. האמטיסט מתאימה במיוחד לבני ובנות מזלות דגים, בתולה, וקשת, ותורמת להעצמת האינטואיציה ולחיזוק הקשר עם העצמי הפנימי. זו האבן המושלמת למי שמחפש חיבור עמוק יותר עם הרוחניות והיציבות הרגשית.",
		"__v": 1,
		"descriptionImageFileName": "1725889236586.jpg",
		"descriptionText": "לורם איפסום דולור סיט אמט, קונסקטורר אדיפיסינג אלית קולורס מונפרד אדנדום סילקוף, מרגשי ומרגשח. עמחליף נולום ארווס סאפיאן - פוסיליס קוויס, אקווזמן ליבם סולגק. בראיט ולחת צורק מונחף, בגורמי מגמש. תרבנך וסתעד לכנו סתשם השמה - לתכי מורגם בורק? לתיג ישבעס.\n\nקולורס מונפרד אדנדום סילקוף, מרגשי ומרגשח. עמחליף קונסקטורר אדיפיסינג אלית. סת אלמנקום ניסי נון ניבאה. דס איאקוליס וולופטה דיאם. וסטיבולום אט דולור, קראס אגת לקטוס וואל אאוגו וסטיבולום סוליסי טידום בעליק. קונדימנטום קורוס בליקרה, נונסטי קלובר בריקנה סטום,
...
Response: 304 7.867 ms 

Request: GET /api/categories at Sun Nov 03 2024 15:39:55 GMT+0200, IP: ::1, User Agent: Mozilla/5.0 (Windows NT 10.0; Win64; x64) AppleWebKit/537.36 (KHTML, like Gecko) Chrome/130.0.0.0 Safari/537.36 Edg/130.0.0.0
Response Body:
[
	{
		"_id": "66cc8fb935338737ded85208",
		"hebTitle": "צמידים",
		"engLink": "Bracelets",
		"imageFileNames": [
			"1724680280610.jpg",
			"1724680280611.jpg",
			"1724680280613.jpg",
			"1724680280613.jpg",
			"1724680280615.jpg"
		],
		"__v": 0
	},
	{
		"_id": "66cc8fb935338737ded85209",
		"hebTitle": "עגילים",
		"engLink": "earings",
		"imageFileNames": [
			"1724679146877.jpg",
			"1724679146905.jpg",
			"1724679146913.jpg",
			"1724679146922.jpg",
			"1725450626782.jpg",
			"1728390743395.jpg",
			"1728390968682.jpg",
			"1728809302122.png",
			"1728810017677.bmp",
			"1728810017767.png"
		],
		"__v": 0
	},
	{
		"_id": "66cc8fb935338737ded8520a",
		"hebTitle": "עגילי טבעת",
		"engLink": "Hook Earrings",
		"imageFileNames": [
			"1724679752305.jpg",
			"1724679752307.jpg",
			"1724679752310.jpg",
			"1724679752314.jpg",
			"1724679752333.jpg"
		],
		"__v": 0
	},
	{
		"_id": "66cc8fb935338737ded8520b",
		"hebTitle": "שרשראות",
		"engLink": "Necklaces",
		"imageFileNames": [
			"17
...
Response: 304 7.616 ms 

Request: GET / at Sun Nov 03 2024 15:39:55 GMT+0200, IP: ::1, User Agent: Mozilla/5.0 (Windows NT 10.0; Win64; x64) AppleWebKit/537.36 (KHTML, like Gecko) Chrome/130.0.0.0 Safari/537.36 Edg/130.0.0.0
Response: 304 0.735 ms 

Request: GET /api/products at Sun Nov 03 2024 15:39:55 GMT+0200, IP: ::1, User Agent: Mozilla/5.0 (Windows NT 10.0; Win64; x64) AppleWebKit/537.36 (KHTML, like Gecko) Chrome/130.0.0.0 Safari/537.36 Edg/130.0.0.0
Response Body:
[
	{
		"_id": "66cc90241508324d6c354db7",
		"title": "עגילים",
		"description": "עגילי מקרמה בעבודת יד אלו הם שילוב מושלם של עיצוב בוהו-שיק קלאסי ואמנות קראפט עכשווית. כל זוג עגילים עשוי מחוטי מקרמה איכותיים הנקשרים בקפידה ליצירת דפוסים ייחודיים ומורכבים. העגילים קלים ונוחים לענידה, ומוסיפים נגיעה של סטייל ייחודי לכל הופעה יומיומית או ערב אלגנטי. בין אם את מחפשת מתנה מקורית או תוספת אופנתית לאוסף שלך, עגילי המקרמה הללו הם הבחירה המושלמת.",
		"imageFileNames": [
			"1724679146877.jpg",
			"1724679146905.jpg",
			"1724679146913.jpg",
			"1724679146922.jpg"
		],
		"stock": 2,
		"stringAColor": "black",
		"stringBColor": "white",
		"stone": "אקוומרין",
		"category": "עגילים",
		"__v": 0,
		"discount": 20,
		"currentPrice": 280,
		"originalPrice": 350
	},
	{
		"_id": "66cc90241508324d6c354db8",
		"title": "שרשרת",
		"description": "שרשרת המקרמה הזו היא יותר מאשר תכשיט - היא יצירת אמנות של ממש. עשויה בקפידה מחוטי מקרמה איכותיים, כל שרשרת נרקמת בעבודת יד תוך תשומת לב לפרטים הקטנים ביותר. הדוג
...
Response: 304 8.003 ms 

Request: GET /api/stones at Sun Nov 03 2024 15:39:55 GMT+0200, IP: ::1, User Agent: Mozilla/5.0 (Windows NT 10.0; Win64; x64) AppleWebKit/537.36 (KHTML, like Gecko) Chrome/130.0.0.0 Safari/537.36 Edg/130.0.0.0
Response Body:
[
	{
		"_id": "66cc8fb935338737ded8520e",
		"name": "אמטיסט",
		"description": "אבן האמטיסט, בגוון סגול מהפנט, נחשבת לאבן הרוחניות והשלווה. היא ידועה כמסייעת בהרגעת הנפש ובאיזון רגשי, ומציעה הגנה מפני אנרגיות שליליות. האמטיסט מתאימה במיוחד לבני ובנות מזלות דגים, בתולה, וקשת, ותורמת להעצמת האינטואיציה ולחיזוק הקשר עם העצמי הפנימי. זו האבן המושלמת למי שמחפש חיבור עמוק יותר עם הרוחניות והיציבות הרגשית.",
		"__v": 1,
		"descriptionImageFileName": "1725889236586.jpg",
		"descriptionText": "לורם איפסום דולור סיט אמט, קונסקטורר אדיפיסינג אלית קולורס מונפרד אדנדום סילקוף, מרגשי ומרגשח. עמחליף נולום ארווס סאפיאן - פוסיליס קוויס, אקווזמן ליבם סולגק. בראיט ולחת צורק מונחף, בגורמי מגמש. תרבנך וסתעד לכנו סתשם השמה - לתכי מורגם בורק? לתיג ישבעס.\n\nקולורס מונפרד אדנדום סילקוף, מרגשי ומרגשח. עמחליף קונסקטורר אדיפיסינג אלית. סת אלמנקום ניסי נון ניבאה. דס איאקוליס וולופטה דיאם. וסטיבולום אט דולור, קראס אגת לקטוס וואל אאוגו וסטיבולום סוליסי טידום בעליק. קונדימנטום קורוס בליקרה, נונסטי קלובר בריקנה סטום,
...
Response: 304 9.385 ms 

Request: GET /api/categories at Sun Nov 03 2024 15:39:55 GMT+0200, IP: ::1, User Agent: Mozilla/5.0 (Windows NT 10.0; Win64; x64) AppleWebKit/537.36 (KHTML, like Gecko) Chrome/130.0.0.0 Safari/537.36 Edg/130.0.0.0
Response Body:
[
	{
		"_id": "66cc8fb935338737ded85208",
		"hebTitle": "צמידים",
		"engLink": "Bracelets",
		"imageFileNames": [
			"1724680280610.jpg",
			"1724680280611.jpg",
			"1724680280613.jpg",
			"1724680280613.jpg",
			"1724680280615.jpg"
		],
		"__v": 0
	},
	{
		"_id": "66cc8fb935338737ded85209",
		"hebTitle": "עגילים",
		"engLink": "earings",
		"imageFileNames": [
			"1724679146877.jpg",
			"1724679146905.jpg",
			"1724679146913.jpg",
			"1724679146922.jpg",
			"1725450626782.jpg",
			"1728390743395.jpg",
			"1728390968682.jpg",
			"1728809302122.png",
			"1728810017677.bmp",
			"1728810017767.png"
		],
		"__v": 0
	},
	{
		"_id": "66cc8fb935338737ded8520a",
		"hebTitle": "עגילי טבעת",
		"engLink": "Hook Earrings",
		"imageFileNames": [
			"1724679752305.jpg",
			"1724679752307.jpg",
			"1724679752310.jpg",
			"1724679752314.jpg",
			"1724679752333.jpg"
		],
		"__v": 0
	},
	{
		"_id": "66cc8fb935338737ded8520b",
		"hebTitle": "שרשראות",
		"engLink": "Necklaces",
		"imageFileNames": [
			"17
...
Response: 304 6.771 ms 

Request: GET /public/products/1724679330997.jpg at Sun Nov 03 2024 15:39:56 GMT+0200, IP: ::1, User Agent: Mozilla/5.0 (Windows NT 10.0; Win64; x64) AppleWebKit/537.36 (KHTML, like Gecko) Chrome/130.0.0.0 Safari/537.36 Edg/130.0.0.0
Response: 304 1.649 ms 

Request: GET /public/products/1724680280610.jpg at Sun Nov 03 2024 15:39:56 GMT+0200, IP: ::1, User Agent: Mozilla/5.0 (Windows NT 10.0; Win64; x64) AppleWebKit/537.36 (KHTML, like Gecko) Chrome/130.0.0.0 Safari/537.36 Edg/130.0.0.0
Response: 304 2.566 ms 

Request: GET /public/products/1724679752305.jpg at Sun Nov 03 2024 15:39:56 GMT+0200, IP: ::1, User Agent: Mozilla/5.0 (Windows NT 10.0; Win64; x64) AppleWebKit/537.36 (KHTML, like Gecko) Chrome/130.0.0.0 Safari/537.36 Edg/130.0.0.0
Response: 304 1.867 ms 

Request: GET /api/stones at Sun Nov 03 2024 15:39:56 GMT+0200, IP: ::1, User Agent: Mozilla/5.0 (Windows NT 10.0; Win64; x64) AppleWebKit/537.36 (KHTML, like Gecko) Chrome/130.0.0.0 Safari/537.36 Edg/130.0.0.0
Response Body:
[
	{
		"_id": "66cc8fb935338737ded8520e",
		"name": "אמטיסט",
		"description": "אבן האמטיסט, בגוון סגול מהפנט, נחשבת לאבן הרוחניות והשלווה. היא ידועה כמסייעת בהרגעת הנפש ובאיזון רגשי, ומציעה הגנה מפני אנרגיות שליליות. האמטיסט מתאימה במיוחד לבני ובנות מזלות דגים, בתולה, וקשת, ותורמת להעצמת האינטואיציה ולחיזוק הקשר עם העצמי הפנימי. זו האבן המושלמת למי שמחפש חיבור עמוק יותר עם הרוחניות והיציבות הרגשית.",
		"__v": 1,
		"descriptionImageFileName": "1725889236586.jpg",
		"descriptionText": "לורם איפסום דולור סיט אמט, קונסקטורר אדיפיסינג אלית קולורס מונפרד אדנדום סילקוף, מרגשי ומרגשח. עמחליף נולום ארווס סאפיאן - פוסיליס קוויס, אקווזמן ליבם סולגק. בראיט ולחת צורק מונחף, בגורמי מגמש. תרבנך וסתעד לכנו סתשם השמה - לתכי מורגם בורק? לתיג ישבעס.\n\nקולורס מונפרד אדנדום סילקוף, מרגשי ומרגשח. עמחליף קונסקטורר אדיפיסינג אלית. סת אלמנקום ניסי נון ניבאה. דס איאקוליס וולופטה דיאם. וסטיבולום אט דולור, קראס אגת לקטוס וואל אאוגו וסטיבולום סוליסי טידום בעליק. קונדימנטום קורוס בליקרה, נונסטי קלובר בריקנה סטום,
...
Response: 304 2.833 ms 

Request: GET /api/stones at Sun Nov 03 2024 15:39:56 GMT+0200, IP: ::1, User Agent: Mozilla/5.0 (Windows NT 10.0; Win64; x64) AppleWebKit/537.36 (KHTML, like Gecko) Chrome/130.0.0.0 Safari/537.36 Edg/130.0.0.0
Response Body:
[
	{
		"_id": "66cc8fb935338737ded8520e",
		"name": "אמטיסט",
		"description": "אבן האמטיסט, בגוון סגול מהפנט, נחשבת לאבן הרוחניות והשלווה. היא ידועה כמסייעת בהרגעת הנפש ובאיזון רגשי, ומציעה הגנה מפני אנרגיות שליליות. האמטיסט מתאימה במיוחד לבני ובנות מזלות דגים, בתולה, וקשת, ותורמת להעצמת האינטואיציה ולחיזוק הקשר עם העצמי הפנימי. זו האבן המושלמת למי שמחפש חיבור עמוק יותר עם הרוחניות והיציבות הרגשית.",
		"__v": 1,
		"descriptionImageFileName": "1725889236586.jpg",
		"descriptionText": "לורם איפסום דולור סיט אמט, קונסקטורר אדיפיסינג אלית קולורס מונפרד אדנדום סילקוף, מרגשי ומרגשח. עמחליף נולום ארווס סאפיאן - פוסיליס קוויס, אקווזמן ליבם סולגק. בראיט ולחת צורק מונחף, בגורמי מגמש. תרבנך וסתעד לכנו סתשם השמה - לתכי מורגם בורק? לתיג ישבעס.\n\nקולורס מונפרד אדנדום סילקוף, מרגשי ומרגשח. עמחליף קונסקטורר אדיפיסינג אלית. סת אלמנקום ניסי נון ניבאה. דס איאקוליס וולופטה דיאם. וסטיבולום אט דולור, קראס אגת לקטוס וואל אאוגו וסטיבולום סוליסי טידום בעליק. קונדימנטום קורוס בליקרה, נונסטי קלובר בריקנה סטום,
...
Response: 304 6.092 ms 

Request: GET /api/stones at Mon Nov 04 2024 17:43:03 GMT+0200, IP: ::1, User Agent: Mozilla/5.0 (Windows NT 10.0; Win64; x64) AppleWebKit/537.36 (KHTML, like Gecko) Chrome/130.0.0.0 Safari/537.36 Edg/130.0.0.0
Response Body:
[
	{
		"_id": "66cc8fb935338737ded8520e",
		"name": "אמטיסט",
		"description": "אבן האמטיסט, בגוון סגול מהפנט, נחשבת לאבן הרוחניות והשלווה. היא ידועה כמסייעת בהרגעת הנפש ובאיזון רגשי, ומציעה הגנה מפני אנרגיות שליליות. האמטיסט מתאימה במיוחד לבני ובנות מזלות דגים, בתולה, וקשת, ותורמת להעצמת האינטואיציה ולחיזוק הקשר עם העצמי הפנימי. זו האבן המושלמת למי שמחפש חיבור עמוק יותר עם הרוחניות והיציבות הרגשית.",
		"__v": 1,
		"descriptionImageFileName": "1725889236586.jpg",
		"descriptionText": "לורם איפסום דולור סיט אמט, קונסקטורר אדיפיסינג אלית קולורס מונפרד אדנדום סילקוף, מרגשי ומרגשח. עמחליף נולום ארווס סאפיאן - פוסיליס קוויס, אקווזמן ליבם סולגק. בראיט ולחת צורק מונחף, בגורמי מגמש. תרבנך וסתעד לכנו סתשם השמה - לתכי מורגם בורק? לתיג ישבעס.\n\nקולורס מונפרד אדנדום סילקוף, מרגשי ומרגשח. עמחליף קונסקטורר אדיפיסינג אלית. סת אלמנקום ניסי נון ניבאה. דס איאקוליס וולופטה דיאם. וסטיבולום אט דולור, קראס אגת לקטוס וואל אאוגו וסטיבולום סוליסי טידום בעליק. קונדימנטום קורוס בליקרה, נונסטי קלובר בריקנה סטום,
...
Response: 304 56.777 ms 

Request: GET /api/stones at Mon Nov 04 2024 17:43:03 GMT+0200, IP: ::1, User Agent: Mozilla/5.0 (Windows NT 10.0; Win64; x64) AppleWebKit/537.36 (KHTML, like Gecko) Chrome/130.0.0.0 Safari/537.36 Edg/130.0.0.0
Response Body:
[
	{
		"_id": "66cc8fb935338737ded8520e",
		"name": "אמטיסט",
		"description": "אבן האמטיסט, בגוון סגול מהפנט, נחשבת לאבן הרוחניות והשלווה. היא ידועה כמסייעת בהרגעת הנפש ובאיזון רגשי, ומציעה הגנה מפני אנרגיות שליליות. האמטיסט מתאימה במיוחד לבני ובנות מזלות דגים, בתולה, וקשת, ותורמת להעצמת האינטואיציה ולחיזוק הקשר עם העצמי הפנימי. זו האבן המושלמת למי שמחפש חיבור עמוק יותר עם הרוחניות והיציבות הרגשית.",
		"__v": 1,
		"descriptionImageFileName": "1725889236586.jpg",
		"descriptionText": "לורם איפסום דולור סיט אמט, קונסקטורר אדיפיסינג אלית קולורס מונפרד אדנדום סילקוף, מרגשי ומרגשח. עמחליף נולום ארווס סאפיאן - פוסיליס קוויס, אקווזמן ליבם סולגק. בראיט ולחת צורק מונחף, בגורמי מגמש. תרבנך וסתעד לכנו סתשם השמה - לתכי מורגם בורק? לתיג ישבעס.\n\nקולורס מונפרד אדנדום סילקוף, מרגשי ומרגשח. עמחליף קונסקטורר אדיפיסינג אלית. סת אלמנקום ניסי נון ניבאה. דס איאקוליס וולופטה דיאם. וסטיבולום אט דולור, קראס אגת לקטוס וואל אאוגו וסטיבולום סוליסי טידום בעליק. קונדימנטום קורוס בליקרה, נונסטי קלובר בריקנה סטום,
...
Response: 304 3.200 ms 

Request: GET /api/stones at Mon Nov 04 2024 17:43:34 GMT+0200, IP: ::1, User Agent: Mozilla/5.0 (Windows NT 10.0; Win64; x64) AppleWebKit/537.36 (KHTML, like Gecko) Chrome/130.0.0.0 Safari/537.36 Edg/130.0.0.0
Response Body:
[
	{
		"_id": "66cc8fb935338737ded8520e",
		"name": "אמטיסט",
		"description": "אבן האמטיסט, בגוון סגול מהפנט, נחשבת לאבן הרוחניות והשלווה. היא ידועה כמסייעת בהרגעת הנפש ובאיזון רגשי, ומציעה הגנה מפני אנרגיות שליליות. האמטיסט מתאימה במיוחד לבני ובנות מזלות דגים, בתולה, וקשת, ותורמת להעצמת האינטואיציה ולחיזוק הקשר עם העצמי הפנימי. זו האבן המושלמת למי שמחפש חיבור עמוק יותר עם הרוחניות והיציבות הרגשית.",
		"__v": 1,
		"descriptionImageFileName": "1725889236586.jpg",
		"descriptionText": "לורם איפסום דולור סיט אמט, קונסקטורר אדיפיסינג אלית קולורס מונפרד אדנדום סילקוף, מרגשי ומרגשח. עמחליף נולום ארווס סאפיאן - פוסיליס קוויס, אקווזמן ליבם סולגק. בראיט ולחת צורק מונחף, בגורמי מגמש. תרבנך וסתעד לכנו סתשם השמה - לתכי מורגם בורק? לתיג ישבעס.\n\nקולורס מונפרד אדנדום סילקוף, מרגשי ומרגשח. עמחליף קונסקטורר אדיפיסינג אלית. סת אלמנקום ניסי נון ניבאה. דס איאקוליס וולופטה דיאם. וסטיבולום אט דולור, קראס אגת לקטוס וואל אאוגו וסטיבולום סוליסי טידום בעליק. קונדימנטום קורוס בליקרה, נונסטי קלובר בריקנה סטום,
...
Response: 304 3.159 ms 

Request: GET /api/stones at Mon Nov 04 2024 17:43:34 GMT+0200, IP: ::1, User Agent: Mozilla/5.0 (Windows NT 10.0; Win64; x64) AppleWebKit/537.36 (KHTML, like Gecko) Chrome/130.0.0.0 Safari/537.36 Edg/130.0.0.0
Response Body:
[
	{
		"_id": "66cc8fb935338737ded8520e",
		"name": "אמטיסט",
		"description": "אבן האמטיסט, בגוון סגול מהפנט, נחשבת לאבן הרוחניות והשלווה. היא ידועה כמסייעת בהרגעת הנפש ובאיזון רגשי, ומציעה הגנה מפני אנרגיות שליליות. האמטיסט מתאימה במיוחד לבני ובנות מזלות דגים, בתולה, וקשת, ותורמת להעצמת האינטואיציה ולחיזוק הקשר עם העצמי הפנימי. זו האבן המושלמת למי שמחפש חיבור עמוק יותר עם הרוחניות והיציבות הרגשית.",
		"__v": 1,
		"descriptionImageFileName": "1725889236586.jpg",
		"descriptionText": "לורם איפסום דולור סיט אמט, קונסקטורר אדיפיסינג אלית קולורס מונפרד אדנדום סילקוף, מרגשי ומרגשח. עמחליף נולום ארווס סאפיאן - פוסיליס קוויס, אקווזמן ליבם סולגק. בראיט ולחת צורק מונחף, בגורמי מגמש. תרבנך וסתעד לכנו סתשם השמה - לתכי מורגם בורק? לתיג ישבעס.\n\nקולורס מונפרד אדנדום סילקוף, מרגשי ומרגשח. עמחליף קונסקטורר אדיפיסינג אלית. סת אלמנקום ניסי נון ניבאה. דס איאקוליס וולופטה דיאם. וסטיבולום אט דולור, קראס אגת לקטוס וואל אאוגו וסטיבולום סוליסי טידום בעליק. קונדימנטום קורוס בליקרה, נונסטי קלובר בריקנה סטום,
...
Response: 304 2.823 ms 

Request: GET / at Mon Nov 04 2024 17:44:40 GMT+0200, IP: ::1, User Agent: Mozilla/5.0 (Linux; Android 6.0; Nexus 5 Build/MRA58N) AppleWebKit/537.36 (KHTML, like Gecko) Chrome/130.0.0.0 Mobile Safari/537.36 Edg/130.0.0.0
Response: 304 1.069 ms 

Request: GET /api/products at Mon Nov 04 2024 17:44:40 GMT+0200, IP: ::1, User Agent: Mozilla/5.0 (Linux; Android 6.0; Nexus 5 Build/MRA58N) AppleWebKit/537.36 (KHTML, like Gecko) Chrome/130.0.0.0 Mobile Safari/537.36 Edg/130.0.0.0
Response Body:
[
	{
		"_id": "66cc90241508324d6c354db7",
		"title": "עגילים",
		"description": "עגילי מקרמה בעבודת יד אלו הם שילוב מושלם של עיצוב בוהו-שיק קלאסי ואמנות קראפט עכשווית. כל זוג עגילים עשוי מחוטי מקרמה איכותיים הנקשרים בקפידה ליצירת דפוסים ייחודיים ומורכבים. העגילים קלים ונוחים לענידה, ומוסיפים נגיעה של סטייל ייחודי לכל הופעה יומיומית או ערב אלגנטי. בין אם את מחפשת מתנה מקורית או תוספת אופנתית לאוסף שלך, עגילי המקרמה הללו הם הבחירה המושלמת.",
		"imageFileNames": [
			"1724679146877.jpg",
			"1724679146905.jpg",
			"1724679146913.jpg",
			"1724679146922.jpg"
		],
		"stock": 2,
		"stringAColor": "black",
		"stringBColor": "white",
		"stone": "אקוומרין",
		"category": "עגילים",
		"__v": 0,
		"discount": 20,
		"currentPrice": 280,
		"originalPrice": 350
	},
	{
		"_id": "66cc90241508324d6c354db8",
		"title": "שרשרת",
		"description": "שרשרת המקרמה הזו היא יותר מאשר תכשיט - היא יצירת אמנות של ממש. עשויה בקפידה מחוטי מקרמה איכותיים, כל שרשרת נרקמת בעבודת יד תוך תשומת לב לפרטים הקטנים ביותר. הדוג
...
Response: 304 7.199 ms 

Request: GET /api/categories at Mon Nov 04 2024 17:44:40 GMT+0200, IP: ::1, User Agent: Mozilla/5.0 (Linux; Android 6.0; Nexus 5 Build/MRA58N) AppleWebKit/537.36 (KHTML, like Gecko) Chrome/130.0.0.0 Mobile Safari/537.36 Edg/130.0.0.0
Response Body:
[
	{
		"_id": "66cc8fb935338737ded85208",
		"hebTitle": "צמידים",
		"engLink": "Bracelets",
		"imageFileNames": [
			"1724680280610.jpg",
			"1724680280611.jpg",
			"1724680280613.jpg",
			"1724680280613.jpg",
			"1724680280615.jpg"
		],
		"__v": 0
	},
	{
		"_id": "66cc8fb935338737ded85209",
		"hebTitle": "עגילים",
		"engLink": "earings",
		"imageFileNames": [
			"1724679146877.jpg",
			"1724679146905.jpg",
			"1724679146913.jpg",
			"1724679146922.jpg",
			"1725450626782.jpg",
			"1728390743395.jpg",
			"1728390968682.jpg",
			"1728809302122.png",
			"1728810017677.bmp",
			"1728810017767.png"
		],
		"__v": 0
	},
	{
		"_id": "66cc8fb935338737ded8520a",
		"hebTitle": "עגילי טבעת",
		"engLink": "Hook Earrings",
		"imageFileNames": [
			"1724679752305.jpg",
			"1724679752307.jpg",
			"1724679752310.jpg",
			"1724679752314.jpg",
			"1724679752333.jpg"
		],
		"__v": 0
	},
	{
		"_id": "66cc8fb935338737ded8520b",
		"hebTitle": "שרשראות",
		"engLink": "Necklaces",
		"imageFileNames": [
			"17
...
Response: 304 6.797 ms 

Request: GET /api/stones at Mon Nov 04 2024 17:44:40 GMT+0200, IP: ::1, User Agent: Mozilla/5.0 (Linux; Android 6.0; Nexus 5 Build/MRA58N) AppleWebKit/537.36 (KHTML, like Gecko) Chrome/130.0.0.0 Mobile Safari/537.36 Edg/130.0.0.0
Response Body:
[
	{
		"_id": "66cc8fb935338737ded8520e",
		"name": "אמטיסט",
		"description": "אבן האמטיסט, בגוון סגול מהפנט, נחשבת לאבן הרוחניות והשלווה. היא ידועה כמסייעת בהרגעת הנפש ובאיזון רגשי, ומציעה הגנה מפני אנרגיות שליליות. האמטיסט מתאימה במיוחד לבני ובנות מזלות דגים, בתולה, וקשת, ותורמת להעצמת האינטואיציה ולחיזוק הקשר עם העצמי הפנימי. זו האבן המושלמת למי שמחפש חיבור עמוק יותר עם הרוחניות והיציבות הרגשית.",
		"__v": 1,
		"descriptionImageFileName": "1725889236586.jpg",
		"descriptionText": "לורם איפסום דולור סיט אמט, קונסקטורר אדיפיסינג אלית קולורס מונפרד אדנדום סילקוף, מרגשי ומרגשח. עמחליף נולום ארווס סאפיאן - פוסיליס קוויס, אקווזמן ליבם סולגק. בראיט ולחת צורק מונחף, בגורמי מגמש. תרבנך וסתעד לכנו סתשם השמה - לתכי מורגם בורק? לתיג ישבעס.\n\nקולורס מונפרד אדנדום סילקוף, מרגשי ומרגשח. עמחליף קונסקטורר אדיפיסינג אלית. סת אלמנקום ניסי נון ניבאה. דס איאקוליס וולופטה דיאם. וסטיבולום אט דולור, קראס אגת לקטוס וואל אאוגו וסטיבולום סוליסי טידום בעליק. קונדימנטום קורוס בליקרה, נונסטי קלובר בריקנה סטום,
...
Response: 304 21.348 ms 

Request: GET / at Mon Nov 04 2024 17:44:40 GMT+0200, IP: ::1, User Agent: Mozilla/5.0 (Linux; Android 6.0; Nexus 5 Build/MRA58N) AppleWebKit/537.36 (KHTML, like Gecko) Chrome/130.0.0.0 Mobile Safari/537.36 Edg/130.0.0.0
Response: 304 0.611 ms 

Request: GET /api/products at Mon Nov 04 2024 17:44:40 GMT+0200, IP: ::1, User Agent: Mozilla/5.0 (Linux; Android 6.0; Nexus 5 Build/MRA58N) AppleWebKit/537.36 (KHTML, like Gecko) Chrome/130.0.0.0 Mobile Safari/537.36 Edg/130.0.0.0
Response Body:
[
	{
		"_id": "66cc90241508324d6c354db7",
		"title": "עגילים",
		"description": "עגילי מקרמה בעבודת יד אלו הם שילוב מושלם של עיצוב בוהו-שיק קלאסי ואמנות קראפט עכשווית. כל זוג עגילים עשוי מחוטי מקרמה איכותיים הנקשרים בקפידה ליצירת דפוסים ייחודיים ומורכבים. העגילים קלים ונוחים לענידה, ומוסיפים נגיעה של סטייל ייחודי לכל הופעה יומיומית או ערב אלגנטי. בין אם את מחפשת מתנה מקורית או תוספת אופנתית לאוסף שלך, עגילי המקרמה הללו הם הבחירה המושלמת.",
		"imageFileNames": [
			"1724679146877.jpg",
			"1724679146905.jpg",
			"1724679146913.jpg",
			"1724679146922.jpg"
		],
		"stock": 2,
		"stringAColor": "black",
		"stringBColor": "white",
		"stone": "אקוומרין",
		"category": "עגילים",
		"__v": 0,
		"discount": 20,
		"currentPrice": 280,
		"originalPrice": 350
	},
	{
		"_id": "66cc90241508324d6c354db8",
		"title": "שרשרת",
		"description": "שרשרת המקרמה הזו היא יותר מאשר תכשיט - היא יצירת אמנות של ממש. עשויה בקפידה מחוטי מקרמה איכותיים, כל שרשרת נרקמת בעבודת יד תוך תשומת לב לפרטים הקטנים ביותר. הדוג
...
Response: 304 27.318 ms 

Request: GET /api/stones at Mon Nov 04 2024 17:44:40 GMT+0200, IP: ::1, User Agent: Mozilla/5.0 (Linux; Android 6.0; Nexus 5 Build/MRA58N) AppleWebKit/537.36 (KHTML, like Gecko) Chrome/130.0.0.0 Mobile Safari/537.36 Edg/130.0.0.0
Response Body:
[
	{
		"_id": "66cc8fb935338737ded8520e",
		"name": "אמטיסט",
		"description": "אבן האמטיסט, בגוון סגול מהפנט, נחשבת לאבן הרוחניות והשלווה. היא ידועה כמסייעת בהרגעת הנפש ובאיזון רגשי, ומציעה הגנה מפני אנרגיות שליליות. האמטיסט מתאימה במיוחד לבני ובנות מזלות דגים, בתולה, וקשת, ותורמת להעצמת האינטואיציה ולחיזוק הקשר עם העצמי הפנימי. זו האבן המושלמת למי שמחפש חיבור עמוק יותר עם הרוחניות והיציבות הרגשית.",
		"__v": 1,
		"descriptionImageFileName": "1725889236586.jpg",
		"descriptionText": "לורם איפסום דולור סיט אמט, קונסקטורר אדיפיסינג אלית קולורס מונפרד אדנדום סילקוף, מרגשי ומרגשח. עמחליף נולום ארווס סאפיאן - פוסיליס קוויס, אקווזמן ליבם סולגק. בראיט ולחת צורק מונחף, בגורמי מגמש. תרבנך וסתעד לכנו סתשם השמה - לתכי מורגם בורק? לתיג ישבעס.\n\nקולורס מונפרד אדנדום סילקוף, מרגשי ומרגשח. עמחליף קונסקטורר אדיפיסינג אלית. סת אלמנקום ניסי נון ניבאה. דס איאקוליס וולופטה דיאם. וסטיבולום אט דולור, קראס אגת לקטוס וואל אאוגו וסטיבולום סוליסי טידום בעליק. קונדימנטום קורוס בליקרה, נונסטי קלובר בריקנה סטום,
...
Response: 304 32.120 ms 

Request: GET /api/categories at Mon Nov 04 2024 17:44:40 GMT+0200, IP: ::1, User Agent: Mozilla/5.0 (Linux; Android 6.0; Nexus 5 Build/MRA58N) AppleWebKit/537.36 (KHTML, like Gecko) Chrome/130.0.0.0 Mobile Safari/537.36 Edg/130.0.0.0
Response Body:
[
	{
		"_id": "66cc8fb935338737ded85208",
		"hebTitle": "צמידים",
		"engLink": "Bracelets",
		"imageFileNames": [
			"1724680280610.jpg",
			"1724680280611.jpg",
			"1724680280613.jpg",
			"1724680280613.jpg",
			"1724680280615.jpg"
		],
		"__v": 0
	},
	{
		"_id": "66cc8fb935338737ded85209",
		"hebTitle": "עגילים",
		"engLink": "earings",
		"imageFileNames": [
			"1724679146877.jpg",
			"1724679146905.jpg",
			"1724679146913.jpg",
			"1724679146922.jpg",
			"1725450626782.jpg",
			"1728390743395.jpg",
			"1728390968682.jpg",
			"1728809302122.png",
			"1728810017677.bmp",
			"1728810017767.png"
		],
		"__v": 0
	},
	{
		"_id": "66cc8fb935338737ded8520a",
		"hebTitle": "עגילי טבעת",
		"engLink": "Hook Earrings",
		"imageFileNames": [
			"1724679752305.jpg",
			"1724679752307.jpg",
			"1724679752310.jpg",
			"1724679752314.jpg",
			"1724679752333.jpg"
		],
		"__v": 0
	},
	{
		"_id": "66cc8fb935338737ded8520b",
		"hebTitle": "שרשראות",
		"engLink": "Necklaces",
		"imageFileNames": [
			"17
...
Response: 304 29.390 ms 

Request: GET /public/products/1724679146877.jpg at Mon Nov 04 2024 17:44:40 GMT+0200, IP: ::1, User Agent: Mozilla/5.0 (Linux; Android 6.0; Nexus 5 Build/MRA58N) AppleWebKit/537.36 (KHTML, like Gecko) Chrome/130.0.0.0 Mobile Safari/537.36 Edg/130.0.0.0
Response: 304 1.516 ms 

Request: GET /public/products/1724679330997.jpg at Mon Nov 04 2024 17:44:40 GMT+0200, IP: ::1, User Agent: Mozilla/5.0 (Linux; Android 6.0; Nexus 5 Build/MRA58N) AppleWebKit/537.36 (KHTML, like Gecko) Chrome/130.0.0.0 Mobile Safari/537.36 Edg/130.0.0.0
Response: 304 3.642 ms 

Request: GET /public/products/1724680280610.jpg at Mon Nov 04 2024 17:44:40 GMT+0200, IP: ::1, User Agent: Mozilla/5.0 (Linux; Android 6.0; Nexus 5 Build/MRA58N) AppleWebKit/537.36 (KHTML, like Gecko) Chrome/130.0.0.0 Mobile Safari/537.36 Edg/130.0.0.0
Response: 304 4.360 ms 

Request: GET /public/products/1724679930178.jpg at Mon Nov 04 2024 17:44:40 GMT+0200, IP: ::1, User Agent: Mozilla/5.0 (Linux; Android 6.0; Nexus 5 Build/MRA58N) AppleWebKit/537.36 (KHTML, like Gecko) Chrome/130.0.0.0 Mobile Safari/537.36 Edg/130.0.0.0
Response: 304 5.255 ms 

Request: GET /public/products/1724679752305.jpg at Mon Nov 04 2024 17:44:40 GMT+0200, IP: ::1, User Agent: Mozilla/5.0 (Linux; Android 6.0; Nexus 5 Build/MRA58N) AppleWebKit/537.36 (KHTML, like Gecko) Chrome/130.0.0.0 Mobile Safari/537.36 Edg/130.0.0.0
Response: 304 6.212 ms 

Request: GET /api/stones at Mon Nov 04 2024 17:44:46 GMT+0200, IP: ::1, User Agent: Mozilla/5.0 (Linux; Android 6.0; Nexus 5 Build/MRA58N) AppleWebKit/537.36 (KHTML, like Gecko) Chrome/130.0.0.0 Mobile Safari/537.36 Edg/130.0.0.0
Response Body:
[
	{
		"_id": "66cc8fb935338737ded8520e",
		"name": "אמטיסט",
		"description": "אבן האמטיסט, בגוון סגול מהפנט, נחשבת לאבן הרוחניות והשלווה. היא ידועה כמסייעת בהרגעת הנפש ובאיזון רגשי, ומציעה הגנה מפני אנרגיות שליליות. האמטיסט מתאימה במיוחד לבני ובנות מזלות דגים, בתולה, וקשת, ותורמת להעצמת האינטואיציה ולחיזוק הקשר עם העצמי הפנימי. זו האבן המושלמת למי שמחפש חיבור עמוק יותר עם הרוחניות והיציבות הרגשית.",
		"__v": 1,
		"descriptionImageFileName": "1725889236586.jpg",
		"descriptionText": "לורם איפסום דולור סיט אמט, קונסקטורר אדיפיסינג אלית קולורס מונפרד אדנדום סילקוף, מרגשי ומרגשח. עמחליף נולום ארווס סאפיאן - פוסיליס קוויס, אקווזמן ליבם סולגק. בראיט ולחת צורק מונחף, בגורמי מגמש. תרבנך וסתעד לכנו סתשם השמה - לתכי מורגם בורק? לתיג ישבעס.\n\nקולורס מונפרד אדנדום סילקוף, מרגשי ומרגשח. עמחליף קונסקטורר אדיפיסינג אלית. סת אלמנקום ניסי נון ניבאה. דס איאקוליס וולופטה דיאם. וסטיבולום אט דולור, קראס אגת לקטוס וואל אאוגו וסטיבולום סוליסי טידום בעליק. קונדימנטום קורוס בליקרה, נונסטי קלובר בריקנה סטום,
...
Response: 304 3.461 ms 

Request: GET /api/stones at Mon Nov 04 2024 17:44:46 GMT+0200, IP: ::1, User Agent: Mozilla/5.0 (Linux; Android 6.0; Nexus 5 Build/MRA58N) AppleWebKit/537.36 (KHTML, like Gecko) Chrome/130.0.0.0 Mobile Safari/537.36 Edg/130.0.0.0
Response Body:
[
	{
		"_id": "66cc8fb935338737ded8520e",
		"name": "אמטיסט",
		"description": "אבן האמטיסט, בגוון סגול מהפנט, נחשבת לאבן הרוחניות והשלווה. היא ידועה כמסייעת בהרגעת הנפש ובאיזון רגשי, ומציעה הגנה מפני אנרגיות שליליות. האמטיסט מתאימה במיוחד לבני ובנות מזלות דגים, בתולה, וקשת, ותורמת להעצמת האינטואיציה ולחיזוק הקשר עם העצמי הפנימי. זו האבן המושלמת למי שמחפש חיבור עמוק יותר עם הרוחניות והיציבות הרגשית.",
		"__v": 1,
		"descriptionImageFileName": "1725889236586.jpg",
		"descriptionText": "לורם איפסום דולור סיט אמט, קונסקטורר אדיפיסינג אלית קולורס מונפרד אדנדום סילקוף, מרגשי ומרגשח. עמחליף נולום ארווס סאפיאן - פוסיליס קוויס, אקווזמן ליבם סולגק. בראיט ולחת צורק מונחף, בגורמי מגמש. תרבנך וסתעד לכנו סתשם השמה - לתכי מורגם בורק? לתיג ישבעס.\n\nקולורס מונפרד אדנדום סילקוף, מרגשי ומרגשח. עמחליף קונסקטורר אדיפיסינג אלית. סת אלמנקום ניסי נון ניבאה. דס איאקוליס וולופטה דיאם. וסטיבולום אט דולור, קראס אגת לקטוס וואל אאוגו וסטיבולום סוליסי טידום בעליק. קונדימנטום קורוס בליקרה, נונסטי קלובר בריקנה סטום,
...
Response: 304 4.108 ms 

Request: GET /public/stones/1730735011893.jpg at Mon Nov 04 2024 17:44:46 GMT+0200, IP: ::1, User Agent: Mozilla/5.0 (Linux; Android 6.0; Nexus 5 Build/MRA58N) AppleWebKit/537.36 (KHTML, like Gecko) Chrome/130.0.0.0 Mobile Safari/537.36 Edg/130.0.0.0
Response: 304 1.525 ms 
