
Request: GET /api/stones at Thu Dec 19 2024 13:44:20 GMT+0200, IP: ::1, User Agent: Mozilla/5.0 (Windows NT 10.0; Win64; x64) AppleWebKit/537.36 (KHTML, like Gecko) Chrome/131.0.0.0 Safari/537.36 Edg/131.0.0.0
Response Body:
[
	{
		"_id": "66cc8fb935338737ded8520e",
		"name": "אמטיסט",
		"description": "אבן האמטיסט, בגוון סגול מהפנט, נחשבת לאבן הרוחניות והשלווה. היא ידועה כמסייעת בהרגעת הנפש ובאיזון רגשי, ומציעה הגנה מפני אנרגיות שליליות. האמטיסט מתאימה במיוחד לבני ובנות מזלות דגים, בתולה, וקשת, ותורמת להעצמת האינטואיציה ולחיזוק הקשר עם העצמי הפנימי. זו האבן המושלמת למי שמחפש חיבור עמוק יותר עם הרוחניות והיציבות הרגשית.",
		"__v": 1,
		"descriptionImageFileName": "1725889236586.jpg",
		"descriptionText": "לורם איפסום דולור סיט אמט, קונסקטורר אדיפיסינג אלית קולורס מונפרד אדנדום סילקוף, מרגשי ומרגשח. עמחליף נולום ארווס סאפיאן - פוסיליס קוויס, אקווזמן ליבם סולגק. בראיט ולחת צורק מונחף, בגורמי מגמש. תרבנך וסתעד לכנו סתשם השמה - לתכי מורגם בורק? לתיג ישבעס.\n\nקולורס מונפרד אדנדום סילקוף, מרגשי ומרגשח. עמחליף קונסקטורר אדיפיסינג אלית. סת אלמנקום ניסי נון ניבאה. דס איאקוליס וולופטה דיאם. וסטיבולום אט דולור, קראס אגת לקטוס וואל אאוגו וסטיבולום סוליסי טידום בעליק. קונדימנטום קורוס בליקרה, נונסטי קלובר בריקנה סטום,
...
Response: 304 9.918 ms 

Request: GET /api/categories at Thu Dec 19 2024 13:44:20 GMT+0200, IP: ::1, User Agent: Mozilla/5.0 (Windows NT 10.0; Win64; x64) AppleWebKit/537.36 (KHTML, like Gecko) Chrome/131.0.0.0 Safari/537.36 Edg/131.0.0.0
Response Body:
[
	{
		"_id": "66cc8fb935338737ded85208",
		"hebTitle": "צמידים",
		"engLink": "Bracelets",
		"imageFileNames": [
			"1724680280611.jpg",
			"1724680280613.jpg",
			"1724680280613.jpg",
			"1724680280615.jpg"
		],
		"__v": 1
	},
	{
		"_id": "66cc8fb935338737ded85209",
		"hebTitle": "עגילים",
		"engLink": "earings",
		"imageFileNames": [
			"1724679146877.jpg",
			"1724679146905.jpg",
			"1724679146913.jpg",
			"1724679146922.jpg",
			"1731247801786.jpg",
			"1731247833352.jpg"
		],
		"__v": 1
	},
	{
		"_id": "66cc8fb935338737ded8520a",
		"hebTitle": "עגילי טבעת",
		"engLink": "Hook Earrings",
		"imageFileNames": [
			"1724679752305.jpg",
			"1724679752307.jpg",
			"1724679752310.jpg",
			"1724679752314.jpg",
			"1724679752333.jpg"
		],
		"__v": 0
	},
	{
		"_id": "66cc8fb935338737ded8520b",
		"hebTitle": "שרשראות",
		"engLink": "Necklaces",
		"imageFileNames": [
			"1724679330997.jpg",
			"1724679331021.jpg",
			"1724679331024.jpg",
			"1724679331026.jpg",
			"1724679331036.jpg"
		],
		
...
Response: 304 15.139 ms 

Request: GET /api/products at Thu Dec 19 2024 13:44:20 GMT+0200, IP: ::1, User Agent: Mozilla/5.0 (Windows NT 10.0; Win64; x64) AppleWebKit/537.36 (KHTML, like Gecko) Chrome/131.0.0.0 Safari/537.36 Edg/131.0.0.0
Response Body:
[
	{
		"_id": "66cc90241508324d6c354dba",
		"title": "קישוט לשיער",
		"description": "הכניסי נגיעה של סטייל בוהו לשיער שלך עם אקססורי מקרמה ייחודי בעבודת יד! פריט זה משדרג כל תסרוקת, בין אם מדובר בשיער פזור, קוקו גבוה או צמה. החוטים הארוגים בעדינות יוצרים דפוסים יפיפיים שמשלבים בין יוקרה ופשטות. האקססורי לשיער זמין במגוון צבעים ודוגמאות, כך שתוכלי להתאים אותו לכל מראה ולכל אירוע. זו הדרך המושלמת להוסיף נגיעה של סטייל אישי ותעוזה לכל הופעה.",
		"imageFileNames": [
			"1724679930178.jpg",
			"1724679930183.jpg",
			"1724679930189.jpg",
			"1724679930200.jpg",
			"1724679930275.jpg"
		],
		"stock": 14,
		"stringAColor": "orange",
		"stringBColor": "yellow",
		"stone": "סיטרין",
		"category": "אקססוריז",
		"__v": 0,
		"discount": 0,
		"currentPrice": 630,
		"originalPrice": 630,
		"positionIndex": 0
	},
	{
		"_id": "66cc90241508324d6c354db8",
		"title": "שרשרת",
		"description": "שרשרת המקרמה הזו היא יותר מאשר תכשיט - היא יצירת אמנות של ממש. עשויה בקפידה מחוטי מקרמה איכותיים, כל שרשרת נרקמ
...
Response: 304 16.115 ms 

Request: GET /api/users/66cc8fb935338737ded851fd at Thu Dec 19 2024 13:44:20 GMT+0200, IP: ::1, User Agent: Mozilla/5.0 (Windows NT 10.0; Win64; x64) AppleWebKit/537.36 (KHTML, like Gecko) Chrome/131.0.0.0 Safari/537.36 Edg/131.0.0.0
Response Body:
{
	"_id": "66cc8fb935338737ded851fd",
	"name": {
		"first": "Admin",
		"last": "User",
		"_id": "66cc8fb935338737ded851fe"
	},
	"address": {
		"country": "Israel",
		"city": "Haifa",
		"street": "HaNevim",
		"zip": "8920435",
		"houseNumber": 5,
		"_id": "66cc8fb935338737ded851ff"
	},
	"email": "admin@gmail.com",
	"phone": "050-8123012",
	"createdAt": "2024-08-26T14:22:48.254Z",
	"isAdmin": true,
	"__v": 1,
	"couponsUsed": []
}
Response: 304 24.041 ms 

Request: GET / at Thu Dec 19 2024 13:44:20 GMT+0200, IP: ::1, User Agent: Mozilla/5.0 (Windows NT 10.0; Win64; x64) AppleWebKit/537.36 (KHTML, like Gecko) Chrome/131.0.0.0 Safari/537.36 Edg/131.0.0.0
Response: 304 0.725 ms 

Request: GET /api/users/66cc8fb935338737ded851fd at Thu Dec 19 2024 14:16:12 GMT+0200, IP: ::1, User Agent: Mozilla/5.0 (Linux; Android 6.0; Nexus 5 Build/MRA58N) AppleWebKit/537.36 (KHTML, like Gecko) Chrome/131.0.0.0 Mobile Safari/537.36 Edg/131.0.0.0
Response Body:
{
	"_id": "66cc8fb935338737ded851fd",
	"name": {
		"first": "Admin",
		"last": "User",
		"_id": "66cc8fb935338737ded851fe"
	},
	"address": {
		"country": "Israel",
		"city": "Haifa",
		"street": "HaNevim",
		"zip": "8920435",
		"houseNumber": 5,
		"_id": "66cc8fb935338737ded851ff"
	},
	"email": "admin@gmail.com",
	"phone": "050-8123012",
	"createdAt": "2024-08-26T14:22:48.254Z",
	"isAdmin": true,
	"__v": 1,
	"couponsUsed": []
}
Response: 304 6.809 ms 

Request: GET /api/users/66cc8fb935338737ded851fd at Thu Dec 19 2024 14:22:50 GMT+0200, IP: ::1, User Agent: Mozilla/5.0 (Linux; Android 6.0; Nexus 5 Build/MRA58N) AppleWebKit/537.36 (KHTML, like Gecko) Chrome/131.0.0.0 Mobile Safari/537.36 Edg/131.0.0.0
Response Body:
{
	"_id": "66cc8fb935338737ded851fd",
	"name": {
		"first": "Admin",
		"last": "User",
		"_id": "66cc8fb935338737ded851fe"
	},
	"address": {
		"country": "Israel",
		"city": "Haifa",
		"street": "HaNevim",
		"zip": "8920435",
		"houseNumber": 5,
		"_id": "66cc8fb935338737ded851ff"
	},
	"email": "admin@gmail.com",
	"phone": "050-8123012",
	"createdAt": "2024-08-26T14:22:48.254Z",
	"isAdmin": true,
	"__v": 1,
	"couponsUsed": []
}
Response: 304 6.095 ms 

Request: GET /api/users/66cc8fb935338737ded851fd at Thu Dec 19 2024 14:23:22 GMT+0200, IP: ::1, User Agent: Mozilla/5.0 (Linux; Android 6.0; Nexus 5 Build/MRA58N) AppleWebKit/537.36 (KHTML, like Gecko) Chrome/131.0.0.0 Mobile Safari/537.36 Edg/131.0.0.0
Response Body:
{
	"_id": "66cc8fb935338737ded851fd",
	"name": {
		"first": "Admin",
		"last": "User",
		"_id": "66cc8fb935338737ded851fe"
	},
	"address": {
		"country": "Israel",
		"city": "Haifa",
		"street": "HaNevim",
		"zip": "8920435",
		"houseNumber": 5,
		"_id": "66cc8fb935338737ded851ff"
	},
	"email": "admin@gmail.com",
	"phone": "050-8123012",
	"createdAt": "2024-08-26T14:22:48.254Z",
	"isAdmin": true,
	"__v": 1,
	"couponsUsed": []
}
Response: 304 4.593 ms 

Request: GET /api/users/66cc8fb935338737ded851fd at Thu Dec 19 2024 14:26:47 GMT+0200, IP: ::1, User Agent: Mozilla/5.0 (Linux; Android 6.0; Nexus 5 Build/MRA58N) AppleWebKit/537.36 (KHTML, like Gecko) Chrome/131.0.0.0 Mobile Safari/537.36 Edg/131.0.0.0
Response Body:
{
	"_id": "66cc8fb935338737ded851fd",
	"name": {
		"first": "Admin",
		"last": "User",
		"_id": "66cc8fb935338737ded851fe"
	},
	"address": {
		"country": "Israel",
		"city": "Haifa",
		"street": "HaNevim",
		"zip": "8920435",
		"houseNumber": 5,
		"_id": "66cc8fb935338737ded851ff"
	},
	"email": "admin@gmail.com",
	"phone": "050-8123012",
	"createdAt": "2024-08-26T14:22:48.254Z",
	"isAdmin": true,
	"__v": 1,
	"couponsUsed": []
}
Response: 304 5.574 ms 

Request: GET /api/users/66cc8fb935338737ded851fd at Thu Dec 19 2024 14:31:11 GMT+0200, IP: ::1, User Agent: Mozilla/5.0 (Linux; Android 6.0; Nexus 5 Build/MRA58N) AppleWebKit/537.36 (KHTML, like Gecko) Chrome/131.0.0.0 Mobile Safari/537.36 Edg/131.0.0.0
Response Body:
{
	"_id": "66cc8fb935338737ded851fd",
	"name": {
		"first": "Admin",
		"last": "User",
		"_id": "66cc8fb935338737ded851fe"
	},
	"address": {
		"country": "Israel",
		"city": "Haifa",
		"street": "HaNevim",
		"zip": "8920435",
		"houseNumber": 5,
		"_id": "66cc8fb935338737ded851ff"
	},
	"email": "admin@gmail.com",
	"phone": "050-8123012",
	"createdAt": "2024-08-26T14:22:48.254Z",
	"isAdmin": true,
	"__v": 1,
	"couponsUsed": []
}
Response: 304 5.198 ms 

Request: GET /api/users/66cc8fb935338737ded851fd at Thu Dec 19 2024 14:35:11 GMT+0200, IP: ::1, User Agent: Mozilla/5.0 (Linux; Android 6.0; Nexus 5 Build/MRA58N) AppleWebKit/537.36 (KHTML, like Gecko) Chrome/131.0.0.0 Mobile Safari/537.36 Edg/131.0.0.0
Response Body:
{
	"_id": "66cc8fb935338737ded851fd",
	"name": {
		"first": "Admin",
		"last": "User",
		"_id": "66cc8fb935338737ded851fe"
	},
	"address": {
		"country": "Israel",
		"city": "Haifa",
		"street": "HaNevim",
		"zip": "8920435",
		"houseNumber": 5,
		"_id": "66cc8fb935338737ded851ff"
	},
	"email": "admin@gmail.com",
	"phone": "050-8123012",
	"createdAt": "2024-08-26T14:22:48.254Z",
	"isAdmin": true,
	"__v": 1,
	"couponsUsed": []
}
Response: 304 8.025 ms 

Request: GET /api/users/66cc8fb935338737ded851fd at Thu Dec 19 2024 14:48:20 GMT+0200, IP: ::1, User Agent: Mozilla/5.0 (Linux; Android 6.0; Nexus 5 Build/MRA58N) AppleWebKit/537.36 (KHTML, like Gecko) Chrome/131.0.0.0 Mobile Safari/537.36 Edg/131.0.0.0
Response Body:
{
	"_id": "66cc8fb935338737ded851fd",
	"name": {
		"first": "Admin",
		"last": "User",
		"_id": "66cc8fb935338737ded851fe"
	},
	"address": {
		"country": "Israel",
		"city": "Haifa",
		"street": "HaNevim",
		"zip": "8920435",
		"houseNumber": 5,
		"_id": "66cc8fb935338737ded851ff"
	},
	"email": "admin@gmail.com",
	"phone": "050-8123012",
	"createdAt": "2024-08-26T14:22:48.254Z",
	"isAdmin": true,
	"__v": 1,
	"couponsUsed": []
}
Response: 304 5.655 ms 

Request: GET /api/users/66cc8fb935338737ded851fd at Thu Dec 19 2024 15:30:02 GMT+0200, IP: ::1, User Agent: Mozilla/5.0 (Linux; Android 6.0; Nexus 5 Build/MRA58N) AppleWebKit/537.36 (KHTML, like Gecko) Chrome/131.0.0.0 Mobile Safari/537.36 Edg/131.0.0.0
Response Body:
{
	"_id": "66cc8fb935338737ded851fd",
	"name": {
		"first": "Admin",
		"last": "User",
		"_id": "66cc8fb935338737ded851fe"
	},
	"address": {
		"country": "Israel",
		"city": "Haifa",
		"street": "HaNevim",
		"zip": "8920435",
		"houseNumber": 5,
		"_id": "66cc8fb935338737ded851ff"
	},
	"email": "admin@gmail.com",
	"phone": "050-8123012",
	"createdAt": "2024-08-26T14:22:48.254Z",
	"isAdmin": true,
	"__v": 1,
	"couponsUsed": []
}
Response: 304 4.691 ms 

Request: GET /api/users/66cc8fb935338737ded851fd at Thu Dec 19 2024 15:57:13 GMT+0200, IP: ::1, User Agent: Mozilla/5.0 (Linux; Android 6.0; Nexus 5 Build/MRA58N) AppleWebKit/537.36 (KHTML, like Gecko) Chrome/131.0.0.0 Mobile Safari/537.36 Edg/131.0.0.0
Response Body:
{
	"_id": "66cc8fb935338737ded851fd",
	"name": {
		"first": "Admin",
		"last": "User",
		"_id": "66cc8fb935338737ded851fe"
	},
	"address": {
		"country": "Israel",
		"city": "Haifa",
		"street": "HaNevim",
		"zip": "8920435",
		"houseNumber": 5,
		"_id": "66cc8fb935338737ded851ff"
	},
	"email": "admin@gmail.com",
	"phone": "050-8123012",
	"createdAt": "2024-08-26T14:22:48.254Z",
	"isAdmin": true,
	"__v": 1,
	"couponsUsed": []
}
Response: 304 5.128 ms 

Request: GET /api/users/66cc8fb935338737ded851fd at Thu Dec 19 2024 16:01:45 GMT+0200, IP: ::1, User Agent: Mozilla/5.0 (Linux; Android 6.0; Nexus 5 Build/MRA58N) AppleWebKit/537.36 (KHTML, like Gecko) Chrome/131.0.0.0 Mobile Safari/537.36 Edg/131.0.0.0
Response Body:
{
	"_id": "66cc8fb935338737ded851fd",
	"name": {
		"first": "Admin",
		"last": "User",
		"_id": "66cc8fb935338737ded851fe"
	},
	"address": {
		"country": "Israel",
		"city": "Haifa",
		"street": "HaNevim",
		"zip": "8920435",
		"houseNumber": 5,
		"_id": "66cc8fb935338737ded851ff"
	},
	"email": "admin@gmail.com",
	"phone": "050-8123012",
	"createdAt": "2024-08-26T14:22:48.254Z",
	"isAdmin": true,
	"__v": 1,
	"couponsUsed": []
}
Response: 304 4.291 ms 

Request: GET /api/users/66cc8fb935338737ded851fd at Thu Dec 19 2024 16:03:29 GMT+0200, IP: ::1, User Agent: Mozilla/5.0 (Linux; Android 6.0; Nexus 5 Build/MRA58N) AppleWebKit/537.36 (KHTML, like Gecko) Chrome/131.0.0.0 Mobile Safari/537.36 Edg/131.0.0.0
Response Body:
{
	"_id": "66cc8fb935338737ded851fd",
	"name": {
		"first": "Admin",
		"last": "User",
		"_id": "66cc8fb935338737ded851fe"
	},
	"address": {
		"country": "Israel",
		"city": "Haifa",
		"street": "HaNevim",
		"zip": "8920435",
		"houseNumber": 5,
		"_id": "66cc8fb935338737ded851ff"
	},
	"email": "admin@gmail.com",
	"phone": "050-8123012",
	"createdAt": "2024-08-26T14:22:48.254Z",
	"isAdmin": true,
	"__v": 1,
	"couponsUsed": []
}
Response: 304 6.225 ms 

Request: GET /api/users/66cc8fb935338737ded851fd at Thu Dec 19 2024 16:06:04 GMT+0200, IP: ::1, User Agent: Mozilla/5.0 (Linux; Android 6.0; Nexus 5 Build/MRA58N) AppleWebKit/537.36 (KHTML, like Gecko) Chrome/131.0.0.0 Mobile Safari/537.36 Edg/131.0.0.0
Response Body:
{
	"_id": "66cc8fb935338737ded851fd",
	"name": {
		"first": "Admin",
		"last": "User",
		"_id": "66cc8fb935338737ded851fe"
	},
	"address": {
		"country": "Israel",
		"city": "Haifa",
		"street": "HaNevim",
		"zip": "8920435",
		"houseNumber": 5,
		"_id": "66cc8fb935338737ded851ff"
	},
	"email": "admin@gmail.com",
	"phone": "050-8123012",
	"createdAt": "2024-08-26T14:22:48.254Z",
	"isAdmin": true,
	"__v": 1,
	"couponsUsed": []
}
Response: 304 4.161 ms 

Request: GET /api/users/66cc8fb935338737ded851fd at Thu Dec 19 2024 16:06:53 GMT+0200, IP: ::1, User Agent: Mozilla/5.0 (Linux; Android 6.0; Nexus 5 Build/MRA58N) AppleWebKit/537.36 (KHTML, like Gecko) Chrome/131.0.0.0 Mobile Safari/537.36 Edg/131.0.0.0
Response Body:
{
	"_id": "66cc8fb935338737ded851fd",
	"name": {
		"first": "Admin",
		"last": "User",
		"_id": "66cc8fb935338737ded851fe"
	},
	"address": {
		"country": "Israel",
		"city": "Haifa",
		"street": "HaNevim",
		"zip": "8920435",
		"houseNumber": 5,
		"_id": "66cc8fb935338737ded851ff"
	},
	"email": "admin@gmail.com",
	"phone": "050-8123012",
	"createdAt": "2024-08-26T14:22:48.254Z",
	"isAdmin": true,
	"__v": 1,
	"couponsUsed": []
}
Response: 304 6.284 ms 

Request: GET / at Thu Dec 19 2024 16:07:12 GMT+0200, IP: ::1, User Agent: Mozilla/5.0 (Linux; Android 6.0; Nexus 5 Build/MRA58N) AppleWebKit/537.36 (KHTML, like Gecko) Chrome/131.0.0.0 Mobile Safari/537.36 Edg/131.0.0.0
Response: 304 6.147 ms 

Request: GET /api/users/66cc8fb935338737ded851fd at Thu Dec 19 2024 16:07:12 GMT+0200, IP: ::1, User Agent: Mozilla/5.0 (Linux; Android 6.0; Nexus 5 Build/MRA58N) AppleWebKit/537.36 (KHTML, like Gecko) Chrome/131.0.0.0 Mobile Safari/537.36 Edg/131.0.0.0
Response Body:
{
	"_id": "66cc8fb935338737ded851fd",
	"name": {
		"first": "Admin",
		"last": "User",
		"_id": "66cc8fb935338737ded851fe"
	},
	"address": {
		"country": "Israel",
		"city": "Haifa",
		"street": "HaNevim",
		"zip": "8920435",
		"houseNumber": 5,
		"_id": "66cc8fb935338737ded851ff"
	},
	"email": "admin@gmail.com",
	"phone": "050-8123012",
	"createdAt": "2024-08-26T14:22:48.254Z",
	"isAdmin": true,
	"__v": 1,
	"couponsUsed": []
}
Response: 304 10.560 ms 

Request: GET /api/products at Thu Dec 19 2024 16:07:12 GMT+0200, IP: ::1, User Agent: Mozilla/5.0 (Linux; Android 6.0; Nexus 5 Build/MRA58N) AppleWebKit/537.36 (KHTML, like Gecko) Chrome/131.0.0.0 Mobile Safari/537.36 Edg/131.0.0.0
Response Body:
[
	{
		"_id": "66cc90241508324d6c354dba",
		"title": "קישוט לשיער",
		"description": "הכניסי נגיעה של סטייל בוהו לשיער שלך עם אקססורי מקרמה ייחודי בעבודת יד! פריט זה משדרג כל תסרוקת, בין אם מדובר בשיער פזור, קוקו גבוה או צמה. החוטים הארוגים בעדינות יוצרים דפוסים יפיפיים שמשלבים בין יוקרה ופשטות. האקססורי לשיער זמין במגוון צבעים ודוגמאות, כך שתוכלי להתאים אותו לכל מראה ולכל אירוע. זו הדרך המושלמת להוסיף נגיעה של סטייל אישי ותעוזה לכל הופעה.",
		"imageFileNames": [
			"1724679930178.jpg",
			"1724679930183.jpg",
			"1724679930189.jpg",
			"1724679930200.jpg",
			"1724679930275.jpg"
		],
		"stock": 14,
		"stringAColor": "orange",
		"stringBColor": "yellow",
		"stone": "סיטרין",
		"category": "אקססוריז",
		"__v": 0,
		"discount": 0,
		"currentPrice": 630,
		"originalPrice": 630,
		"positionIndex": 0
	},
	{
		"_id": "66cc90241508324d6c354db8",
		"title": "שרשרת",
		"description": "שרשרת המקרמה הזו היא יותר מאשר תכשיט - היא יצירת אמנות של ממש. עשויה בקפידה מחוטי מקרמה איכותיים, כל שרשרת נרקמ
...
Response: 304 9.389 ms 

Request: GET /api/stones at Thu Dec 19 2024 16:07:12 GMT+0200, IP: ::1, User Agent: Mozilla/5.0 (Linux; Android 6.0; Nexus 5 Build/MRA58N) AppleWebKit/537.36 (KHTML, like Gecko) Chrome/131.0.0.0 Mobile Safari/537.36 Edg/131.0.0.0
Response Body:
[
	{
		"_id": "66cc8fb935338737ded8520e",
		"name": "אמטיסט",
		"description": "אבן האמטיסט, בגוון סגול מהפנט, נחשבת לאבן הרוחניות והשלווה. היא ידועה כמסייעת בהרגעת הנפש ובאיזון רגשי, ומציעה הגנה מפני אנרגיות שליליות. האמטיסט מתאימה במיוחד לבני ובנות מזלות דגים, בתולה, וקשת, ותורמת להעצמת האינטואיציה ולחיזוק הקשר עם העצמי הפנימי. זו האבן המושלמת למי שמחפש חיבור עמוק יותר עם הרוחניות והיציבות הרגשית.",
		"__v": 1,
		"descriptionImageFileName": "1725889236586.jpg",
		"descriptionText": "לורם איפסום דולור סיט אמט, קונסקטורר אדיפיסינג אלית קולורס מונפרד אדנדום סילקוף, מרגשי ומרגשח. עמחליף נולום ארווס סאפיאן - פוסיליס קוויס, אקווזמן ליבם סולגק. בראיט ולחת צורק מונחף, בגורמי מגמש. תרבנך וסתעד לכנו סתשם השמה - לתכי מורגם בורק? לתיג ישבעס.\n\nקולורס מונפרד אדנדום סילקוף, מרגשי ומרגשח. עמחליף קונסקטורר אדיפיסינג אלית. סת אלמנקום ניסי נון ניבאה. דס איאקוליס וולופטה דיאם. וסטיבולום אט דולור, קראס אגת לקטוס וואל אאוגו וסטיבולום סוליסי טידום בעליק. קונדימנטום קורוס בליקרה, נונסטי קלובר בריקנה סטום,
...
Response: 304 6.866 ms 

Request: GET /api/categories at Thu Dec 19 2024 16:07:12 GMT+0200, IP: ::1, User Agent: Mozilla/5.0 (Linux; Android 6.0; Nexus 5 Build/MRA58N) AppleWebKit/537.36 (KHTML, like Gecko) Chrome/131.0.0.0 Mobile Safari/537.36 Edg/131.0.0.0
Response Body:
[
	{
		"_id": "66cc8fb935338737ded85208",
		"hebTitle": "צמידים",
		"engLink": "Bracelets",
		"imageFileNames": [
			"1724680280611.jpg",
			"1724680280613.jpg",
			"1724680280613.jpg",
			"1724680280615.jpg"
		],
		"__v": 1
	},
	{
		"_id": "66cc8fb935338737ded85209",
		"hebTitle": "עגילים",
		"engLink": "earings",
		"imageFileNames": [
			"1724679146877.jpg",
			"1724679146905.jpg",
			"1724679146913.jpg",
			"1724679146922.jpg",
			"1731247801786.jpg",
			"1731247833352.jpg"
		],
		"__v": 1
	},
	{
		"_id": "66cc8fb935338737ded8520a",
		"hebTitle": "עגילי טבעת",
		"engLink": "Hook Earrings",
		"imageFileNames": [
			"1724679752305.jpg",
			"1724679752307.jpg",
			"1724679752310.jpg",
			"1724679752314.jpg",
			"1724679752333.jpg"
		],
		"__v": 0
	},
	{
		"_id": "66cc8fb935338737ded8520b",
		"hebTitle": "שרשראות",
		"engLink": "Necklaces",
		"imageFileNames": [
			"1724679330997.jpg",
			"1724679331021.jpg",
			"1724679331024.jpg",
			"1724679331026.jpg",
			"1724679331036.jpg"
		],
		
...
Response: 304 9.146 ms 

Request: GET /api/users/66cc8fb935338737ded851fd at Thu Dec 19 2024 16:07:12 GMT+0200, IP: ::1, User Agent: Mozilla/5.0 (Linux; Android 6.0; Nexus 5 Build/MRA58N) AppleWebKit/537.36 (KHTML, like Gecko) Chrome/131.0.0.0 Mobile Safari/537.36 Edg/131.0.0.0
Response Body:
{
	"_id": "66cc8fb935338737ded851fd",
	"name": {
		"first": "Admin",
		"last": "User",
		"_id": "66cc8fb935338737ded851fe"
	},
	"address": {
		"country": "Israel",
		"city": "Haifa",
		"street": "HaNevim",
		"zip": "8920435",
		"houseNumber": 5,
		"_id": "66cc8fb935338737ded851ff"
	},
	"email": "admin@gmail.com",
	"phone": "050-8123012",
	"createdAt": "2024-08-26T14:22:48.254Z",
	"isAdmin": true,
	"__v": 1,
	"couponsUsed": []
}
Response: 304 5.235 ms 

Request: GET / at Thu Dec 19 2024 16:07:12 GMT+0200, IP: ::1, User Agent: Mozilla/5.0 (Linux; Android 6.0; Nexus 5 Build/MRA58N) AppleWebKit/537.36 (KHTML, like Gecko) Chrome/131.0.0.0 Mobile Safari/537.36 Edg/131.0.0.0
Response: 304 1.148 ms 

Request: GET /api/products at Thu Dec 19 2024 16:07:12 GMT+0200, IP: ::1, User Agent: Mozilla/5.0 (Linux; Android 6.0; Nexus 5 Build/MRA58N) AppleWebKit/537.36 (KHTML, like Gecko) Chrome/131.0.0.0 Mobile Safari/537.36 Edg/131.0.0.0
Response Body:
[
	{
		"_id": "66cc90241508324d6c354dba",
		"title": "קישוט לשיער",
		"description": "הכניסי נגיעה של סטייל בוהו לשיער שלך עם אקססורי מקרמה ייחודי בעבודת יד! פריט זה משדרג כל תסרוקת, בין אם מדובר בשיער פזור, קוקו גבוה או צמה. החוטים הארוגים בעדינות יוצרים דפוסים יפיפיים שמשלבים בין יוקרה ופשטות. האקססורי לשיער זמין במגוון צבעים ודוגמאות, כך שתוכלי להתאים אותו לכל מראה ולכל אירוע. זו הדרך המושלמת להוסיף נגיעה של סטייל אישי ותעוזה לכל הופעה.",
		"imageFileNames": [
			"1724679930178.jpg",
			"1724679930183.jpg",
			"1724679930189.jpg",
			"1724679930200.jpg",
			"1724679930275.jpg"
		],
		"stock": 14,
		"stringAColor": "orange",
		"stringBColor": "yellow",
		"stone": "סיטרין",
		"category": "אקססוריז",
		"__v": 0,
		"discount": 0,
		"currentPrice": 630,
		"originalPrice": 630,
		"positionIndex": 0
	},
	{
		"_id": "66cc90241508324d6c354db8",
		"title": "שרשרת",
		"description": "שרשרת המקרמה הזו היא יותר מאשר תכשיט - היא יצירת אמנות של ממש. עשויה בקפידה מחוטי מקרמה איכותיים, כל שרשרת נרקמ
...
Response: 304 5.220 ms 

Request: GET /api/stones at Thu Dec 19 2024 16:07:12 GMT+0200, IP: ::1, User Agent: Mozilla/5.0 (Linux; Android 6.0; Nexus 5 Build/MRA58N) AppleWebKit/537.36 (KHTML, like Gecko) Chrome/131.0.0.0 Mobile Safari/537.36 Edg/131.0.0.0
Response Body:
[
	{
		"_id": "66cc8fb935338737ded8520e",
		"name": "אמטיסט",
		"description": "אבן האמטיסט, בגוון סגול מהפנט, נחשבת לאבן הרוחניות והשלווה. היא ידועה כמסייעת בהרגעת הנפש ובאיזון רגשי, ומציעה הגנה מפני אנרגיות שליליות. האמטיסט מתאימה במיוחד לבני ובנות מזלות דגים, בתולה, וקשת, ותורמת להעצמת האינטואיציה ולחיזוק הקשר עם העצמי הפנימי. זו האבן המושלמת למי שמחפש חיבור עמוק יותר עם הרוחניות והיציבות הרגשית.",
		"__v": 1,
		"descriptionImageFileName": "1725889236586.jpg",
		"descriptionText": "לורם איפסום דולור סיט אמט, קונסקטורר אדיפיסינג אלית קולורס מונפרד אדנדום סילקוף, מרגשי ומרגשח. עמחליף נולום ארווס סאפיאן - פוסיליס קוויס, אקווזמן ליבם סולגק. בראיט ולחת צורק מונחף, בגורמי מגמש. תרבנך וסתעד לכנו סתשם השמה - לתכי מורגם בורק? לתיג ישבעס.\n\nקולורס מונפרד אדנדום סילקוף, מרגשי ומרגשח. עמחליף קונסקטורר אדיפיסינג אלית. סת אלמנקום ניסי נון ניבאה. דס איאקוליס וולופטה דיאם. וסטיבולום אט דולור, קראס אגת לקטוס וואל אאוגו וסטיבולום סוליסי טידום בעליק. קונדימנטום קורוס בליקרה, נונסטי קלובר בריקנה סטום,
...
Response: 304 8.103 ms 

Request: GET /api/categories at Thu Dec 19 2024 16:07:12 GMT+0200, IP: ::1, User Agent: Mozilla/5.0 (Linux; Android 6.0; Nexus 5 Build/MRA58N) AppleWebKit/537.36 (KHTML, like Gecko) Chrome/131.0.0.0 Mobile Safari/537.36 Edg/131.0.0.0
Response Body:
[
	{
		"_id": "66cc8fb935338737ded85208",
		"hebTitle": "צמידים",
		"engLink": "Bracelets",
		"imageFileNames": [
			"1724680280611.jpg",
			"1724680280613.jpg",
			"1724680280613.jpg",
			"1724680280615.jpg"
		],
		"__v": 1
	},
	{
		"_id": "66cc8fb935338737ded85209",
		"hebTitle": "עגילים",
		"engLink": "earings",
		"imageFileNames": [
			"1724679146877.jpg",
			"1724679146905.jpg",
			"1724679146913.jpg",
			"1724679146922.jpg",
			"1731247801786.jpg",
			"1731247833352.jpg"
		],
		"__v": 1
	},
	{
		"_id": "66cc8fb935338737ded8520a",
		"hebTitle": "עגילי טבעת",
		"engLink": "Hook Earrings",
		"imageFileNames": [
			"1724679752305.jpg",
			"1724679752307.jpg",
			"1724679752310.jpg",
			"1724679752314.jpg",
			"1724679752333.jpg"
		],
		"__v": 0
	},
	{
		"_id": "66cc8fb935338737ded8520b",
		"hebTitle": "שרשראות",
		"engLink": "Necklaces",
		"imageFileNames": [
			"1724679330997.jpg",
			"1724679331021.jpg",
			"1724679331024.jpg",
			"1724679331026.jpg",
			"1724679331036.jpg"
		],
		
...
Response: 304 5.296 ms 

Request: GET /public/products/1724679146877.jpg at Thu Dec 19 2024 16:07:18 GMT+0200, IP: ::1, User Agent: Mozilla/5.0 (Linux; Android 6.0; Nexus 5 Build/MRA58N) AppleWebKit/537.36 (KHTML, like Gecko) Chrome/131.0.0.0 Mobile Safari/537.36 Edg/131.0.0.0
Response: 304 1.107 ms 

Request: GET /public/products/1724679930178.jpg at Thu Dec 19 2024 16:07:18 GMT+0200, IP: ::1, User Agent: Mozilla/5.0 (Linux; Android 6.0; Nexus 5 Build/MRA58N) AppleWebKit/537.36 (KHTML, like Gecko) Chrome/131.0.0.0 Mobile Safari/537.36 Edg/131.0.0.0
Response: 304 1.946 ms 

Request: GET /public/products/1731247833352.jpg at Thu Dec 19 2024 16:07:18 GMT+0200, IP: ::1, User Agent: Mozilla/5.0 (Linux; Android 6.0; Nexus 5 Build/MRA58N) AppleWebKit/537.36 (KHTML, like Gecko) Chrome/131.0.0.0 Mobile Safari/537.36 Edg/131.0.0.0
Response: 304 2.320 ms 

Request: GET /public/products/1731247801786.jpg at Thu Dec 19 2024 16:07:18 GMT+0200, IP: ::1, User Agent: Mozilla/5.0 (Linux; Android 6.0; Nexus 5 Build/MRA58N) AppleWebKit/537.36 (KHTML, like Gecko) Chrome/131.0.0.0 Mobile Safari/537.36 Edg/131.0.0.0
Response: 304 3.069 ms 

Request: GET /api/users/66cc8fb935338737ded851fd at Thu Dec 19 2024 16:09:15 GMT+0200, IP: ::1, User Agent: Mozilla/5.0 (Linux; Android 6.0; Nexus 5 Build/MRA58N) AppleWebKit/537.36 (KHTML, like Gecko) Chrome/131.0.0.0 Mobile Safari/537.36 Edg/131.0.0.0
Response Body:
{
	"_id": "66cc8fb935338737ded851fd",
	"name": {
		"first": "Admin",
		"last": "User",
		"_id": "66cc8fb935338737ded851fe"
	},
	"address": {
		"country": "Israel",
		"city": "Haifa",
		"street": "HaNevim",
		"zip": "8920435",
		"houseNumber": 5,
		"_id": "66cc8fb935338737ded851ff"
	},
	"email": "admin@gmail.com",
	"phone": "050-8123012",
	"createdAt": "2024-08-26T14:22:48.254Z",
	"isAdmin": true,
	"__v": 1,
	"couponsUsed": []
}
Response: 304 3.945 ms 

Request: GET / at Sat Dec 21 2024 11:56:57 GMT+0200, IP: ::1, User Agent: Mozilla/5.0 (Linux; Android 6.0; Nexus 5 Build/MRA58N) AppleWebKit/537.36 (KHTML, like Gecko) Chrome/131.0.0.0 Mobile Safari/537.36 Edg/131.0.0.0
Response: 304 18.085 ms 

Request: GET /api/categories at Sat Dec 21 2024 11:56:57 GMT+0200, IP: ::1, User Agent: Mozilla/5.0 (Linux; Android 6.0; Nexus 5 Build/MRA58N) AppleWebKit/537.36 (KHTML, like Gecko) Chrome/131.0.0.0 Mobile Safari/537.36 Edg/131.0.0.0
Response Body:
[
	{
		"_id": "66cc8fb935338737ded85208",
		"hebTitle": "צמידים",
		"engLink": "Bracelets",
		"imageFileNames": [
			"1724680280611.jpg",
			"1724680280613.jpg",
			"1724680280613.jpg",
			"1724680280615.jpg"
		],
		"__v": 1
	},
	{
		"_id": "66cc8fb935338737ded85209",
		"hebTitle": "עגילים",
		"engLink": "earings",
		"imageFileNames": [
			"1724679146877.jpg",
			"1724679146905.jpg",
			"1724679146913.jpg",
			"1724679146922.jpg",
			"1731247801786.jpg",
			"1731247833352.jpg"
		],
		"__v": 1
	},
	{
		"_id": "66cc8fb935338737ded8520a",
		"hebTitle": "עגילי טבעת",
		"engLink": "Hook Earrings",
		"imageFileNames": [
			"1724679752305.jpg",
			"1724679752307.jpg",
			"1724679752310.jpg",
			"1724679752314.jpg",
			"1724679752333.jpg"
		],
		"__v": 0
	},
	{
		"_id": "66cc8fb935338737ded8520b",
		"hebTitle": "שרשראות",
		"engLink": "Necklaces",
		"imageFileNames": [
			"1724679330997.jpg",
			"1724679331021.jpg",
			"1724679331024.jpg",
			"1724679331026.jpg",
			"1724679331036.jpg"
		],
		
...
Response: 304 35.788 ms 

Request: GET /api/stones at Sat Dec 21 2024 11:56:57 GMT+0200, IP: ::1, User Agent: Mozilla/5.0 (Linux; Android 6.0; Nexus 5 Build/MRA58N) AppleWebKit/537.36 (KHTML, like Gecko) Chrome/131.0.0.0 Mobile Safari/537.36 Edg/131.0.0.0
Response Body:
[
	{
		"_id": "66cc8fb935338737ded8520e",
		"name": "אמטיסט",
		"description": "אבן האמטיסט, בגוון סגול מהפנט, נחשבת לאבן הרוחניות והשלווה. היא ידועה כמסייעת בהרגעת הנפש ובאיזון רגשי, ומציעה הגנה מפני אנרגיות שליליות. האמטיסט מתאימה במיוחד לבני ובנות מזלות דגים, בתולה, וקשת, ותורמת להעצמת האינטואיציה ולחיזוק הקשר עם העצמי הפנימי. זו האבן המושלמת למי שמחפש חיבור עמוק יותר עם הרוחניות והיציבות הרגשית.",
		"__v": 1,
		"descriptionImageFileName": "1725889236586.jpg",
		"descriptionText": "לורם איפסום דולור סיט אמט, קונסקטורר אדיפיסינג אלית קולורס מונפרד אדנדום סילקוף, מרגשי ומרגשח. עמחליף נולום ארווס סאפיאן - פוסיליס קוויס, אקווזמן ליבם סולגק. בראיט ולחת צורק מונחף, בגורמי מגמש. תרבנך וסתעד לכנו סתשם השמה - לתכי מורגם בורק? לתיג ישבעס.\n\nקולורס מונפרד אדנדום סילקוף, מרגשי ומרגשח. עמחליף קונסקטורר אדיפיסינג אלית. סת אלמנקום ניסי נון ניבאה. דס איאקוליס וולופטה דיאם. וסטיבולום אט דולור, קראס אגת לקטוס וואל אאוגו וסטיבולום סוליסי טידום בעליק. קונדימנטום קורוס בליקרה, נונסטי קלובר בריקנה סטום,
...
Response: 304 48.087 ms 

Request: GET / at Sat Dec 21 2024 11:56:57 GMT+0200, IP: ::1, User Agent: Mozilla/5.0 (Linux; Android 6.0; Nexus 5 Build/MRA58N) AppleWebKit/537.36 (KHTML, like Gecko) Chrome/131.0.0.0 Mobile Safari/537.36 Edg/131.0.0.0
Response: 304 30.283 ms 

Request: GET /api/products at Sat Dec 21 2024 11:56:57 GMT+0200, IP: ::1, User Agent: Mozilla/5.0 (Linux; Android 6.0; Nexus 5 Build/MRA58N) AppleWebKit/537.36 (KHTML, like Gecko) Chrome/131.0.0.0 Mobile Safari/537.36 Edg/131.0.0.0
Response Body:
[
	{
		"_id": "66cc90241508324d6c354dba",
		"title": "קישוט לשיער",
		"description": "הכניסי נגיעה של סטייל בוהו לשיער שלך עם אקססורי מקרמה ייחודי בעבודת יד! פריט זה משדרג כל תסרוקת, בין אם מדובר בשיער פזור, קוקו גבוה או צמה. החוטים הארוגים בעדינות יוצרים דפוסים יפיפיים שמשלבים בין יוקרה ופשטות. האקססורי לשיער זמין במגוון צבעים ודוגמאות, כך שתוכלי להתאים אותו לכל מראה ולכל אירוע. זו הדרך המושלמת להוסיף נגיעה של סטייל אישי ותעוזה לכל הופעה.",
		"imageFileNames": [
			"1724679930178.jpg",
			"1724679930183.jpg",
			"1724679930189.jpg",
			"1724679930200.jpg",
			"1724679930275.jpg"
		],
		"stock": 14,
		"stringAColor": "orange",
		"stringBColor": "yellow",
		"stone": "סיטרין",
		"category": "אקססוריז",
		"__v": 0,
		"discount": 0,
		"currentPrice": 630,
		"originalPrice": 630,
		"positionIndex": 0
	},
	{
		"_id": "66cc90241508324d6c354db8",
		"title": "שרשרת",
		"description": "שרשרת המקרמה הזו היא יותר מאשר תכשיט - היא יצירת אמנות של ממש. עשויה בקפידה מחוטי מקרמה איכותיים, כל שרשרת נרקמ
...
Response: 304 69.347 ms 

Request: GET /api/users/66cc8fb935338737ded851fd at Sat Dec 21 2024 11:56:57 GMT+0200, IP: ::1, User Agent: Mozilla/5.0 (Linux; Android 6.0; Nexus 5 Build/MRA58N) AppleWebKit/537.36 (KHTML, like Gecko) Chrome/131.0.0.0 Mobile Safari/537.36 Edg/131.0.0.0
Response Body:
{
	"_id": "66cc8fb935338737ded851fd",
	"name": {
		"first": "Admin",
		"last": "User",
		"_id": "66cc8fb935338737ded851fe"
	},
	"address": {
		"country": "Israel",
		"city": "Haifa",
		"street": "HaNevim",
		"zip": "8920435",
		"houseNumber": 5,
		"_id": "66cc8fb935338737ded851ff"
	},
	"email": "admin@gmail.com",
	"phone": "050-8123012",
	"createdAt": "2024-08-26T14:22:48.254Z",
	"isAdmin": true,
	"__v": 1,
	"couponsUsed": []
}
Response: 304 268.729 ms 

Request: GET /api/categories at Sat Dec 21 2024 11:56:57 GMT+0200, IP: ::1, User Agent: Mozilla/5.0 (Linux; Android 6.0; Nexus 5 Build/MRA58N) AppleWebKit/537.36 (KHTML, like Gecko) Chrome/131.0.0.0 Mobile Safari/537.36 Edg/131.0.0.0
Response Body:
[
	{
		"_id": "66cc8fb935338737ded85208",
		"hebTitle": "צמידים",
		"engLink": "Bracelets",
		"imageFileNames": [
			"1724680280611.jpg",
			"1724680280613.jpg",
			"1724680280613.jpg",
			"1724680280615.jpg"
		],
		"__v": 1
	},
	{
		"_id": "66cc8fb935338737ded85209",
		"hebTitle": "עגילים",
		"engLink": "earings",
		"imageFileNames": [
			"1724679146877.jpg",
			"1724679146905.jpg",
			"1724679146913.jpg",
			"1724679146922.jpg",
			"1731247801786.jpg",
			"1731247833352.jpg"
		],
		"__v": 1
	},
	{
		"_id": "66cc8fb935338737ded8520a",
		"hebTitle": "עגילי טבעת",
		"engLink": "Hook Earrings",
		"imageFileNames": [
			"1724679752305.jpg",
			"1724679752307.jpg",
			"1724679752310.jpg",
			"1724679752314.jpg",
			"1724679752333.jpg"
		],
		"__v": 0
	},
	{
		"_id": "66cc8fb935338737ded8520b",
		"hebTitle": "שרשראות",
		"engLink": "Necklaces",
		"imageFileNames": [
			"1724679330997.jpg",
			"1724679331021.jpg",
			"1724679331024.jpg",
			"1724679331026.jpg",
			"1724679331036.jpg"
		],
		
...
Response: 304 7.523 ms 

Request: GET /api/stones at Sat Dec 21 2024 11:56:57 GMT+0200, IP: ::1, User Agent: Mozilla/5.0 (Linux; Android 6.0; Nexus 5 Build/MRA58N) AppleWebKit/537.36 (KHTML, like Gecko) Chrome/131.0.0.0 Mobile Safari/537.36 Edg/131.0.0.0
Response Body:
[
	{
		"_id": "66cc8fb935338737ded8520e",
		"name": "אמטיסט",
		"description": "אבן האמטיסט, בגוון סגול מהפנט, נחשבת לאבן הרוחניות והשלווה. היא ידועה כמסייעת בהרגעת הנפש ובאיזון רגשי, ומציעה הגנה מפני אנרגיות שליליות. האמטיסט מתאימה במיוחד לבני ובנות מזלות דגים, בתולה, וקשת, ותורמת להעצמת האינטואיציה ולחיזוק הקשר עם העצמי הפנימי. זו האבן המושלמת למי שמחפש חיבור עמוק יותר עם הרוחניות והיציבות הרגשית.",
		"__v": 1,
		"descriptionImageFileName": "1725889236586.jpg",
		"descriptionText": "לורם איפסום דולור סיט אמט, קונסקטורר אדיפיסינג אלית קולורס מונפרד אדנדום סילקוף, מרגשי ומרגשח. עמחליף נולום ארווס סאפיאן - פוסיליס קוויס, אקווזמן ליבם סולגק. בראיט ולחת צורק מונחף, בגורמי מגמש. תרבנך וסתעד לכנו סתשם השמה - לתכי מורגם בורק? לתיג ישבעס.\n\nקולורס מונפרד אדנדום סילקוף, מרגשי ומרגשח. עמחליף קונסקטורר אדיפיסינג אלית. סת אלמנקום ניסי נון ניבאה. דס איאקוליס וולופטה דיאם. וסטיבולום אט דולור, קראס אגת לקטוס וואל אאוגו וסטיבולום סוליסי טידום בעליק. קונדימנטום קורוס בליקרה, נונסטי קלובר בריקנה סטום,
...
Response: 304 9.881 ms 

Request: GET /api/products at Sat Dec 21 2024 11:56:57 GMT+0200, IP: ::1, User Agent: Mozilla/5.0 (Linux; Android 6.0; Nexus 5 Build/MRA58N) AppleWebKit/537.36 (KHTML, like Gecko) Chrome/131.0.0.0 Mobile Safari/537.36 Edg/131.0.0.0
Response Body:
[
	{
		"_id": "66cc90241508324d6c354dba",
		"title": "קישוט לשיער",
		"description": "הכניסי נגיעה של סטייל בוהו לשיער שלך עם אקססורי מקרמה ייחודי בעבודת יד! פריט זה משדרג כל תסרוקת, בין אם מדובר בשיער פזור, קוקו גבוה או צמה. החוטים הארוגים בעדינות יוצרים דפוסים יפיפיים שמשלבים בין יוקרה ופשטות. האקססורי לשיער זמין במגוון צבעים ודוגמאות, כך שתוכלי להתאים אותו לכל מראה ולכל אירוע. זו הדרך המושלמת להוסיף נגיעה של סטייל אישי ותעוזה לכל הופעה.",
		"imageFileNames": [
			"1724679930178.jpg",
			"1724679930183.jpg",
			"1724679930189.jpg",
			"1724679930200.jpg",
			"1724679930275.jpg"
		],
		"stock": 14,
		"stringAColor": "orange",
		"stringBColor": "yellow",
		"stone": "סיטרין",
		"category": "אקססוריז",
		"__v": 0,
		"discount": 0,
		"currentPrice": 630,
		"originalPrice": 630,
		"positionIndex": 0
	},
	{
		"_id": "66cc90241508324d6c354db8",
		"title": "שרשרת",
		"description": "שרשרת המקרמה הזו היא יותר מאשר תכשיט - היא יצירת אמנות של ממש. עשויה בקפידה מחוטי מקרמה איכותיים, כל שרשרת נרקמ
...
Response: 304 12.273 ms 

Request: GET /api/users/66cc8fb935338737ded851fd at Sat Dec 21 2024 11:56:57 GMT+0200, IP: ::1, User Agent: Mozilla/5.0 (Linux; Android 6.0; Nexus 5 Build/MRA58N) AppleWebKit/537.36 (KHTML, like Gecko) Chrome/131.0.0.0 Mobile Safari/537.36 Edg/131.0.0.0
Response Body:
{
	"_id": "66cc8fb935338737ded851fd",
	"name": {
		"first": "Admin",
		"last": "User",
		"_id": "66cc8fb935338737ded851fe"
	},
	"address": {
		"country": "Israel",
		"city": "Haifa",
		"street": "HaNevim",
		"zip": "8920435",
		"houseNumber": 5,
		"_id": "66cc8fb935338737ded851ff"
	},
	"email": "admin@gmail.com",
	"phone": "050-8123012",
	"createdAt": "2024-08-26T14:22:48.254Z",
	"isAdmin": true,
	"__v": 1,
	"couponsUsed": []
}
Response: 304 9.601 ms 

Request: GET /public/products/1724679146877.jpg at Sat Dec 21 2024 11:57:01 GMT+0200, IP: ::1, User Agent: Mozilla/5.0 (Linux; Android 6.0; Nexus 5 Build/MRA58N) AppleWebKit/537.36 (KHTML, like Gecko) Chrome/131.0.0.0 Mobile Safari/537.36 Edg/131.0.0.0
Response: 304 5.370 ms 

Request: GET /public/products/1724679930178.jpg at Sat Dec 21 2024 11:57:01 GMT+0200, IP: ::1, User Agent: Mozilla/5.0 (Linux; Android 6.0; Nexus 5 Build/MRA58N) AppleWebKit/537.36 (KHTML, like Gecko) Chrome/131.0.0.0 Mobile Safari/537.36 Edg/131.0.0.0
Response: 304 4.059 ms 

Request: GET /public/products/1731247833352.jpg at Sat Dec 21 2024 11:57:01 GMT+0200, IP: ::1, User Agent: Mozilla/5.0 (Linux; Android 6.0; Nexus 5 Build/MRA58N) AppleWebKit/537.36 (KHTML, like Gecko) Chrome/131.0.0.0 Mobile Safari/537.36 Edg/131.0.0.0
Response: 304 4.578 ms 

Request: GET /public/products/1731247801786.jpg at Sat Dec 21 2024 11:57:01 GMT+0200, IP: ::1, User Agent: Mozilla/5.0 (Linux; Android 6.0; Nexus 5 Build/MRA58N) AppleWebKit/537.36 (KHTML, like Gecko) Chrome/131.0.0.0 Mobile Safari/537.36 Edg/131.0.0.0
Response: 304 5.113 ms 

Request: GET /api/users/66cc8fb935338737ded851fd at Sat Dec 21 2024 12:02:34 GMT+0200, IP: ::1, User Agent: Mozilla/5.0 (Linux; Android 6.0; Nexus 5 Build/MRA58N) AppleWebKit/537.36 (KHTML, like Gecko) Chrome/131.0.0.0 Mobile Safari/537.36 Edg/131.0.0.0
Response Body:
{
	"_id": "66cc8fb935338737ded851fd",
	"name": {
		"first": "Admin",
		"last": "User",
		"_id": "66cc8fb935338737ded851fe"
	},
	"address": {
		"country": "Israel",
		"city": "Haifa",
		"street": "HaNevim",
		"zip": "8920435",
		"houseNumber": 5,
		"_id": "66cc8fb935338737ded851ff"
	},
	"email": "admin@gmail.com",
	"phone": "050-8123012",
	"createdAt": "2024-08-26T14:22:48.254Z",
	"isAdmin": true,
	"__v": 1,
	"couponsUsed": []
}
Response: 304 9.646 ms 

Request: GET /api/users/66cc8fb935338737ded851fd at Sat Dec 21 2024 12:04:06 GMT+0200, IP: ::1, User Agent: Mozilla/5.0 (Linux; Android 6.0; Nexus 5 Build/MRA58N) AppleWebKit/537.36 (KHTML, like Gecko) Chrome/131.0.0.0 Mobile Safari/537.36 Edg/131.0.0.0
Response Body:
{
	"_id": "66cc8fb935338737ded851fd",
	"name": {
		"first": "Admin",
		"last": "User",
		"_id": "66cc8fb935338737ded851fe"
	},
	"address": {
		"country": "Israel",
		"city": "Haifa",
		"street": "HaNevim",
		"zip": "8920435",
		"houseNumber": 5,
		"_id": "66cc8fb935338737ded851ff"
	},
	"email": "admin@gmail.com",
	"phone": "050-8123012",
	"createdAt": "2024-08-26T14:22:48.254Z",
	"isAdmin": true,
	"__v": 1,
	"couponsUsed": []
}
Response: 304 5.575 ms 

Request: GET /api/users/66cc8fb935338737ded851fd at Sat Dec 21 2024 12:04:06 GMT+0200, IP: ::1, User Agent: Mozilla/5.0 (Linux; Android 6.0; Nexus 5 Build/MRA58N) AppleWebKit/537.36 (KHTML, like Gecko) Chrome/131.0.0.0 Mobile Safari/537.36 Edg/131.0.0.0
Response Body:
{
	"_id": "66cc8fb935338737ded851fd",
	"name": {
		"first": "Admin",
		"last": "User",
		"_id": "66cc8fb935338737ded851fe"
	},
	"address": {
		"country": "Israel",
		"city": "Haifa",
		"street": "HaNevim",
		"zip": "8920435",
		"houseNumber": 5,
		"_id": "66cc8fb935338737ded851ff"
	},
	"email": "admin@gmail.com",
	"phone": "050-8123012",
	"createdAt": "2024-08-26T14:22:48.254Z",
	"isAdmin": true,
	"__v": 1,
	"couponsUsed": []
}
Response: 304 7.018 ms 
