
Request: GET / at Sat Dec 21 2024 12:06:41 GMT+0200, IP: ::1, User Agent: Mozilla/5.0 (Linux; Android 6.0; Nexus 5 Build/MRA58N) AppleWebKit/537.36 (KHTML, like Gecko) Chrome/131.0.0.0 Mobile Safari/537.36 Edg/131.0.0.0
Response: 304 20.639 ms 

Request: GET /api/products at Sat Dec 21 2024 12:06:41 GMT+0200, IP: ::1, User Agent: Mozilla/5.0 (Linux; Android 6.0; Nexus 5 Build/MRA58N) AppleWebKit/537.36 (KHTML, like Gecko) Chrome/131.0.0.0 Mobile Safari/537.36 Edg/131.0.0.0
Response Body:
[
	{
		"_id": "66cc90241508324d6c354dba",
		"title": "קישוט לשיער",
		"description": "הכניסי נגיעה של סטייל בוהו לשיער שלך עם אקססורי מקרמה ייחודי בעבודת יד! פריט זה משדרג כל תסרוקת, בין אם מדובר בשיער פזור, קוקו גבוה או צמה. החוטים הארוגים בעדינות יוצרים דפוסים יפיפיים שמשלבים בין יוקרה ופשטות. האקססורי לשיער זמין במגוון צבעים ודוגמאות, כך שתוכלי להתאים אותו לכל מראה ולכל אירוע. זו הדרך המושלמת להוסיף נגיעה של סטייל אישי ותעוזה לכל הופעה.",
		"imageFileNames": [
			"1724679930178.jpg",
			"1724679930183.jpg",
			"1724679930189.jpg",
			"1724679930200.jpg",
			"1724679930275.jpg"
		],
		"stock": 14,
		"stringAColor": "orange",
		"stringBColor": "yellow",
		"stone": "סיטרין",
		"category": "אקססוריז",
		"__v": 0,
		"discount": 0,
		"currentPrice": 630,
		"originalPrice": 630,
		"positionIndex": 0
	},
	{
		"_id": "66cc90241508324d6c354db8",
		"title": "שרשרת",
		"description": "שרשרת המקרמה הזו היא יותר מאשר תכשיט - היא יצירת אמנות של ממש. עשויה בקפידה מחוטי מקרמה איכותיים, כל שרשרת נרקמ
...
Response: 304 30.415 ms 

Request: GET /api/categories at Sat Dec 21 2024 12:06:41 GMT+0200, IP: ::1, User Agent: Mozilla/5.0 (Linux; Android 6.0; Nexus 5 Build/MRA58N) AppleWebKit/537.36 (KHTML, like Gecko) Chrome/131.0.0.0 Mobile Safari/537.36 Edg/131.0.0.0
Response Body:
[
	{
		"_id": "66cc8fb935338737ded85208",
		"hebTitle": "צמידים",
		"engLink": "Bracelets",
		"imageFileNames": [
			"1724680280611.jpg",
			"1724680280613.jpg",
			"1724680280613.jpg",
			"1724680280615.jpg"
		],
		"__v": 1
	},
	{
		"_id": "66cc8fb935338737ded85209",
		"hebTitle": "עגילים",
		"engLink": "earings",
		"imageFileNames": [
			"1724679146877.jpg",
			"1724679146905.jpg",
			"1724679146913.jpg",
			"1724679146922.jpg",
			"1731247801786.jpg",
			"1731247833352.jpg"
		],
		"__v": 1
	},
	{
		"_id": "66cc8fb935338737ded8520a",
		"hebTitle": "עגילי טבעת",
		"engLink": "Hook Earrings",
		"imageFileNames": [
			"1724679752305.jpg",
			"1724679752307.jpg",
			"1724679752310.jpg",
			"1724679752314.jpg",
			"1724679752333.jpg"
		],
		"__v": 0
	},
	{
		"_id": "66cc8fb935338737ded8520b",
		"hebTitle": "שרשראות",
		"engLink": "Necklaces",
		"imageFileNames": [
			"1724679330997.jpg",
			"1724679331021.jpg",
			"1724679331024.jpg",
			"1724679331026.jpg",
			"1724679331036.jpg"
		],
		
...
Response: 304 31.965 ms 

Request: GET /api/stones at Sat Dec 21 2024 12:06:41 GMT+0200, IP: ::1, User Agent: Mozilla/5.0 (Linux; Android 6.0; Nexus 5 Build/MRA58N) AppleWebKit/537.36 (KHTML, like Gecko) Chrome/131.0.0.0 Mobile Safari/537.36 Edg/131.0.0.0
Response Body:
[
	{
		"_id": "66cc8fb935338737ded8520e",
		"name": "אמטיסט",
		"description": "אבן האמטיסט, בגוון סגול מהפנט, נחשבת לאבן הרוחניות והשלווה. היא ידועה כמסייעת בהרגעת הנפש ובאיזון רגשי, ומציעה הגנה מפני אנרגיות שליליות. האמטיסט מתאימה במיוחד לבני ובנות מזלות דגים, בתולה, וקשת, ותורמת להעצמת האינטואיציה ולחיזוק הקשר עם העצמי הפנימי. זו האבן המושלמת למי שמחפש חיבור עמוק יותר עם הרוחניות והיציבות הרגשית.",
		"__v": 1,
		"descriptionImageFileName": "1725889236586.jpg",
		"descriptionText": "לורם איפסום דולור סיט אמט, קונסקטורר אדיפיסינג אלית קולורס מונפרד אדנדום סילקוף, מרגשי ומרגשח. עמחליף נולום ארווס סאפיאן - פוסיליס קוויס, אקווזמן ליבם סולגק. בראיט ולחת צורק מונחף, בגורמי מגמש. תרבנך וסתעד לכנו סתשם השמה - לתכי מורגם בורק? לתיג ישבעס.\n\nקולורס מונפרד אדנדום סילקוף, מרגשי ומרגשח. עמחליף קונסקטורר אדיפיסינג אלית. סת אלמנקום ניסי נון ניבאה. דס איאקוליס וולופטה דיאם. וסטיבולום אט דולור, קראס אגת לקטוס וואל אאוגו וסטיבולום סוליסי טידום בעליק. קונדימנטום קורוס בליקרה, נונסטי קלובר בריקנה סטום,
...
Response: 304 12.097 ms 

Request: GET / at Sat Dec 21 2024 12:06:41 GMT+0200, IP: ::1, User Agent: Mozilla/5.0 (Linux; Android 6.0; Nexus 5 Build/MRA58N) AppleWebKit/537.36 (KHTML, like Gecko) Chrome/131.0.0.0 Mobile Safari/537.36 Edg/131.0.0.0
Response: 304 18.849 ms 

Request: GET /api/categories at Sat Dec 21 2024 12:06:41 GMT+0200, IP: ::1, User Agent: Mozilla/5.0 (Linux; Android 6.0; Nexus 5 Build/MRA58N) AppleWebKit/537.36 (KHTML, like Gecko) Chrome/131.0.0.0 Mobile Safari/537.36 Edg/131.0.0.0
Response Body:
[
	{
		"_id": "66cc8fb935338737ded85208",
		"hebTitle": "צמידים",
		"engLink": "Bracelets",
		"imageFileNames": [
			"1724680280611.jpg",
			"1724680280613.jpg",
			"1724680280613.jpg",
			"1724680280615.jpg"
		],
		"__v": 1
	},
	{
		"_id": "66cc8fb935338737ded85209",
		"hebTitle": "עגילים",
		"engLink": "earings",
		"imageFileNames": [
			"1724679146877.jpg",
			"1724679146905.jpg",
			"1724679146913.jpg",
			"1724679146922.jpg",
			"1731247801786.jpg",
			"1731247833352.jpg"
		],
		"__v": 1
	},
	{
		"_id": "66cc8fb935338737ded8520a",
		"hebTitle": "עגילי טבעת",
		"engLink": "Hook Earrings",
		"imageFileNames": [
			"1724679752305.jpg",
			"1724679752307.jpg",
			"1724679752310.jpg",
			"1724679752314.jpg",
			"1724679752333.jpg"
		],
		"__v": 0
	},
	{
		"_id": "66cc8fb935338737ded8520b",
		"hebTitle": "שרשראות",
		"engLink": "Necklaces",
		"imageFileNames": [
			"1724679330997.jpg",
			"1724679331021.jpg",
			"1724679331024.jpg",
			"1724679331026.jpg",
			"1724679331036.jpg"
		],
		
...
Response: 304 34.742 ms 

Request: GET /api/products at Sat Dec 21 2024 12:06:41 GMT+0200, IP: ::1, User Agent: Mozilla/5.0 (Linux; Android 6.0; Nexus 5 Build/MRA58N) AppleWebKit/537.36 (KHTML, like Gecko) Chrome/131.0.0.0 Mobile Safari/537.36 Edg/131.0.0.0
Response Body:
[
	{
		"_id": "66cc90241508324d6c354dba",
		"title": "קישוט לשיער",
		"description": "הכניסי נגיעה של סטייל בוהו לשיער שלך עם אקססורי מקרמה ייחודי בעבודת יד! פריט זה משדרג כל תסרוקת, בין אם מדובר בשיער פזור, קוקו גבוה או צמה. החוטים הארוגים בעדינות יוצרים דפוסים יפיפיים שמשלבים בין יוקרה ופשטות. האקססורי לשיער זמין במגוון צבעים ודוגמאות, כך שתוכלי להתאים אותו לכל מראה ולכל אירוע. זו הדרך המושלמת להוסיף נגיעה של סטייל אישי ותעוזה לכל הופעה.",
		"imageFileNames": [
			"1724679930178.jpg",
			"1724679930183.jpg",
			"1724679930189.jpg",
			"1724679930200.jpg",
			"1724679930275.jpg"
		],
		"stock": 14,
		"stringAColor": "orange",
		"stringBColor": "yellow",
		"stone": "סיטרין",
		"category": "אקססוריז",
		"__v": 0,
		"discount": 0,
		"currentPrice": 630,
		"originalPrice": 630,
		"positionIndex": 0
	},
	{
		"_id": "66cc90241508324d6c354db8",
		"title": "שרשרת",
		"description": "שרשרת המקרמה הזו היא יותר מאשר תכשיט - היא יצירת אמנות של ממש. עשויה בקפידה מחוטי מקרמה איכותיים, כל שרשרת נרקמ
...
Response: 304 42.526 ms 

Request: GET /api/stones at Sat Dec 21 2024 12:06:41 GMT+0200, IP: ::1, User Agent: Mozilla/5.0 (Linux; Android 6.0; Nexus 5 Build/MRA58N) AppleWebKit/537.36 (KHTML, like Gecko) Chrome/131.0.0.0 Mobile Safari/537.36 Edg/131.0.0.0
Response Body:
[
	{
		"_id": "66cc8fb935338737ded8520e",
		"name": "אמטיסט",
		"description": "אבן האמטיסט, בגוון סגול מהפנט, נחשבת לאבן הרוחניות והשלווה. היא ידועה כמסייעת בהרגעת הנפש ובאיזון רגשי, ומציעה הגנה מפני אנרגיות שליליות. האמטיסט מתאימה במיוחד לבני ובנות מזלות דגים, בתולה, וקשת, ותורמת להעצמת האינטואיציה ולחיזוק הקשר עם העצמי הפנימי. זו האבן המושלמת למי שמחפש חיבור עמוק יותר עם הרוחניות והיציבות הרגשית.",
		"__v": 1,
		"descriptionImageFileName": "1725889236586.jpg",
		"descriptionText": "לורם איפסום דולור סיט אמט, קונסקטורר אדיפיסינג אלית קולורס מונפרד אדנדום סילקוף, מרגשי ומרגשח. עמחליף נולום ארווס סאפיאן - פוסיליס קוויס, אקווזמן ליבם סולגק. בראיט ולחת צורק מונחף, בגורמי מגמש. תרבנך וסתעד לכנו סתשם השמה - לתכי מורגם בורק? לתיג ישבעס.\n\nקולורס מונפרד אדנדום סילקוף, מרגשי ומרגשח. עמחליף קונסקטורר אדיפיסינג אלית. סת אלמנקום ניסי נון ניבאה. דס איאקוליס וולופטה דיאם. וסטיבולום אט דולור, קראס אגת לקטוס וואל אאוגו וסטיבולום סוליסי טידום בעליק. קונדימנטום קורוס בליקרה, נונסטי קלובר בריקנה סטום,
...
Response: 304 4.700 ms 

Request: GET /api/stones at Sat Dec 21 2024 12:06:41 GMT+0200, IP: ::1, User Agent: Mozilla/5.0 (Linux; Android 6.0; Nexus 5 Build/MRA58N) AppleWebKit/537.36 (KHTML, like Gecko) Chrome/131.0.0.0 Mobile Safari/537.36 Edg/131.0.0.0
Response Body:
[
	{
		"_id": "66cc8fb935338737ded8520e",
		"name": "אמטיסט",
		"description": "אבן האמטיסט, בגוון סגול מהפנט, נחשבת לאבן הרוחניות והשלווה. היא ידועה כמסייעת בהרגעת הנפש ובאיזון רגשי, ומציעה הגנה מפני אנרגיות שליליות. האמטיסט מתאימה במיוחד לבני ובנות מזלות דגים, בתולה, וקשת, ותורמת להעצמת האינטואיציה ולחיזוק הקשר עם העצמי הפנימי. זו האבן המושלמת למי שמחפש חיבור עמוק יותר עם הרוחניות והיציבות הרגשית.",
		"__v": 1,
		"descriptionImageFileName": "1725889236586.jpg",
		"descriptionText": "לורם איפסום דולור סיט אמט, קונסקטורר אדיפיסינג אלית קולורס מונפרד אדנדום סילקוף, מרגשי ומרגשח. עמחליף נולום ארווס סאפיאן - פוסיליס קוויס, אקווזמן ליבם סולגק. בראיט ולחת צורק מונחף, בגורמי מגמש. תרבנך וסתעד לכנו סתשם השמה - לתכי מורגם בורק? לתיג ישבעס.\n\nקולורס מונפרד אדנדום סילקוף, מרגשי ומרגשח. עמחליף קונסקטורר אדיפיסינג אלית. סת אלמנקום ניסי נון ניבאה. דס איאקוליס וולופטה דיאם. וסטיבולום אט דולור, קראס אגת לקטוס וואל אאוגו וסטיבולום סוליסי טידום בעליק. קונדימנטום קורוס בליקרה, נונסטי קלובר בריקנה סטום,
...
Response: 304 6.006 ms 

Request: GET /public/products/1724679930178.jpg at Sat Dec 21 2024 12:06:41 GMT+0200, IP: ::1, User Agent: Mozilla/5.0 (Linux; Android 6.0; Nexus 5 Build/MRA58N) AppleWebKit/537.36 (KHTML, like Gecko) Chrome/131.0.0.0 Mobile Safari/537.36 Edg/131.0.0.0
Response: 304 5.800 ms 

Request: GET /public/products/1724680280611.jpg at Sat Dec 21 2024 12:06:41 GMT+0200, IP: ::1, User Agent: Mozilla/5.0 (Linux; Android 6.0; Nexus 5 Build/MRA58N) AppleWebKit/537.36 (KHTML, like Gecko) Chrome/131.0.0.0 Mobile Safari/537.36 Edg/131.0.0.0
Response: 304 11.510 ms 

Request: GET /public/products/1724679330997.jpg at Sat Dec 21 2024 12:06:41 GMT+0200, IP: ::1, User Agent: Mozilla/5.0 (Linux; Android 6.0; Nexus 5 Build/MRA58N) AppleWebKit/537.36 (KHTML, like Gecko) Chrome/131.0.0.0 Mobile Safari/537.36 Edg/131.0.0.0
Response: 304 18.137 ms 

Request: GET /public/products/1731247801786.jpg at Sat Dec 21 2024 12:06:41 GMT+0200, IP: ::1, User Agent: Mozilla/5.0 (Linux; Android 6.0; Nexus 5 Build/MRA58N) AppleWebKit/537.36 (KHTML, like Gecko) Chrome/131.0.0.0 Mobile Safari/537.36 Edg/131.0.0.0
Response: 304 4.654 ms 

Request: GET /public/products/1724679752305.jpg at Sat Dec 21 2024 12:06:41 GMT+0200, IP: ::1, User Agent: Mozilla/5.0 (Linux; Android 6.0; Nexus 5 Build/MRA58N) AppleWebKit/537.36 (KHTML, like Gecko) Chrome/131.0.0.0 Mobile Safari/537.36 Edg/131.0.0.0
Response: 304 35.206 ms 

Request: GET /public/products/1731247833352.jpg at Sat Dec 21 2024 12:06:41 GMT+0200, IP: ::1, User Agent: Mozilla/5.0 (Linux; Android 6.0; Nexus 5 Build/MRA58N) AppleWebKit/537.36 (KHTML, like Gecko) Chrome/131.0.0.0 Mobile Safari/537.36 Edg/131.0.0.0
Response: 304 35.945 ms 

Request: GET /public/products/1724679146877.jpg at Sat Dec 21 2024 12:06:41 GMT+0200, IP: ::1, User Agent: Mozilla/5.0 (Linux; Android 6.0; Nexus 5 Build/MRA58N) AppleWebKit/537.36 (KHTML, like Gecko) Chrome/131.0.0.0 Mobile Safari/537.36 Edg/131.0.0.0
Response: 304 39.512 ms 

Request: GET /public/products/1724679930178.jpg at Sat Dec 21 2024 12:06:41 GMT+0200, IP: ::1, User Agent: Mozilla/5.0 (Linux; Android 6.0; Nexus 5 Build/MRA58N) AppleWebKit/537.36 (KHTML, like Gecko) Chrome/131.0.0.0 Mobile Safari/537.36 Edg/131.0.0.0
Response: 304 0.597 ms 

Request: GET /public/products/1724680280611.jpg at Sat Dec 21 2024 12:06:41 GMT+0200, IP: ::1, User Agent: Mozilla/5.0 (Linux; Android 6.0; Nexus 5 Build/MRA58N) AppleWebKit/537.36 (KHTML, like Gecko) Chrome/131.0.0.0 Mobile Safari/537.36 Edg/131.0.0.0
Response: 304 3.424 ms 

Request: GET /public/products/1724679330997.jpg at Sat Dec 21 2024 12:06:41 GMT+0200, IP: ::1, User Agent: Mozilla/5.0 (Linux; Android 6.0; Nexus 5 Build/MRA58N) AppleWebKit/537.36 (KHTML, like Gecko) Chrome/131.0.0.0 Mobile Safari/537.36 Edg/131.0.0.0
Response: 304 3.844 ms 

Request: GET /public/products/1731247801786.jpg at Sat Dec 21 2024 12:06:41 GMT+0200, IP: ::1, User Agent: Mozilla/5.0 (Linux; Android 6.0; Nexus 5 Build/MRA58N) AppleWebKit/537.36 (KHTML, like Gecko) Chrome/131.0.0.0 Mobile Safari/537.36 Edg/131.0.0.0
Response: 304 5.655 ms 

Request: GET /public/products/1731247833352.jpg at Sat Dec 21 2024 12:06:41 GMT+0200, IP: ::1, User Agent: Mozilla/5.0 (Linux; Android 6.0; Nexus 5 Build/MRA58N) AppleWebKit/537.36 (KHTML, like Gecko) Chrome/131.0.0.0 Mobile Safari/537.36 Edg/131.0.0.0
Response: 304 2.900 ms 

Request: GET /public/products/1724679752305.jpg at Sat Dec 21 2024 12:06:41 GMT+0200, IP: ::1, User Agent: Mozilla/5.0 (Linux; Android 6.0; Nexus 5 Build/MRA58N) AppleWebKit/537.36 (KHTML, like Gecko) Chrome/131.0.0.0 Mobile Safari/537.36 Edg/131.0.0.0
Response: 304 3.864 ms 

Request: GET /public/products/1724679146877.jpg at Sat Dec 21 2024 12:06:41 GMT+0200, IP: ::1, User Agent: Mozilla/5.0 (Linux; Android 6.0; Nexus 5 Build/MRA58N) AppleWebKit/537.36 (KHTML, like Gecko) Chrome/131.0.0.0 Mobile Safari/537.36 Edg/131.0.0.0
Response: 304 5.965 ms 

Request: GET /api/users/66cc8fb935338737ded851fd at Sat Dec 21 2024 12:06:49 GMT+0200, IP: ::1, User Agent: Mozilla/5.0 (Linux; Android 6.0; Nexus 5 Build/MRA58N) AppleWebKit/537.36 (KHTML, like Gecko) Chrome/131.0.0.0 Mobile Safari/537.36 Edg/131.0.0.0
Response Body:
{
	"_id": "66cc8fb935338737ded851fd",
	"name": {
		"first": "Admin",
		"last": "User",
		"_id": "66cc8fb935338737ded851fe"
	},
	"address": {
		"country": "Israel",
		"city": "Haifa",
		"street": "HaNevim",
		"zip": "8920435",
		"houseNumber": 5,
		"_id": "66cc8fb935338737ded851ff"
	},
	"email": "admin@gmail.com",
	"phone": "050-8123012",
	"createdAt": "2024-08-26T14:22:48.254Z",
	"isAdmin": true,
	"__v": 1,
	"couponsUsed": []
}
Response: 304 10.191 ms 

Request: GET /api/users/66cc8fb935338737ded851fd at Sat Dec 21 2024 12:06:49 GMT+0200, IP: ::1, User Agent: Mozilla/5.0 (Linux; Android 6.0; Nexus 5 Build/MRA58N) AppleWebKit/537.36 (KHTML, like Gecko) Chrome/131.0.0.0 Mobile Safari/537.36 Edg/131.0.0.0
Response Body:
{
	"_id": "66cc8fb935338737ded851fd",
	"name": {
		"first": "Admin",
		"last": "User",
		"_id": "66cc8fb935338737ded851fe"
	},
	"address": {
		"country": "Israel",
		"city": "Haifa",
		"street": "HaNevim",
		"zip": "8920435",
		"houseNumber": 5,
		"_id": "66cc8fb935338737ded851ff"
	},
	"email": "admin@gmail.com",
	"phone": "050-8123012",
	"createdAt": "2024-08-26T14:22:48.254Z",
	"isAdmin": true,
	"__v": 1,
	"couponsUsed": []
}
Response: 304 10.168 ms 

Request: GET /api/users/66cc8fb935338737ded851fd at Sat Dec 21 2024 12:07:33 GMT+0200, IP: ::1, User Agent: Mozilla/5.0 (Linux; Android 6.0; Nexus 5 Build/MRA58N) AppleWebKit/537.36 (KHTML, like Gecko) Chrome/131.0.0.0 Mobile Safari/537.36 Edg/131.0.0.0
Response Body:
{
	"_id": "66cc8fb935338737ded851fd",
	"name": {
		"first": "Admin",
		"last": "User",
		"_id": "66cc8fb935338737ded851fe"
	},
	"address": {
		"country": "Israel",
		"city": "Haifa",
		"street": "HaNevim",
		"zip": "8920435",
		"houseNumber": 5,
		"_id": "66cc8fb935338737ded851ff"
	},
	"email": "admin@gmail.com",
	"phone": "050-8123012",
	"createdAt": "2024-08-26T14:22:48.254Z",
	"isAdmin": true,
	"__v": 1,
	"couponsUsed": []
}
Response: 304 9.249 ms 

Request: GET /api/users/66cc8fb935338737ded851fd at Sat Dec 21 2024 12:08:33 GMT+0200, IP: ::1, User Agent: Mozilla/5.0 (Linux; Android 6.0; Nexus 5 Build/MRA58N) AppleWebKit/537.36 (KHTML, like Gecko) Chrome/131.0.0.0 Mobile Safari/537.36 Edg/131.0.0.0
Response Body:
{
	"_id": "66cc8fb935338737ded851fd",
	"name": {
		"first": "Admin",
		"last": "User",
		"_id": "66cc8fb935338737ded851fe"
	},
	"address": {
		"country": "Israel",
		"city": "Haifa",
		"street": "HaNevim",
		"zip": "8920435",
		"houseNumber": 5,
		"_id": "66cc8fb935338737ded851ff"
	},
	"email": "admin@gmail.com",
	"phone": "050-8123012",
	"createdAt": "2024-08-26T14:22:48.254Z",
	"isAdmin": true,
	"__v": 1,
	"couponsUsed": []
}
Response: 304 6.792 ms 

Request: GET / at Sat Dec 21 2024 12:09:57 GMT+0200, IP: ::1, User Agent: Mozilla/5.0 (Linux; Android 6.0; Nexus 5 Build/MRA58N) AppleWebKit/537.36 (KHTML, like Gecko) Chrome/131.0.0.0 Mobile Safari/537.36 Edg/131.0.0.0
Response: 304 0.579 ms 

Request: GET /api/categories at Sat Dec 21 2024 12:10:40 GMT+0200, IP: ::1, User Agent: Mozilla/5.0 (Windows NT 10.0; Win64; x64) AppleWebKit/537.36 (KHTML, like Gecko) Chrome/131.0.0.0 Safari/537.36 Edg/131.0.0.0
Response Body:
[
	{
		"_id": "66cc8fb935338737ded85208",
		"hebTitle": "צמידים",
		"engLink": "Bracelets",
		"imageFileNames": [
			"1724680280611.jpg",
			"1724680280613.jpg",
			"1724680280613.jpg",
			"1724680280615.jpg"
		],
		"__v": 1
	},
	{
		"_id": "66cc8fb935338737ded85209",
		"hebTitle": "עגילים",
		"engLink": "earings",
		"imageFileNames": [
			"1724679146877.jpg",
			"1724679146905.jpg",
			"1724679146913.jpg",
			"1724679146922.jpg",
			"1731247801786.jpg",
			"1731247833352.jpg"
		],
		"__v": 1
	},
	{
		"_id": "66cc8fb935338737ded8520a",
		"hebTitle": "עגילי טבעת",
		"engLink": "Hook Earrings",
		"imageFileNames": [
			"1724679752305.jpg",
			"1724679752307.jpg",
			"1724679752310.jpg",
			"1724679752314.jpg",
			"1724679752333.jpg"
		],
		"__v": 0
	},
	{
		"_id": "66cc8fb935338737ded8520b",
		"hebTitle": "שרשראות",
		"engLink": "Necklaces",
		"imageFileNames": [
			"1724679330997.jpg",
			"1724679331021.jpg",
			"1724679331024.jpg",
			"1724679331026.jpg",
			"1724679331036.jpg"
		],
		
...
Response: 304 9.265 ms 

Request: GET /api/stones at Sat Dec 21 2024 12:10:40 GMT+0200, IP: ::1, User Agent: Mozilla/5.0 (Windows NT 10.0; Win64; x64) AppleWebKit/537.36 (KHTML, like Gecko) Chrome/131.0.0.0 Safari/537.36 Edg/131.0.0.0
Response Body:
[
	{
		"_id": "66cc8fb935338737ded8520e",
		"name": "אמטיסט",
		"description": "אבן האמטיסט, בגוון סגול מהפנט, נחשבת לאבן הרוחניות והשלווה. היא ידועה כמסייעת בהרגעת הנפש ובאיזון רגשי, ומציעה הגנה מפני אנרגיות שליליות. האמטיסט מתאימה במיוחד לבני ובנות מזלות דגים, בתולה, וקשת, ותורמת להעצמת האינטואיציה ולחיזוק הקשר עם העצמי הפנימי. זו האבן המושלמת למי שמחפש חיבור עמוק יותר עם הרוחניות והיציבות הרגשית.",
		"__v": 1,
		"descriptionImageFileName": "1725889236586.jpg",
		"descriptionText": "לורם איפסום דולור סיט אמט, קונסקטורר אדיפיסינג אלית קולורס מונפרד אדנדום סילקוף, מרגשי ומרגשח. עמחליף נולום ארווס סאפיאן - פוסיליס קוויס, אקווזמן ליבם סולגק. בראיט ולחת צורק מונחף, בגורמי מגמש. תרבנך וסתעד לכנו סתשם השמה - לתכי מורגם בורק? לתיג ישבעס.\n\nקולורס מונפרד אדנדום סילקוף, מרגשי ומרגשח. עמחליף קונסקטורר אדיפיסינג אלית. סת אלמנקום ניסי נון ניבאה. דס איאקוליס וולופטה דיאם. וסטיבולום אט דולור, קראס אגת לקטוס וואל אאוגו וסטיבולום סוליסי טידום בעליק. קונדימנטום קורוס בליקרה, נונסטי קלובר בריקנה סטום,
...
Response: 304 20.189 ms 

Request: GET /public/products/1724679930178.jpg at Sat Dec 21 2024 12:10:42 GMT+0200, IP: ::1, User Agent: Mozilla/5.0 (Windows NT 10.0; Win64; x64) AppleWebKit/537.36 (KHTML, like Gecko) Chrome/131.0.0.0 Safari/537.36 Edg/131.0.0.0
Response: 304 0.975 ms 

Request: GET /public/products/1724679330997.jpg at Sat Dec 21 2024 12:10:42 GMT+0200, IP: ::1, User Agent: Mozilla/5.0 (Windows NT 10.0; Win64; x64) AppleWebKit/537.36 (KHTML, like Gecko) Chrome/131.0.0.0 Safari/537.36 Edg/131.0.0.0
Response: 304 1.684 ms 

Request: GET /public/products/1724680280611.jpg at Sat Dec 21 2024 12:10:42 GMT+0200, IP: ::1, User Agent: Mozilla/5.0 (Windows NT 10.0; Win64; x64) AppleWebKit/537.36 (KHTML, like Gecko) Chrome/131.0.0.0 Safari/537.36 Edg/131.0.0.0
Response: 304 1.084 ms 

Request: GET /public/products/1731247801786.jpg at Sat Dec 21 2024 12:10:42 GMT+0200, IP: ::1, User Agent: Mozilla/5.0 (Windows NT 10.0; Win64; x64) AppleWebKit/537.36 (KHTML, like Gecko) Chrome/131.0.0.0 Safari/537.36 Edg/131.0.0.0
Response: 304 3.621 ms 

Request: GET /public/products/1731247833352.jpg at Sat Dec 21 2024 12:10:42 GMT+0200, IP: ::1, User Agent: Mozilla/5.0 (Windows NT 10.0; Win64; x64) AppleWebKit/537.36 (KHTML, like Gecko) Chrome/131.0.0.0 Safari/537.36 Edg/131.0.0.0
Response: 304 6.551 ms 

Request: GET /public/products/1724679752305.jpg at Sat Dec 21 2024 12:10:42 GMT+0200, IP: ::1, User Agent: Mozilla/5.0 (Windows NT 10.0; Win64; x64) AppleWebKit/537.36 (KHTML, like Gecko) Chrome/131.0.0.0 Safari/537.36 Edg/131.0.0.0
Response: 304 6.349 ms 

Request: GET /public/products/1724679146877.jpg at Sat Dec 21 2024 12:10:42 GMT+0200, IP: ::1, User Agent: Mozilla/5.0 (Windows NT 10.0; Win64; x64) AppleWebKit/537.36 (KHTML, like Gecko) Chrome/131.0.0.0 Safari/537.36 Edg/131.0.0.0
Response: 304 5.882 ms 

Request: GET /api/stones at Sat Dec 21 2024 12:10:42 GMT+0200, IP: ::1, User Agent: Mozilla/5.0 (Windows NT 10.0; Win64; x64) AppleWebKit/537.36 (KHTML, like Gecko) Chrome/131.0.0.0 Safari/537.36 Edg/131.0.0.0
Response Body:
[
	{
		"_id": "66cc8fb935338737ded8520e",
		"name": "אמטיסט",
		"description": "אבן האמטיסט, בגוון סגול מהפנט, נחשבת לאבן הרוחניות והשלווה. היא ידועה כמסייעת בהרגעת הנפש ובאיזון רגשי, ומציעה הגנה מפני אנרגיות שליליות. האמטיסט מתאימה במיוחד לבני ובנות מזלות דגים, בתולה, וקשת, ותורמת להעצמת האינטואיציה ולחיזוק הקשר עם העצמי הפנימי. זו האבן המושלמת למי שמחפש חיבור עמוק יותר עם הרוחניות והיציבות הרגשית.",
		"__v": 1,
		"descriptionImageFileName": "1725889236586.jpg",
		"descriptionText": "לורם איפסום דולור סיט אמט, קונסקטורר אדיפיסינג אלית קולורס מונפרד אדנדום סילקוף, מרגשי ומרגשח. עמחליף נולום ארווס סאפיאן - פוסיליס קוויס, אקווזמן ליבם סולגק. בראיט ולחת צורק מונחף, בגורמי מגמש. תרבנך וסתעד לכנו סתשם השמה - לתכי מורגם בורק? לתיג ישבעס.\n\nקולורס מונפרד אדנדום סילקוף, מרגשי ומרגשח. עמחליף קונסקטורר אדיפיסינג אלית. סת אלמנקום ניסי נון ניבאה. דס איאקוליס וולופטה דיאם. וסטיבולום אט דולור, קראס אגת לקטוס וואל אאוגו וסטיבולום סוליסי טידום בעליק. קונדימנטום קורוס בליקרה, נונסטי קלובר בריקנה סטום,
...
Response: 304 8.918 ms 

Request: GET /public/products/1724679930178.jpg at Sat Dec 21 2024 12:10:42 GMT+0200, IP: ::1, User Agent: Mozilla/5.0 (Windows NT 10.0; Win64; x64) AppleWebKit/537.36 (KHTML, like Gecko) Chrome/131.0.0.0 Safari/537.36 Edg/131.0.0.0
Response: 304 6.547 ms 

Request: GET /public/products/1724679330997.jpg at Sat Dec 21 2024 12:10:42 GMT+0200, IP: ::1, User Agent: Mozilla/5.0 (Windows NT 10.0; Win64; x64) AppleWebKit/537.36 (KHTML, like Gecko) Chrome/131.0.0.0 Safari/537.36 Edg/131.0.0.0
Response: 304 5.647 ms 

Request: GET /public/products/1724680280611.jpg at Sat Dec 21 2024 12:10:42 GMT+0200, IP: ::1, User Agent: Mozilla/5.0 (Windows NT 10.0; Win64; x64) AppleWebKit/537.36 (KHTML, like Gecko) Chrome/131.0.0.0 Safari/537.36 Edg/131.0.0.0
Response: 304 6.195 ms 

Request: GET /public/products/1731247801786.jpg at Sat Dec 21 2024 12:10:42 GMT+0200, IP: ::1, User Agent: Mozilla/5.0 (Windows NT 10.0; Win64; x64) AppleWebKit/537.36 (KHTML, like Gecko) Chrome/131.0.0.0 Safari/537.36 Edg/131.0.0.0
Response: 304 6.691 ms 

Request: GET /public/products/1731247833352.jpg at Sat Dec 21 2024 12:10:42 GMT+0200, IP: ::1, User Agent: Mozilla/5.0 (Windows NT 10.0; Win64; x64) AppleWebKit/537.36 (KHTML, like Gecko) Chrome/131.0.0.0 Safari/537.36 Edg/131.0.0.0
Response: 304 7.202 ms 

Request: GET /public/products/1724679752305.jpg at Sat Dec 21 2024 12:10:42 GMT+0200, IP: ::1, User Agent: Mozilla/5.0 (Windows NT 10.0; Win64; x64) AppleWebKit/537.36 (KHTML, like Gecko) Chrome/131.0.0.0 Safari/537.36 Edg/131.0.0.0
Response: 304 9.510 ms 

Request: GET /api/stones at Sat Dec 21 2024 12:10:42 GMT+0200, IP: ::1, User Agent: Mozilla/5.0 (Windows NT 10.0; Win64; x64) AppleWebKit/537.36 (KHTML, like Gecko) Chrome/131.0.0.0 Safari/537.36 Edg/131.0.0.0
Response Body:
[
	{
		"_id": "66cc8fb935338737ded8520e",
		"name": "אמטיסט",
		"description": "אבן האמטיסט, בגוון סגול מהפנט, נחשבת לאבן הרוחניות והשלווה. היא ידועה כמסייעת בהרגעת הנפש ובאיזון רגשי, ומציעה הגנה מפני אנרגיות שליליות. האמטיסט מתאימה במיוחד לבני ובנות מזלות דגים, בתולה, וקשת, ותורמת להעצמת האינטואיציה ולחיזוק הקשר עם העצמי הפנימי. זו האבן המושלמת למי שמחפש חיבור עמוק יותר עם הרוחניות והיציבות הרגשית.",
		"__v": 1,
		"descriptionImageFileName": "1725889236586.jpg",
		"descriptionText": "לורם איפסום דולור סיט אמט, קונסקטורר אדיפיסינג אלית קולורס מונפרד אדנדום סילקוף, מרגשי ומרגשח. עמחליף נולום ארווס סאפיאן - פוסיליס קוויס, אקווזמן ליבם סולגק. בראיט ולחת צורק מונחף, בגורמי מגמש. תרבנך וסתעד לכנו סתשם השמה - לתכי מורגם בורק? לתיג ישבעס.\n\nקולורס מונפרד אדנדום סילקוף, מרגשי ומרגשח. עמחליף קונסקטורר אדיפיסינג אלית. סת אלמנקום ניסי נון ניבאה. דס איאקוליס וולופטה דיאם. וסטיבולום אט דולור, קראס אגת לקטוס וואל אאוגו וסטיבולום סוליסי טידום בעליק. קונדימנטום קורוס בליקרה, נונסטי קלובר בריקנה סטום,
...
Response: 304 6.665 ms 

Request: GET /public/products/1724679146877.jpg at Sat Dec 21 2024 12:10:42 GMT+0200, IP: ::1, User Agent: Mozilla/5.0 (Windows NT 10.0; Win64; x64) AppleWebKit/537.36 (KHTML, like Gecko) Chrome/131.0.0.0 Safari/537.36 Edg/131.0.0.0
Response: 304 9.121 ms 

Request: GET /public/products/1734775840241.jpg at Sat Dec 21 2024 12:10:42 GMT+0200, IP: ::1, User Agent: Mozilla/5.0 (Windows NT 10.0; Win64; x64) AppleWebKit/537.36 (KHTML, like Gecko) Chrome/131.0.0.0 Safari/537.36 Edg/131.0.0.0
Response: 304 8.321 ms 

Request: GET /public/products/1734775840241.jpg at Sat Dec 21 2024 12:10:42 GMT+0200, IP: ::1, User Agent: Mozilla/5.0 (Windows NT 10.0; Win64; x64) AppleWebKit/537.36 (KHTML, like Gecko) Chrome/131.0.0.0 Safari/537.36 Edg/131.0.0.0
Response: 304 0.389 ms 

Request: GET /api/users/66cc8fb935338737ded851fd at Sat Dec 21 2024 12:10:55 GMT+0200, IP: ::1, User Agent: Mozilla/5.0 (Windows NT 10.0; Win64; x64) AppleWebKit/537.36 (KHTML, like Gecko) Chrome/131.0.0.0 Safari/537.36 Edg/131.0.0.0
Response Body:
{
	"_id": "66cc8fb935338737ded851fd",
	"name": {
		"first": "Admin",
		"last": "User",
		"_id": "66cc8fb935338737ded851fe"
	},
	"address": {
		"country": "Israel",
		"city": "Haifa",
		"street": "HaNevim",
		"zip": "8920435",
		"houseNumber": 5,
		"_id": "66cc8fb935338737ded851ff"
	},
	"email": "admin@gmail.com",
	"phone": "050-8123012",
	"createdAt": "2024-08-26T14:22:48.254Z",
	"isAdmin": true,
	"__v": 1,
	"couponsUsed": []
}
Response: 304 7.368 ms 

Request: GET /api/users/66cc8fb935338737ded851fd at Sat Dec 21 2024 12:10:55 GMT+0200, IP: ::1, User Agent: Mozilla/5.0 (Windows NT 10.0; Win64; x64) AppleWebKit/537.36 (KHTML, like Gecko) Chrome/131.0.0.0 Safari/537.36 Edg/131.0.0.0
Response Body:
{
	"_id": "66cc8fb935338737ded851fd",
	"name": {
		"first": "Admin",
		"last": "User",
		"_id": "66cc8fb935338737ded851fe"
	},
	"address": {
		"country": "Israel",
		"city": "Haifa",
		"street": "HaNevim",
		"zip": "8920435",
		"houseNumber": 5,
		"_id": "66cc8fb935338737ded851ff"
	},
	"email": "admin@gmail.com",
	"phone": "050-8123012",
	"createdAt": "2024-08-26T14:22:48.254Z",
	"isAdmin": true,
	"__v": 1,
	"couponsUsed": []
}
Response: 304 6.777 ms 

Request: GET / at Sun Dec 22 2024 14:57:49 GMT+0200, IP: ::1, User Agent: Mozilla/5.0 (Windows NT 10.0; Win64; x64) AppleWebKit/537.36 (KHTML, like Gecko) Chrome/131.0.0.0 Safari/537.36 Edg/131.0.0.0
Response: 304 77.817 ms 

Request: GET /api/products at Sun Dec 22 2024 14:57:49 GMT+0200, IP: ::1, User Agent: Mozilla/5.0 (Windows NT 10.0; Win64; x64) AppleWebKit/537.36 (KHTML, like Gecko) Chrome/131.0.0.0 Safari/537.36 Edg/131.0.0.0
Response Body:
[
	{
		"_id": "66cc90241508324d6c354dba",
		"title": "קישוט לשיער",
		"description": "הכניסי נגיעה של סטייל בוהו לשיער שלך עם אקססורי מקרמה ייחודי בעבודת יד! פריט זה משדרג כל תסרוקת, בין אם מדובר בשיער פזור, קוקו גבוה או צמה. החוטים הארוגים בעדינות יוצרים דפוסים יפיפיים שמשלבים בין יוקרה ופשטות. האקססורי לשיער זמין במגוון צבעים ודוגמאות, כך שתוכלי להתאים אותו לכל מראה ולכל אירוע. זו הדרך המושלמת להוסיף נגיעה של סטייל אישי ותעוזה לכל הופעה.",
		"imageFileNames": [
			"1724679930178.jpg",
			"1724679930183.jpg",
			"1724679930189.jpg",
			"1724679930200.jpg",
			"1724679930275.jpg"
		],
		"stock": 14,
		"stringAColor": "orange",
		"stringBColor": "yellow",
		"stone": "סיטרין",
		"category": "אקססוריז",
		"__v": 0,
		"discount": 0,
		"currentPrice": 630,
		"originalPrice": 630,
		"positionIndex": 0
	},
	{
		"_id": "66cc90241508324d6c354db8",
		"title": "שרשרת",
		"description": "שרשרת המקרמה הזו היא יותר מאשר תכשיט - היא יצירת אמנות של ממש. עשויה בקפידה מחוטי מקרמה איכותיים, כל שרשרת נרקמ
...
Response: 304 22.581 ms 

Request: GET /api/users/66cc8fb935338737ded851fd at Sun Dec 22 2024 14:57:49 GMT+0200, IP: ::1, User Agent: Mozilla/5.0 (Windows NT 10.0; Win64; x64) AppleWebKit/537.36 (KHTML, like Gecko) Chrome/131.0.0.0 Safari/537.36 Edg/131.0.0.0
Response Body:
{
	"_id": "66cc8fb935338737ded851fd",
	"name": {
		"first": "Admin",
		"last": "User",
		"_id": "66cc8fb935338737ded851fe"
	},
	"address": {
		"country": "Israel",
		"city": "Haifa",
		"street": "HaNevim",
		"zip": "8920435",
		"houseNumber": 5,
		"_id": "66cc8fb935338737ded851ff"
	},
	"email": "admin@gmail.com",
	"phone": "050-8123012",
	"createdAt": "2024-08-26T14:22:48.254Z",
	"isAdmin": true,
	"__v": 1,
	"couponsUsed": []
}
Response: 304 102.414 ms 

Request: GET /api/stones at Sun Dec 22 2024 14:57:49 GMT+0200, IP: ::1, User Agent: Mozilla/5.0 (Windows NT 10.0; Win64; x64) AppleWebKit/537.36 (KHTML, like Gecko) Chrome/131.0.0.0 Safari/537.36 Edg/131.0.0.0
Response Body:
[
	{
		"_id": "66cc8fb935338737ded8520e",
		"name": "אמטיסט",
		"description": "אבן האמטיסט, בגוון סגול מהפנט, נחשבת לאבן הרוחניות והשלווה. היא ידועה כמסייעת בהרגעת הנפש ובאיזון רגשי, ומציעה הגנה מפני אנרגיות שליליות. האמטיסט מתאימה במיוחד לבני ובנות מזלות דגים, בתולה, וקשת, ותורמת להעצמת האינטואיציה ולחיזוק הקשר עם העצמי הפנימי. זו האבן המושלמת למי שמחפש חיבור עמוק יותר עם הרוחניות והיציבות הרגשית.",
		"__v": 1,
		"descriptionImageFileName": "1725889236586.jpg",
		"descriptionText": "לורם איפסום דולור סיט אמט, קונסקטורר אדיפיסינג אלית קולורס מונפרד אדנדום סילקוף, מרגשי ומרגשח. עמחליף נולום ארווס סאפיאן - פוסיליס קוויס, אקווזמן ליבם סולגק. בראיט ולחת צורק מונחף, בגורמי מגמש. תרבנך וסתעד לכנו סתשם השמה - לתכי מורגם בורק? לתיג ישבעס.\n\nקולורס מונפרד אדנדום סילקוף, מרגשי ומרגשח. עמחליף קונסקטורר אדיפיסינג אלית. סת אלמנקום ניסי נון ניבאה. דס איאקוליס וולופטה דיאם. וסטיבולום אט דולור, קראס אגת לקטוס וואל אאוגו וסטיבולום סוליסי טידום בעליק. קונדימנטום קורוס בליקרה, נונסטי קלובר בריקנה סטום,
...
Response: 304 16.404 ms 

Request: GET / at Sun Dec 22 2024 14:57:49 GMT+0200, IP: ::1, User Agent: Mozilla/5.0 (Windows NT 10.0; Win64; x64) AppleWebKit/537.36 (KHTML, like Gecko) Chrome/131.0.0.0 Safari/537.36 Edg/131.0.0.0
Response: 304 16.857 ms 

Request: GET /api/products at Sun Dec 22 2024 14:57:49 GMT+0200, IP: ::1, User Agent: Mozilla/5.0 (Windows NT 10.0; Win64; x64) AppleWebKit/537.36 (KHTML, like Gecko) Chrome/131.0.0.0 Safari/537.36 Edg/131.0.0.0
Response Body:
[
	{
		"_id": "66cc90241508324d6c354dba",
		"title": "קישוט לשיער",
		"description": "הכניסי נגיעה של סטייל בוהו לשיער שלך עם אקססורי מקרמה ייחודי בעבודת יד! פריט זה משדרג כל תסרוקת, בין אם מדובר בשיער פזור, קוקו גבוה או צמה. החוטים הארוגים בעדינות יוצרים דפוסים יפיפיים שמשלבים בין יוקרה ופשטות. האקססורי לשיער זמין במגוון צבעים ודוגמאות, כך שתוכלי להתאים אותו לכל מראה ולכל אירוע. זו הדרך המושלמת להוסיף נגיעה של סטייל אישי ותעוזה לכל הופעה.",
		"imageFileNames": [
			"1724679930178.jpg",
			"1724679930183.jpg",
			"1724679930189.jpg",
			"1724679930200.jpg",
			"1724679930275.jpg"
		],
		"stock": 14,
		"stringAColor": "orange",
		"stringBColor": "yellow",
		"stone": "סיטרין",
		"category": "אקססוריז",
		"__v": 0,
		"discount": 0,
		"currentPrice": 630,
		"originalPrice": 630,
		"positionIndex": 0
	},
	{
		"_id": "66cc90241508324d6c354db8",
		"title": "שרשרת",
		"description": "שרשרת המקרמה הזו היא יותר מאשר תכשיט - היא יצירת אמנות של ממש. עשויה בקפידה מחוטי מקרמה איכותיים, כל שרשרת נרקמ
...
Response: 304 9.708 ms 

Request: GET /api/stones at Sun Dec 22 2024 14:57:49 GMT+0200, IP: ::1, User Agent: Mozilla/5.0 (Windows NT 10.0; Win64; x64) AppleWebKit/537.36 (KHTML, like Gecko) Chrome/131.0.0.0 Safari/537.36 Edg/131.0.0.0
Response Body:
[
	{
		"_id": "66cc8fb935338737ded8520e",
		"name": "אמטיסט",
		"description": "אבן האמטיסט, בגוון סגול מהפנט, נחשבת לאבן הרוחניות והשלווה. היא ידועה כמסייעת בהרגעת הנפש ובאיזון רגשי, ומציעה הגנה מפני אנרגיות שליליות. האמטיסט מתאימה במיוחד לבני ובנות מזלות דגים, בתולה, וקשת, ותורמת להעצמת האינטואיציה ולחיזוק הקשר עם העצמי הפנימי. זו האבן המושלמת למי שמחפש חיבור עמוק יותר עם הרוחניות והיציבות הרגשית.",
		"__v": 1,
		"descriptionImageFileName": "1725889236586.jpg",
		"descriptionText": "לורם איפסום דולור סיט אמט, קונסקטורר אדיפיסינג אלית קולורס מונפרד אדנדום סילקוף, מרגשי ומרגשח. עמחליף נולום ארווס סאפיאן - פוסיליס קוויס, אקווזמן ליבם סולגק. בראיט ולחת צורק מונחף, בגורמי מגמש. תרבנך וסתעד לכנו סתשם השמה - לתכי מורגם בורק? לתיג ישבעס.\n\nקולורס מונפרד אדנדום סילקוף, מרגשי ומרגשח. עמחליף קונסקטורר אדיפיסינג אלית. סת אלמנקום ניסי נון ניבאה. דס איאקוליס וולופטה דיאם. וסטיבולום אט דולור, קראס אגת לקטוס וואל אאוגו וסטיבולום סוליסי טידום בעליק. קונדימנטום קורוס בליקרה, נונסטי קלובר בריקנה סטום,
...
Response: 304 13.152 ms 

Request: GET /api/categories at Sun Dec 22 2024 14:57:49 GMT+0200, IP: ::1, User Agent: Mozilla/5.0 (Windows NT 10.0; Win64; x64) AppleWebKit/537.36 (KHTML, like Gecko) Chrome/131.0.0.0 Safari/537.36 Edg/131.0.0.0
Response Body:
[
	{
		"_id": "66cc8fb935338737ded85208",
		"hebTitle": "צמידים",
		"engLink": "Bracelets",
		"imageFileNames": [
			"1724680280611.jpg",
			"1724680280613.jpg",
			"1724680280613.jpg",
			"1724680280615.jpg"
		],
		"__v": 1
	},
	{
		"_id": "66cc8fb935338737ded85209",
		"hebTitle": "עגילים",
		"engLink": "earings",
		"imageFileNames": [
			"1724679146877.jpg",
			"1724679146905.jpg",
			"1724679146913.jpg",
			"1724679146922.jpg",
			"1731247801786.jpg",
			"1731247833352.jpg",
			"1734775840241.jpg"
		],
		"__v": 1
	},
	{
		"_id": "66cc8fb935338737ded8520a",
		"hebTitle": "עגילי טבעת",
		"engLink": "Hook Earrings",
		"imageFileNames": [
			"1724679752305.jpg",
			"1724679752307.jpg",
			"1724679752310.jpg",
			"1724679752314.jpg",
			"1724679752333.jpg"
		],
		"__v": 0
	},
	{
		"_id": "66cc8fb935338737ded8520b",
		"hebTitle": "שרשראות",
		"engLink": "Necklaces",
		"imageFileNames": [
			"1724679330997.jpg",
			"1724679331021.jpg",
			"1724679331024.jpg",
			"1724679331026.jpg",
			"17
...
Response: 304 15.482 ms 

Request: GET /api/users/66cc8fb935338737ded851fd at Sun Dec 22 2024 14:57:49 GMT+0200, IP: ::1, User Agent: Mozilla/5.0 (Windows NT 10.0; Win64; x64) AppleWebKit/537.36 (KHTML, like Gecko) Chrome/131.0.0.0 Safari/537.36 Edg/131.0.0.0
Response Body:
{
	"_id": "66cc8fb935338737ded851fd",
	"name": {
		"first": "Admin",
		"last": "User",
		"_id": "66cc8fb935338737ded851fe"
	},
	"address": {
		"country": "Israel",
		"city": "Haifa",
		"street": "HaNevim",
		"zip": "8920435",
		"houseNumber": 5,
		"_id": "66cc8fb935338737ded851ff"
	},
	"email": "admin@gmail.com",
	"phone": "050-8123012",
	"createdAt": "2024-08-26T14:22:48.254Z",
	"isAdmin": true,
	"__v": 1,
	"couponsUsed": []
}
Response: 304 21.872 ms 

Request: GET /public/products/1734775840241.jpg at Sun Dec 22 2024 14:57:52 GMT+0200, IP: ::1, User Agent: Mozilla/5.0 (Windows NT 10.0; Win64; x64) AppleWebKit/537.36 (KHTML, like Gecko) Chrome/131.0.0.0 Safari/537.36 Edg/131.0.0.0
Response: 304 0.942 ms 

Request: GET / at Sun Dec 22 2024 15:04:01 GMT+0200, IP: ::1, User Agent: Mozilla/5.0 (Windows NT 10.0; Win64; x64) AppleWebKit/537.36 (KHTML, like Gecko) Chrome/131.0.0.0 Safari/537.36 Edg/131.0.0.0
Response: 304 0.448 ms 

Request: GET /api/users/66cc8fb935338737ded851fd at Sun Dec 22 2024 15:04:05 GMT+0200, IP: ::1, User Agent: Mozilla/5.0 (Windows NT 10.0; Win64; x64) AppleWebKit/537.36 (KHTML, like Gecko) Chrome/131.0.0.0 Safari/537.36 Edg/131.0.0.0
Response Body:
{
	"_id": "66cc8fb935338737ded851fd",
	"name": {
		"first": "Admin",
		"last": "User",
		"_id": "66cc8fb935338737ded851fe"
	},
	"address": {
		"country": "Israel",
		"city": "Haifa",
		"street": "HaNevim",
		"zip": "8920435",
		"houseNumber": 5,
		"_id": "66cc8fb935338737ded851ff"
	},
	"email": "admin@gmail.com",
	"phone": "050-8123012",
	"createdAt": "2024-08-26T14:22:48.254Z",
	"isAdmin": true,
	"__v": 1,
	"couponsUsed": []
}
Response: 304 8.380 ms 

Request: GET / at Sun Dec 22 2024 15:04:05 GMT+0200, IP: ::1, User Agent: Mozilla/5.0 (Windows NT 10.0; Win64; x64) AppleWebKit/537.36 (KHTML, like Gecko) Chrome/131.0.0.0 Safari/537.36 Edg/131.0.0.0
Response: 304 2.530 ms 

Request: GET /api/products at Sun Dec 22 2024 15:04:05 GMT+0200, IP: ::1, User Agent: Mozilla/5.0 (Windows NT 10.0; Win64; x64) AppleWebKit/537.36 (KHTML, like Gecko) Chrome/131.0.0.0 Safari/537.36 Edg/131.0.0.0
Response Body:
[
	{
		"_id": "66cc90241508324d6c354dba",
		"title": "קישוט לשיער",
		"description": "הכניסי נגיעה של סטייל בוהו לשיער שלך עם אקססורי מקרמה ייחודי בעבודת יד! פריט זה משדרג כל תסרוקת, בין אם מדובר בשיער פזור, קוקו גבוה או צמה. החוטים הארוגים בעדינות יוצרים דפוסים יפיפיים שמשלבים בין יוקרה ופשטות. האקססורי לשיער זמין במגוון צבעים ודוגמאות, כך שתוכלי להתאים אותו לכל מראה ולכל אירוע. זו הדרך המושלמת להוסיף נגיעה של סטייל אישי ותעוזה לכל הופעה.",
		"imageFileNames": [
			"1724679930178.jpg",
			"1724679930183.jpg",
			"1724679930189.jpg",
			"1724679930200.jpg",
			"1724679930275.jpg"
		],
		"stock": 14,
		"stringAColor": "orange",
		"stringBColor": "yellow",
		"stone": "סיטרין",
		"category": "אקססוריז",
		"__v": 0,
		"discount": 0,
		"currentPrice": 630,
		"originalPrice": 630,
		"positionIndex": 0
	},
	{
		"_id": "66cc90241508324d6c354db8",
		"title": "שרשרת",
		"description": "שרשרת המקרמה הזו היא יותר מאשר תכשיט - היא יצירת אמנות של ממש. עשויה בקפידה מחוטי מקרמה איכותיים, כל שרשרת נרקמ
...
Response: 304 3.510 ms 

Request: GET /api/stones at Sun Dec 22 2024 15:04:05 GMT+0200, IP: ::1, User Agent: Mozilla/5.0 (Windows NT 10.0; Win64; x64) AppleWebKit/537.36 (KHTML, like Gecko) Chrome/131.0.0.0 Safari/537.36 Edg/131.0.0.0
Response Body:
[
	{
		"_id": "66cc8fb935338737ded8520e",
		"name": "אמטיסט",
		"description": "אבן האמטיסט, בגוון סגול מהפנט, נחשבת לאבן הרוחניות והשלווה. היא ידועה כמסייעת בהרגעת הנפש ובאיזון רגשי, ומציעה הגנה מפני אנרגיות שליליות. האמטיסט מתאימה במיוחד לבני ובנות מזלות דגים, בתולה, וקשת, ותורמת להעצמת האינטואיציה ולחיזוק הקשר עם העצמי הפנימי. זו האבן המושלמת למי שמחפש חיבור עמוק יותר עם הרוחניות והיציבות הרגשית.",
		"__v": 1,
		"descriptionImageFileName": "1725889236586.jpg",
		"descriptionText": "לורם איפסום דולור סיט אמט, קונסקטורר אדיפיסינג אלית קולורס מונפרד אדנדום סילקוף, מרגשי ומרגשח. עמחליף נולום ארווס סאפיאן - פוסיליס קוויס, אקווזמן ליבם סולגק. בראיט ולחת צורק מונחף, בגורמי מגמש. תרבנך וסתעד לכנו סתשם השמה - לתכי מורגם בורק? לתיג ישבעס.\n\nקולורס מונפרד אדנדום סילקוף, מרגשי ומרגשח. עמחליף קונסקטורר אדיפיסינג אלית. סת אלמנקום ניסי נון ניבאה. דס איאקוליס וולופטה דיאם. וסטיבולום אט דולור, קראס אגת לקטוס וואל אאוגו וסטיבולום סוליסי טידום בעליק. קונדימנטום קורוס בליקרה, נונסטי קלובר בריקנה סטום,
...
Response: 304 5.450 ms 

Request: GET /api/categories at Sun Dec 22 2024 15:04:05 GMT+0200, IP: ::1, User Agent: Mozilla/5.0 (Windows NT 10.0; Win64; x64) AppleWebKit/537.36 (KHTML, like Gecko) Chrome/131.0.0.0 Safari/537.36 Edg/131.0.0.0
Response Body:
[
	{
		"_id": "66cc8fb935338737ded85208",
		"hebTitle": "צמידים",
		"engLink": "Bracelets",
		"imageFileNames": [
			"1724680280611.jpg",
			"1724680280613.jpg",
			"1724680280613.jpg",
			"1724680280615.jpg"
		],
		"__v": 1
	},
	{
		"_id": "66cc8fb935338737ded85209",
		"hebTitle": "עגילים",
		"engLink": "earings",
		"imageFileNames": [
			"1724679146877.jpg",
			"1724679146905.jpg",
			"1724679146913.jpg",
			"1724679146922.jpg",
			"1731247801786.jpg",
			"1731247833352.jpg",
			"1734775840241.jpg"
		],
		"__v": 1
	},
	{
		"_id": "66cc8fb935338737ded8520a",
		"hebTitle": "עגילי טבעת",
		"engLink": "Hook Earrings",
		"imageFileNames": [
			"1724679752305.jpg",
			"1724679752307.jpg",
			"1724679752310.jpg",
			"1724679752314.jpg",
			"1724679752333.jpg"
		],
		"__v": 0
	},
	{
		"_id": "66cc8fb935338737ded8520b",
		"hebTitle": "שרשראות",
		"engLink": "Necklaces",
		"imageFileNames": [
			"1724679330997.jpg",
			"1724679331021.jpg",
			"1724679331024.jpg",
			"1724679331026.jpg",
			"17
...
Response: 304 3.180 ms 

Request: GET /api/users/66cc8fb935338737ded851fd at Sun Dec 22 2024 15:04:05 GMT+0200, IP: ::1, User Agent: Mozilla/5.0 (Windows NT 10.0; Win64; x64) AppleWebKit/537.36 (KHTML, like Gecko) Chrome/131.0.0.0 Safari/537.36 Edg/131.0.0.0
Response Body:
{
	"_id": "66cc8fb935338737ded851fd",
	"name": {
		"first": "Admin",
		"last": "User",
		"_id": "66cc8fb935338737ded851fe"
	},
	"address": {
		"country": "Israel",
		"city": "Haifa",
		"street": "HaNevim",
		"zip": "8920435",
		"houseNumber": 5,
		"_id": "66cc8fb935338737ded851ff"
	},
	"email": "admin@gmail.com",
	"phone": "050-8123012",
	"createdAt": "2024-08-26T14:22:48.254Z",
	"isAdmin": true,
	"__v": 1,
	"couponsUsed": []
}
Response: 304 9.623 ms 

Request: GET / at Sun Dec 22 2024 15:04:05 GMT+0200, IP: ::1, User Agent: Mozilla/5.0 (Windows NT 10.0; Win64; x64) AppleWebKit/537.36 (KHTML, like Gecko) Chrome/131.0.0.0 Safari/537.36 Edg/131.0.0.0
Response: 304 4.747 ms 

Request: GET /api/products at Sun Dec 22 2024 15:04:05 GMT+0200, IP: ::1, User Agent: Mozilla/5.0 (Windows NT 10.0; Win64; x64) AppleWebKit/537.36 (KHTML, like Gecko) Chrome/131.0.0.0 Safari/537.36 Edg/131.0.0.0
Response Body:
[
	{
		"_id": "66cc90241508324d6c354dba",
		"title": "קישוט לשיער",
		"description": "הכניסי נגיעה של סטייל בוהו לשיער שלך עם אקססורי מקרמה ייחודי בעבודת יד! פריט זה משדרג כל תסרוקת, בין אם מדובר בשיער פזור, קוקו גבוה או צמה. החוטים הארוגים בעדינות יוצרים דפוסים יפיפיים שמשלבים בין יוקרה ופשטות. האקססורי לשיער זמין במגוון צבעים ודוגמאות, כך שתוכלי להתאים אותו לכל מראה ולכל אירוע. זו הדרך המושלמת להוסיף נגיעה של סטייל אישי ותעוזה לכל הופעה.",
		"imageFileNames": [
			"1724679930178.jpg",
			"1724679930183.jpg",
			"1724679930189.jpg",
			"1724679930200.jpg",
			"1724679930275.jpg"
		],
		"stock": 14,
		"stringAColor": "orange",
		"stringBColor": "yellow",
		"stone": "סיטרין",
		"category": "אקססוריז",
		"__v": 0,
		"discount": 0,
		"currentPrice": 630,
		"originalPrice": 630,
		"positionIndex": 0
	},
	{
		"_id": "66cc90241508324d6c354db8",
		"title": "שרשרת",
		"description": "שרשרת המקרמה הזו היא יותר מאשר תכשיט - היא יצירת אמנות של ממש. עשויה בקפידה מחוטי מקרמה איכותיים, כל שרשרת נרקמ
...
Response: 304 8.445 ms 

Request: GET /api/stones at Sun Dec 22 2024 15:04:05 GMT+0200, IP: ::1, User Agent: Mozilla/5.0 (Windows NT 10.0; Win64; x64) AppleWebKit/537.36 (KHTML, like Gecko) Chrome/131.0.0.0 Safari/537.36 Edg/131.0.0.0
Response Body:
[
	{
		"_id": "66cc8fb935338737ded8520e",
		"name": "אמטיסט",
		"description": "אבן האמטיסט, בגוון סגול מהפנט, נחשבת לאבן הרוחניות והשלווה. היא ידועה כמסייעת בהרגעת הנפש ובאיזון רגשי, ומציעה הגנה מפני אנרגיות שליליות. האמטיסט מתאימה במיוחד לבני ובנות מזלות דגים, בתולה, וקשת, ותורמת להעצמת האינטואיציה ולחיזוק הקשר עם העצמי הפנימי. זו האבן המושלמת למי שמחפש חיבור עמוק יותר עם הרוחניות והיציבות הרגשית.",
		"__v": 1,
		"descriptionImageFileName": "1725889236586.jpg",
		"descriptionText": "לורם איפסום דולור סיט אמט, קונסקטורר אדיפיסינג אלית קולורס מונפרד אדנדום סילקוף, מרגשי ומרגשח. עמחליף נולום ארווס סאפיאן - פוסיליס קוויס, אקווזמן ליבם סולגק. בראיט ולחת צורק מונחף, בגורמי מגמש. תרבנך וסתעד לכנו סתשם השמה - לתכי מורגם בורק? לתיג ישבעס.\n\nקולורס מונפרד אדנדום סילקוף, מרגשי ומרגשח. עמחליף קונסקטורר אדיפיסינג אלית. סת אלמנקום ניסי נון ניבאה. דס איאקוליס וולופטה דיאם. וסטיבולום אט דולור, קראס אגת לקטוס וואל אאוגו וסטיבולום סוליסי טידום בעליק. קונדימנטום קורוס בליקרה, נונסטי קלובר בריקנה סטום,
...
Response: 304 3.629 ms 

Request: GET /api/categories at Sun Dec 22 2024 15:04:05 GMT+0200, IP: ::1, User Agent: Mozilla/5.0 (Windows NT 10.0; Win64; x64) AppleWebKit/537.36 (KHTML, like Gecko) Chrome/131.0.0.0 Safari/537.36 Edg/131.0.0.0
Response Body:
[
	{
		"_id": "66cc8fb935338737ded85208",
		"hebTitle": "צמידים",
		"engLink": "Bracelets",
		"imageFileNames": [
			"1724680280611.jpg",
			"1724680280613.jpg",
			"1724680280613.jpg",
			"1724680280615.jpg"
		],
		"__v": 1
	},
	{
		"_id": "66cc8fb935338737ded85209",
		"hebTitle": "עגילים",
		"engLink": "earings",
		"imageFileNames": [
			"1724679146877.jpg",
			"1724679146905.jpg",
			"1724679146913.jpg",
			"1724679146922.jpg",
			"1731247801786.jpg",
			"1731247833352.jpg",
			"1734775840241.jpg"
		],
		"__v": 1
	},
	{
		"_id": "66cc8fb935338737ded8520a",
		"hebTitle": "עגילי טבעת",
		"engLink": "Hook Earrings",
		"imageFileNames": [
			"1724679752305.jpg",
			"1724679752307.jpg",
			"1724679752310.jpg",
			"1724679752314.jpg",
			"1724679752333.jpg"
		],
		"__v": 0
	},
	{
		"_id": "66cc8fb935338737ded8520b",
		"hebTitle": "שרשראות",
		"engLink": "Necklaces",
		"imageFileNames": [
			"1724679330997.jpg",
			"1724679331021.jpg",
			"1724679331024.jpg",
			"1724679331026.jpg",
			"17
...
Response: 304 5.543 ms 

Request: GET /public/products/1734775840241.jpg at Sun Dec 22 2024 15:04:08 GMT+0200, IP: ::1, User Agent: Mozilla/5.0 (Windows NT 10.0; Win64; x64) AppleWebKit/537.36 (KHTML, like Gecko) Chrome/131.0.0.0 Safari/537.36 Edg/131.0.0.0
Response: 304 0.917 ms 

Request: GET / at Sun Dec 22 2024 15:36:49 GMT+0200, IP: ::1, User Agent: Mozilla/5.0 (Windows NT 10.0; Win64; x64) AppleWebKit/537.36 (KHTML, like Gecko) Chrome/131.0.0.0 Safari/537.36 Edg/131.0.0.0
Response: 304 4.342 ms 

Request: GET /api/products at Sun Dec 22 2024 15:36:49 GMT+0200, IP: ::1, User Agent: Mozilla/5.0 (Windows NT 10.0; Win64; x64) AppleWebKit/537.36 (KHTML, like Gecko) Chrome/131.0.0.0 Safari/537.36 Edg/131.0.0.0
Response Body:
[
	{
		"_id": "66cc90241508324d6c354dba",
		"title": "קישוט לשיער",
		"description": "הכניסי נגיעה של סטייל בוהו לשיער שלך עם אקססורי מקרמה ייחודי בעבודת יד! פריט זה משדרג כל תסרוקת, בין אם מדובר בשיער פזור, קוקו גבוה או צמה. החוטים הארוגים בעדינות יוצרים דפוסים יפיפיים שמשלבים בין יוקרה ופשטות. האקססורי לשיער זמין במגוון צבעים ודוגמאות, כך שתוכלי להתאים אותו לכל מראה ולכל אירוע. זו הדרך המושלמת להוסיף נגיעה של סטייל אישי ותעוזה לכל הופעה.",
		"imageFileNames": [
			"1724679930178.jpg",
			"1724679930183.jpg",
			"1724679930189.jpg",
			"1724679930200.jpg",
			"1724679930275.jpg"
		],
		"stock": 14,
		"stringAColor": "orange",
		"stringBColor": "yellow",
		"stone": "סיטרין",
		"category": "אקססוריז",
		"__v": 0,
		"discount": 0,
		"currentPrice": 630,
		"originalPrice": 630,
		"positionIndex": 0
	},
	{
		"_id": "66cc90241508324d6c354db8",
		"title": "שרשרת",
		"description": "שרשרת המקרמה הזו היא יותר מאשר תכשיט - היא יצירת אמנות של ממש. עשויה בקפידה מחוטי מקרמה איכותיים, כל שרשרת נרקמ
...
Response: 304 9.534 ms 

Request: GET /api/users/66cc8fb935338737ded851fd at Sun Dec 22 2024 15:36:49 GMT+0200, IP: ::1, User Agent: Mozilla/5.0 (Windows NT 10.0; Win64; x64) AppleWebKit/537.36 (KHTML, like Gecko) Chrome/131.0.0.0 Safari/537.36 Edg/131.0.0.0
Response Body:
{
	"_id": "66cc8fb935338737ded851fd",
	"name": {
		"first": "Admin",
		"last": "User",
		"_id": "66cc8fb935338737ded851fe"
	},
	"address": {
		"country": "Israel",
		"city": "Haifa",
		"street": "HaNevim",
		"zip": "8920435",
		"houseNumber": 5,
		"_id": "66cc8fb935338737ded851ff"
	},
	"email": "admin@gmail.com",
	"phone": "050-8123012",
	"createdAt": "2024-08-26T14:22:48.254Z",
	"isAdmin": true,
	"__v": 1,
	"couponsUsed": []
}
Response: 304 15.406 ms 

Request: GET /api/stones at Sun Dec 22 2024 15:36:49 GMT+0200, IP: ::1, User Agent: Mozilla/5.0 (Windows NT 10.0; Win64; x64) AppleWebKit/537.36 (KHTML, like Gecko) Chrome/131.0.0.0 Safari/537.36 Edg/131.0.0.0
Response Body:
[
	{
		"_id": "66cc8fb935338737ded8520e",
		"name": "אמטיסט",
		"description": "אבן האמטיסט, בגוון סגול מהפנט, נחשבת לאבן הרוחניות והשלווה. היא ידועה כמסייעת בהרגעת הנפש ובאיזון רגשי, ומציעה הגנה מפני אנרגיות שליליות. האמטיסט מתאימה במיוחד לבני ובנות מזלות דגים, בתולה, וקשת, ותורמת להעצמת האינטואיציה ולחיזוק הקשר עם העצמי הפנימי. זו האבן המושלמת למי שמחפש חיבור עמוק יותר עם הרוחניות והיציבות הרגשית.",
		"__v": 1,
		"descriptionImageFileName": "1725889236586.jpg",
		"descriptionText": "לורם איפסום דולור סיט אמט, קונסקטורר אדיפיסינג אלית קולורס מונפרד אדנדום סילקוף, מרגשי ומרגשח. עמחליף נולום ארווס סאפיאן - פוסיליס קוויס, אקווזמן ליבם סולגק. בראיט ולחת צורק מונחף, בגורמי מגמש. תרבנך וסתעד לכנו סתשם השמה - לתכי מורגם בורק? לתיג ישבעס.\n\nקולורס מונפרד אדנדום סילקוף, מרגשי ומרגשח. עמחליף קונסקטורר אדיפיסינג אלית. סת אלמנקום ניסי נון ניבאה. דס איאקוליס וולופטה דיאם. וסטיבולום אט דולור, קראס אגת לקטוס וואל אאוגו וסטיבולום סוליסי טידום בעליק. קונדימנטום קורוס בליקרה, נונסטי קלובר בריקנה סטום,
...
Response: 304 11.107 ms 

Request: GET /api/categories at Sun Dec 22 2024 15:36:49 GMT+0200, IP: ::1, User Agent: Mozilla/5.0 (Windows NT 10.0; Win64; x64) AppleWebKit/537.36 (KHTML, like Gecko) Chrome/131.0.0.0 Safari/537.36 Edg/131.0.0.0
Response Body:
[
	{
		"_id": "66cc8fb935338737ded85208",
		"hebTitle": "צמידים",
		"engLink": "Bracelets",
		"imageFileNames": [
			"1724680280611.jpg",
			"1724680280613.jpg",
			"1724680280613.jpg",
			"1724680280615.jpg"
		],
		"__v": 1
	},
	{
		"_id": "66cc8fb935338737ded85209",
		"hebTitle": "עגילים",
		"engLink": "earings",
		"imageFileNames": [
			"1724679146877.jpg",
			"1724679146905.jpg",
			"1724679146913.jpg",
			"1724679146922.jpg",
			"1731247801786.jpg",
			"1731247833352.jpg",
			"1734775840241.jpg"
		],
		"__v": 1
	},
	{
		"_id": "66cc8fb935338737ded8520a",
		"hebTitle": "עגילי טבעת",
		"engLink": "Hook Earrings",
		"imageFileNames": [
			"1724679752305.jpg",
			"1724679752307.jpg",
			"1724679752310.jpg",
			"1724679752314.jpg",
			"1724679752333.jpg"
		],
		"__v": 0
	},
	{
		"_id": "66cc8fb935338737ded8520b",
		"hebTitle": "שרשראות",
		"engLink": "Necklaces",
		"imageFileNames": [
			"1724679330997.jpg",
			"1724679331021.jpg",
			"1724679331024.jpg",
			"1724679331026.jpg",
			"17
...
Response: 304 5.203 ms 

Request: GET / at Sun Dec 22 2024 15:36:49 GMT+0200, IP: ::1, User Agent: Mozilla/5.0 (Windows NT 10.0; Win64; x64) AppleWebKit/537.36 (KHTML, like Gecko) Chrome/131.0.0.0 Safari/537.36 Edg/131.0.0.0
Response: 304 1.539 ms 

Request: GET /api/products at Sun Dec 22 2024 15:36:49 GMT+0200, IP: ::1, User Agent: Mozilla/5.0 (Windows NT 10.0; Win64; x64) AppleWebKit/537.36 (KHTML, like Gecko) Chrome/131.0.0.0 Safari/537.36 Edg/131.0.0.0
Response Body:
[
	{
		"_id": "66cc90241508324d6c354dba",
		"title": "קישוט לשיער",
		"description": "הכניסי נגיעה של סטייל בוהו לשיער שלך עם אקססורי מקרמה ייחודי בעבודת יד! פריט זה משדרג כל תסרוקת, בין אם מדובר בשיער פזור, קוקו גבוה או צמה. החוטים הארוגים בעדינות יוצרים דפוסים יפיפיים שמשלבים בין יוקרה ופשטות. האקססורי לשיער זמין במגוון צבעים ודוגמאות, כך שתוכלי להתאים אותו לכל מראה ולכל אירוע. זו הדרך המושלמת להוסיף נגיעה של סטייל אישי ותעוזה לכל הופעה.",
		"imageFileNames": [
			"1724679930178.jpg",
			"1724679930183.jpg",
			"1724679930189.jpg",
			"1724679930200.jpg",
			"1724679930275.jpg"
		],
		"stock": 14,
		"stringAColor": "orange",
		"stringBColor": "yellow",
		"stone": "סיטרין",
		"category": "אקססוריז",
		"__v": 0,
		"discount": 0,
		"currentPrice": 630,
		"originalPrice": 630,
		"positionIndex": 0
	},
	{
		"_id": "66cc90241508324d6c354db8",
		"title": "שרשרת",
		"description": "שרשרת המקרמה הזו היא יותר מאשר תכשיט - היא יצירת אמנות של ממש. עשויה בקפידה מחוטי מקרמה איכותיים, כל שרשרת נרקמ
...
Response: 304 7.711 ms 

Request: GET /api/users/66cc8fb935338737ded851fd at Sun Dec 22 2024 15:36:49 GMT+0200, IP: ::1, User Agent: Mozilla/5.0 (Windows NT 10.0; Win64; x64) AppleWebKit/537.36 (KHTML, like Gecko) Chrome/131.0.0.0 Safari/537.36 Edg/131.0.0.0
Response Body:
{
	"_id": "66cc8fb935338737ded851fd",
	"name": {
		"first": "Admin",
		"last": "User",
		"_id": "66cc8fb935338737ded851fe"
	},
	"address": {
		"country": "Israel",
		"city": "Haifa",
		"street": "HaNevim",
		"zip": "8920435",
		"houseNumber": 5,
		"_id": "66cc8fb935338737ded851ff"
	},
	"email": "admin@gmail.com",
	"phone": "050-8123012",
	"createdAt": "2024-08-26T14:22:48.254Z",
	"isAdmin": true,
	"__v": 1,
	"couponsUsed": []
}
Response: 304 14.398 ms 

Request: GET /api/stones at Sun Dec 22 2024 15:36:49 GMT+0200, IP: ::1, User Agent: Mozilla/5.0 (Windows NT 10.0; Win64; x64) AppleWebKit/537.36 (KHTML, like Gecko) Chrome/131.0.0.0 Safari/537.36 Edg/131.0.0.0
Response Body:
[
	{
		"_id": "66cc8fb935338737ded8520e",
		"name": "אמטיסט",
		"description": "אבן האמטיסט, בגוון סגול מהפנט, נחשבת לאבן הרוחניות והשלווה. היא ידועה כמסייעת בהרגעת הנפש ובאיזון רגשי, ומציעה הגנה מפני אנרגיות שליליות. האמטיסט מתאימה במיוחד לבני ובנות מזלות דגים, בתולה, וקשת, ותורמת להעצמת האינטואיציה ולחיזוק הקשר עם העצמי הפנימי. זו האבן המושלמת למי שמחפש חיבור עמוק יותר עם הרוחניות והיציבות הרגשית.",
		"__v": 1,
		"descriptionImageFileName": "1725889236586.jpg",
		"descriptionText": "לורם איפסום דולור סיט אמט, קונסקטורר אדיפיסינג אלית קולורס מונפרד אדנדום סילקוף, מרגשי ומרגשח. עמחליף נולום ארווס סאפיאן - פוסיליס קוויס, אקווזמן ליבם סולגק. בראיט ולחת צורק מונחף, בגורמי מגמש. תרבנך וסתעד לכנו סתשם השמה - לתכי מורגם בורק? לתיג ישבעס.\n\nקולורס מונפרד אדנדום סילקוף, מרגשי ומרגשח. עמחליף קונסקטורר אדיפיסינג אלית. סת אלמנקום ניסי נון ניבאה. דס איאקוליס וולופטה דיאם. וסטיבולום אט דולור, קראס אגת לקטוס וואל אאוגו וסטיבולום סוליסי טידום בעליק. קונדימנטום קורוס בליקרה, נונסטי קלובר בריקנה סטום,
...
Response: 304 10.819 ms 

Request: GET /api/categories at Sun Dec 22 2024 15:36:50 GMT+0200, IP: ::1, User Agent: Mozilla/5.0 (Windows NT 10.0; Win64; x64) AppleWebKit/537.36 (KHTML, like Gecko) Chrome/131.0.0.0 Safari/537.36 Edg/131.0.0.0
Response Body:
[
	{
		"_id": "66cc8fb935338737ded85208",
		"hebTitle": "צמידים",
		"engLink": "Bracelets",
		"imageFileNames": [
			"1724680280611.jpg",
			"1724680280613.jpg",
			"1724680280613.jpg",
			"1724680280615.jpg"
		],
		"__v": 1
	},
	{
		"_id": "66cc8fb935338737ded85209",
		"hebTitle": "עגילים",
		"engLink": "earings",
		"imageFileNames": [
			"1724679146877.jpg",
			"1724679146905.jpg",
			"1724679146913.jpg",
			"1724679146922.jpg",
			"1731247801786.jpg",
			"1731247833352.jpg",
			"1734775840241.jpg"
		],
		"__v": 1
	},
	{
		"_id": "66cc8fb935338737ded8520a",
		"hebTitle": "עגילי טבעת",
		"engLink": "Hook Earrings",
		"imageFileNames": [
			"1724679752305.jpg",
			"1724679752307.jpg",
			"1724679752310.jpg",
			"1724679752314.jpg",
			"1724679752333.jpg"
		],
		"__v": 0
	},
	{
		"_id": "66cc8fb935338737ded8520b",
		"hebTitle": "שרשראות",
		"engLink": "Necklaces",
		"imageFileNames": [
			"1724679330997.jpg",
			"1724679331021.jpg",
			"1724679331024.jpg",
			"1724679331026.jpg",
			"17
...
Response: 304 8.466 ms 
