
Request: GET / at Thu Nov 14 2024 13:12:57 GMT+0200, IP: ::1, User Agent: Mozilla/5.0 (Linux; Android 6.0; Nexus 5 Build/MRA58N) AppleWebKit/537.36 (KHTML, like Gecko) Chrome/130.0.0.0 Mobile Safari/537.36 Edg/130.0.0.0
Response: 304 6.844 ms 

Request: GET / at Thu Nov 14 2024 13:12:57 GMT+0200, IP: ::1, User Agent: Mozilla/5.0 (Linux; Android 6.0; Nexus 5 Build/MRA58N) AppleWebKit/537.36 (KHTML, like Gecko) Chrome/130.0.0.0 Mobile Safari/537.36 Edg/130.0.0.0
Response: 304 1.298 ms 

Request: GET /api/stones at Thu Nov 14 2024 13:12:57 GMT+0200, IP: ::1, User Agent: Mozilla/5.0 (Linux; Android 6.0; Nexus 5 Build/MRA58N) AppleWebKit/537.36 (KHTML, like Gecko) Chrome/130.0.0.0 Mobile Safari/537.36 Edg/130.0.0.0
Response Body:
[
	{
		"_id": "66cc8fb935338737ded8520e",
		"name": "אמטיסט",
		"description": "אבן האמטיסט, בגוון סגול מהפנט, נחשבת לאבן הרוחניות והשלווה. היא ידועה כמסייעת בהרגעת הנפש ובאיזון רגשי, ומציעה הגנה מפני אנרגיות שליליות. האמטיסט מתאימה במיוחד לבני ובנות מזלות דגים, בתולה, וקשת, ותורמת להעצמת האינטואיציה ולחיזוק הקשר עם העצמי הפנימי. זו האבן המושלמת למי שמחפש חיבור עמוק יותר עם הרוחניות והיציבות הרגשית.",
		"__v": 1,
		"descriptionImageFileName": "1725889236586.jpg",
		"descriptionText": "לורם איפסום דולור סיט אמט, קונסקטורר אדיפיסינג אלית קולורס מונפרד אדנדום סילקוף, מרגשי ומרגשח. עמחליף נולום ארווס סאפיאן - פוסיליס קוויס, אקווזמן ליבם סולגק. בראיט ולחת צורק מונחף, בגורמי מגמש. תרבנך וסתעד לכנו סתשם השמה - לתכי מורגם בורק? לתיג ישבעס.\n\nקולורס מונפרד אדנדום סילקוף, מרגשי ומרגשח. עמחליף קונסקטורר אדיפיסינג אלית. סת אלמנקום ניסי נון ניבאה. דס איאקוליס וולופטה דיאם. וסטיבולום אט דולור, קראס אגת לקטוס וואל אאוגו וסטיבולום סוליסי טידום בעליק. קונדימנטום קורוס בליקרה, נונסטי קלובר בריקנה סטום,
...
Response: 304 13.443 ms 

Request: GET /api/products at Thu Nov 14 2024 13:12:57 GMT+0200, IP: ::1, User Agent: Mozilla/5.0 (Linux; Android 6.0; Nexus 5 Build/MRA58N) AppleWebKit/537.36 (KHTML, like Gecko) Chrome/130.0.0.0 Mobile Safari/537.36 Edg/130.0.0.0
Response Body:
[
	{
		"_id": "66cc90241508324d6c354dba",
		"title": "קישוט לשיער",
		"description": "הכניסי נגיעה של סטייל בוהו לשיער שלך עם אקססורי מקרמה ייחודי בעבודת יד! פריט זה משדרג כל תסרוקת, בין אם מדובר בשיער פזור, קוקו גבוה או צמה. החוטים הארוגים בעדינות יוצרים דפוסים יפיפיים שמשלבים בין יוקרה ופשטות. האקססורי לשיער זמין במגוון צבעים ודוגמאות, כך שתוכלי להתאים אותו לכל מראה ולכל אירוע. זו הדרך המושלמת להוסיף נגיעה של סטייל אישי ותעוזה לכל הופעה.",
		"imageFileNames": [
			"1724679930178.jpg",
			"1724679930183.jpg",
			"1724679930189.jpg",
			"1724679930200.jpg",
			"1724679930275.jpg"
		],
		"stock": 14,
		"stringAColor": "orange",
		"stringBColor": "yellow",
		"stone": "סיטרין",
		"category": "אקססוריז",
		"__v": 0,
		"discount": 0,
		"currentPrice": 630,
		"originalPrice": 630,
		"positionIndex": 0
	},
	{
		"_id": "66cc90241508324d6c354db8",
		"title": "שרשרת",
		"description": "שרשרת המקרמה הזו היא יותר מאשר תכשיט - היא יצירת אמנות של ממש. עשויה בקפידה מחוטי מקרמה איכותיים, כל שרשרת נרקמ
...
Response: 304 33.275 ms 

Request: GET /api/categories at Thu Nov 14 2024 13:12:57 GMT+0200, IP: ::1, User Agent: Mozilla/5.0 (Linux; Android 6.0; Nexus 5 Build/MRA58N) AppleWebKit/537.36 (KHTML, like Gecko) Chrome/130.0.0.0 Mobile Safari/537.36 Edg/130.0.0.0
Response Body:
[
	{
		"_id": "66cc8fb935338737ded85208",
		"hebTitle": "צמידים",
		"engLink": "Bracelets",
		"imageFileNames": [
			"1724680280610.jpg",
			"1724680280611.jpg",
			"1724680280613.jpg",
			"1724680280613.jpg",
			"1724680280615.jpg"
		],
		"__v": 0
	},
	{
		"_id": "66cc8fb935338737ded85209",
		"hebTitle": "עגילים",
		"engLink": "earings",
		"imageFileNames": [
			"1724679146877.jpg",
			"1724679146905.jpg",
			"1724679146913.jpg",
			"1724679146922.jpg",
			"1725450626782.jpg",
			"1728390743395.jpg",
			"1728390968682.jpg",
			"1728809302122.png",
			"1728810017677.bmp",
			"1728810017767.png",
			"1731247801786.jpg",
			"1731247833352.jpg"
		],
		"__v": 0
	},
	{
		"_id": "66cc8fb935338737ded8520a",
		"hebTitle": "עגילי טבעת",
		"engLink": "Hook Earrings",
		"imageFileNames": [
			"1724679752305.jpg",
			"1724679752307.jpg",
			"1724679752310.jpg",
			"1724679752314.jpg",
			"1724679752333.jpg"
		],
		"__v": 0
	},
	{
		"_id": "66cc8fb935338737ded8520b",
		"hebTitle": "שרשראות",
		"eng
...
Response: 304 24.843 ms 

Request: GET /api/stones at Thu Nov 14 2024 13:12:57 GMT+0200, IP: ::1, User Agent: Mozilla/5.0 (Linux; Android 6.0; Nexus 5 Build/MRA58N) AppleWebKit/537.36 (KHTML, like Gecko) Chrome/130.0.0.0 Mobile Safari/537.36 Edg/130.0.0.0
Response Body:
[
	{
		"_id": "66cc8fb935338737ded8520e",
		"name": "אמטיסט",
		"description": "אבן האמטיסט, בגוון סגול מהפנט, נחשבת לאבן הרוחניות והשלווה. היא ידועה כמסייעת בהרגעת הנפש ובאיזון רגשי, ומציעה הגנה מפני אנרגיות שליליות. האמטיסט מתאימה במיוחד לבני ובנות מזלות דגים, בתולה, וקשת, ותורמת להעצמת האינטואיציה ולחיזוק הקשר עם העצמי הפנימי. זו האבן המושלמת למי שמחפש חיבור עמוק יותר עם הרוחניות והיציבות הרגשית.",
		"__v": 1,
		"descriptionImageFileName": "1725889236586.jpg",
		"descriptionText": "לורם איפסום דולור סיט אמט, קונסקטורר אדיפיסינג אלית קולורס מונפרד אדנדום סילקוף, מרגשי ומרגשח. עמחליף נולום ארווס סאפיאן - פוסיליס קוויס, אקווזמן ליבם סולגק. בראיט ולחת צורק מונחף, בגורמי מגמש. תרבנך וסתעד לכנו סתשם השמה - לתכי מורגם בורק? לתיג ישבעס.\n\nקולורס מונפרד אדנדום סילקוף, מרגשי ומרגשח. עמחליף קונסקטורר אדיפיסינג אלית. סת אלמנקום ניסי נון ניבאה. דס איאקוליס וולופטה דיאם. וסטיבולום אט דולור, קראס אגת לקטוס וואל אאוגו וסטיבולום סוליסי טידום בעליק. קונדימנטום קורוס בליקרה, נונסטי קלובר בריקנה סטום,
...
Response: 304 11.754 ms 

Request: GET /api/products at Thu Nov 14 2024 13:12:57 GMT+0200, IP: ::1, User Agent: Mozilla/5.0 (Linux; Android 6.0; Nexus 5 Build/MRA58N) AppleWebKit/537.36 (KHTML, like Gecko) Chrome/130.0.0.0 Mobile Safari/537.36 Edg/130.0.0.0
Response Body:
[
	{
		"_id": "66cc90241508324d6c354dba",
		"title": "קישוט לשיער",
		"description": "הכניסי נגיעה של סטייל בוהו לשיער שלך עם אקססורי מקרמה ייחודי בעבודת יד! פריט זה משדרג כל תסרוקת, בין אם מדובר בשיער פזור, קוקו גבוה או צמה. החוטים הארוגים בעדינות יוצרים דפוסים יפיפיים שמשלבים בין יוקרה ופשטות. האקססורי לשיער זמין במגוון צבעים ודוגמאות, כך שתוכלי להתאים אותו לכל מראה ולכל אירוע. זו הדרך המושלמת להוסיף נגיעה של סטייל אישי ותעוזה לכל הופעה.",
		"imageFileNames": [
			"1724679930178.jpg",
			"1724679930183.jpg",
			"1724679930189.jpg",
			"1724679930200.jpg",
			"1724679930275.jpg"
		],
		"stock": 14,
		"stringAColor": "orange",
		"stringBColor": "yellow",
		"stone": "סיטרין",
		"category": "אקססוריז",
		"__v": 0,
		"discount": 0,
		"currentPrice": 630,
		"originalPrice": 630,
		"positionIndex": 0
	},
	{
		"_id": "66cc90241508324d6c354db8",
		"title": "שרשרת",
		"description": "שרשרת המקרמה הזו היא יותר מאשר תכשיט - היא יצירת אמנות של ממש. עשויה בקפידה מחוטי מקרמה איכותיים, כל שרשרת נרקמ
...
Response: 304 18.446 ms 

Request: GET /api/categories at Thu Nov 14 2024 13:12:57 GMT+0200, IP: ::1, User Agent: Mozilla/5.0 (Linux; Android 6.0; Nexus 5 Build/MRA58N) AppleWebKit/537.36 (KHTML, like Gecko) Chrome/130.0.0.0 Mobile Safari/537.36 Edg/130.0.0.0
Response Body:
[
	{
		"_id": "66cc8fb935338737ded85208",
		"hebTitle": "צמידים",
		"engLink": "Bracelets",
		"imageFileNames": [
			"1724680280610.jpg",
			"1724680280611.jpg",
			"1724680280613.jpg",
			"1724680280613.jpg",
			"1724680280615.jpg"
		],
		"__v": 0
	},
	{
		"_id": "66cc8fb935338737ded85209",
		"hebTitle": "עגילים",
		"engLink": "earings",
		"imageFileNames": [
			"1724679146877.jpg",
			"1724679146905.jpg",
			"1724679146913.jpg",
			"1724679146922.jpg",
			"1725450626782.jpg",
			"1728390743395.jpg",
			"1728390968682.jpg",
			"1728809302122.png",
			"1728810017677.bmp",
			"1728810017767.png",
			"1731247801786.jpg",
			"1731247833352.jpg"
		],
		"__v": 0
	},
	{
		"_id": "66cc8fb935338737ded8520a",
		"hebTitle": "עגילי טבעת",
		"engLink": "Hook Earrings",
		"imageFileNames": [
			"1724679752305.jpg",
			"1724679752307.jpg",
			"1724679752310.jpg",
			"1724679752314.jpg",
			"1724679752333.jpg"
		],
		"__v": 0
	},
	{
		"_id": "66cc8fb935338737ded8520b",
		"hebTitle": "שרשראות",
		"eng
...
Response: 304 22.670 ms 
