
Request: GET / at Wed Oct 23 2024 12:48:41 GMT+0300, IP: ::1, User Agent: Mozilla/5.0 (Windows NT 10.0; Win64; x64) AppleWebKit/537.36 (KHTML, like Gecko) Chrome/129.0.0.0 Safari/537.36 Edg/129.0.0.0
Response: 304 7.297 ms 

Request: GET /api/categories at Wed Oct 23 2024 12:48:41 GMT+0300, IP: ::1, User Agent: Mozilla/5.0 (Windows NT 10.0; Win64; x64) AppleWebKit/537.36 (KHTML, like Gecko) Chrome/129.0.0.0 Safari/537.36 Edg/129.0.0.0
Response Body:
[
	{
		"_id": "66cc8fb935338737ded85208",
		"hebTitle": "צמידים",
		"engLink": "Bracelets",
		"imageFileNames": [
			"1724680280610.jpg",
			"1724680280611.jpg",
			"1724680280613.jpg",
			"1724680280613.jpg",
			"1724680280615.jpg"
		],
		"__v": 0
	},
	{
		"_id": "66cc8fb935338737ded85209",
		"hebTitle": "עגילים",
		"engLink": "earings",
		"imageFileNames": [
			"1724679146877.jpg",
			"1724679146905.jpg",
			"1724679146913.jpg",
			"1724679146922.jpg",
			"1725450626782.jpg",
			"1728390743395.jpg",
			"1728390968682.jpg",
			"1728809302122.png",
			"1728810017677.bmp",
			"1728810017767.png"
		],
		"__v": 0
	},
	{
		"_id": "66cc8fb935338737ded8520a",
		"hebTitle": "עגילי טבעת",
		"engLink": "Hook Earrings",
		"imageFileNames": [
			"1724679752305.jpg",
			"1724679752307.jpg",
			"1724679752310.jpg",
			"1724679752314.jpg",
			"1724679752333.jpg"
		],
		"__v": 0
	},
	{
		"_id": "66cc8fb935338737ded8520b",
		"hebTitle": "שרשראות",
		"engLink": "Necklaces",
		"imageFileNames": [
			"17
...
Response: 304 23.017 ms 

Request: GET /api/stones at Wed Oct 23 2024 12:48:41 GMT+0300, IP: ::1, User Agent: Mozilla/5.0 (Windows NT 10.0; Win64; x64) AppleWebKit/537.36 (KHTML, like Gecko) Chrome/129.0.0.0 Safari/537.36 Edg/129.0.0.0
Response Body:
[
	{
		"_id": "66cc8fb935338737ded8520e",
		"name": "אמטיסט",
		"description": "אבן האמטיסט, בגוון סגול מהפנט, נחשבת לאבן הרוחניות והשלווה. היא ידועה כמסייעת בהרגעת הנפש ובאיזון רגשי, ומציעה הגנה מפני אנרגיות שליליות. האמטיסט מתאימה במיוחד לבני ובנות מזלות דגים, בתולה, וקשת, ותורמת להעצמת האינטואיציה ולחיזוק הקשר עם העצמי הפנימי. זו האבן המושלמת למי שמחפש חיבור עמוק יותר עם הרוחניות והיציבות הרגשית.",
		"__v": 0,
		"descriptionImageFileName": "1725889236586.jpg",
		"descriptionText": ""
	},
	{
		"_id": "66cc8fb935338737ded8520f",
		"name": "רוז קוורץ",
		"description": "רוז קוורץ, אבן האהבה ללא תנאים, מגיעה בגוון ורוד רך ועדין. היא נחשבת לאבן שמביאה איתה אהבה, שלווה ושלום, ומחזקת את תחושת ההרמוניה והאמפתיה. האבן מתאימה במיוחד לבני ובנות מזלות שור, סרטן, ומאזניים, ותורמת לפיתוח מערכות יחסים עמוקות ומלאות רגש. הרוז קוורץ היא הבחירה האידיאלית עבור מי שרוצה לטפח אהבה, גם כלפי עצמו וגם כלפי אחרים.",
		"__v": 0,
		"descriptionImageFileName": "1725889263938.jpg",
		"descriptionText": ""
	},
	
...
Response: 304 44.617 ms 

Request: GET /api/products at Wed Oct 23 2024 12:48:41 GMT+0300, IP: ::1, User Agent: Mozilla/5.0 (Windows NT 10.0; Win64; x64) AppleWebKit/537.36 (KHTML, like Gecko) Chrome/129.0.0.0 Safari/537.36 Edg/129.0.0.0
Response Body:
[
	{
		"_id": "66cc90241508324d6c354db7",
		"title": "עגילים",
		"description": "עגילי מקרמה בעבודת יד אלו הם שילוב מושלם של עיצוב בוהו-שיק קלאסי ואמנות קראפט עכשווית. כל זוג עגילים עשוי מחוטי מקרמה איכותיים הנקשרים בקפידה ליצירת דפוסים ייחודיים ומורכבים. העגילים קלים ונוחים לענידה, ומוסיפים נגיעה של סטייל ייחודי לכל הופעה יומיומית או ערב אלגנטי. בין אם את מחפשת מתנה מקורית או תוספת אופנתית לאוסף שלך, עגילי המקרמה הללו הם הבחירה המושלמת.",
		"imageFileNames": [
			"1724679146877.jpg",
			"1724679146905.jpg",
			"1724679146913.jpg",
			"1724679146922.jpg"
		],
		"stock": 2,
		"stringAColor": "black",
		"stringBColor": "white",
		"stone": "אקוומרין",
		"category": "עגילים",
		"__v": 0,
		"discount": 20,
		"currentPrice": 280,
		"originalPrice": 350
	},
	{
		"_id": "66cc90241508324d6c354db8",
		"title": "שרשרת",
		"description": "שרשרת המקרמה הזו היא יותר מאשר תכשיט - היא יצירת אמנות של ממש. עשויה בקפידה מחוטי מקרמה איכותיים, כל שרשרת נרקמת בעבודת יד תוך תשומת לב לפרטים הקטנים ביותר. הדוג
...
Response: 304 44.617 ms 

Request: GET / at Wed Oct 23 2024 12:48:41 GMT+0300, IP: ::1, User Agent: Mozilla/5.0 (Windows NT 10.0; Win64; x64) AppleWebKit/537.36 (KHTML, like Gecko) Chrome/129.0.0.0 Safari/537.36 Edg/129.0.0.0
Response: 304 5.264 ms 

Request: GET /api/categories at Wed Oct 23 2024 12:48:41 GMT+0300, IP: ::1, User Agent: Mozilla/5.0 (Windows NT 10.0; Win64; x64) AppleWebKit/537.36 (KHTML, like Gecko) Chrome/129.0.0.0 Safari/537.36 Edg/129.0.0.0
Response Body:
[
	{
		"_id": "66cc8fb935338737ded85208",
		"hebTitle": "צמידים",
		"engLink": "Bracelets",
		"imageFileNames": [
			"1724680280610.jpg",
			"1724680280611.jpg",
			"1724680280613.jpg",
			"1724680280613.jpg",
			"1724680280615.jpg"
		],
		"__v": 0
	},
	{
		"_id": "66cc8fb935338737ded85209",
		"hebTitle": "עגילים",
		"engLink": "earings",
		"imageFileNames": [
			"1724679146877.jpg",
			"1724679146905.jpg",
			"1724679146913.jpg",
			"1724679146922.jpg",
			"1725450626782.jpg",
			"1728390743395.jpg",
			"1728390968682.jpg",
			"1728809302122.png",
			"1728810017677.bmp",
			"1728810017767.png"
		],
		"__v": 0
	},
	{
		"_id": "66cc8fb935338737ded8520a",
		"hebTitle": "עגילי טבעת",
		"engLink": "Hook Earrings",
		"imageFileNames": [
			"1724679752305.jpg",
			"1724679752307.jpg",
			"1724679752310.jpg",
			"1724679752314.jpg",
			"1724679752333.jpg"
		],
		"__v": 0
	},
	{
		"_id": "66cc8fb935338737ded8520b",
		"hebTitle": "שרשראות",
		"engLink": "Necklaces",
		"imageFileNames": [
			"17
...
Response: 304 7.133 ms 

Request: GET /api/stones at Wed Oct 23 2024 12:48:41 GMT+0300, IP: ::1, User Agent: Mozilla/5.0 (Windows NT 10.0; Win64; x64) AppleWebKit/537.36 (KHTML, like Gecko) Chrome/129.0.0.0 Safari/537.36 Edg/129.0.0.0
Response Body:
[
	{
		"_id": "66cc8fb935338737ded8520e",
		"name": "אמטיסט",
		"description": "אבן האמטיסט, בגוון סגול מהפנט, נחשבת לאבן הרוחניות והשלווה. היא ידועה כמסייעת בהרגעת הנפש ובאיזון רגשי, ומציעה הגנה מפני אנרגיות שליליות. האמטיסט מתאימה במיוחד לבני ובנות מזלות דגים, בתולה, וקשת, ותורמת להעצמת האינטואיציה ולחיזוק הקשר עם העצמי הפנימי. זו האבן המושלמת למי שמחפש חיבור עמוק יותר עם הרוחניות והיציבות הרגשית.",
		"__v": 0,
		"descriptionImageFileName": "1725889236586.jpg",
		"descriptionText": ""
	},
	{
		"_id": "66cc8fb935338737ded8520f",
		"name": "רוז קוורץ",
		"description": "רוז קוורץ, אבן האהבה ללא תנאים, מגיעה בגוון ורוד רך ועדין. היא נחשבת לאבן שמביאה איתה אהבה, שלווה ושלום, ומחזקת את תחושת ההרמוניה והאמפתיה. האבן מתאימה במיוחד לבני ובנות מזלות שור, סרטן, ומאזניים, ותורמת לפיתוח מערכות יחסים עמוקות ומלאות רגש. הרוז קוורץ היא הבחירה האידיאלית עבור מי שרוצה לטפח אהבה, גם כלפי עצמו וגם כלפי אחרים.",
		"__v": 0,
		"descriptionImageFileName": "1725889263938.jpg",
		"descriptionText": ""
	},
	
...
Response: 304 7.849 ms 

Request: GET /api/products at Wed Oct 23 2024 12:48:41 GMT+0300, IP: ::1, User Agent: Mozilla/5.0 (Windows NT 10.0; Win64; x64) AppleWebKit/537.36 (KHTML, like Gecko) Chrome/129.0.0.0 Safari/537.36 Edg/129.0.0.0
Response Body:
[
	{
		"_id": "66cc90241508324d6c354db7",
		"title": "עגילים",
		"description": "עגילי מקרמה בעבודת יד אלו הם שילוב מושלם של עיצוב בוהו-שיק קלאסי ואמנות קראפט עכשווית. כל זוג עגילים עשוי מחוטי מקרמה איכותיים הנקשרים בקפידה ליצירת דפוסים ייחודיים ומורכבים. העגילים קלים ונוחים לענידה, ומוסיפים נגיעה של סטייל ייחודי לכל הופעה יומיומית או ערב אלגנטי. בין אם את מחפשת מתנה מקורית או תוספת אופנתית לאוסף שלך, עגילי המקרמה הללו הם הבחירה המושלמת.",
		"imageFileNames": [
			"1724679146877.jpg",
			"1724679146905.jpg",
			"1724679146913.jpg",
			"1724679146922.jpg"
		],
		"stock": 2,
		"stringAColor": "black",
		"stringBColor": "white",
		"stone": "אקוומרין",
		"category": "עגילים",
		"__v": 0,
		"discount": 20,
		"currentPrice": 280,
		"originalPrice": 350
	},
	{
		"_id": "66cc90241508324d6c354db8",
		"title": "שרשרת",
		"description": "שרשרת המקרמה הזו היא יותר מאשר תכשיט - היא יצירת אמנות של ממש. עשויה בקפידה מחוטי מקרמה איכותיים, כל שרשרת נרקמת בעבודת יד תוך תשומת לב לפרטים הקטנים ביותר. הדוג
...
Response: 304 9.903 ms 

Request: GET /api/stones at Wed Oct 23 2024 12:48:41 GMT+0300, IP: ::1, User Agent: Mozilla/5.0 (Windows NT 10.0; Win64; x64) AppleWebKit/537.36 (KHTML, like Gecko) Chrome/129.0.0.0 Safari/537.36 Edg/129.0.0.0
Response Body:
[
	{
		"_id": "66cc8fb935338737ded8520e",
		"name": "אמטיסט",
		"description": "אבן האמטיסט, בגוון סגול מהפנט, נחשבת לאבן הרוחניות והשלווה. היא ידועה כמסייעת בהרגעת הנפש ובאיזון רגשי, ומציעה הגנה מפני אנרגיות שליליות. האמטיסט מתאימה במיוחד לבני ובנות מזלות דגים, בתולה, וקשת, ותורמת להעצמת האינטואיציה ולחיזוק הקשר עם העצמי הפנימי. זו האבן המושלמת למי שמחפש חיבור עמוק יותר עם הרוחניות והיציבות הרגשית.",
		"__v": 0,
		"descriptionImageFileName": "1725889236586.jpg",
		"descriptionText": ""
	},
	{
		"_id": "66cc8fb935338737ded8520f",
		"name": "רוז קוורץ",
		"description": "רוז קוורץ, אבן האהבה ללא תנאים, מגיעה בגוון ורוד רך ועדין. היא נחשבת לאבן שמביאה איתה אהבה, שלווה ושלום, ומחזקת את תחושת ההרמוניה והאמפתיה. האבן מתאימה במיוחד לבני ובנות מזלות שור, סרטן, ומאזניים, ותורמת לפיתוח מערכות יחסים עמוקות ומלאות רגש. הרוז קוורץ היא הבחירה האידיאלית עבור מי שרוצה לטפח אהבה, גם כלפי עצמו וגם כלפי אחרים.",
		"__v": 0,
		"descriptionImageFileName": "1725889263938.jpg",
		"descriptionText": ""
	},
	
...
Response: 304 3.624 ms 

Request: GET /api/stones at Wed Oct 23 2024 12:48:41 GMT+0300, IP: ::1, User Agent: Mozilla/5.0 (Windows NT 10.0; Win64; x64) AppleWebKit/537.36 (KHTML, like Gecko) Chrome/129.0.0.0 Safari/537.36 Edg/129.0.0.0
Response Body:
[
	{
		"_id": "66cc8fb935338737ded8520e",
		"name": "אמטיסט",
		"description": "אבן האמטיסט, בגוון סגול מהפנט, נחשבת לאבן הרוחניות והשלווה. היא ידועה כמסייעת בהרגעת הנפש ובאיזון רגשי, ומציעה הגנה מפני אנרגיות שליליות. האמטיסט מתאימה במיוחד לבני ובנות מזלות דגים, בתולה, וקשת, ותורמת להעצמת האינטואיציה ולחיזוק הקשר עם העצמי הפנימי. זו האבן המושלמת למי שמחפש חיבור עמוק יותר עם הרוחניות והיציבות הרגשית.",
		"__v": 0,
		"descriptionImageFileName": "1725889236586.jpg",
		"descriptionText": ""
	},
	{
		"_id": "66cc8fb935338737ded8520f",
		"name": "רוז קוורץ",
		"description": "רוז קוורץ, אבן האהבה ללא תנאים, מגיעה בגוון ורוד רך ועדין. היא נחשבת לאבן שמביאה איתה אהבה, שלווה ושלום, ומחזקת את תחושת ההרמוניה והאמפתיה. האבן מתאימה במיוחד לבני ובנות מזלות שור, סרטן, ומאזניים, ותורמת לפיתוח מערכות יחסים עמוקות ומלאות רגש. הרוז קוורץ היא הבחירה האידיאלית עבור מי שרוצה לטפח אהבה, גם כלפי עצמו וגם כלפי אחרים.",
		"__v": 0,
		"descriptionImageFileName": "1725889263938.jpg",
		"descriptionText": ""
	},
	
...
Response: 304 2.946 ms 

Request: GET /public/products/1724679146877.jpg at Wed Oct 23 2024 12:48:41 GMT+0300, IP: ::1, User Agent: Mozilla/5.0 (Windows NT 10.0; Win64; x64) AppleWebKit/537.36 (KHTML, like Gecko) Chrome/129.0.0.0 Safari/537.36 Edg/129.0.0.0
Response: 304 1.808 ms 

Request: GET /public/products/1724679330997.jpg at Wed Oct 23 2024 12:48:41 GMT+0300, IP: ::1, User Agent: Mozilla/5.0 (Windows NT 10.0; Win64; x64) AppleWebKit/537.36 (KHTML, like Gecko) Chrome/129.0.0.0 Safari/537.36 Edg/129.0.0.0
Response: 304 3.987 ms 

Request: GET /public/products/1724680280610.jpg at Wed Oct 23 2024 12:48:41 GMT+0300, IP: ::1, User Agent: Mozilla/5.0 (Windows NT 10.0; Win64; x64) AppleWebKit/537.36 (KHTML, like Gecko) Chrome/129.0.0.0 Safari/537.36 Edg/129.0.0.0
Response: 304 3.575 ms 

Request: GET /public/products/1724679930178.jpg at Wed Oct 23 2024 12:48:41 GMT+0300, IP: ::1, User Agent: Mozilla/5.0 (Windows NT 10.0; Win64; x64) AppleWebKit/537.36 (KHTML, like Gecko) Chrome/129.0.0.0 Safari/537.36 Edg/129.0.0.0
Response: 304 2.633 ms 

Request: GET /public/products/1724679752305.jpg at Wed Oct 23 2024 12:48:41 GMT+0300, IP: ::1, User Agent: Mozilla/5.0 (Windows NT 10.0; Win64; x64) AppleWebKit/537.36 (KHTML, like Gecko) Chrome/129.0.0.0 Safari/537.36 Edg/129.0.0.0
Response: 304 3.489 ms 

Request: GET /api/stones at Wed Oct 23 2024 12:48:53 GMT+0300, IP: ::1, User Agent: Mozilla/5.0 (Windows NT 10.0; Win64; x64) AppleWebKit/537.36 (KHTML, like Gecko) Chrome/129.0.0.0 Safari/537.36 Edg/129.0.0.0
Response Body:
[
	{
		"_id": "66cc8fb935338737ded8520e",
		"name": "אמטיסט",
		"description": "אבן האמטיסט, בגוון סגול מהפנט, נחשבת לאבן הרוחניות והשלווה. היא ידועה כמסייעת בהרגעת הנפש ובאיזון רגשי, ומציעה הגנה מפני אנרגיות שליליות. האמטיסט מתאימה במיוחד לבני ובנות מזלות דגים, בתולה, וקשת, ותורמת להעצמת האינטואיציה ולחיזוק הקשר עם העצמי הפנימי. זו האבן המושלמת למי שמחפש חיבור עמוק יותר עם הרוחניות והיציבות הרגשית.",
		"__v": 0,
		"descriptionImageFileName": "1725889236586.jpg",
		"descriptionText": ""
	},
	{
		"_id": "66cc8fb935338737ded8520f",
		"name": "רוז קוורץ",
		"description": "רוז קוורץ, אבן האהבה ללא תנאים, מגיעה בגוון ורוד רך ועדין. היא נחשבת לאבן שמביאה איתה אהבה, שלווה ושלום, ומחזקת את תחושת ההרמוניה והאמפתיה. האבן מתאימה במיוחד לבני ובנות מזלות שור, סרטן, ומאזניים, ותורמת לפיתוח מערכות יחסים עמוקות ומלאות רגש. הרוז קוורץ היא הבחירה האידיאלית עבור מי שרוצה לטפח אהבה, גם כלפי עצמו וגם כלפי אחרים.",
		"__v": 0,
		"descriptionImageFileName": "1725889263938.jpg",
		"descriptionText": ""
	},
	
...
Response: 304 3.976 ms 

Request: GET /api/stones at Wed Oct 23 2024 12:48:53 GMT+0300, IP: ::1, User Agent: Mozilla/5.0 (Windows NT 10.0; Win64; x64) AppleWebKit/537.36 (KHTML, like Gecko) Chrome/129.0.0.0 Safari/537.36 Edg/129.0.0.0
Response Body:
[
	{
		"_id": "66cc8fb935338737ded8520e",
		"name": "אמטיסט",
		"description": "אבן האמטיסט, בגוון סגול מהפנט, נחשבת לאבן הרוחניות והשלווה. היא ידועה כמסייעת בהרגעת הנפש ובאיזון רגשי, ומציעה הגנה מפני אנרגיות שליליות. האמטיסט מתאימה במיוחד לבני ובנות מזלות דגים, בתולה, וקשת, ותורמת להעצמת האינטואיציה ולחיזוק הקשר עם העצמי הפנימי. זו האבן המושלמת למי שמחפש חיבור עמוק יותר עם הרוחניות והיציבות הרגשית.",
		"__v": 0,
		"descriptionImageFileName": "1725889236586.jpg",
		"descriptionText": ""
	},
	{
		"_id": "66cc8fb935338737ded8520f",
		"name": "רוז קוורץ",
		"description": "רוז קוורץ, אבן האהבה ללא תנאים, מגיעה בגוון ורוד רך ועדין. היא נחשבת לאבן שמביאה איתה אהבה, שלווה ושלום, ומחזקת את תחושת ההרמוניה והאמפתיה. האבן מתאימה במיוחד לבני ובנות מזלות שור, סרטן, ומאזניים, ותורמת לפיתוח מערכות יחסים עמוקות ומלאות רגש. הרוז קוורץ היא הבחירה האידיאלית עבור מי שרוצה לטפח אהבה, גם כלפי עצמו וגם כלפי אחרים.",
		"__v": 0,
		"descriptionImageFileName": "1725889263938.jpg",
		"descriptionText": ""
	},
	
...
Response: 304 3.184 ms 

Request: GET / at Wed Oct 23 2024 12:51:24 GMT+0300, IP: ::1, User Agent: Mozilla/5.0 (Linux; Android 6.0; Nexus 5 Build/MRA58N) AppleWebKit/537.36 (KHTML, like Gecko) Chrome/129.0.0.0 Mobile Safari/537.36 Edg/129.0.0.0
Response: 304 0.598 ms 

Request: GET /api/products at Wed Oct 23 2024 12:51:24 GMT+0300, IP: ::1, User Agent: Mozilla/5.0 (Linux; Android 6.0; Nexus 5 Build/MRA58N) AppleWebKit/537.36 (KHTML, like Gecko) Chrome/129.0.0.0 Mobile Safari/537.36 Edg/129.0.0.0
Response Body:
[
	{
		"_id": "66cc90241508324d6c354db7",
		"title": "עגילים",
		"description": "עגילי מקרמה בעבודת יד אלו הם שילוב מושלם של עיצוב בוהו-שיק קלאסי ואמנות קראפט עכשווית. כל זוג עגילים עשוי מחוטי מקרמה איכותיים הנקשרים בקפידה ליצירת דפוסים ייחודיים ומורכבים. העגילים קלים ונוחים לענידה, ומוסיפים נגיעה של סטייל ייחודי לכל הופעה יומיומית או ערב אלגנטי. בין אם את מחפשת מתנה מקורית או תוספת אופנתית לאוסף שלך, עגילי המקרמה הללו הם הבחירה המושלמת.",
		"imageFileNames": [
			"1724679146877.jpg",
			"1724679146905.jpg",
			"1724679146913.jpg",
			"1724679146922.jpg"
		],
		"stock": 2,
		"stringAColor": "black",
		"stringBColor": "white",
		"stone": "אקוומרין",
		"category": "עגילים",
		"__v": 0,
		"discount": 20,
		"currentPrice": 280,
		"originalPrice": 350
	},
	{
		"_id": "66cc90241508324d6c354db8",
		"title": "שרשרת",
		"description": "שרשרת המקרמה הזו היא יותר מאשר תכשיט - היא יצירת אמנות של ממש. עשויה בקפידה מחוטי מקרמה איכותיים, כל שרשרת נרקמת בעבודת יד תוך תשומת לב לפרטים הקטנים ביותר. הדוג
...
Response: 304 6.092 ms 

Request: GET /api/stones at Wed Oct 23 2024 12:51:24 GMT+0300, IP: ::1, User Agent: Mozilla/5.0 (Linux; Android 6.0; Nexus 5 Build/MRA58N) AppleWebKit/537.36 (KHTML, like Gecko) Chrome/129.0.0.0 Mobile Safari/537.36 Edg/129.0.0.0
Response Body:
[
	{
		"_id": "66cc8fb935338737ded8520e",
		"name": "אמטיסט",
		"description": "אבן האמטיסט, בגוון סגול מהפנט, נחשבת לאבן הרוחניות והשלווה. היא ידועה כמסייעת בהרגעת הנפש ובאיזון רגשי, ומציעה הגנה מפני אנרגיות שליליות. האמטיסט מתאימה במיוחד לבני ובנות מזלות דגים, בתולה, וקשת, ותורמת להעצמת האינטואיציה ולחיזוק הקשר עם העצמי הפנימי. זו האבן המושלמת למי שמחפש חיבור עמוק יותר עם הרוחניות והיציבות הרגשית.",
		"__v": 0,
		"descriptionImageFileName": "1725889236586.jpg",
		"descriptionText": ""
	},
	{
		"_id": "66cc8fb935338737ded8520f",
		"name": "רוז קוורץ",
		"description": "רוז קוורץ, אבן האהבה ללא תנאים, מגיעה בגוון ורוד רך ועדין. היא נחשבת לאבן שמביאה איתה אהבה, שלווה ושלום, ומחזקת את תחושת ההרמוניה והאמפתיה. האבן מתאימה במיוחד לבני ובנות מזלות שור, סרטן, ומאזניים, ותורמת לפיתוח מערכות יחסים עמוקות ומלאות רגש. הרוז קוורץ היא הבחירה האידיאלית עבור מי שרוצה לטפח אהבה, גם כלפי עצמו וגם כלפי אחרים.",
		"__v": 0,
		"descriptionImageFileName": "1725889263938.jpg",
		"descriptionText": ""
	},
	
...
Response: 304 10.877 ms 

Request: GET / at Wed Oct 23 2024 12:51:24 GMT+0300, IP: ::1, User Agent: Mozilla/5.0 (Linux; Android 6.0; Nexus 5 Build/MRA58N) AppleWebKit/537.36 (KHTML, like Gecko) Chrome/129.0.0.0 Mobile Safari/537.36 Edg/129.0.0.0
Response: 304 4.710 ms 

Request: GET /api/categories at Wed Oct 23 2024 12:51:24 GMT+0300, IP: ::1, User Agent: Mozilla/5.0 (Linux; Android 6.0; Nexus 5 Build/MRA58N) AppleWebKit/537.36 (KHTML, like Gecko) Chrome/129.0.0.0 Mobile Safari/537.36 Edg/129.0.0.0
Response Body:
[
	{
		"_id": "66cc8fb935338737ded85208",
		"hebTitle": "צמידים",
		"engLink": "Bracelets",
		"imageFileNames": [
			"1724680280610.jpg",
			"1724680280611.jpg",
			"1724680280613.jpg",
			"1724680280613.jpg",
			"1724680280615.jpg"
		],
		"__v": 0
	},
	{
		"_id": "66cc8fb935338737ded85209",
		"hebTitle": "עגילים",
		"engLink": "earings",
		"imageFileNames": [
			"1724679146877.jpg",
			"1724679146905.jpg",
			"1724679146913.jpg",
			"1724679146922.jpg",
			"1725450626782.jpg",
			"1728390743395.jpg",
			"1728390968682.jpg",
			"1728809302122.png",
			"1728810017677.bmp",
			"1728810017767.png"
		],
		"__v": 0
	},
	{
		"_id": "66cc8fb935338737ded8520a",
		"hebTitle": "עגילי טבעת",
		"engLink": "Hook Earrings",
		"imageFileNames": [
			"1724679752305.jpg",
			"1724679752307.jpg",
			"1724679752310.jpg",
			"1724679752314.jpg",
			"1724679752333.jpg"
		],
		"__v": 0
	},
	{
		"_id": "66cc8fb935338737ded8520b",
		"hebTitle": "שרשראות",
		"engLink": "Necklaces",
		"imageFileNames": [
			"17
...
Response: 304 12.996 ms 

Request: GET /api/products at Wed Oct 23 2024 12:51:24 GMT+0300, IP: ::1, User Agent: Mozilla/5.0 (Linux; Android 6.0; Nexus 5 Build/MRA58N) AppleWebKit/537.36 (KHTML, like Gecko) Chrome/129.0.0.0 Mobile Safari/537.36 Edg/129.0.0.0
Response Body:
[
	{
		"_id": "66cc90241508324d6c354db7",
		"title": "עגילים",
		"description": "עגילי מקרמה בעבודת יד אלו הם שילוב מושלם של עיצוב בוהו-שיק קלאסי ואמנות קראפט עכשווית. כל זוג עגילים עשוי מחוטי מקרמה איכותיים הנקשרים בקפידה ליצירת דפוסים ייחודיים ומורכבים. העגילים קלים ונוחים לענידה, ומוסיפים נגיעה של סטייל ייחודי לכל הופעה יומיומית או ערב אלגנטי. בין אם את מחפשת מתנה מקורית או תוספת אופנתית לאוסף שלך, עגילי המקרמה הללו הם הבחירה המושלמת.",
		"imageFileNames": [
			"1724679146877.jpg",
			"1724679146905.jpg",
			"1724679146913.jpg",
			"1724679146922.jpg"
		],
		"stock": 2,
		"stringAColor": "black",
		"stringBColor": "white",
		"stone": "אקוומרין",
		"category": "עגילים",
		"__v": 0,
		"discount": 20,
		"currentPrice": 280,
		"originalPrice": 350
	},
	{
		"_id": "66cc90241508324d6c354db8",
		"title": "שרשרת",
		"description": "שרשרת המקרמה הזו היא יותר מאשר תכשיט - היא יצירת אמנות של ממש. עשויה בקפידה מחוטי מקרמה איכותיים, כל שרשרת נרקמת בעבודת יד תוך תשומת לב לפרטים הקטנים ביותר. הדוג
...
Response: 304 11.599 ms 

Request: GET /api/stones at Wed Oct 23 2024 12:51:24 GMT+0300, IP: ::1, User Agent: Mozilla/5.0 (Linux; Android 6.0; Nexus 5 Build/MRA58N) AppleWebKit/537.36 (KHTML, like Gecko) Chrome/129.0.0.0 Mobile Safari/537.36 Edg/129.0.0.0
Response Body:
[
	{
		"_id": "66cc8fb935338737ded8520e",
		"name": "אמטיסט",
		"description": "אבן האמטיסט, בגוון סגול מהפנט, נחשבת לאבן הרוחניות והשלווה. היא ידועה כמסייעת בהרגעת הנפש ובאיזון רגשי, ומציעה הגנה מפני אנרגיות שליליות. האמטיסט מתאימה במיוחד לבני ובנות מזלות דגים, בתולה, וקשת, ותורמת להעצמת האינטואיציה ולחיזוק הקשר עם העצמי הפנימי. זו האבן המושלמת למי שמחפש חיבור עמוק יותר עם הרוחניות והיציבות הרגשית.",
		"__v": 0,
		"descriptionImageFileName": "1725889236586.jpg",
		"descriptionText": ""
	},
	{
		"_id": "66cc8fb935338737ded8520f",
		"name": "רוז קוורץ",
		"description": "רוז קוורץ, אבן האהבה ללא תנאים, מגיעה בגוון ורוד רך ועדין. היא נחשבת לאבן שמביאה איתה אהבה, שלווה ושלום, ומחזקת את תחושת ההרמוניה והאמפתיה. האבן מתאימה במיוחד לבני ובנות מזלות שור, סרטן, ומאזניים, ותורמת לפיתוח מערכות יחסים עמוקות ומלאות רגש. הרוז קוורץ היא הבחירה האידיאלית עבור מי שרוצה לטפח אהבה, גם כלפי עצמו וגם כלפי אחרים.",
		"__v": 0,
		"descriptionImageFileName": "1725889263938.jpg",
		"descriptionText": ""
	},
	
...
Response: 304 12.034 ms 

Request: GET /api/categories at Wed Oct 23 2024 12:51:24 GMT+0300, IP: ::1, User Agent: Mozilla/5.0 (Linux; Android 6.0; Nexus 5 Build/MRA58N) AppleWebKit/537.36 (KHTML, like Gecko) Chrome/129.0.0.0 Mobile Safari/537.36 Edg/129.0.0.0
Response Body:
[
	{
		"_id": "66cc8fb935338737ded85208",
		"hebTitle": "צמידים",
		"engLink": "Bracelets",
		"imageFileNames": [
			"1724680280610.jpg",
			"1724680280611.jpg",
			"1724680280613.jpg",
			"1724680280613.jpg",
			"1724680280615.jpg"
		],
		"__v": 0
	},
	{
		"_id": "66cc8fb935338737ded85209",
		"hebTitle": "עגילים",
		"engLink": "earings",
		"imageFileNames": [
			"1724679146877.jpg",
			"1724679146905.jpg",
			"1724679146913.jpg",
			"1724679146922.jpg",
			"1725450626782.jpg",
			"1728390743395.jpg",
			"1728390968682.jpg",
			"1728809302122.png",
			"1728810017677.bmp",
			"1728810017767.png"
		],
		"__v": 0
	},
	{
		"_id": "66cc8fb935338737ded8520a",
		"hebTitle": "עגילי טבעת",
		"engLink": "Hook Earrings",
		"imageFileNames": [
			"1724679752305.jpg",
			"1724679752307.jpg",
			"1724679752310.jpg",
			"1724679752314.jpg",
			"1724679752333.jpg"
		],
		"__v": 0
	},
	{
		"_id": "66cc8fb935338737ded8520b",
		"hebTitle": "שרשראות",
		"engLink": "Necklaces",
		"imageFileNames": [
			"17
...
Response: 304 9.396 ms 

Request: GET /public/products/1724680280610.jpg at Wed Oct 23 2024 12:51:24 GMT+0300, IP: ::1, User Agent: Mozilla/5.0 (Linux; Android 6.0; Nexus 5 Build/MRA58N) AppleWebKit/537.36 (KHTML, like Gecko) Chrome/129.0.0.0 Mobile Safari/537.36 Edg/129.0.0.0
Response: 304 0.757 ms 

Request: GET /public/products/1724679146877.jpg at Wed Oct 23 2024 12:51:24 GMT+0300, IP: ::1, User Agent: Mozilla/5.0 (Linux; Android 6.0; Nexus 5 Build/MRA58N) AppleWebKit/537.36 (KHTML, like Gecko) Chrome/129.0.0.0 Mobile Safari/537.36 Edg/129.0.0.0
Response: 304 0.618 ms 

Request: GET /public/products/1724679752305.jpg at Wed Oct 23 2024 12:51:24 GMT+0300, IP: ::1, User Agent: Mozilla/5.0 (Linux; Android 6.0; Nexus 5 Build/MRA58N) AppleWebKit/537.36 (KHTML, like Gecko) Chrome/129.0.0.0 Mobile Safari/537.36 Edg/129.0.0.0
Response: 304 2.667 ms 

Request: GET /public/products/1724679930178.jpg at Wed Oct 23 2024 12:51:24 GMT+0300, IP: ::1, User Agent: Mozilla/5.0 (Linux; Android 6.0; Nexus 5 Build/MRA58N) AppleWebKit/537.36 (KHTML, like Gecko) Chrome/129.0.0.0 Mobile Safari/537.36 Edg/129.0.0.0
Response: 304 2.926 ms 

Request: GET /public/products/1724679330997.jpg at Wed Oct 23 2024 12:51:24 GMT+0300, IP: ::1, User Agent: Mozilla/5.0 (Linux; Android 6.0; Nexus 5 Build/MRA58N) AppleWebKit/537.36 (KHTML, like Gecko) Chrome/129.0.0.0 Mobile Safari/537.36 Edg/129.0.0.0
Response: 304 5.124 ms 

Request: GET / at Wed Oct 23 2024 12:57:30 GMT+0300, IP: ::1, User Agent: Mozilla/5.0 (Linux; Android 6.0; Nexus 5 Build/MRA58N) AppleWebKit/537.36 (KHTML, like Gecko) Chrome/129.0.0.0 Mobile Safari/537.36 Edg/129.0.0.0
Response: 304 9.936 ms 

Request: GET /api/products at Wed Oct 23 2024 12:57:30 GMT+0300, IP: ::1, User Agent: Mozilla/5.0 (Linux; Android 6.0; Nexus 5 Build/MRA58N) AppleWebKit/537.36 (KHTML, like Gecko) Chrome/129.0.0.0 Mobile Safari/537.36 Edg/129.0.0.0
Response Body:
[
	{
		"_id": "66cc90241508324d6c354db7",
		"title": "עגילים",
		"description": "עגילי מקרמה בעבודת יד אלו הם שילוב מושלם של עיצוב בוהו-שיק קלאסי ואמנות קראפט עכשווית. כל זוג עגילים עשוי מחוטי מקרמה איכותיים הנקשרים בקפידה ליצירת דפוסים ייחודיים ומורכבים. העגילים קלים ונוחים לענידה, ומוסיפים נגיעה של סטייל ייחודי לכל הופעה יומיומית או ערב אלגנטי. בין אם את מחפשת מתנה מקורית או תוספת אופנתית לאוסף שלך, עגילי המקרמה הללו הם הבחירה המושלמת.",
		"imageFileNames": [
			"1724679146877.jpg",
			"1724679146905.jpg",
			"1724679146913.jpg",
			"1724679146922.jpg"
		],
		"stock": 2,
		"stringAColor": "black",
		"stringBColor": "white",
		"stone": "אקוומרין",
		"category": "עגילים",
		"__v": 0,
		"discount": 20,
		"currentPrice": 280,
		"originalPrice": 350
	},
	{
		"_id": "66cc90241508324d6c354db8",
		"title": "שרשרת",
		"description": "שרשרת המקרמה הזו היא יותר מאשר תכשיט - היא יצירת אמנות של ממש. עשויה בקפידה מחוטי מקרמה איכותיים, כל שרשרת נרקמת בעבודת יד תוך תשומת לב לפרטים הקטנים ביותר. הדוג
...
Response: 304 28.622 ms 

Request: GET /api/categories at Wed Oct 23 2024 12:57:30 GMT+0300, IP: ::1, User Agent: Mozilla/5.0 (Linux; Android 6.0; Nexus 5 Build/MRA58N) AppleWebKit/537.36 (KHTML, like Gecko) Chrome/129.0.0.0 Mobile Safari/537.36 Edg/129.0.0.0
Response Body:
[
	{
		"_id": "66cc8fb935338737ded85208",
		"hebTitle": "צמידים",
		"engLink": "Bracelets",
		"imageFileNames": [
			"1724680280610.jpg",
			"1724680280611.jpg",
			"1724680280613.jpg",
			"1724680280613.jpg",
			"1724680280615.jpg"
		],
		"__v": 0
	},
	{
		"_id": "66cc8fb935338737ded85209",
		"hebTitle": "עגילים",
		"engLink": "earings",
		"imageFileNames": [
			"1724679146877.jpg",
			"1724679146905.jpg",
			"1724679146913.jpg",
			"1724679146922.jpg",
			"1725450626782.jpg",
			"1728390743395.jpg",
			"1728390968682.jpg",
			"1728809302122.png",
			"1728810017677.bmp",
			"1728810017767.png"
		],
		"__v": 0
	},
	{
		"_id": "66cc8fb935338737ded8520a",
		"hebTitle": "עגילי טבעת",
		"engLink": "Hook Earrings",
		"imageFileNames": [
			"1724679752305.jpg",
			"1724679752307.jpg",
			"1724679752310.jpg",
			"1724679752314.jpg",
			"1724679752333.jpg"
		],
		"__v": 0
	},
	{
		"_id": "66cc8fb935338737ded8520b",
		"hebTitle": "שרשראות",
		"engLink": "Necklaces",
		"imageFileNames": [
			"17
...
Response: 304 24.881 ms 

Request: GET / at Wed Oct 23 2024 12:57:30 GMT+0300, IP: ::1, User Agent: Mozilla/5.0 (Linux; Android 6.0; Nexus 5 Build/MRA58N) AppleWebKit/537.36 (KHTML, like Gecko) Chrome/129.0.0.0 Mobile Safari/537.36 Edg/129.0.0.0
Response: 304 19.032 ms 

Request: GET /api/products at Wed Oct 23 2024 12:57:30 GMT+0300, IP: ::1, User Agent: Mozilla/5.0 (Linux; Android 6.0; Nexus 5 Build/MRA58N) AppleWebKit/537.36 (KHTML, like Gecko) Chrome/129.0.0.0 Mobile Safari/537.36 Edg/129.0.0.0
Response Body:
[
	{
		"_id": "66cc90241508324d6c354db7",
		"title": "עגילים",
		"description": "עגילי מקרמה בעבודת יד אלו הם שילוב מושלם של עיצוב בוהו-שיק קלאסי ואמנות קראפט עכשווית. כל זוג עגילים עשוי מחוטי מקרמה איכותיים הנקשרים בקפידה ליצירת דפוסים ייחודיים ומורכבים. העגילים קלים ונוחים לענידה, ומוסיפים נגיעה של סטייל ייחודי לכל הופעה יומיומית או ערב אלגנטי. בין אם את מחפשת מתנה מקורית או תוספת אופנתית לאוסף שלך, עגילי המקרמה הללו הם הבחירה המושלמת.",
		"imageFileNames": [
			"1724679146877.jpg",
			"1724679146905.jpg",
			"1724679146913.jpg",
			"1724679146922.jpg"
		],
		"stock": 2,
		"stringAColor": "black",
		"stringBColor": "white",
		"stone": "אקוומרין",
		"category": "עגילים",
		"__v": 0,
		"discount": 20,
		"currentPrice": 280,
		"originalPrice": 350
	},
	{
		"_id": "66cc90241508324d6c354db8",
		"title": "שרשרת",
		"description": "שרשרת המקרמה הזו היא יותר מאשר תכשיט - היא יצירת אמנות של ממש. עשויה בקפידה מחוטי מקרמה איכותיים, כל שרשרת נרקמת בעבודת יד תוך תשומת לב לפרטים הקטנים ביותר. הדוג
...
Response: 304 16.246 ms 

Request: GET /api/stones at Wed Oct 23 2024 12:57:30 GMT+0300, IP: ::1, User Agent: Mozilla/5.0 (Linux; Android 6.0; Nexus 5 Build/MRA58N) AppleWebKit/537.36 (KHTML, like Gecko) Chrome/129.0.0.0 Mobile Safari/537.36 Edg/129.0.0.0
Response Body:
[
	{
		"_id": "66cc8fb935338737ded8520e",
		"name": "אמטיסט",
		"description": "אבן האמטיסט, בגוון סגול מהפנט, נחשבת לאבן הרוחניות והשלווה. היא ידועה כמסייעת בהרגעת הנפש ובאיזון רגשי, ומציעה הגנה מפני אנרגיות שליליות. האמטיסט מתאימה במיוחד לבני ובנות מזלות דגים, בתולה, וקשת, ותורמת להעצמת האינטואיציה ולחיזוק הקשר עם העצמי הפנימי. זו האבן המושלמת למי שמחפש חיבור עמוק יותר עם הרוחניות והיציבות הרגשית.",
		"__v": 1,
		"descriptionImageFileName": "1725889236586.jpg",
		"descriptionText": "",
		"zodiacs": []
	},
	{
		"_id": "66cc8fb935338737ded8520f",
		"name": "רוז קוורץ",
		"description": "רוז קוורץ, אבן האהבה ללא תנאים, מגיעה בגוון ורוד רך ועדין. היא נחשבת לאבן שמביאה איתה אהבה, שלווה ושלום, ומחזקת את תחושת ההרמוניה והאמפתיה. האבן מתאימה במיוחד לבני ובנות מזלות שור, סרטן, ומאזניים, ותורמת לפיתוח מערכות יחסים עמוקות ומלאות רגש. הרוז קוורץ היא הבחירה האידיאלית עבור מי שרוצה לטפח אהבה, גם כלפי עצמו וגם כלפי אחרים.",
		"__v": 1,
		"descriptionImageFileName": "1725889263938.jpg",
		"descripti
...
Response: 304 12.188 ms 

Request: GET /api/categories at Wed Oct 23 2024 12:57:30 GMT+0300, IP: ::1, User Agent: Mozilla/5.0 (Linux; Android 6.0; Nexus 5 Build/MRA58N) AppleWebKit/537.36 (KHTML, like Gecko) Chrome/129.0.0.0 Mobile Safari/537.36 Edg/129.0.0.0
Response Body:
[
	{
		"_id": "66cc8fb935338737ded85208",
		"hebTitle": "צמידים",
		"engLink": "Bracelets",
		"imageFileNames": [
			"1724680280610.jpg",
			"1724680280611.jpg",
			"1724680280613.jpg",
			"1724680280613.jpg",
			"1724680280615.jpg"
		],
		"__v": 0
	},
	{
		"_id": "66cc8fb935338737ded85209",
		"hebTitle": "עגילים",
		"engLink": "earings",
		"imageFileNames": [
			"1724679146877.jpg",
			"1724679146905.jpg",
			"1724679146913.jpg",
			"1724679146922.jpg",
			"1725450626782.jpg",
			"1728390743395.jpg",
			"1728390968682.jpg",
			"1728809302122.png",
			"1728810017677.bmp",
			"1728810017767.png"
		],
		"__v": 0
	},
	{
		"_id": "66cc8fb935338737ded8520a",
		"hebTitle": "עגילי טבעת",
		"engLink": "Hook Earrings",
		"imageFileNames": [
			"1724679752305.jpg",
			"1724679752307.jpg",
			"1724679752310.jpg",
			"1724679752314.jpg",
			"1724679752333.jpg"
		],
		"__v": 0
	},
	{
		"_id": "66cc8fb935338737ded8520b",
		"hebTitle": "שרשראות",
		"engLink": "Necklaces",
		"imageFileNames": [
			"17
...
Response: 304 15.659 ms 

Request: GET /public/products/1724680280610.jpg at Wed Oct 23 2024 12:57:30 GMT+0300, IP: ::1, User Agent: Mozilla/5.0 (Linux; Android 6.0; Nexus 5 Build/MRA58N) AppleWebKit/537.36 (KHTML, like Gecko) Chrome/129.0.0.0 Mobile Safari/537.36 Edg/129.0.0.0
Response: 304 4.251 ms 

Request: GET /public/products/1724679146877.jpg at Wed Oct 23 2024 12:57:30 GMT+0300, IP: ::1, User Agent: Mozilla/5.0 (Linux; Android 6.0; Nexus 5 Build/MRA58N) AppleWebKit/537.36 (KHTML, like Gecko) Chrome/129.0.0.0 Mobile Safari/537.36 Edg/129.0.0.0
Response: 304 6.463 ms 

Request: GET /public/products/1724679330997.jpg at Wed Oct 23 2024 12:57:30 GMT+0300, IP: ::1, User Agent: Mozilla/5.0 (Linux; Android 6.0; Nexus 5 Build/MRA58N) AppleWebKit/537.36 (KHTML, like Gecko) Chrome/129.0.0.0 Mobile Safari/537.36 Edg/129.0.0.0
Response: 304 6.256 ms 

Request: GET /public/products/1724679752305.jpg at Wed Oct 23 2024 12:57:30 GMT+0300, IP: ::1, User Agent: Mozilla/5.0 (Linux; Android 6.0; Nexus 5 Build/MRA58N) AppleWebKit/537.36 (KHTML, like Gecko) Chrome/129.0.0.0 Mobile Safari/537.36 Edg/129.0.0.0
Response: 304 8.417 ms 

Request: GET /public/products/1724679930178.jpg at Wed Oct 23 2024 12:57:30 GMT+0300, IP: ::1, User Agent: Mozilla/5.0 (Linux; Android 6.0; Nexus 5 Build/MRA58N) AppleWebKit/537.36 (KHTML, like Gecko) Chrome/129.0.0.0 Mobile Safari/537.36 Edg/129.0.0.0
Response: 304 9.330 ms 

Request: GET /api/stones at Wed Oct 23 2024 12:58:30 GMT+0300, IP: ::1, User Agent: Mozilla/5.0 (Linux; Android 6.0; Nexus 5 Build/MRA58N) AppleWebKit/537.36 (KHTML, like Gecko) Chrome/129.0.0.0 Mobile Safari/537.36 Edg/129.0.0.0
Response Body:
[
	{
		"_id": "66cc8fb935338737ded8520e",
		"name": "אמטיסט",
		"description": "אבן האמטיסט, בגוון סגול מהפנט, נחשבת לאבן הרוחניות והשלווה. היא ידועה כמסייעת בהרגעת הנפש ובאיזון רגשי, ומציעה הגנה מפני אנרגיות שליליות. האמטיסט מתאימה במיוחד לבני ובנות מזלות דגים, בתולה, וקשת, ותורמת להעצמת האינטואיציה ולחיזוק הקשר עם העצמי הפנימי. זו האבן המושלמת למי שמחפש חיבור עמוק יותר עם הרוחניות והיציבות הרגשית.",
		"__v": 1,
		"descriptionImageFileName": "1725889236586.jpg",
		"descriptionText": "",
		"zodiacs": []
	},
	{
		"_id": "66cc8fb935338737ded8520f",
		"name": "רוז קוורץ",
		"description": "רוז קוורץ, אבן האהבה ללא תנאים, מגיעה בגוון ורוד רך ועדין. היא נחשבת לאבן שמביאה איתה אהבה, שלווה ושלום, ומחזקת את תחושת ההרמוניה והאמפתיה. האבן מתאימה במיוחד לבני ובנות מזלות שור, סרטן, ומאזניים, ותורמת לפיתוח מערכות יחסים עמוקות ומלאות רגש. הרוז קוורץ היא הבחירה האידיאלית עבור מי שרוצה לטפח אהבה, גם כלפי עצמו וגם כלפי אחרים.",
		"__v": 1,
		"descriptionImageFileName": "1725889263938.jpg",
		"descripti
...
Response: 304 2.850 ms 

Request: GET /api/stones at Wed Oct 23 2024 12:58:30 GMT+0300, IP: ::1, User Agent: Mozilla/5.0 (Linux; Android 6.0; Nexus 5 Build/MRA58N) AppleWebKit/537.36 (KHTML, like Gecko) Chrome/129.0.0.0 Mobile Safari/537.36 Edg/129.0.0.0
Response Body:
[
	{
		"_id": "66cc8fb935338737ded8520e",
		"name": "אמטיסט",
		"description": "אבן האמטיסט, בגוון סגול מהפנט, נחשבת לאבן הרוחניות והשלווה. היא ידועה כמסייעת בהרגעת הנפש ובאיזון רגשי, ומציעה הגנה מפני אנרגיות שליליות. האמטיסט מתאימה במיוחד לבני ובנות מזלות דגים, בתולה, וקשת, ותורמת להעצמת האינטואיציה ולחיזוק הקשר עם העצמי הפנימי. זו האבן המושלמת למי שמחפש חיבור עמוק יותר עם הרוחניות והיציבות הרגשית.",
		"__v": 1,
		"descriptionImageFileName": "1725889236586.jpg",
		"descriptionText": "",
		"zodiacs": []
	},
	{
		"_id": "66cc8fb935338737ded8520f",
		"name": "רוז קוורץ",
		"description": "רוז קוורץ, אבן האהבה ללא תנאים, מגיעה בגוון ורוד רך ועדין. היא נחשבת לאבן שמביאה איתה אהבה, שלווה ושלום, ומחזקת את תחושת ההרמוניה והאמפתיה. האבן מתאימה במיוחד לבני ובנות מזלות שור, סרטן, ומאזניים, ותורמת לפיתוח מערכות יחסים עמוקות ומלאות רגש. הרוז קוורץ היא הבחירה האידיאלית עבור מי שרוצה לטפח אהבה, גם כלפי עצמו וגם כלפי אחרים.",
		"__v": 1,
		"descriptionImageFileName": "1725889263938.jpg",
		"descripti
...
Response: 304 4.579 ms 

Request: GET /api/stones at Wed Oct 23 2024 12:58:32 GMT+0300, IP: ::1, User Agent: Mozilla/5.0 (Linux; Android 6.0; Nexus 5 Build/MRA58N) AppleWebKit/537.36 (KHTML, like Gecko) Chrome/129.0.0.0 Mobile Safari/537.36 Edg/129.0.0.0
Response Body:
[
	{
		"_id": "66cc8fb935338737ded8520e",
		"name": "אמטיסט",
		"description": "אבן האמטיסט, בגוון סגול מהפנט, נחשבת לאבן הרוחניות והשלווה. היא ידועה כמסייעת בהרגעת הנפש ובאיזון רגשי, ומציעה הגנה מפני אנרגיות שליליות. האמטיסט מתאימה במיוחד לבני ובנות מזלות דגים, בתולה, וקשת, ותורמת להעצמת האינטואיציה ולחיזוק הקשר עם העצמי הפנימי. זו האבן המושלמת למי שמחפש חיבור עמוק יותר עם הרוחניות והיציבות הרגשית.",
		"__v": 1,
		"descriptionImageFileName": "1725889236586.jpg",
		"descriptionText": "",
		"zodiacs": []
	},
	{
		"_id": "66cc8fb935338737ded8520f",
		"name": "רוז קוורץ",
		"description": "רוז קוורץ, אבן האהבה ללא תנאים, מגיעה בגוון ורוד רך ועדין. היא נחשבת לאבן שמביאה איתה אהבה, שלווה ושלום, ומחזקת את תחושת ההרמוניה והאמפתיה. האבן מתאימה במיוחד לבני ובנות מזלות שור, סרטן, ומאזניים, ותורמת לפיתוח מערכות יחסים עמוקות ומלאות רגש. הרוז קוורץ היא הבחירה האידיאלית עבור מי שרוצה לטפח אהבה, גם כלפי עצמו וגם כלפי אחרים.",
		"__v": 1,
		"descriptionImageFileName": "1725889263938.jpg",
		"descripti
...
Response: 304 2.855 ms 

Request: GET /api/stones at Wed Oct 23 2024 12:58:32 GMT+0300, IP: ::1, User Agent: Mozilla/5.0 (Linux; Android 6.0; Nexus 5 Build/MRA58N) AppleWebKit/537.36 (KHTML, like Gecko) Chrome/129.0.0.0 Mobile Safari/537.36 Edg/129.0.0.0
Response Body:
[
	{
		"_id": "66cc8fb935338737ded8520e",
		"name": "אמטיסט",
		"description": "אבן האמטיסט, בגוון סגול מהפנט, נחשבת לאבן הרוחניות והשלווה. היא ידועה כמסייעת בהרגעת הנפש ובאיזון רגשי, ומציעה הגנה מפני אנרגיות שליליות. האמטיסט מתאימה במיוחד לבני ובנות מזלות דגים, בתולה, וקשת, ותורמת להעצמת האינטואיציה ולחיזוק הקשר עם העצמי הפנימי. זו האבן המושלמת למי שמחפש חיבור עמוק יותר עם הרוחניות והיציבות הרגשית.",
		"__v": 1,
		"descriptionImageFileName": "1725889236586.jpg",
		"descriptionText": "",
		"zodiacs": []
	},
	{
		"_id": "66cc8fb935338737ded8520f",
		"name": "רוז קוורץ",
		"description": "רוז קוורץ, אבן האהבה ללא תנאים, מגיעה בגוון ורוד רך ועדין. היא נחשבת לאבן שמביאה איתה אהבה, שלווה ושלום, ומחזקת את תחושת ההרמוניה והאמפתיה. האבן מתאימה במיוחד לבני ובנות מזלות שור, סרטן, ומאזניים, ותורמת לפיתוח מערכות יחסים עמוקות ומלאות רגש. הרוז קוורץ היא הבחירה האידיאלית עבור מי שרוצה לטפח אהבה, גם כלפי עצמו וגם כלפי אחרים.",
		"__v": 1,
		"descriptionImageFileName": "1725889263938.jpg",
		"descripti
...
Response: 304 3.253 ms 

Request: GET /api/stones at Wed Oct 23 2024 12:58:36 GMT+0300, IP: ::1, User Agent: Mozilla/5.0 (Linux; Android 6.0; Nexus 5 Build/MRA58N) AppleWebKit/537.36 (KHTML, like Gecko) Chrome/129.0.0.0 Mobile Safari/537.36 Edg/129.0.0.0
Response Body:
[
	{
		"_id": "66cc8fb935338737ded8520e",
		"name": "אמטיסט",
		"description": "אבן האמטיסט, בגוון סגול מהפנט, נחשבת לאבן הרוחניות והשלווה. היא ידועה כמסייעת בהרגעת הנפש ובאיזון רגשי, ומציעה הגנה מפני אנרגיות שליליות. האמטיסט מתאימה במיוחד לבני ובנות מזלות דגים, בתולה, וקשת, ותורמת להעצמת האינטואיציה ולחיזוק הקשר עם העצמי הפנימי. זו האבן המושלמת למי שמחפש חיבור עמוק יותר עם הרוחניות והיציבות הרגשית.",
		"__v": 1,
		"descriptionImageFileName": "1725889236586.jpg",
		"descriptionText": "",
		"zodiacs": []
	},
	{
		"_id": "66cc8fb935338737ded8520f",
		"name": "רוז קוורץ",
		"description": "רוז קוורץ, אבן האהבה ללא תנאים, מגיעה בגוון ורוד רך ועדין. היא נחשבת לאבן שמביאה איתה אהבה, שלווה ושלום, ומחזקת את תחושת ההרמוניה והאמפתיה. האבן מתאימה במיוחד לבני ובנות מזלות שור, סרטן, ומאזניים, ותורמת לפיתוח מערכות יחסים עמוקות ומלאות רגש. הרוז קוורץ היא הבחירה האידיאלית עבור מי שרוצה לטפח אהבה, גם כלפי עצמו וגם כלפי אחרים.",
		"__v": 1,
		"descriptionImageFileName": "1725889263938.jpg",
		"descripti
...
Response: 304 3.413 ms 

Request: GET /api/stones at Wed Oct 23 2024 12:58:36 GMT+0300, IP: ::1, User Agent: Mozilla/5.0 (Linux; Android 6.0; Nexus 5 Build/MRA58N) AppleWebKit/537.36 (KHTML, like Gecko) Chrome/129.0.0.0 Mobile Safari/537.36 Edg/129.0.0.0
Response Body:
[
	{
		"_id": "66cc8fb935338737ded8520e",
		"name": "אמטיסט",
		"description": "אבן האמטיסט, בגוון סגול מהפנט, נחשבת לאבן הרוחניות והשלווה. היא ידועה כמסייעת בהרגעת הנפש ובאיזון רגשי, ומציעה הגנה מפני אנרגיות שליליות. האמטיסט מתאימה במיוחד לבני ובנות מזלות דגים, בתולה, וקשת, ותורמת להעצמת האינטואיציה ולחיזוק הקשר עם העצמי הפנימי. זו האבן המושלמת למי שמחפש חיבור עמוק יותר עם הרוחניות והיציבות הרגשית.",
		"__v": 1,
		"descriptionImageFileName": "1725889236586.jpg",
		"descriptionText": "",
		"zodiacs": []
	},
	{
		"_id": "66cc8fb935338737ded8520f",
		"name": "רוז קוורץ",
		"description": "רוז קוורץ, אבן האהבה ללא תנאים, מגיעה בגוון ורוד רך ועדין. היא נחשבת לאבן שמביאה איתה אהבה, שלווה ושלום, ומחזקת את תחושת ההרמוניה והאמפתיה. האבן מתאימה במיוחד לבני ובנות מזלות שור, סרטן, ומאזניים, ותורמת לפיתוח מערכות יחסים עמוקות ומלאות רגש. הרוז קוורץ היא הבחירה האידיאלית עבור מי שרוצה לטפח אהבה, גם כלפי עצמו וגם כלפי אחרים.",
		"__v": 1,
		"descriptionImageFileName": "1725889263938.jpg",
		"descripti
...
Response: 304 3.981 ms 

Request: GET /api/stones at Wed Oct 23 2024 12:58:57 GMT+0300, IP: ::1, User Agent: Mozilla/5.0 (Linux; Android 6.0; Nexus 5 Build/MRA58N) AppleWebKit/537.36 (KHTML, like Gecko) Chrome/129.0.0.0 Mobile Safari/537.36 Edg/129.0.0.0
Response Body:
[
	{
		"_id": "66cc8fb935338737ded8520e",
		"name": "אמטיסט",
		"description": "אבן האמטיסט, בגוון סגול מהפנט, נחשבת לאבן הרוחניות והשלווה. היא ידועה כמסייעת בהרגעת הנפש ובאיזון רגשי, ומציעה הגנה מפני אנרגיות שליליות. האמטיסט מתאימה במיוחד לבני ובנות מזלות דגים, בתולה, וקשת, ותורמת להעצמת האינטואיציה ולחיזוק הקשר עם העצמי הפנימי. זו האבן המושלמת למי שמחפש חיבור עמוק יותר עם הרוחניות והיציבות הרגשית.",
		"__v": 1,
		"descriptionImageFileName": "1725889236586.jpg",
		"descriptionText": "לורם איפסום דולור סיט אמט, קונסקטורר אדיפיסינג אלית קולורס מונפרד אדנדום סילקוף, מרגשי ומרגשח. עמחליף נולום ארווס סאפיאן - פוסיליס קוויס, אקווזמן ליבם סולגק. בראיט ולחת צורק מונחף, בגורמי מגמש. תרבנך וסתעד לכנו סתשם השמה - לתכי מורגם בורק? לתיג ישבעס.\n\nקולורס מונפרד אדנדום סילקוף, מרגשי ומרגשח. עמחליף קונסקטורר אדיפיסינג אלית. סת אלמנקום ניסי נון ניבאה. דס איאקוליס וולופטה דיאם. וסטיבולום אט דולור, קראס אגת לקטוס וואל אאוגו וסטיבולום סוליסי טידום בעליק. קונדימנטום קורוס בליקרה, נונסטי קלובר בריקנה סטום,
...
Response: 304 2.802 ms 

Request: GET /api/stones at Wed Oct 23 2024 12:58:57 GMT+0300, IP: ::1, User Agent: Mozilla/5.0 (Linux; Android 6.0; Nexus 5 Build/MRA58N) AppleWebKit/537.36 (KHTML, like Gecko) Chrome/129.0.0.0 Mobile Safari/537.36 Edg/129.0.0.0
Response Body:
[
	{
		"_id": "66cc8fb935338737ded8520e",
		"name": "אמטיסט",
		"description": "אבן האמטיסט, בגוון סגול מהפנט, נחשבת לאבן הרוחניות והשלווה. היא ידועה כמסייעת בהרגעת הנפש ובאיזון רגשי, ומציעה הגנה מפני אנרגיות שליליות. האמטיסט מתאימה במיוחד לבני ובנות מזלות דגים, בתולה, וקשת, ותורמת להעצמת האינטואיציה ולחיזוק הקשר עם העצמי הפנימי. זו האבן המושלמת למי שמחפש חיבור עמוק יותר עם הרוחניות והיציבות הרגשית.",
		"__v": 1,
		"descriptionImageFileName": "1725889236586.jpg",
		"descriptionText": "לורם איפסום דולור סיט אמט, קונסקטורר אדיפיסינג אלית קולורס מונפרד אדנדום סילקוף, מרגשי ומרגשח. עמחליף נולום ארווס סאפיאן - פוסיליס קוויס, אקווזמן ליבם סולגק. בראיט ולחת צורק מונחף, בגורמי מגמש. תרבנך וסתעד לכנו סתשם השמה - לתכי מורגם בורק? לתיג ישבעס.\n\nקולורס מונפרד אדנדום סילקוף, מרגשי ומרגשח. עמחליף קונסקטורר אדיפיסינג אלית. סת אלמנקום ניסי נון ניבאה. דס איאקוליס וולופטה דיאם. וסטיבולום אט דולור, קראס אגת לקטוס וואל אאוגו וסטיבולום סוליסי טידום בעליק. קונדימנטום קורוס בליקרה, נונסטי קלובר בריקנה סטום,
...
Response: 304 3.038 ms 

Request: GET /api/products at Wed Oct 23 2024 13:02:24 GMT+0300, IP: ::1, User Agent: Mozilla/5.0 (Linux; Android 6.0; Nexus 5 Build/MRA58N) AppleWebKit/537.36 (KHTML, like Gecko) Chrome/129.0.0.0 Mobile Safari/537.36 Edg/129.0.0.0
Response Body:
[
	{
		"_id": "66cc90241508324d6c354db7",
		"title": "עגילים",
		"description": "עגילי מקרמה בעבודת יד אלו הם שילוב מושלם של עיצוב בוהו-שיק קלאסי ואמנות קראפט עכשווית. כל זוג עגילים עשוי מחוטי מקרמה איכותיים הנקשרים בקפידה ליצירת דפוסים ייחודיים ומורכבים. העגילים קלים ונוחים לענידה, ומוסיפים נגיעה של סטייל ייחודי לכל הופעה יומיומית או ערב אלגנטי. בין אם את מחפשת מתנה מקורית או תוספת אופנתית לאוסף שלך, עגילי המקרמה הללו הם הבחירה המושלמת.",
		"imageFileNames": [
			"1724679146877.jpg",
			"1724679146905.jpg",
			"1724679146913.jpg",
			"1724679146922.jpg"
		],
		"stock": 2,
		"stringAColor": "black",
		"stringBColor": "white",
		"stone": "אקוומרין",
		"category": "עגילים",
		"__v": 0,
		"discount": 20,
		"currentPrice": 280,
		"originalPrice": 350
	},
	{
		"_id": "66cc90241508324d6c354db8",
		"title": "שרשרת",
		"description": "שרשרת המקרמה הזו היא יותר מאשר תכשיט - היא יצירת אמנות של ממש. עשויה בקפידה מחוטי מקרמה איכותיים, כל שרשרת נרקמת בעבודת יד תוך תשומת לב לפרטים הקטנים ביותר. הדוג
...
Response: 304 7.758 ms 

Request: GET /api/stones at Wed Oct 23 2024 13:02:24 GMT+0300, IP: ::1, User Agent: Mozilla/5.0 (Linux; Android 6.0; Nexus 5 Build/MRA58N) AppleWebKit/537.36 (KHTML, like Gecko) Chrome/129.0.0.0 Mobile Safari/537.36 Edg/129.0.0.0
Response Body:
[
	{
		"_id": "66cc8fb935338737ded8520e",
		"name": "אמטיסט",
		"description": "אבן האמטיסט, בגוון סגול מהפנט, נחשבת לאבן הרוחניות והשלווה. היא ידועה כמסייעת בהרגעת הנפש ובאיזון רגשי, ומציעה הגנה מפני אנרגיות שליליות. האמטיסט מתאימה במיוחד לבני ובנות מזלות דגים, בתולה, וקשת, ותורמת להעצמת האינטואיציה ולחיזוק הקשר עם העצמי הפנימי. זו האבן המושלמת למי שמחפש חיבור עמוק יותר עם הרוחניות והיציבות הרגשית.",
		"__v": 1,
		"descriptionImageFileName": "1725889236586.jpg",
		"descriptionText": "לורם איפסום דולור סיט אמט, קונסקטורר אדיפיסינג אלית קולורס מונפרד אדנדום סילקוף, מרגשי ומרגשח. עמחליף נולום ארווס סאפיאן - פוסיליס קוויס, אקווזמן ליבם סולגק. בראיט ולחת צורק מונחף, בגורמי מגמש. תרבנך וסתעד לכנו סתשם השמה - לתכי מורגם בורק? לתיג ישבעס.\n\nקולורס מונפרד אדנדום סילקוף, מרגשי ומרגשח. עמחליף קונסקטורר אדיפיסינג אלית. סת אלמנקום ניסי נון ניבאה. דס איאקוליס וולופטה דיאם. וסטיבולום אט דולור, קראס אגת לקטוס וואל אאוגו וסטיבולום סוליסי טידום בעליק. קונדימנטום קורוס בליקרה, נונסטי קלובר בריקנה סטום,
...
Response: 304 9.333 ms 

Request: GET / at Wed Oct 23 2024 13:02:24 GMT+0300, IP: ::1, User Agent: Mozilla/5.0 (Linux; Android 6.0; Nexus 5 Build/MRA58N) AppleWebKit/537.36 (KHTML, like Gecko) Chrome/129.0.0.0 Mobile Safari/537.36 Edg/129.0.0.0
Response: 304 15.869 ms 

Request: GET / at Wed Oct 23 2024 13:02:24 GMT+0300, IP: ::1, User Agent: Mozilla/5.0 (Linux; Android 6.0; Nexus 5 Build/MRA58N) AppleWebKit/537.36 (KHTML, like Gecko) Chrome/129.0.0.0 Mobile Safari/537.36 Edg/129.0.0.0
Response: 304 0.735 ms 

Request: GET /api/products at Wed Oct 23 2024 13:02:24 GMT+0300, IP: ::1, User Agent: Mozilla/5.0 (Linux; Android 6.0; Nexus 5 Build/MRA58N) AppleWebKit/537.36 (KHTML, like Gecko) Chrome/129.0.0.0 Mobile Safari/537.36 Edg/129.0.0.0
Response Body:
[
	{
		"_id": "66cc90241508324d6c354db7",
		"title": "עגילים",
		"description": "עגילי מקרמה בעבודת יד אלו הם שילוב מושלם של עיצוב בוהו-שיק קלאסי ואמנות קראפט עכשווית. כל זוג עגילים עשוי מחוטי מקרמה איכותיים הנקשרים בקפידה ליצירת דפוסים ייחודיים ומורכבים. העגילים קלים ונוחים לענידה, ומוסיפים נגיעה של סטייל ייחודי לכל הופעה יומיומית או ערב אלגנטי. בין אם את מחפשת מתנה מקורית או תוספת אופנתית לאוסף שלך, עגילי המקרמה הללו הם הבחירה המושלמת.",
		"imageFileNames": [
			"1724679146877.jpg",
			"1724679146905.jpg",
			"1724679146913.jpg",
			"1724679146922.jpg"
		],
		"stock": 2,
		"stringAColor": "black",
		"stringBColor": "white",
		"stone": "אקוומרין",
		"category": "עגילים",
		"__v": 0,
		"discount": 20,
		"currentPrice": 280,
		"originalPrice": 350
	},
	{
		"_id": "66cc90241508324d6c354db8",
		"title": "שרשרת",
		"description": "שרשרת המקרמה הזו היא יותר מאשר תכשיט - היא יצירת אמנות של ממש. עשויה בקפידה מחוטי מקרמה איכותיים, כל שרשרת נרקמת בעבודת יד תוך תשומת לב לפרטים הקטנים ביותר. הדוג
...
Response: 304 5.482 ms 

Request: GET /api/stones at Wed Oct 23 2024 13:02:24 GMT+0300, IP: ::1, User Agent: Mozilla/5.0 (Linux; Android 6.0; Nexus 5 Build/MRA58N) AppleWebKit/537.36 (KHTML, like Gecko) Chrome/129.0.0.0 Mobile Safari/537.36 Edg/129.0.0.0
Response Body:
[
	{
		"_id": "66cc8fb935338737ded8520e",
		"name": "אמטיסט",
		"description": "אבן האמטיסט, בגוון סגול מהפנט, נחשבת לאבן הרוחניות והשלווה. היא ידועה כמסייעת בהרגעת הנפש ובאיזון רגשי, ומציעה הגנה מפני אנרגיות שליליות. האמטיסט מתאימה במיוחד לבני ובנות מזלות דגים, בתולה, וקשת, ותורמת להעצמת האינטואיציה ולחיזוק הקשר עם העצמי הפנימי. זו האבן המושלמת למי שמחפש חיבור עמוק יותר עם הרוחניות והיציבות הרגשית.",
		"__v": 1,
		"descriptionImageFileName": "1725889236586.jpg",
		"descriptionText": "לורם איפסום דולור סיט אמט, קונסקטורר אדיפיסינג אלית קולורס מונפרד אדנדום סילקוף, מרגשי ומרגשח. עמחליף נולום ארווס סאפיאן - פוסיליס קוויס, אקווזמן ליבם סולגק. בראיט ולחת צורק מונחף, בגורמי מגמש. תרבנך וסתעד לכנו סתשם השמה - לתכי מורגם בורק? לתיג ישבעס.\n\nקולורס מונפרד אדנדום סילקוף, מרגשי ומרגשח. עמחליף קונסקטורר אדיפיסינג אלית. סת אלמנקום ניסי נון ניבאה. דס איאקוליס וולופטה דיאם. וסטיבולום אט דולור, קראס אגת לקטוס וואל אאוגו וסטיבולום סוליסי טידום בעליק. קונדימנטום קורוס בליקרה, נונסטי קלובר בריקנה סטום,
...
Response: 304 7.510 ms 

Request: GET /api/categories at Wed Oct 23 2024 13:02:24 GMT+0300, IP: ::1, User Agent: Mozilla/5.0 (Linux; Android 6.0; Nexus 5 Build/MRA58N) AppleWebKit/537.36 (KHTML, like Gecko) Chrome/129.0.0.0 Mobile Safari/537.36 Edg/129.0.0.0
Response Body:
[
	{
		"_id": "66cc8fb935338737ded85208",
		"hebTitle": "צמידים",
		"engLink": "Bracelets",
		"imageFileNames": [
			"1724680280610.jpg",
			"1724680280611.jpg",
			"1724680280613.jpg",
			"1724680280613.jpg",
			"1724680280615.jpg"
		],
		"__v": 0
	},
	{
		"_id": "66cc8fb935338737ded85209",
		"hebTitle": "עגילים",
		"engLink": "earings",
		"imageFileNames": [
			"1724679146877.jpg",
			"1724679146905.jpg",
			"1724679146913.jpg",
			"1724679146922.jpg",
			"1725450626782.jpg",
			"1728390743395.jpg",
			"1728390968682.jpg",
			"1728809302122.png",
			"1728810017677.bmp",
			"1728810017767.png"
		],
		"__v": 0
	},
	{
		"_id": "66cc8fb935338737ded8520a",
		"hebTitle": "עגילי טבעת",
		"engLink": "Hook Earrings",
		"imageFileNames": [
			"1724679752305.jpg",
			"1724679752307.jpg",
			"1724679752310.jpg",
			"1724679752314.jpg",
			"1724679752333.jpg"
		],
		"__v": 0
	},
	{
		"_id": "66cc8fb935338737ded8520b",
		"hebTitle": "שרשראות",
		"engLink": "Necklaces",
		"imageFileNames": [
			"17
...
Response: 304 28.314 ms 

Request: GET /api/categories at Wed Oct 23 2024 13:02:24 GMT+0300, IP: ::1, User Agent: Mozilla/5.0 (Linux; Android 6.0; Nexus 5 Build/MRA58N) AppleWebKit/537.36 (KHTML, like Gecko) Chrome/129.0.0.0 Mobile Safari/537.36 Edg/129.0.0.0
Response Body:
[
	{
		"_id": "66cc8fb935338737ded85208",
		"hebTitle": "צמידים",
		"engLink": "Bracelets",
		"imageFileNames": [
			"1724680280610.jpg",
			"1724680280611.jpg",
			"1724680280613.jpg",
			"1724680280613.jpg",
			"1724680280615.jpg"
		],
		"__v": 0
	},
	{
		"_id": "66cc8fb935338737ded85209",
		"hebTitle": "עגילים",
		"engLink": "earings",
		"imageFileNames": [
			"1724679146877.jpg",
			"1724679146905.jpg",
			"1724679146913.jpg",
			"1724679146922.jpg",
			"1725450626782.jpg",
			"1728390743395.jpg",
			"1728390968682.jpg",
			"1728809302122.png",
			"1728810017677.bmp",
			"1728810017767.png"
		],
		"__v": 0
	},
	{
		"_id": "66cc8fb935338737ded8520a",
		"hebTitle": "עגילי טבעת",
		"engLink": "Hook Earrings",
		"imageFileNames": [
			"1724679752305.jpg",
			"1724679752307.jpg",
			"1724679752310.jpg",
			"1724679752314.jpg",
			"1724679752333.jpg"
		],
		"__v": 0
	},
	{
		"_id": "66cc8fb935338737ded8520b",
		"hebTitle": "שרשראות",
		"engLink": "Necklaces",
		"imageFileNames": [
			"17
...
Response: 304 3.647 ms 

Request: GET /public/products/1724679146877.jpg at Wed Oct 23 2024 13:02:24 GMT+0300, IP: ::1, User Agent: Mozilla/5.0 (Linux; Android 6.0; Nexus 5 Build/MRA58N) AppleWebKit/537.36 (KHTML, like Gecko) Chrome/129.0.0.0 Mobile Safari/537.36 Edg/129.0.0.0
Response: 304 1.833 ms 

Request: GET /public/products/1724679330997.jpg at Wed Oct 23 2024 13:02:24 GMT+0300, IP: ::1, User Agent: Mozilla/5.0 (Linux; Android 6.0; Nexus 5 Build/MRA58N) AppleWebKit/537.36 (KHTML, like Gecko) Chrome/129.0.0.0 Mobile Safari/537.36 Edg/129.0.0.0
Response: 304 2.267 ms 

Request: GET /public/products/1724680280610.jpg at Wed Oct 23 2024 13:02:24 GMT+0300, IP: ::1, User Agent: Mozilla/5.0 (Linux; Android 6.0; Nexus 5 Build/MRA58N) AppleWebKit/537.36 (KHTML, like Gecko) Chrome/129.0.0.0 Mobile Safari/537.36 Edg/129.0.0.0
Response: 304 3.678 ms 

Request: GET /public/products/1724679930178.jpg at Wed Oct 23 2024 13:02:24 GMT+0300, IP: ::1, User Agent: Mozilla/5.0 (Linux; Android 6.0; Nexus 5 Build/MRA58N) AppleWebKit/537.36 (KHTML, like Gecko) Chrome/129.0.0.0 Mobile Safari/537.36 Edg/129.0.0.0
Response: 304 4.672 ms 

Request: GET /public/products/1724679752305.jpg at Wed Oct 23 2024 13:02:24 GMT+0300, IP: ::1, User Agent: Mozilla/5.0 (Linux; Android 6.0; Nexus 5 Build/MRA58N) AppleWebKit/537.36 (KHTML, like Gecko) Chrome/129.0.0.0 Mobile Safari/537.36 Edg/129.0.0.0
Response: 304 14.307 ms 

Request: GET / at Wed Oct 23 2024 13:38:41 GMT+0300, IP: ::1, User Agent: Mozilla/5.0 (Linux; Android 6.0; Nexus 5 Build/MRA58N) AppleWebKit/537.36 (KHTML, like Gecko) Chrome/129.0.0.0 Mobile Safari/537.36 Edg/129.0.0.0
Response: 304 4.441 ms 

Request: GET /api/products at Wed Oct 23 2024 13:38:42 GMT+0300, IP: ::1, User Agent: Mozilla/5.0 (Linux; Android 6.0; Nexus 5 Build/MRA58N) AppleWebKit/537.36 (KHTML, like Gecko) Chrome/129.0.0.0 Mobile Safari/537.36 Edg/129.0.0.0
Response Body:
[
	{
		"_id": "66cc90241508324d6c354db7",
		"title": "עגילים",
		"description": "עגילי מקרמה בעבודת יד אלו הם שילוב מושלם של עיצוב בוהו-שיק קלאסי ואמנות קראפט עכשווית. כל זוג עגילים עשוי מחוטי מקרמה איכותיים הנקשרים בקפידה ליצירת דפוסים ייחודיים ומורכבים. העגילים קלים ונוחים לענידה, ומוסיפים נגיעה של סטייל ייחודי לכל הופעה יומיומית או ערב אלגנטי. בין אם את מחפשת מתנה מקורית או תוספת אופנתית לאוסף שלך, עגילי המקרמה הללו הם הבחירה המושלמת.",
		"imageFileNames": [
			"1724679146877.jpg",
			"1724679146905.jpg",
			"1724679146913.jpg",
			"1724679146922.jpg"
		],
		"stock": 2,
		"stringAColor": "black",
		"stringBColor": "white",
		"stone": "אקוומרין",
		"category": "עגילים",
		"__v": 0,
		"discount": 20,
		"currentPrice": 280,
		"originalPrice": 350
	},
	{
		"_id": "66cc90241508324d6c354db8",
		"title": "שרשרת",
		"description": "שרשרת המקרמה הזו היא יותר מאשר תכשיט - היא יצירת אמנות של ממש. עשויה בקפידה מחוטי מקרמה איכותיים, כל שרשרת נרקמת בעבודת יד תוך תשומת לב לפרטים הקטנים ביותר. הדוג
...
Response: 304 74.420 ms 

Request: GET /api/categories at Wed Oct 23 2024 13:38:42 GMT+0300, IP: ::1, User Agent: Mozilla/5.0 (Linux; Android 6.0; Nexus 5 Build/MRA58N) AppleWebKit/537.36 (KHTML, like Gecko) Chrome/129.0.0.0 Mobile Safari/537.36 Edg/129.0.0.0
Response Body:
[
	{
		"_id": "66cc8fb935338737ded85208",
		"hebTitle": "צמידים",
		"engLink": "Bracelets",
		"imageFileNames": [
			"1724680280610.jpg",
			"1724680280611.jpg",
			"1724680280613.jpg",
			"1724680280613.jpg",
			"1724680280615.jpg"
		],
		"__v": 0
	},
	{
		"_id": "66cc8fb935338737ded85209",
		"hebTitle": "עגילים",
		"engLink": "earings",
		"imageFileNames": [
			"1724679146877.jpg",
			"1724679146905.jpg",
			"1724679146913.jpg",
			"1724679146922.jpg",
			"1725450626782.jpg",
			"1728390743395.jpg",
			"1728390968682.jpg",
			"1728809302122.png",
			"1728810017677.bmp",
			"1728810017767.png"
		],
		"__v": 0
	},
	{
		"_id": "66cc8fb935338737ded8520a",
		"hebTitle": "עגילי טבעת",
		"engLink": "Hook Earrings",
		"imageFileNames": [
			"1724679752305.jpg",
			"1724679752307.jpg",
			"1724679752310.jpg",
			"1724679752314.jpg",
			"1724679752333.jpg"
		],
		"__v": 0
	},
	{
		"_id": "66cc8fb935338737ded8520b",
		"hebTitle": "שרשראות",
		"engLink": "Necklaces",
		"imageFileNames": [
			"17
...
Response: 304 70.228 ms 

Request: GET /api/stones at Wed Oct 23 2024 13:38:42 GMT+0300, IP: ::1, User Agent: Mozilla/5.0 (Linux; Android 6.0; Nexus 5 Build/MRA58N) AppleWebKit/537.36 (KHTML, like Gecko) Chrome/129.0.0.0 Mobile Safari/537.36 Edg/129.0.0.0
Response Body:
[
	{
		"_id": "66cc8fb935338737ded8520e",
		"name": "אמטיסט",
		"description": "אבן האמטיסט, בגוון סגול מהפנט, נחשבת לאבן הרוחניות והשלווה. היא ידועה כמסייעת בהרגעת הנפש ובאיזון רגשי, ומציעה הגנה מפני אנרגיות שליליות. האמטיסט מתאימה במיוחד לבני ובנות מזלות דגים, בתולה, וקשת, ותורמת להעצמת האינטואיציה ולחיזוק הקשר עם העצמי הפנימי. זו האבן המושלמת למי שמחפש חיבור עמוק יותר עם הרוחניות והיציבות הרגשית.",
		"__v": 1,
		"descriptionImageFileName": "1725889236586.jpg",
		"descriptionText": "לורם איפסום דולור סיט אמט, קונסקטורר אדיפיסינג אלית קולורס מונפרד אדנדום סילקוף, מרגשי ומרגשח. עמחליף נולום ארווס סאפיאן - פוסיליס קוויס, אקווזמן ליבם סולגק. בראיט ולחת צורק מונחף, בגורמי מגמש. תרבנך וסתעד לכנו סתשם השמה - לתכי מורגם בורק? לתיג ישבעס.\n\nקולורס מונפרד אדנדום סילקוף, מרגשי ומרגשח. עמחליף קונסקטורר אדיפיסינג אלית. סת אלמנקום ניסי נון ניבאה. דס איאקוליס וולופטה דיאם. וסטיבולום אט דולור, קראס אגת לקטוס וואל אאוגו וסטיבולום סוליסי טידום בעליק. קונדימנטום קורוס בליקרה, נונסטי קלובר בריקנה סטום,
...
Response: 304 95.079 ms 

Request: GET / at Wed Oct 23 2024 13:38:42 GMT+0300, IP: ::1, User Agent: Mozilla/5.0 (Linux; Android 6.0; Nexus 5 Build/MRA58N) AppleWebKit/537.36 (KHTML, like Gecko) Chrome/129.0.0.0 Mobile Safari/537.36 Edg/129.0.0.0
Response: 304 23.868 ms 

Request: GET /api/products at Wed Oct 23 2024 13:38:42 GMT+0300, IP: ::1, User Agent: Mozilla/5.0 (Linux; Android 6.0; Nexus 5 Build/MRA58N) AppleWebKit/537.36 (KHTML, like Gecko) Chrome/129.0.0.0 Mobile Safari/537.36 Edg/129.0.0.0
Response Body:
[
	{
		"_id": "66cc90241508324d6c354db7",
		"title": "עגילים",
		"description": "עגילי מקרמה בעבודת יד אלו הם שילוב מושלם של עיצוב בוהו-שיק קלאסי ואמנות קראפט עכשווית. כל זוג עגילים עשוי מחוטי מקרמה איכותיים הנקשרים בקפידה ליצירת דפוסים ייחודיים ומורכבים. העגילים קלים ונוחים לענידה, ומוסיפים נגיעה של סטייל ייחודי לכל הופעה יומיומית או ערב אלגנטי. בין אם את מחפשת מתנה מקורית או תוספת אופנתית לאוסף שלך, עגילי המקרמה הללו הם הבחירה המושלמת.",
		"imageFileNames": [
			"1724679146877.jpg",
			"1724679146905.jpg",
			"1724679146913.jpg",
			"1724679146922.jpg"
		],
		"stock": 2,
		"stringAColor": "black",
		"stringBColor": "white",
		"stone": "אקוומרין",
		"category": "עגילים",
		"__v": 0,
		"discount": 20,
		"currentPrice": 280,
		"originalPrice": 350
	},
	{
		"_id": "66cc90241508324d6c354db8",
		"title": "שרשרת",
		"description": "שרשרת המקרמה הזו היא יותר מאשר תכשיט - היא יצירת אמנות של ממש. עשויה בקפידה מחוטי מקרמה איכותיים, כל שרשרת נרקמת בעבודת יד תוך תשומת לב לפרטים הקטנים ביותר. הדוג
...
Response: 304 28.249 ms 

Request: GET /api/categories at Wed Oct 23 2024 13:38:42 GMT+0300, IP: ::1, User Agent: Mozilla/5.0 (Linux; Android 6.0; Nexus 5 Build/MRA58N) AppleWebKit/537.36 (KHTML, like Gecko) Chrome/129.0.0.0 Mobile Safari/537.36 Edg/129.0.0.0
Response Body:
[
	{
		"_id": "66cc8fb935338737ded85208",
		"hebTitle": "צמידים",
		"engLink": "Bracelets",
		"imageFileNames": [
			"1724680280610.jpg",
			"1724680280611.jpg",
			"1724680280613.jpg",
			"1724680280613.jpg",
			"1724680280615.jpg"
		],
		"__v": 0
	},
	{
		"_id": "66cc8fb935338737ded85209",
		"hebTitle": "עגילים",
		"engLink": "earings",
		"imageFileNames": [
			"1724679146877.jpg",
			"1724679146905.jpg",
			"1724679146913.jpg",
			"1724679146922.jpg",
			"1725450626782.jpg",
			"1728390743395.jpg",
			"1728390968682.jpg",
			"1728809302122.png",
			"1728810017677.bmp",
			"1728810017767.png"
		],
		"__v": 0
	},
	{
		"_id": "66cc8fb935338737ded8520a",
		"hebTitle": "עגילי טבעת",
		"engLink": "Hook Earrings",
		"imageFileNames": [
			"1724679752305.jpg",
			"1724679752307.jpg",
			"1724679752310.jpg",
			"1724679752314.jpg",
			"1724679752333.jpg"
		],
		"__v": 0
	},
	{
		"_id": "66cc8fb935338737ded8520b",
		"hebTitle": "שרשראות",
		"engLink": "Necklaces",
		"imageFileNames": [
			"17
...
Response: 304 13.491 ms 

Request: GET /api/stones at Wed Oct 23 2024 13:38:42 GMT+0300, IP: ::1, User Agent: Mozilla/5.0 (Linux; Android 6.0; Nexus 5 Build/MRA58N) AppleWebKit/537.36 (KHTML, like Gecko) Chrome/129.0.0.0 Mobile Safari/537.36 Edg/129.0.0.0
Response Body:
[
	{
		"_id": "66cc8fb935338737ded8520e",
		"name": "אמטיסט",
		"description": "אבן האמטיסט, בגוון סגול מהפנט, נחשבת לאבן הרוחניות והשלווה. היא ידועה כמסייעת בהרגעת הנפש ובאיזון רגשי, ומציעה הגנה מפני אנרגיות שליליות. האמטיסט מתאימה במיוחד לבני ובנות מזלות דגים, בתולה, וקשת, ותורמת להעצמת האינטואיציה ולחיזוק הקשר עם העצמי הפנימי. זו האבן המושלמת למי שמחפש חיבור עמוק יותר עם הרוחניות והיציבות הרגשית.",
		"__v": 1,
		"descriptionImageFileName": "1725889236586.jpg",
		"descriptionText": "לורם איפסום דולור סיט אמט, קונסקטורר אדיפיסינג אלית קולורס מונפרד אדנדום סילקוף, מרגשי ומרגשח. עמחליף נולום ארווס סאפיאן - פוסיליס קוויס, אקווזמן ליבם סולגק. בראיט ולחת צורק מונחף, בגורמי מגמש. תרבנך וסתעד לכנו סתשם השמה - לתכי מורגם בורק? לתיג ישבעס.\n\nקולורס מונפרד אדנדום סילקוף, מרגשי ומרגשח. עמחליף קונסקטורר אדיפיסינג אלית. סת אלמנקום ניסי נון ניבאה. דס איאקוליס וולופטה דיאם. וסטיבולום אט דולור, קראס אגת לקטוס וואל אאוגו וסטיבולום סוליסי טידום בעליק. קונדימנטום קורוס בליקרה, נונסטי קלובר בריקנה סטום,
...
Response: 304 17.246 ms 

Request: GET /public/products/1724679146877.jpg at Wed Oct 23 2024 13:38:42 GMT+0300, IP: ::1, User Agent: Mozilla/5.0 (Linux; Android 6.0; Nexus 5 Build/MRA58N) AppleWebKit/537.36 (KHTML, like Gecko) Chrome/129.0.0.0 Mobile Safari/537.36 Edg/129.0.0.0
Response: 304 0.699 ms 

Request: GET /public/products/1724679330997.jpg at Wed Oct 23 2024 13:38:42 GMT+0300, IP: ::1, User Agent: Mozilla/5.0 (Linux; Android 6.0; Nexus 5 Build/MRA58N) AppleWebKit/537.36 (KHTML, like Gecko) Chrome/129.0.0.0 Mobile Safari/537.36 Edg/129.0.0.0
Response: 304 2.635 ms 

Request: GET /public/products/1724680280610.jpg at Wed Oct 23 2024 13:38:42 GMT+0300, IP: ::1, User Agent: Mozilla/5.0 (Linux; Android 6.0; Nexus 5 Build/MRA58N) AppleWebKit/537.36 (KHTML, like Gecko) Chrome/129.0.0.0 Mobile Safari/537.36 Edg/129.0.0.0
Response: 304 6.227 ms 

Request: GET /public/products/1724679752305.jpg at Wed Oct 23 2024 13:38:42 GMT+0300, IP: ::1, User Agent: Mozilla/5.0 (Linux; Android 6.0; Nexus 5 Build/MRA58N) AppleWebKit/537.36 (KHTML, like Gecko) Chrome/129.0.0.0 Mobile Safari/537.36 Edg/129.0.0.0
Response: 304 2.375 ms 

Request: GET /public/products/1724679930178.jpg at Wed Oct 23 2024 13:38:42 GMT+0300, IP: ::1, User Agent: Mozilla/5.0 (Linux; Android 6.0; Nexus 5 Build/MRA58N) AppleWebKit/537.36 (KHTML, like Gecko) Chrome/129.0.0.0 Mobile Safari/537.36 Edg/129.0.0.0
Response: 304 3.812 ms 
