
Request: GET /api/stones at Wed Dec 04 2024 16:45:13 GMT+0200, IP: ::1, User Agent: Mozilla/5.0 (Windows NT 10.0; Win64; x64) AppleWebKit/537.36 (KHTML, like Gecko) Chrome/131.0.0.0 Safari/537.36 Edg/131.0.0.0
Response Body:
[
	{
		"_id": "66cc8fb935338737ded8520e",
		"name": "אמטיסט",
		"description": "אבן האמטיסט, בגוון סגול מהפנט, נחשבת לאבן הרוחניות והשלווה. היא ידועה כמסייעת בהרגעת הנפש ובאיזון רגשי, ומציעה הגנה מפני אנרגיות שליליות. האמטיסט מתאימה במיוחד לבני ובנות מזלות דגים, בתולה, וקשת, ותורמת להעצמת האינטואיציה ולחיזוק הקשר עם העצמי הפנימי. זו האבן המושלמת למי שמחפש חיבור עמוק יותר עם הרוחניות והיציבות הרגשית.",
		"__v": 1,
		"descriptionImageFileName": "1725889236586.jpg",
		"descriptionText": "לורם איפסום דולור סיט אמט, קונסקטורר אדיפיסינג אלית קולורס מונפרד אדנדום סילקוף, מרגשי ומרגשח. עמחליף נולום ארווס סאפיאן - פוסיליס קוויס, אקווזמן ליבם סולגק. בראיט ולחת צורק מונחף, בגורמי מגמש. תרבנך וסתעד לכנו סתשם השמה - לתכי מורגם בורק? לתיג ישבעס.\n\nקולורס מונפרד אדנדום סילקוף, מרגשי ומרגשח. עמחליף קונסקטורר אדיפיסינג אלית. סת אלמנקום ניסי נון ניבאה. דס איאקוליס וולופטה דיאם. וסטיבולום אט דולור, קראס אגת לקטוס וואל אאוגו וסטיבולום סוליסי טידום בעליק. קונדימנטום קורוס בליקרה, נונסטי קלובר בריקנה סטום,
...
Response: 304 16.449 ms 

Request: GET / at Wed Dec 04 2024 16:45:13 GMT+0200, IP: ::1, User Agent: Mozilla/5.0 (Windows NT 10.0; Win64; x64) AppleWebKit/537.36 (KHTML, like Gecko) Chrome/131.0.0.0 Safari/537.36 Edg/131.0.0.0
Response: 304 18.370 ms 

Request: GET /api/categories at Wed Dec 04 2024 16:45:13 GMT+0200, IP: ::1, User Agent: Mozilla/5.0 (Windows NT 10.0; Win64; x64) AppleWebKit/537.36 (KHTML, like Gecko) Chrome/131.0.0.0 Safari/537.36 Edg/131.0.0.0
Response Body:
[
	{
		"_id": "66cc8fb935338737ded85208",
		"hebTitle": "צמידים",
		"engLink": "Bracelets",
		"imageFileNames": [
			"1724680280610.jpg",
			"1724680280611.jpg",
			"1724680280613.jpg",
			"1724680280613.jpg",
			"1724680280615.jpg"
		],
		"__v": 0
	},
	{
		"_id": "66cc8fb935338737ded85209",
		"hebTitle": "עגילים",
		"engLink": "earings",
		"imageFileNames": [
			"1724679146877.jpg",
			"1724679146905.jpg",
			"1724679146913.jpg",
			"1724679146922.jpg",
			"1725450626782.jpg",
			"1728390743395.jpg",
			"1728390968682.jpg",
			"1728809302122.png",
			"1728810017677.bmp",
			"1728810017767.png",
			"1731247801786.jpg",
			"1731247833352.jpg"
		],
		"__v": 0
	},
	{
		"_id": "66cc8fb935338737ded8520a",
		"hebTitle": "עגילי טבעת",
		"engLink": "Hook Earrings",
		"imageFileNames": [
			"1724679752305.jpg",
			"1724679752307.jpg",
			"1724679752310.jpg",
			"1724679752314.jpg",
			"1724679752333.jpg"
		],
		"__v": 0
	},
	{
		"_id": "66cc8fb935338737ded8520b",
		"hebTitle": "שרשראות",
		"eng
...
Response: 304 17.448 ms 

Request: GET /api/products at Wed Dec 04 2024 16:45:13 GMT+0200, IP: ::1, User Agent: Mozilla/5.0 (Windows NT 10.0; Win64; x64) AppleWebKit/537.36 (KHTML, like Gecko) Chrome/131.0.0.0 Safari/537.36 Edg/131.0.0.0
Response Body:
[
	{
		"_id": "66cc90241508324d6c354dba",
		"title": "קישוט לשיער",
		"description": "הכניסי נגיעה של סטייל בוהו לשיער שלך עם אקססורי מקרמה ייחודי בעבודת יד! פריט זה משדרג כל תסרוקת, בין אם מדובר בשיער פזור, קוקו גבוה או צמה. החוטים הארוגים בעדינות יוצרים דפוסים יפיפיים שמשלבים בין יוקרה ופשטות. האקססורי לשיער זמין במגוון צבעים ודוגמאות, כך שתוכלי להתאים אותו לכל מראה ולכל אירוע. זו הדרך המושלמת להוסיף נגיעה של סטייל אישי ותעוזה לכל הופעה.",
		"imageFileNames": [
			"1724679930178.jpg",
			"1724679930183.jpg",
			"1724679930189.jpg",
			"1724679930200.jpg",
			"1724679930275.jpg"
		],
		"stock": 14,
		"stringAColor": "orange",
		"stringBColor": "yellow",
		"stone": "סיטרין",
		"category": "אקססוריז",
		"__v": 0,
		"discount": 0,
		"currentPrice": 630,
		"originalPrice": 630,
		"positionIndex": 0
	},
	{
		"_id": "66cc90241508324d6c354db8",
		"title": "שרשרת",
		"description": "שרשרת המקרמה הזו היא יותר מאשר תכשיט - היא יצירת אמנות של ממש. עשויה בקפידה מחוטי מקרמה איכותיים, כל שרשרת נרקמ
...
Response: 304 25.944 ms 

Request: GET /api/stones at Wed Dec 04 2024 16:45:13 GMT+0200, IP: ::1, User Agent: Mozilla/5.0 (Windows NT 10.0; Win64; x64) AppleWebKit/537.36 (KHTML, like Gecko) Chrome/131.0.0.0 Safari/537.36 Edg/131.0.0.0
Response Body:
[
	{
		"_id": "66cc8fb935338737ded8520e",
		"name": "אמטיסט",
		"description": "אבן האמטיסט, בגוון סגול מהפנט, נחשבת לאבן הרוחניות והשלווה. היא ידועה כמסייעת בהרגעת הנפש ובאיזון רגשי, ומציעה הגנה מפני אנרגיות שליליות. האמטיסט מתאימה במיוחד לבני ובנות מזלות דגים, בתולה, וקשת, ותורמת להעצמת האינטואיציה ולחיזוק הקשר עם העצמי הפנימי. זו האבן המושלמת למי שמחפש חיבור עמוק יותר עם הרוחניות והיציבות הרגשית.",
		"__v": 1,
		"descriptionImageFileName": "1725889236586.jpg",
		"descriptionText": "לורם איפסום דולור סיט אמט, קונסקטורר אדיפיסינג אלית קולורס מונפרד אדנדום סילקוף, מרגשי ומרגשח. עמחליף נולום ארווס סאפיאן - פוסיליס קוויס, אקווזמן ליבם סולגק. בראיט ולחת צורק מונחף, בגורמי מגמש. תרבנך וסתעד לכנו סתשם השמה - לתכי מורגם בורק? לתיג ישבעס.\n\nקולורס מונפרד אדנדום סילקוף, מרגשי ומרגשח. עמחליף קונסקטורר אדיפיסינג אלית. סת אלמנקום ניסי נון ניבאה. דס איאקוליס וולופטה דיאם. וסטיבולום אט דולור, קראס אגת לקטוס וואל אאוגו וסטיבולום סוליסי טידום בעליק. קונדימנטום קורוס בליקרה, נונסטי קלובר בריקנה סטום,
...
Response: 304 9.472 ms 

Request: GET / at Wed Dec 04 2024 16:45:13 GMT+0200, IP: ::1, User Agent: Mozilla/5.0 (Windows NT 10.0; Win64; x64) AppleWebKit/537.36 (KHTML, like Gecko) Chrome/131.0.0.0 Safari/537.36 Edg/131.0.0.0
Response: 304 9.695 ms 

Request: GET /api/categories at Wed Dec 04 2024 16:45:13 GMT+0200, IP: ::1, User Agent: Mozilla/5.0 (Windows NT 10.0; Win64; x64) AppleWebKit/537.36 (KHTML, like Gecko) Chrome/131.0.0.0 Safari/537.36 Edg/131.0.0.0
Response Body:
[
	{
		"_id": "66cc8fb935338737ded85208",
		"hebTitle": "צמידים",
		"engLink": "Bracelets",
		"imageFileNames": [
			"1724680280610.jpg",
			"1724680280611.jpg",
			"1724680280613.jpg",
			"1724680280613.jpg",
			"1724680280615.jpg"
		],
		"__v": 0
	},
	{
		"_id": "66cc8fb935338737ded85209",
		"hebTitle": "עגילים",
		"engLink": "earings",
		"imageFileNames": [
			"1724679146877.jpg",
			"1724679146905.jpg",
			"1724679146913.jpg",
			"1724679146922.jpg",
			"1725450626782.jpg",
			"1728390743395.jpg",
			"1728390968682.jpg",
			"1728809302122.png",
			"1728810017677.bmp",
			"1728810017767.png",
			"1731247801786.jpg",
			"1731247833352.jpg"
		],
		"__v": 0
	},
	{
		"_id": "66cc8fb935338737ded8520a",
		"hebTitle": "עגילי טבעת",
		"engLink": "Hook Earrings",
		"imageFileNames": [
			"1724679752305.jpg",
			"1724679752307.jpg",
			"1724679752310.jpg",
			"1724679752314.jpg",
			"1724679752333.jpg"
		],
		"__v": 0
	},
	{
		"_id": "66cc8fb935338737ded8520b",
		"hebTitle": "שרשראות",
		"eng
...
Response: 304 10.467 ms 

Request: GET /api/products at Wed Dec 04 2024 16:45:13 GMT+0200, IP: ::1, User Agent: Mozilla/5.0 (Windows NT 10.0; Win64; x64) AppleWebKit/537.36 (KHTML, like Gecko) Chrome/131.0.0.0 Safari/537.36 Edg/131.0.0.0
Response Body:
[
	{
		"_id": "66cc90241508324d6c354dba",
		"title": "קישוט לשיער",
		"description": "הכניסי נגיעה של סטייל בוהו לשיער שלך עם אקססורי מקרמה ייחודי בעבודת יד! פריט זה משדרג כל תסרוקת, בין אם מדובר בשיער פזור, קוקו גבוה או צמה. החוטים הארוגים בעדינות יוצרים דפוסים יפיפיים שמשלבים בין יוקרה ופשטות. האקססורי לשיער זמין במגוון צבעים ודוגמאות, כך שתוכלי להתאים אותו לכל מראה ולכל אירוע. זו הדרך המושלמת להוסיף נגיעה של סטייל אישי ותעוזה לכל הופעה.",
		"imageFileNames": [
			"1724679930178.jpg",
			"1724679930183.jpg",
			"1724679930189.jpg",
			"1724679930200.jpg",
			"1724679930275.jpg"
		],
		"stock": 14,
		"stringAColor": "orange",
		"stringBColor": "yellow",
		"stone": "סיטרין",
		"category": "אקססוריז",
		"__v": 0,
		"discount": 0,
		"currentPrice": 630,
		"originalPrice": 630,
		"positionIndex": 0
	},
	{
		"_id": "66cc90241508324d6c354db8",
		"title": "שרשרת",
		"description": "שרשרת המקרמה הזו היא יותר מאשר תכשיט - היא יצירת אמנות של ממש. עשויה בקפידה מחוטי מקרמה איכותיים, כל שרשרת נרקמ
...
Response: 304 10.314 ms 

Request: GET /api/stones at Wed Dec 04 2024 16:45:13 GMT+0200, IP: ::1, User Agent: Mozilla/5.0 (Windows NT 10.0; Win64; x64) AppleWebKit/537.36 (KHTML, like Gecko) Chrome/131.0.0.0 Safari/537.36 Edg/131.0.0.0
Response Body:
[
	{
		"_id": "66cc8fb935338737ded8520e",
		"name": "אמטיסט",
		"description": "אבן האמטיסט, בגוון סגול מהפנט, נחשבת לאבן הרוחניות והשלווה. היא ידועה כמסייעת בהרגעת הנפש ובאיזון רגשי, ומציעה הגנה מפני אנרגיות שליליות. האמטיסט מתאימה במיוחד לבני ובנות מזלות דגים, בתולה, וקשת, ותורמת להעצמת האינטואיציה ולחיזוק הקשר עם העצמי הפנימי. זו האבן המושלמת למי שמחפש חיבור עמוק יותר עם הרוחניות והיציבות הרגשית.",
		"__v": 1,
		"descriptionImageFileName": "1725889236586.jpg",
		"descriptionText": "לורם איפסום דולור סיט אמט, קונסקטורר אדיפיסינג אלית קולורס מונפרד אדנדום סילקוף, מרגשי ומרגשח. עמחליף נולום ארווס סאפיאן - פוסיליס קוויס, אקווזמן ליבם סולגק. בראיט ולחת צורק מונחף, בגורמי מגמש. תרבנך וסתעד לכנו סתשם השמה - לתכי מורגם בורק? לתיג ישבעס.\n\nקולורס מונפרד אדנדום סילקוף, מרגשי ומרגשח. עמחליף קונסקטורר אדיפיסינג אלית. סת אלמנקום ניסי נון ניבאה. דס איאקוליס וולופטה דיאם. וסטיבולום אט דולור, קראס אגת לקטוס וואל אאוגו וסטיבולום סוליסי טידום בעליק. קונדימנטום קורוס בליקרה, נונסטי קלובר בריקנה סטום,
...
Response: 304 8.129 ms 

Request: GET /api/stones at Wed Dec 04 2024 16:45:13 GMT+0200, IP: ::1, User Agent: Mozilla/5.0 (Windows NT 10.0; Win64; x64) AppleWebKit/537.36 (KHTML, like Gecko) Chrome/131.0.0.0 Safari/537.36 Edg/131.0.0.0
Response Body:
[
	{
		"_id": "66cc8fb935338737ded8520e",
		"name": "אמטיסט",
		"description": "אבן האמטיסט, בגוון סגול מהפנט, נחשבת לאבן הרוחניות והשלווה. היא ידועה כמסייעת בהרגעת הנפש ובאיזון רגשי, ומציעה הגנה מפני אנרגיות שליליות. האמטיסט מתאימה במיוחד לבני ובנות מזלות דגים, בתולה, וקשת, ותורמת להעצמת האינטואיציה ולחיזוק הקשר עם העצמי הפנימי. זו האבן המושלמת למי שמחפש חיבור עמוק יותר עם הרוחניות והיציבות הרגשית.",
		"__v": 1,
		"descriptionImageFileName": "1725889236586.jpg",
		"descriptionText": "לורם איפסום דולור סיט אמט, קונסקטורר אדיפיסינג אלית קולורס מונפרד אדנדום סילקוף, מרגשי ומרגשח. עמחליף נולום ארווס סאפיאן - פוסיליס קוויס, אקווזמן ליבם סולגק. בראיט ולחת צורק מונחף, בגורמי מגמש. תרבנך וסתעד לכנו סתשם השמה - לתכי מורגם בורק? לתיג ישבעס.\n\nקולורס מונפרד אדנדום סילקוף, מרגשי ומרגשח. עמחליף קונסקטורר אדיפיסינג אלית. סת אלמנקום ניסי נון ניבאה. דס איאקוליס וולופטה דיאם. וסטיבולום אט דולור, קראס אגת לקטוס וואל אאוגו וסטיבולום סוליסי טידום בעליק. קונדימנטום קורוס בליקרה, נונסטי קלובר בריקנה סטום,
...
Response: 304 3.596 ms 

Request: GET /public/stones/1730735011893.jpg at Wed Dec 04 2024 16:45:13 GMT+0200, IP: ::1, User Agent: Mozilla/5.0 (Windows NT 10.0; Win64; x64) AppleWebKit/537.36 (KHTML, like Gecko) Chrome/131.0.0.0 Safari/537.36 Edg/131.0.0.0
Response: 304 0.491 ms 

Request: GET /public/products/1724679330997.jpg at Wed Dec 04 2024 16:45:13 GMT+0200, IP: ::1, User Agent: Mozilla/5.0 (Windows NT 10.0; Win64; x64) AppleWebKit/537.36 (KHTML, like Gecko) Chrome/131.0.0.0 Safari/537.36 Edg/131.0.0.0
Response: 304 2.797 ms 

Request: GET /public/products/1724679930178.jpg at Wed Dec 04 2024 16:45:13 GMT+0200, IP: ::1, User Agent: Mozilla/5.0 (Windows NT 10.0; Win64; x64) AppleWebKit/537.36 (KHTML, like Gecko) Chrome/131.0.0.0 Safari/537.36 Edg/131.0.0.0
Response: 304 3.485 ms 

Request: GET /public/products/1724680280611.jpg at Wed Dec 04 2024 16:45:13 GMT+0200, IP: ::1, User Agent: Mozilla/5.0 (Windows NT 10.0; Win64; x64) AppleWebKit/537.36 (KHTML, like Gecko) Chrome/131.0.0.0 Safari/537.36 Edg/131.0.0.0
Response: 304 3.814 ms 

Request: GET /public/products/1731247801786.jpg at Wed Dec 04 2024 16:45:13 GMT+0200, IP: ::1, User Agent: Mozilla/5.0 (Windows NT 10.0; Win64; x64) AppleWebKit/537.36 (KHTML, like Gecko) Chrome/131.0.0.0 Safari/537.36 Edg/131.0.0.0
Response: 304 0.900 ms 

Request: GET /public/products/1731247833352.jpg at Wed Dec 04 2024 16:45:13 GMT+0200, IP: ::1, User Agent: Mozilla/5.0 (Windows NT 10.0; Win64; x64) AppleWebKit/537.36 (KHTML, like Gecko) Chrome/131.0.0.0 Safari/537.36 Edg/131.0.0.0
Response: 304 1.187 ms 

Request: GET /public/products/1724679752305.jpg at Wed Dec 04 2024 16:45:13 GMT+0200, IP: ::1, User Agent: Mozilla/5.0 (Windows NT 10.0; Win64; x64) AppleWebKit/537.36 (KHTML, like Gecko) Chrome/131.0.0.0 Safari/537.36 Edg/131.0.0.0
Response: 304 0.703 ms 

Request: GET /public/products/1724679146877.jpg at Wed Dec 04 2024 16:45:13 GMT+0200, IP: ::1, User Agent: Mozilla/5.0 (Windows NT 10.0; Win64; x64) AppleWebKit/537.36 (KHTML, like Gecko) Chrome/131.0.0.0 Safari/537.36 Edg/131.0.0.0
Response: 304 0.800 ms 

Request: GET /api/stones at Wed Dec 04 2024 17:20:46 GMT+0200, IP: ::1, User Agent: Mozilla/5.0 (Windows NT 10.0; Win64; x64) AppleWebKit/537.36 (KHTML, like Gecko) Chrome/131.0.0.0 Safari/537.36 Edg/131.0.0.0
Response Body:
[
	{
		"_id": "66cc8fb935338737ded8520e",
		"name": "אמטיסט",
		"description": "אבן האמטיסט, בגוון סגול מהפנט, נחשבת לאבן הרוחניות והשלווה. היא ידועה כמסייעת בהרגעת הנפש ובאיזון רגשי, ומציעה הגנה מפני אנרגיות שליליות. האמטיסט מתאימה במיוחד לבני ובנות מזלות דגים, בתולה, וקשת, ותורמת להעצמת האינטואיציה ולחיזוק הקשר עם העצמי הפנימי. זו האבן המושלמת למי שמחפש חיבור עמוק יותר עם הרוחניות והיציבות הרגשית.",
		"__v": 1,
		"descriptionImageFileName": "1725889236586.jpg",
		"descriptionText": "לורם איפסום דולור סיט אמט, קונסקטורר אדיפיסינג אלית קולורס מונפרד אדנדום סילקוף, מרגשי ומרגשח. עמחליף נולום ארווס סאפיאן - פוסיליס קוויס, אקווזמן ליבם סולגק. בראיט ולחת צורק מונחף, בגורמי מגמש. תרבנך וסתעד לכנו סתשם השמה - לתכי מורגם בורק? לתיג ישבעס.\n\nקולורס מונפרד אדנדום סילקוף, מרגשי ומרגשח. עמחליף קונסקטורר אדיפיסינג אלית. סת אלמנקום ניסי נון ניבאה. דס איאקוליס וולופטה דיאם. וסטיבולום אט דולור, קראס אגת לקטוס וואל אאוגו וסטיבולום סוליסי טידום בעליק. קונדימנטום קורוס בליקרה, נונסטי קלובר בריקנה סטום,
...
Response: 304 17.050 ms 

Request: GET / at Wed Dec 04 2024 17:20:46 GMT+0200, IP: ::1, User Agent: Mozilla/5.0 (Windows NT 10.0; Win64; x64) AppleWebKit/537.36 (KHTML, like Gecko) Chrome/131.0.0.0 Safari/537.36 Edg/131.0.0.0
Response: 304 24.399 ms 

Request: GET /api/products at Wed Dec 04 2024 17:20:46 GMT+0200, IP: ::1, User Agent: Mozilla/5.0 (Windows NT 10.0; Win64; x64) AppleWebKit/537.36 (KHTML, like Gecko) Chrome/131.0.0.0 Safari/537.36 Edg/131.0.0.0
Response Body:
[
	{
		"_id": "66cc90241508324d6c354dba",
		"title": "קישוט לשיער",
		"description": "הכניסי נגיעה של סטייל בוהו לשיער שלך עם אקססורי מקרמה ייחודי בעבודת יד! פריט זה משדרג כל תסרוקת, בין אם מדובר בשיער פזור, קוקו גבוה או צמה. החוטים הארוגים בעדינות יוצרים דפוסים יפיפיים שמשלבים בין יוקרה ופשטות. האקססורי לשיער זמין במגוון צבעים ודוגמאות, כך שתוכלי להתאים אותו לכל מראה ולכל אירוע. זו הדרך המושלמת להוסיף נגיעה של סטייל אישי ותעוזה לכל הופעה.",
		"imageFileNames": [
			"1724679930178.jpg",
			"1724679930183.jpg",
			"1724679930189.jpg",
			"1724679930200.jpg",
			"1724679930275.jpg"
		],
		"stock": 14,
		"stringAColor": "orange",
		"stringBColor": "yellow",
		"stone": "סיטרין",
		"category": "אקססוריז",
		"__v": 0,
		"discount": 0,
		"currentPrice": 630,
		"originalPrice": 630,
		"positionIndex": 0
	},
	{
		"_id": "66cc90241508324d6c354db8",
		"title": "שרשרת",
		"description": "שרשרת המקרמה הזו היא יותר מאשר תכשיט - היא יצירת אמנות של ממש. עשויה בקפידה מחוטי מקרמה איכותיים, כל שרשרת נרקמ
...
Response: 304 32.593 ms 

Request: GET /api/categories at Wed Dec 04 2024 17:20:46 GMT+0200, IP: ::1, User Agent: Mozilla/5.0 (Windows NT 10.0; Win64; x64) AppleWebKit/537.36 (KHTML, like Gecko) Chrome/131.0.0.0 Safari/537.36 Edg/131.0.0.0
Response Body:
[
	{
		"_id": "66cc8fb935338737ded85208",
		"hebTitle": "צמידים",
		"engLink": "Bracelets",
		"imageFileNames": [
			"1724680280610.jpg",
			"1724680280611.jpg",
			"1724680280613.jpg",
			"1724680280613.jpg",
			"1724680280615.jpg"
		],
		"__v": 0
	},
	{
		"_id": "66cc8fb935338737ded85209",
		"hebTitle": "עגילים",
		"engLink": "earings",
		"imageFileNames": [
			"1724679146877.jpg",
			"1724679146905.jpg",
			"1724679146913.jpg",
			"1724679146922.jpg",
			"1725450626782.jpg",
			"1728390743395.jpg",
			"1728390968682.jpg",
			"1728809302122.png",
			"1728810017677.bmp",
			"1728810017767.png",
			"1731247801786.jpg",
			"1731247833352.jpg"
		],
		"__v": 0
	},
	{
		"_id": "66cc8fb935338737ded8520a",
		"hebTitle": "עגילי טבעת",
		"engLink": "Hook Earrings",
		"imageFileNames": [
			"1724679752305.jpg",
			"1724679752307.jpg",
			"1724679752310.jpg",
			"1724679752314.jpg",
			"1724679752333.jpg"
		],
		"__v": 0
	},
	{
		"_id": "66cc8fb935338737ded8520b",
		"hebTitle": "שרשראות",
		"eng
...
Response: 304 34.085 ms 

Request: GET / at Wed Dec 04 2024 17:20:46 GMT+0200, IP: ::1, User Agent: Mozilla/5.0 (Windows NT 10.0; Win64; x64) AppleWebKit/537.36 (KHTML, like Gecko) Chrome/131.0.0.0 Safari/537.36 Edg/131.0.0.0
Response: 304 0.481 ms 

Request: GET /api/stones at Wed Dec 04 2024 17:20:46 GMT+0200, IP: ::1, User Agent: Mozilla/5.0 (Windows NT 10.0; Win64; x64) AppleWebKit/537.36 (KHTML, like Gecko) Chrome/131.0.0.0 Safari/537.36 Edg/131.0.0.0
Response Body:
[
	{
		"_id": "66cc8fb935338737ded8520e",
		"name": "אמטיסט",
		"description": "אבן האמטיסט, בגוון סגול מהפנט, נחשבת לאבן הרוחניות והשלווה. היא ידועה כמסייעת בהרגעת הנפש ובאיזון רגשי, ומציעה הגנה מפני אנרגיות שליליות. האמטיסט מתאימה במיוחד לבני ובנות מזלות דגים, בתולה, וקשת, ותורמת להעצמת האינטואיציה ולחיזוק הקשר עם העצמי הפנימי. זו האבן המושלמת למי שמחפש חיבור עמוק יותר עם הרוחניות והיציבות הרגשית.",
		"__v": 1,
		"descriptionImageFileName": "1725889236586.jpg",
		"descriptionText": "לורם איפסום דולור סיט אמט, קונסקטורר אדיפיסינג אלית קולורס מונפרד אדנדום סילקוף, מרגשי ומרגשח. עמחליף נולום ארווס סאפיאן - פוסיליס קוויס, אקווזמן ליבם סולגק. בראיט ולחת צורק מונחף, בגורמי מגמש. תרבנך וסתעד לכנו סתשם השמה - לתכי מורגם בורק? לתיג ישבעס.\n\nקולורס מונפרד אדנדום סילקוף, מרגשי ומרגשח. עמחליף קונסקטורר אדיפיסינג אלית. סת אלמנקום ניסי נון ניבאה. דס איאקוליס וולופטה דיאם. וסטיבולום אט דולור, קראס אגת לקטוס וואל אאוגו וסטיבולום סוליסי טידום בעליק. קונדימנטום קורוס בליקרה, נונסטי קלובר בריקנה סטום,
...
Response: 304 6.679 ms 

Request: GET /api/products at Wed Dec 04 2024 17:20:46 GMT+0200, IP: ::1, User Agent: Mozilla/5.0 (Windows NT 10.0; Win64; x64) AppleWebKit/537.36 (KHTML, like Gecko) Chrome/131.0.0.0 Safari/537.36 Edg/131.0.0.0
Response Body:
[
	{
		"_id": "66cc90241508324d6c354dba",
		"title": "קישוט לשיער",
		"description": "הכניסי נגיעה של סטייל בוהו לשיער שלך עם אקססורי מקרמה ייחודי בעבודת יד! פריט זה משדרג כל תסרוקת, בין אם מדובר בשיער פזור, קוקו גבוה או צמה. החוטים הארוגים בעדינות יוצרים דפוסים יפיפיים שמשלבים בין יוקרה ופשטות. האקססורי לשיער זמין במגוון צבעים ודוגמאות, כך שתוכלי להתאים אותו לכל מראה ולכל אירוע. זו הדרך המושלמת להוסיף נגיעה של סטייל אישי ותעוזה לכל הופעה.",
		"imageFileNames": [
			"1724679930178.jpg",
			"1724679930183.jpg",
			"1724679930189.jpg",
			"1724679930200.jpg",
			"1724679930275.jpg"
		],
		"stock": 14,
		"stringAColor": "orange",
		"stringBColor": "yellow",
		"stone": "סיטרין",
		"category": "אקססוריז",
		"__v": 0,
		"discount": 0,
		"currentPrice": 630,
		"originalPrice": 630,
		"positionIndex": 0
	},
	{
		"_id": "66cc90241508324d6c354db8",
		"title": "שרשרת",
		"description": "שרשרת המקרמה הזו היא יותר מאשר תכשיט - היא יצירת אמנות של ממש. עשויה בקפידה מחוטי מקרמה איכותיים, כל שרשרת נרקמ
...
Response: 304 6.045 ms 

Request: GET /api/categories at Wed Dec 04 2024 17:20:46 GMT+0200, IP: ::1, User Agent: Mozilla/5.0 (Windows NT 10.0; Win64; x64) AppleWebKit/537.36 (KHTML, like Gecko) Chrome/131.0.0.0 Safari/537.36 Edg/131.0.0.0
Response Body:
[
	{
		"_id": "66cc8fb935338737ded85208",
		"hebTitle": "צמידים",
		"engLink": "Bracelets",
		"imageFileNames": [
			"1724680280610.jpg",
			"1724680280611.jpg",
			"1724680280613.jpg",
			"1724680280613.jpg",
			"1724680280615.jpg"
		],
		"__v": 0
	},
	{
		"_id": "66cc8fb935338737ded85209",
		"hebTitle": "עגילים",
		"engLink": "earings",
		"imageFileNames": [
			"1724679146877.jpg",
			"1724679146905.jpg",
			"1724679146913.jpg",
			"1724679146922.jpg",
			"1725450626782.jpg",
			"1728390743395.jpg",
			"1728390968682.jpg",
			"1728809302122.png",
			"1728810017677.bmp",
			"1728810017767.png",
			"1731247801786.jpg",
			"1731247833352.jpg"
		],
		"__v": 0
	},
	{
		"_id": "66cc8fb935338737ded8520a",
		"hebTitle": "עגילי טבעת",
		"engLink": "Hook Earrings",
		"imageFileNames": [
			"1724679752305.jpg",
			"1724679752307.jpg",
			"1724679752310.jpg",
			"1724679752314.jpg",
			"1724679752333.jpg"
		],
		"__v": 0
	},
	{
		"_id": "66cc8fb935338737ded8520b",
		"hebTitle": "שרשראות",
		"eng
...
Response: 304 7.429 ms 

Request: GET /api/stones at Wed Dec 04 2024 17:20:46 GMT+0200, IP: ::1, User Agent: Mozilla/5.0 (Windows NT 10.0; Win64; x64) AppleWebKit/537.36 (KHTML, like Gecko) Chrome/131.0.0.0 Safari/537.36 Edg/131.0.0.0
Response Body:
[
	{
		"_id": "66cc8fb935338737ded8520e",
		"name": "אמטיסט",
		"description": "אבן האמטיסט, בגוון סגול מהפנט, נחשבת לאבן הרוחניות והשלווה. היא ידועה כמסייעת בהרגעת הנפש ובאיזון רגשי, ומציעה הגנה מפני אנרגיות שליליות. האמטיסט מתאימה במיוחד לבני ובנות מזלות דגים, בתולה, וקשת, ותורמת להעצמת האינטואיציה ולחיזוק הקשר עם העצמי הפנימי. זו האבן המושלמת למי שמחפש חיבור עמוק יותר עם הרוחניות והיציבות הרגשית.",
		"__v": 1,
		"descriptionImageFileName": "1725889236586.jpg",
		"descriptionText": "לורם איפסום דולור סיט אמט, קונסקטורר אדיפיסינג אלית קולורס מונפרד אדנדום סילקוף, מרגשי ומרגשח. עמחליף נולום ארווס סאפיאן - פוסיליס קוויס, אקווזמן ליבם סולגק. בראיט ולחת צורק מונחף, בגורמי מגמש. תרבנך וסתעד לכנו סתשם השמה - לתכי מורגם בורק? לתיג ישבעס.\n\nקולורס מונפרד אדנדום סילקוף, מרגשי ומרגשח. עמחליף קונסקטורר אדיפיסינג אלית. סת אלמנקום ניסי נון ניבאה. דס איאקוליס וולופטה דיאם. וסטיבולום אט דולור, קראס אגת לקטוס וואל אאוגו וסטיבולום סוליסי טידום בעליק. קונדימנטום קורוס בליקרה, נונסטי קלובר בריקנה סטום,
...
Response: 304 3.195 ms 

Request: GET /api/stones at Wed Dec 04 2024 17:20:46 GMT+0200, IP: ::1, User Agent: Mozilla/5.0 (Windows NT 10.0; Win64; x64) AppleWebKit/537.36 (KHTML, like Gecko) Chrome/131.0.0.0 Safari/537.36 Edg/131.0.0.0
Response Body:
[
	{
		"_id": "66cc8fb935338737ded8520e",
		"name": "אמטיסט",
		"description": "אבן האמטיסט, בגוון סגול מהפנט, נחשבת לאבן הרוחניות והשלווה. היא ידועה כמסייעת בהרגעת הנפש ובאיזון רגשי, ומציעה הגנה מפני אנרגיות שליליות. האמטיסט מתאימה במיוחד לבני ובנות מזלות דגים, בתולה, וקשת, ותורמת להעצמת האינטואיציה ולחיזוק הקשר עם העצמי הפנימי. זו האבן המושלמת למי שמחפש חיבור עמוק יותר עם הרוחניות והיציבות הרגשית.",
		"__v": 1,
		"descriptionImageFileName": "1725889236586.jpg",
		"descriptionText": "לורם איפסום דולור סיט אמט, קונסקטורר אדיפיסינג אלית קולורס מונפרד אדנדום סילקוף, מרגשי ומרגשח. עמחליף נולום ארווס סאפיאן - פוסיליס קוויס, אקווזמן ליבם סולגק. בראיט ולחת צורק מונחף, בגורמי מגמש. תרבנך וסתעד לכנו סתשם השמה - לתכי מורגם בורק? לתיג ישבעס.\n\nקולורס מונפרד אדנדום סילקוף, מרגשי ומרגשח. עמחליף קונסקטורר אדיפיסינג אלית. סת אלמנקום ניסי נון ניבאה. דס איאקוליס וולופטה דיאם. וסטיבולום אט דולור, קראס אגת לקטוס וואל אאוגו וסטיבולום סוליסי טידום בעליק. קונדימנטום קורוס בליקרה, נונסטי קלובר בריקנה סטום,
...
Response: 304 2.648 ms 

Request: GET /public/stones/1730735011893.jpg at Wed Dec 04 2024 17:20:46 GMT+0200, IP: ::1, User Agent: Mozilla/5.0 (Windows NT 10.0; Win64; x64) AppleWebKit/537.36 (KHTML, like Gecko) Chrome/131.0.0.0 Safari/537.36 Edg/131.0.0.0
Response: 304 2.026 ms 

Request: GET /public/products/1724679930178.jpg at Wed Dec 04 2024 17:20:46 GMT+0200, IP: ::1, User Agent: Mozilla/5.0 (Windows NT 10.0; Win64; x64) AppleWebKit/537.36 (KHTML, like Gecko) Chrome/131.0.0.0 Safari/537.36 Edg/131.0.0.0
Response: 304 1.107 ms 

Request: GET /public/products/1724679330997.jpg at Wed Dec 04 2024 17:20:46 GMT+0200, IP: ::1, User Agent: Mozilla/5.0 (Windows NT 10.0; Win64; x64) AppleWebKit/537.36 (KHTML, like Gecko) Chrome/131.0.0.0 Safari/537.36 Edg/131.0.0.0
Response: 304 2.895 ms 

Request: GET /public/products/1724680280611.jpg at Wed Dec 04 2024 17:20:46 GMT+0200, IP: ::1, User Agent: Mozilla/5.0 (Windows NT 10.0; Win64; x64) AppleWebKit/537.36 (KHTML, like Gecko) Chrome/131.0.0.0 Safari/537.36 Edg/131.0.0.0
Response: 304 3.650 ms 

Request: GET /public/products/1731247801786.jpg at Wed Dec 04 2024 17:20:46 GMT+0200, IP: ::1, User Agent: Mozilla/5.0 (Windows NT 10.0; Win64; x64) AppleWebKit/537.36 (KHTML, like Gecko) Chrome/131.0.0.0 Safari/537.36 Edg/131.0.0.0
Response: 304 4.399 ms 

Request: GET /public/products/1731247833352.jpg at Wed Dec 04 2024 17:20:46 GMT+0200, IP: ::1, User Agent: Mozilla/5.0 (Windows NT 10.0; Win64; x64) AppleWebKit/537.36 (KHTML, like Gecko) Chrome/131.0.0.0 Safari/537.36 Edg/131.0.0.0
Response: 304 3.683 ms 

Request: GET /public/products/1724679752305.jpg at Wed Dec 04 2024 17:20:46 GMT+0200, IP: ::1, User Agent: Mozilla/5.0 (Windows NT 10.0; Win64; x64) AppleWebKit/537.36 (KHTML, like Gecko) Chrome/131.0.0.0 Safari/537.36 Edg/131.0.0.0
Response: 304 3.252 ms 

Request: GET /public/products/1724679146877.jpg at Wed Dec 04 2024 17:20:46 GMT+0200, IP: ::1, User Agent: Mozilla/5.0 (Windows NT 10.0; Win64; x64) AppleWebKit/537.36 (KHTML, like Gecko) Chrome/131.0.0.0 Safari/537.36 Edg/131.0.0.0
Response: 304 2.427 ms 

Request: GET /api/stones at Wed Dec 04 2024 17:21:37 GMT+0200, IP: ::1, User Agent: Mozilla/5.0 (Linux; Android 13; Pixel 7) AppleWebKit/537.36 (KHTML, like Gecko) Chrome/116.0.0.0 Mobile Safari/537.36 Edg/131.0.0.0
Response Body:
[
	{
		"_id": "66cc8fb935338737ded8520e",
		"name": "אמטיסט",
		"description": "אבן האמטיסט, בגוון סגול מהפנט, נחשבת לאבן הרוחניות והשלווה. היא ידועה כמסייעת בהרגעת הנפש ובאיזון רגשי, ומציעה הגנה מפני אנרגיות שליליות. האמטיסט מתאימה במיוחד לבני ובנות מזלות דגים, בתולה, וקשת, ותורמת להעצמת האינטואיציה ולחיזוק הקשר עם העצמי הפנימי. זו האבן המושלמת למי שמחפש חיבור עמוק יותר עם הרוחניות והיציבות הרגשית.",
		"__v": 1,
		"descriptionImageFileName": "1725889236586.jpg",
		"descriptionText": "לורם איפסום דולור סיט אמט, קונסקטורר אדיפיסינג אלית קולורס מונפרד אדנדום סילקוף, מרגשי ומרגשח. עמחליף נולום ארווס סאפיאן - פוסיליס קוויס, אקווזמן ליבם סולגק. בראיט ולחת צורק מונחף, בגורמי מגמש. תרבנך וסתעד לכנו סתשם השמה - לתכי מורגם בורק? לתיג ישבעס.\n\nקולורס מונפרד אדנדום סילקוף, מרגשי ומרגשח. עמחליף קונסקטורר אדיפיסינג אלית. סת אלמנקום ניסי נון ניבאה. דס איאקוליס וולופטה דיאם. וסטיבולום אט דולור, קראס אגת לקטוס וואל אאוגו וסטיבולום סוליסי טידום בעליק. קונדימנטום קורוס בליקרה, נונסטי קלובר בריקנה סטום,
...
Response: 304 19.658 ms 

Request: GET / at Wed Dec 04 2024 17:21:37 GMT+0200, IP: ::1, User Agent: Mozilla/5.0 (Linux; Android 13; Pixel 7) AppleWebKit/537.36 (KHTML, like Gecko) Chrome/116.0.0.0 Mobile Safari/537.36 Edg/131.0.0.0
Response: 304 29.523 ms 

Request: GET /api/products at Wed Dec 04 2024 17:21:37 GMT+0200, IP: ::1, User Agent: Mozilla/5.0 (Linux; Android 13; Pixel 7) AppleWebKit/537.36 (KHTML, like Gecko) Chrome/116.0.0.0 Mobile Safari/537.36 Edg/131.0.0.0
Response Body:
[
	{
		"_id": "66cc90241508324d6c354dba",
		"title": "קישוט לשיער",
		"description": "הכניסי נגיעה של סטייל בוהו לשיער שלך עם אקססורי מקרמה ייחודי בעבודת יד! פריט זה משדרג כל תסרוקת, בין אם מדובר בשיער פזור, קוקו גבוה או צמה. החוטים הארוגים בעדינות יוצרים דפוסים יפיפיים שמשלבים בין יוקרה ופשטות. האקססורי לשיער זמין במגוון צבעים ודוגמאות, כך שתוכלי להתאים אותו לכל מראה ולכל אירוע. זו הדרך המושלמת להוסיף נגיעה של סטייל אישי ותעוזה לכל הופעה.",
		"imageFileNames": [
			"1724679930178.jpg",
			"1724679930183.jpg",
			"1724679930189.jpg",
			"1724679930200.jpg",
			"1724679930275.jpg"
		],
		"stock": 14,
		"stringAColor": "orange",
		"stringBColor": "yellow",
		"stone": "סיטרין",
		"category": "אקססוריז",
		"__v": 0,
		"discount": 0,
		"currentPrice": 630,
		"originalPrice": 630,
		"positionIndex": 0
	},
	{
		"_id": "66cc90241508324d6c354db8",
		"title": "שרשרת",
		"description": "שרשרת המקרמה הזו היא יותר מאשר תכשיט - היא יצירת אמנות של ממש. עשויה בקפידה מחוטי מקרמה איכותיים, כל שרשרת נרקמ
...
Response: 304 44.157 ms 

Request: GET /api/categories at Wed Dec 04 2024 17:21:37 GMT+0200, IP: ::1, User Agent: Mozilla/5.0 (Linux; Android 13; Pixel 7) AppleWebKit/537.36 (KHTML, like Gecko) Chrome/116.0.0.0 Mobile Safari/537.36 Edg/131.0.0.0
Response Body:
[
	{
		"_id": "66cc8fb935338737ded85208",
		"hebTitle": "צמידים",
		"engLink": "Bracelets",
		"imageFileNames": [
			"1724680280610.jpg",
			"1724680280611.jpg",
			"1724680280613.jpg",
			"1724680280613.jpg",
			"1724680280615.jpg"
		],
		"__v": 0
	},
	{
		"_id": "66cc8fb935338737ded85209",
		"hebTitle": "עגילים",
		"engLink": "earings",
		"imageFileNames": [
			"1724679146877.jpg",
			"1724679146905.jpg",
			"1724679146913.jpg",
			"1724679146922.jpg",
			"1725450626782.jpg",
			"1728390743395.jpg",
			"1728390968682.jpg",
			"1728809302122.png",
			"1728810017677.bmp",
			"1728810017767.png",
			"1731247801786.jpg",
			"1731247833352.jpg"
		],
		"__v": 0
	},
	{
		"_id": "66cc8fb935338737ded8520a",
		"hebTitle": "עגילי טבעת",
		"engLink": "Hook Earrings",
		"imageFileNames": [
			"1724679752305.jpg",
			"1724679752307.jpg",
			"1724679752310.jpg",
			"1724679752314.jpg",
			"1724679752333.jpg"
		],
		"__v": 0
	},
	{
		"_id": "66cc8fb935338737ded8520b",
		"hebTitle": "שרשראות",
		"eng
...
Response: 304 47.574 ms 

Request: GET /api/stones at Wed Dec 04 2024 17:21:37 GMT+0200, IP: ::1, User Agent: Mozilla/5.0 (Linux; Android 13; Pixel 7) AppleWebKit/537.36 (KHTML, like Gecko) Chrome/116.0.0.0 Mobile Safari/537.36 Edg/131.0.0.0
Response Body:
[
	{
		"_id": "66cc8fb935338737ded8520e",
		"name": "אמטיסט",
		"description": "אבן האמטיסט, בגוון סגול מהפנט, נחשבת לאבן הרוחניות והשלווה. היא ידועה כמסייעת בהרגעת הנפש ובאיזון רגשי, ומציעה הגנה מפני אנרגיות שליליות. האמטיסט מתאימה במיוחד לבני ובנות מזלות דגים, בתולה, וקשת, ותורמת להעצמת האינטואיציה ולחיזוק הקשר עם העצמי הפנימי. זו האבן המושלמת למי שמחפש חיבור עמוק יותר עם הרוחניות והיציבות הרגשית.",
		"__v": 1,
		"descriptionImageFileName": "1725889236586.jpg",
		"descriptionText": "לורם איפסום דולור סיט אמט, קונסקטורר אדיפיסינג אלית קולורס מונפרד אדנדום סילקוף, מרגשי ומרגשח. עמחליף נולום ארווס סאפיאן - פוסיליס קוויס, אקווזמן ליבם סולגק. בראיט ולחת צורק מונחף, בגורמי מגמש. תרבנך וסתעד לכנו סתשם השמה - לתכי מורגם בורק? לתיג ישבעס.\n\nקולורס מונפרד אדנדום סילקוף, מרגשי ומרגשח. עמחליף קונסקטורר אדיפיסינג אלית. סת אלמנקום ניסי נון ניבאה. דס איאקוליס וולופטה דיאם. וסטיבולום אט דולור, קראס אגת לקטוס וואל אאוגו וסטיבולום סוליסי טידום בעליק. קונדימנטום קורוס בליקרה, נונסטי קלובר בריקנה סטום,
...
Response: 304 57.573 ms 

Request: GET / at Wed Dec 04 2024 17:21:37 GMT+0200, IP: ::1, User Agent: Mozilla/5.0 (Linux; Android 13; Pixel 7) AppleWebKit/537.36 (KHTML, like Gecko) Chrome/116.0.0.0 Mobile Safari/537.36 Edg/131.0.0.0
Response: 304 42.737 ms 

Request: GET /api/products at Wed Dec 04 2024 17:21:37 GMT+0200, IP: ::1, User Agent: Mozilla/5.0 (Linux; Android 13; Pixel 7) AppleWebKit/537.36 (KHTML, like Gecko) Chrome/116.0.0.0 Mobile Safari/537.36 Edg/131.0.0.0
Response Body:
[
	{
		"_id": "66cc90241508324d6c354dba",
		"title": "קישוט לשיער",
		"description": "הכניסי נגיעה של סטייל בוהו לשיער שלך עם אקססורי מקרמה ייחודי בעבודת יד! פריט זה משדרג כל תסרוקת, בין אם מדובר בשיער פזור, קוקו גבוה או צמה. החוטים הארוגים בעדינות יוצרים דפוסים יפיפיים שמשלבים בין יוקרה ופשטות. האקססורי לשיער זמין במגוון צבעים ודוגמאות, כך שתוכלי להתאים אותו לכל מראה ולכל אירוע. זו הדרך המושלמת להוסיף נגיעה של סטייל אישי ותעוזה לכל הופעה.",
		"imageFileNames": [
			"1724679930178.jpg",
			"1724679930183.jpg",
			"1724679930189.jpg",
			"1724679930200.jpg",
			"1724679930275.jpg"
		],
		"stock": 14,
		"stringAColor": "orange",
		"stringBColor": "yellow",
		"stone": "סיטרין",
		"category": "אקססוריז",
		"__v": 0,
		"discount": 0,
		"currentPrice": 630,
		"originalPrice": 630,
		"positionIndex": 0
	},
	{
		"_id": "66cc90241508324d6c354db8",
		"title": "שרשרת",
		"description": "שרשרת המקרמה הזו היא יותר מאשר תכשיט - היא יצירת אמנות של ממש. עשויה בקפידה מחוטי מקרמה איכותיים, כל שרשרת נרקמ
...
Response: 304 43.405 ms 

Request: GET /api/categories at Wed Dec 04 2024 17:21:37 GMT+0200, IP: ::1, User Agent: Mozilla/5.0 (Linux; Android 13; Pixel 7) AppleWebKit/537.36 (KHTML, like Gecko) Chrome/116.0.0.0 Mobile Safari/537.36 Edg/131.0.0.0
Response Body:
[
	{
		"_id": "66cc8fb935338737ded85208",
		"hebTitle": "צמידים",
		"engLink": "Bracelets",
		"imageFileNames": [
			"1724680280610.jpg",
			"1724680280611.jpg",
			"1724680280613.jpg",
			"1724680280613.jpg",
			"1724680280615.jpg"
		],
		"__v": 0
	},
	{
		"_id": "66cc8fb935338737ded85209",
		"hebTitle": "עגילים",
		"engLink": "earings",
		"imageFileNames": [
			"1724679146877.jpg",
			"1724679146905.jpg",
			"1724679146913.jpg",
			"1724679146922.jpg",
			"1725450626782.jpg",
			"1728390743395.jpg",
			"1728390968682.jpg",
			"1728809302122.png",
			"1728810017677.bmp",
			"1728810017767.png",
			"1731247801786.jpg",
			"1731247833352.jpg"
		],
		"__v": 0
	},
	{
		"_id": "66cc8fb935338737ded8520a",
		"hebTitle": "עגילי טבעת",
		"engLink": "Hook Earrings",
		"imageFileNames": [
			"1724679752305.jpg",
			"1724679752307.jpg",
			"1724679752310.jpg",
			"1724679752314.jpg",
			"1724679752333.jpg"
		],
		"__v": 0
	},
	{
		"_id": "66cc8fb935338737ded8520b",
		"hebTitle": "שרשראות",
		"eng
...
Response: 304 39.370 ms 

Request: GET /api/stones at Wed Dec 04 2024 17:21:37 GMT+0200, IP: ::1, User Agent: Mozilla/5.0 (Linux; Android 13; Pixel 7) AppleWebKit/537.36 (KHTML, like Gecko) Chrome/116.0.0.0 Mobile Safari/537.36 Edg/131.0.0.0
Response Body:
[
	{
		"_id": "66cc8fb935338737ded8520e",
		"name": "אמטיסט",
		"description": "אבן האמטיסט, בגוון סגול מהפנט, נחשבת לאבן הרוחניות והשלווה. היא ידועה כמסייעת בהרגעת הנפש ובאיזון רגשי, ומציעה הגנה מפני אנרגיות שליליות. האמטיסט מתאימה במיוחד לבני ובנות מזלות דגים, בתולה, וקשת, ותורמת להעצמת האינטואיציה ולחיזוק הקשר עם העצמי הפנימי. זו האבן המושלמת למי שמחפש חיבור עמוק יותר עם הרוחניות והיציבות הרגשית.",
		"__v": 1,
		"descriptionImageFileName": "1725889236586.jpg",
		"descriptionText": "לורם איפסום דולור סיט אמט, קונסקטורר אדיפיסינג אלית קולורס מונפרד אדנדום סילקוף, מרגשי ומרגשח. עמחליף נולום ארווס סאפיאן - פוסיליס קוויס, אקווזמן ליבם סולגק. בראיט ולחת צורק מונחף, בגורמי מגמש. תרבנך וסתעד לכנו סתשם השמה - לתכי מורגם בורק? לתיג ישבעס.\n\nקולורס מונפרד אדנדום סילקוף, מרגשי ומרגשח. עמחליף קונסקטורר אדיפיסינג אלית. סת אלמנקום ניסי נון ניבאה. דס איאקוליס וולופטה דיאם. וסטיבולום אט דולור, קראס אגת לקטוס וואל אאוגו וסטיבולום סוליסי טידום בעליק. קונדימנטום קורוס בליקרה, נונסטי קלובר בריקנה סטום,
...
Response: 304 7.204 ms 

Request: GET /api/stones at Wed Dec 04 2024 17:21:37 GMT+0200, IP: ::1, User Agent: Mozilla/5.0 (Linux; Android 13; Pixel 7) AppleWebKit/537.36 (KHTML, like Gecko) Chrome/116.0.0.0 Mobile Safari/537.36 Edg/131.0.0.0
Response Body:
[
	{
		"_id": "66cc8fb935338737ded8520e",
		"name": "אמטיסט",
		"description": "אבן האמטיסט, בגוון סגול מהפנט, נחשבת לאבן הרוחניות והשלווה. היא ידועה כמסייעת בהרגעת הנפש ובאיזון רגשי, ומציעה הגנה מפני אנרגיות שליליות. האמטיסט מתאימה במיוחד לבני ובנות מזלות דגים, בתולה, וקשת, ותורמת להעצמת האינטואיציה ולחיזוק הקשר עם העצמי הפנימי. זו האבן המושלמת למי שמחפש חיבור עמוק יותר עם הרוחניות והיציבות הרגשית.",
		"__v": 1,
		"descriptionImageFileName": "1725889236586.jpg",
		"descriptionText": "לורם איפסום דולור סיט אמט, קונסקטורר אדיפיסינג אלית קולורס מונפרד אדנדום סילקוף, מרגשי ומרגשח. עמחליף נולום ארווס סאפיאן - פוסיליס קוויס, אקווזמן ליבם סולגק. בראיט ולחת צורק מונחף, בגורמי מגמש. תרבנך וסתעד לכנו סתשם השמה - לתכי מורגם בורק? לתיג ישבעס.\n\nקולורס מונפרד אדנדום סילקוף, מרגשי ומרגשח. עמחליף קונסקטורר אדיפיסינג אלית. סת אלמנקום ניסי נון ניבאה. דס איאקוליס וולופטה דיאם. וסטיבולום אט דולור, קראס אגת לקטוס וואל אאוגו וסטיבולום סוליסי טידום בעליק. קונדימנטום קורוס בליקרה, נונסטי קלובר בריקנה סטום,
...
Response: 304 6.215 ms 

Request: GET /public/stones/1730735011893.jpg at Wed Dec 04 2024 17:21:37 GMT+0200, IP: ::1, User Agent: Mozilla/5.0 (Linux; Android 13; Pixel 7) AppleWebKit/537.36 (KHTML, like Gecko) Chrome/116.0.0.0 Mobile Safari/537.36 Edg/131.0.0.0
Response: 304 3.810 ms 

Request: GET /public/products/1724679146877.jpg at Wed Dec 04 2024 17:21:37 GMT+0200, IP: ::1, User Agent: Mozilla/5.0 (Linux; Android 13; Pixel 7) AppleWebKit/537.36 (KHTML, like Gecko) Chrome/116.0.0.0 Mobile Safari/537.36 Edg/131.0.0.0
Response: 304 3.616 ms 

Request: GET /public/products/1724679752305.jpg at Wed Dec 04 2024 17:21:37 GMT+0200, IP: ::1, User Agent: Mozilla/5.0 (Linux; Android 13; Pixel 7) AppleWebKit/537.36 (KHTML, like Gecko) Chrome/116.0.0.0 Mobile Safari/537.36 Edg/131.0.0.0
Response: 304 4.683 ms 

Request: GET /public/products/1724679330997.jpg at Wed Dec 04 2024 17:21:37 GMT+0200, IP: ::1, User Agent: Mozilla/5.0 (Linux; Android 13; Pixel 7) AppleWebKit/537.36 (KHTML, like Gecko) Chrome/116.0.0.0 Mobile Safari/537.36 Edg/131.0.0.0
Response: 304 5.701 ms 

Request: GET /public/products/1724679930178.jpg at Wed Dec 04 2024 17:21:37 GMT+0200, IP: ::1, User Agent: Mozilla/5.0 (Linux; Android 13; Pixel 7) AppleWebKit/537.36 (KHTML, like Gecko) Chrome/116.0.0.0 Mobile Safari/537.36 Edg/131.0.0.0
Response: 304 6.669 ms 

Request: GET /public/products/1724680280611.jpg at Wed Dec 04 2024 17:21:38 GMT+0200, IP: ::1, User Agent: Mozilla/5.0 (Linux; Android 13; Pixel 7) AppleWebKit/537.36 (KHTML, like Gecko) Chrome/116.0.0.0 Mobile Safari/537.36 Edg/131.0.0.0
Response: 304 1.999 ms 

Request: GET /public/products/1731247801786.jpg at Wed Dec 04 2024 17:21:38 GMT+0200, IP: ::1, User Agent: Mozilla/5.0 (Linux; Android 13; Pixel 7) AppleWebKit/537.36 (KHTML, like Gecko) Chrome/116.0.0.0 Mobile Safari/537.36 Edg/131.0.0.0
Response: 304 3.435 ms 

Request: GET /public/products/1731247833352.jpg at Wed Dec 04 2024 17:21:38 GMT+0200, IP: ::1, User Agent: Mozilla/5.0 (Linux; Android 13; Pixel 7) AppleWebKit/537.36 (KHTML, like Gecko) Chrome/116.0.0.0 Mobile Safari/537.36 Edg/131.0.0.0
Response: 304 4.329 ms 

Request: GET /api/stones at Wed Dec 04 2024 17:23:39 GMT+0200, IP: ::1, User Agent: Mozilla/5.0 (Linux; Android 13; Pixel 7) AppleWebKit/537.36 (KHTML, like Gecko) Chrome/116.0.0.0 Mobile Safari/537.36 Edg/131.0.0.0
Response Body:
[
	{
		"_id": "66cc8fb935338737ded8520e",
		"name": "אמטיסט",
		"description": "אבן האמטיסט, בגוון סגול מהפנט, נחשבת לאבן הרוחניות והשלווה. היא ידועה כמסייעת בהרגעת הנפש ובאיזון רגשי, ומציעה הגנה מפני אנרגיות שליליות. האמטיסט מתאימה במיוחד לבני ובנות מזלות דגים, בתולה, וקשת, ותורמת להעצמת האינטואיציה ולחיזוק הקשר עם העצמי הפנימי. זו האבן המושלמת למי שמחפש חיבור עמוק יותר עם הרוחניות והיציבות הרגשית.",
		"__v": 1,
		"descriptionImageFileName": "1725889236586.jpg",
		"descriptionText": "לורם איפסום דולור סיט אמט, קונסקטורר אדיפיסינג אלית קולורס מונפרד אדנדום סילקוף, מרגשי ומרגשח. עמחליף נולום ארווס סאפיאן - פוסיליס קוויס, אקווזמן ליבם סולגק. בראיט ולחת צורק מונחף, בגורמי מגמש. תרבנך וסתעד לכנו סתשם השמה - לתכי מורגם בורק? לתיג ישבעס.\n\nקולורס מונפרד אדנדום סילקוף, מרגשי ומרגשח. עמחליף קונסקטורר אדיפיסינג אלית. סת אלמנקום ניסי נון ניבאה. דס איאקוליס וולופטה דיאם. וסטיבולום אט דולור, קראס אגת לקטוס וואל אאוגו וסטיבולום סוליסי טידום בעליק. קונדימנטום קורוס בליקרה, נונסטי קלובר בריקנה סטום,
...
Response: 304 16.162 ms 

Request: GET / at Wed Dec 04 2024 17:23:39 GMT+0200, IP: ::1, User Agent: Mozilla/5.0 (Linux; Android 13; Pixel 7) AppleWebKit/537.36 (KHTML, like Gecko) Chrome/116.0.0.0 Mobile Safari/537.36 Edg/131.0.0.0
Response: 304 23.345 ms 

Request: GET /api/products at Wed Dec 04 2024 17:23:39 GMT+0200, IP: ::1, User Agent: Mozilla/5.0 (Linux; Android 13; Pixel 7) AppleWebKit/537.36 (KHTML, like Gecko) Chrome/116.0.0.0 Mobile Safari/537.36 Edg/131.0.0.0
Response Body:
[
	{
		"_id": "66cc90241508324d6c354dba",
		"title": "קישוט לשיער",
		"description": "הכניסי נגיעה של סטייל בוהו לשיער שלך עם אקססורי מקרמה ייחודי בעבודת יד! פריט זה משדרג כל תסרוקת, בין אם מדובר בשיער פזור, קוקו גבוה או צמה. החוטים הארוגים בעדינות יוצרים דפוסים יפיפיים שמשלבים בין יוקרה ופשטות. האקססורי לשיער זמין במגוון צבעים ודוגמאות, כך שתוכלי להתאים אותו לכל מראה ולכל אירוע. זו הדרך המושלמת להוסיף נגיעה של סטייל אישי ותעוזה לכל הופעה.",
		"imageFileNames": [
			"1724679930178.jpg",
			"1724679930183.jpg",
			"1724679930189.jpg",
			"1724679930200.jpg",
			"1724679930275.jpg"
		],
		"stock": 14,
		"stringAColor": "orange",
		"stringBColor": "yellow",
		"stone": "סיטרין",
		"category": "אקססוריז",
		"__v": 0,
		"discount": 0,
		"currentPrice": 630,
		"originalPrice": 630,
		"positionIndex": 0
	},
	{
		"_id": "66cc90241508324d6c354db8",
		"title": "שרשרת",
		"description": "שרשרת המקרמה הזו היא יותר מאשר תכשיט - היא יצירת אמנות של ממש. עשויה בקפידה מחוטי מקרמה איכותיים, כל שרשרת נרקמ
...
Response: 304 31.713 ms 

Request: GET / at Wed Dec 04 2024 17:23:39 GMT+0200, IP: ::1, User Agent: Mozilla/5.0 (Linux; Android 13; Pixel 7) AppleWebKit/537.36 (KHTML, like Gecko) Chrome/116.0.0.0 Mobile Safari/537.36 Edg/131.0.0.0
Response: 304 0.985 ms 

Request: GET /api/stones at Wed Dec 04 2024 17:23:39 GMT+0200, IP: ::1, User Agent: Mozilla/5.0 (Linux; Android 13; Pixel 7) AppleWebKit/537.36 (KHTML, like Gecko) Chrome/116.0.0.0 Mobile Safari/537.36 Edg/131.0.0.0
Response Body:
[
	{
		"_id": "66cc8fb935338737ded8520e",
		"name": "אמטיסט",
		"description": "אבן האמטיסט, בגוון סגול מהפנט, נחשבת לאבן הרוחניות והשלווה. היא ידועה כמסייעת בהרגעת הנפש ובאיזון רגשי, ומציעה הגנה מפני אנרגיות שליליות. האמטיסט מתאימה במיוחד לבני ובנות מזלות דגים, בתולה, וקשת, ותורמת להעצמת האינטואיציה ולחיזוק הקשר עם העצמי הפנימי. זו האבן המושלמת למי שמחפש חיבור עמוק יותר עם הרוחניות והיציבות הרגשית.",
		"__v": 1,
		"descriptionImageFileName": "1725889236586.jpg",
		"descriptionText": "לורם איפסום דולור סיט אמט, קונסקטורר אדיפיסינג אלית קולורס מונפרד אדנדום סילקוף, מרגשי ומרגשח. עמחליף נולום ארווס סאפיאן - פוסיליס קוויס, אקווזמן ליבם סולגק. בראיט ולחת צורק מונחף, בגורמי מגמש. תרבנך וסתעד לכנו סתשם השמה - לתכי מורגם בורק? לתיג ישבעס.\n\nקולורס מונפרד אדנדום סילקוף, מרגשי ומרגשח. עמחליף קונסקטורר אדיפיסינג אלית. סת אלמנקום ניסי נון ניבאה. דס איאקוליס וולופטה דיאם. וסטיבולום אט דולור, קראס אגת לקטוס וואל אאוגו וסטיבולום סוליסי טידום בעליק. קונדימנטום קורוס בליקרה, נונסטי קלובר בריקנה סטום,
...
Response: 304 35.103 ms 

Request: GET /api/products at Wed Dec 04 2024 17:23:39 GMT+0200, IP: ::1, User Agent: Mozilla/5.0 (Linux; Android 13; Pixel 7) AppleWebKit/537.36 (KHTML, like Gecko) Chrome/116.0.0.0 Mobile Safari/537.36 Edg/131.0.0.0
Response Body:
[
	{
		"_id": "66cc90241508324d6c354dba",
		"title": "קישוט לשיער",
		"description": "הכניסי נגיעה של סטייל בוהו לשיער שלך עם אקססורי מקרמה ייחודי בעבודת יד! פריט זה משדרג כל תסרוקת, בין אם מדובר בשיער פזור, קוקו גבוה או צמה. החוטים הארוגים בעדינות יוצרים דפוסים יפיפיים שמשלבים בין יוקרה ופשטות. האקססורי לשיער זמין במגוון צבעים ודוגמאות, כך שתוכלי להתאים אותו לכל מראה ולכל אירוע. זו הדרך המושלמת להוסיף נגיעה של סטייל אישי ותעוזה לכל הופעה.",
		"imageFileNames": [
			"1724679930178.jpg",
			"1724679930183.jpg",
			"1724679930189.jpg",
			"1724679930200.jpg",
			"1724679930275.jpg"
		],
		"stock": 14,
		"stringAColor": "orange",
		"stringBColor": "yellow",
		"stone": "סיטרין",
		"category": "אקססוריז",
		"__v": 0,
		"discount": 0,
		"currentPrice": 630,
		"originalPrice": 630,
		"positionIndex": 0
	},
	{
		"_id": "66cc90241508324d6c354db8",
		"title": "שרשרת",
		"description": "שרשרת המקרמה הזו היא יותר מאשר תכשיט - היא יצירת אמנות של ממש. עשויה בקפידה מחוטי מקרמה איכותיים, כל שרשרת נרקמ
...
Response: 304 30.738 ms 

Request: GET /api/categories at Wed Dec 04 2024 17:23:39 GMT+0200, IP: ::1, User Agent: Mozilla/5.0 (Linux; Android 13; Pixel 7) AppleWebKit/537.36 (KHTML, like Gecko) Chrome/116.0.0.0 Mobile Safari/537.36 Edg/131.0.0.0
Response Body:
[
	{
		"_id": "66cc8fb935338737ded85208",
		"hebTitle": "צמידים",
		"engLink": "Bracelets",
		"imageFileNames": [
			"1724680280611.jpg",
			"1724680280613.jpg",
			"1724680280613.jpg",
			"1724680280615.jpg"
		],
		"__v": 1
	},
	{
		"_id": "66cc8fb935338737ded85209",
		"hebTitle": "עגילים",
		"engLink": "earings",
		"imageFileNames": [
			"1724679146877.jpg",
			"1724679146905.jpg",
			"1724679146913.jpg",
			"1724679146922.jpg",
			"1731247801786.jpg",
			"1731247833352.jpg"
		],
		"__v": 1
	},
	{
		"_id": "66cc8fb935338737ded8520a",
		"hebTitle": "עגילי טבעת",
		"engLink": "Hook Earrings",
		"imageFileNames": [
			"1724679752305.jpg",
			"1724679752307.jpg",
			"1724679752310.jpg",
			"1724679752314.jpg",
			"1724679752333.jpg"
		],
		"__v": 0
	},
	{
		"_id": "66cc8fb935338737ded8520b",
		"hebTitle": "שרשראות",
		"engLink": "Necklaces",
		"imageFileNames": [
			"1724679330997.jpg",
			"1724679331021.jpg",
			"1724679331024.jpg",
			"1724679331026.jpg",
			"1724679331036.jpg"
		],
		
...
Response: 304 42.085 ms 

Request: GET /api/stones at Wed Dec 04 2024 17:23:39 GMT+0200, IP: ::1, User Agent: Mozilla/5.0 (Linux; Android 13; Pixel 7) AppleWebKit/537.36 (KHTML, like Gecko) Chrome/116.0.0.0 Mobile Safari/537.36 Edg/131.0.0.0
Response Body:
[
	{
		"_id": "66cc8fb935338737ded8520e",
		"name": "אמטיסט",
		"description": "אבן האמטיסט, בגוון סגול מהפנט, נחשבת לאבן הרוחניות והשלווה. היא ידועה כמסייעת בהרגעת הנפש ובאיזון רגשי, ומציעה הגנה מפני אנרגיות שליליות. האמטיסט מתאימה במיוחד לבני ובנות מזלות דגים, בתולה, וקשת, ותורמת להעצמת האינטואיציה ולחיזוק הקשר עם העצמי הפנימי. זו האבן המושלמת למי שמחפש חיבור עמוק יותר עם הרוחניות והיציבות הרגשית.",
		"__v": 1,
		"descriptionImageFileName": "1725889236586.jpg",
		"descriptionText": "לורם איפסום דולור סיט אמט, קונסקטורר אדיפיסינג אלית קולורס מונפרד אדנדום סילקוף, מרגשי ומרגשח. עמחליף נולום ארווס סאפיאן - פוסיליס קוויס, אקווזמן ליבם סולגק. בראיט ולחת צורק מונחף, בגורמי מגמש. תרבנך וסתעד לכנו סתשם השמה - לתכי מורגם בורק? לתיג ישבעס.\n\nקולורס מונפרד אדנדום סילקוף, מרגשי ומרגשח. עמחליף קונסקטורר אדיפיסינג אלית. סת אלמנקום ניסי נון ניבאה. דס איאקוליס וולופטה דיאם. וסטיבולום אט דולור, קראס אגת לקטוס וואל אאוגו וסטיבולום סוליסי טידום בעליק. קונדימנטום קורוס בליקרה, נונסטי קלובר בריקנה סטום,
...
Response: 304 7.280 ms 

Request: GET /api/stones at Wed Dec 04 2024 17:23:39 GMT+0200, IP: ::1, User Agent: Mozilla/5.0 (Linux; Android 13; Pixel 7) AppleWebKit/537.36 (KHTML, like Gecko) Chrome/116.0.0.0 Mobile Safari/537.36 Edg/131.0.0.0
Response Body:
[
	{
		"_id": "66cc8fb935338737ded8520e",
		"name": "אמטיסט",
		"description": "אבן האמטיסט, בגוון סגול מהפנט, נחשבת לאבן הרוחניות והשלווה. היא ידועה כמסייעת בהרגעת הנפש ובאיזון רגשי, ומציעה הגנה מפני אנרגיות שליליות. האמטיסט מתאימה במיוחד לבני ובנות מזלות דגים, בתולה, וקשת, ותורמת להעצמת האינטואיציה ולחיזוק הקשר עם העצמי הפנימי. זו האבן המושלמת למי שמחפש חיבור עמוק יותר עם הרוחניות והיציבות הרגשית.",
		"__v": 1,
		"descriptionImageFileName": "1725889236586.jpg",
		"descriptionText": "לורם איפסום דולור סיט אמט, קונסקטורר אדיפיסינג אלית קולורס מונפרד אדנדום סילקוף, מרגשי ומרגשח. עמחליף נולום ארווס סאפיאן - פוסיליס קוויס, אקווזמן ליבם סולגק. בראיט ולחת צורק מונחף, בגורמי מגמש. תרבנך וסתעד לכנו סתשם השמה - לתכי מורגם בורק? לתיג ישבעס.\n\nקולורס מונפרד אדנדום סילקוף, מרגשי ומרגשח. עמחליף קונסקטורר אדיפיסינג אלית. סת אלמנקום ניסי נון ניבאה. דס איאקוליס וולופטה דיאם. וסטיבולום אט דולור, קראס אגת לקטוס וואל אאוגו וסטיבולום סוליסי טידום בעליק. קונדימנטום קורוס בליקרה, נונסטי קלובר בריקנה סטום,
...
Response: 304 6.478 ms 

Request: GET /public/stones/1730735011893.jpg at Wed Dec 04 2024 17:23:39 GMT+0200, IP: ::1, User Agent: Mozilla/5.0 (Linux; Android 13; Pixel 7) AppleWebKit/537.36 (KHTML, like Gecko) Chrome/116.0.0.0 Mobile Safari/537.36 Edg/131.0.0.0
Response: 304 2.114 ms 

Request: GET /public/products/1724680280611.jpg at Wed Dec 04 2024 17:23:40 GMT+0200, IP: ::1, User Agent: Mozilla/5.0 (Linux; Android 13; Pixel 7) AppleWebKit/537.36 (KHTML, like Gecko) Chrome/116.0.0.0 Mobile Safari/537.36 Edg/131.0.0.0
Response: 304 0.921 ms 

Request: GET /public/products/1724679146877.jpg at Wed Dec 04 2024 17:23:40 GMT+0200, IP: ::1, User Agent: Mozilla/5.0 (Linux; Android 13; Pixel 7) AppleWebKit/537.36 (KHTML, like Gecko) Chrome/116.0.0.0 Mobile Safari/537.36 Edg/131.0.0.0
Response: 304 0.994 ms 

Request: GET /public/products/1724679752305.jpg at Wed Dec 04 2024 17:23:40 GMT+0200, IP: ::1, User Agent: Mozilla/5.0 (Linux; Android 13; Pixel 7) AppleWebKit/537.36 (KHTML, like Gecko) Chrome/116.0.0.0 Mobile Safari/537.36 Edg/131.0.0.0
Response: 304 4.446 ms 

Request: GET /public/products/1724679330997.jpg at Wed Dec 04 2024 17:23:40 GMT+0200, IP: ::1, User Agent: Mozilla/5.0 (Linux; Android 13; Pixel 7) AppleWebKit/537.36 (KHTML, like Gecko) Chrome/116.0.0.0 Mobile Safari/537.36 Edg/131.0.0.0
Response: 304 3.490 ms 

Request: GET /public/products/1724679930178.jpg at Wed Dec 04 2024 17:23:40 GMT+0200, IP: ::1, User Agent: Mozilla/5.0 (Linux; Android 13; Pixel 7) AppleWebKit/537.36 (KHTML, like Gecko) Chrome/116.0.0.0 Mobile Safari/537.36 Edg/131.0.0.0
Response: 304 4.449 ms 

Request: GET /public/products/1731247801786.jpg at Wed Dec 04 2024 17:23:40 GMT+0200, IP: ::1, User Agent: Mozilla/5.0 (Linux; Android 13; Pixel 7) AppleWebKit/537.36 (KHTML, like Gecko) Chrome/116.0.0.0 Mobile Safari/537.36 Edg/131.0.0.0
Response: 304 0.955 ms 

Request: GET /public/products/1731247833352.jpg at Wed Dec 04 2024 17:23:40 GMT+0200, IP: ::1, User Agent: Mozilla/5.0 (Linux; Android 13; Pixel 7) AppleWebKit/537.36 (KHTML, like Gecko) Chrome/116.0.0.0 Mobile Safari/537.36 Edg/131.0.0.0
Response: 304 1.627 ms 

Request: GET /api/stones at Wed Dec 04 2024 18:06:34 GMT+0200, IP: ::1, User Agent: Mozilla/5.0 (Linux; Android 13; Pixel 7) AppleWebKit/537.36 (KHTML, like Gecko) Chrome/116.0.0.0 Mobile Safari/537.36 Edg/131.0.0.0
Response Body:
[
	{
		"_id": "66cc8fb935338737ded8520e",
		"name": "אמטיסט",
		"description": "אבן האמטיסט, בגוון סגול מהפנט, נחשבת לאבן הרוחניות והשלווה. היא ידועה כמסייעת בהרגעת הנפש ובאיזון רגשי, ומציעה הגנה מפני אנרגיות שליליות. האמטיסט מתאימה במיוחד לבני ובנות מזלות דגים, בתולה, וקשת, ותורמת להעצמת האינטואיציה ולחיזוק הקשר עם העצמי הפנימי. זו האבן המושלמת למי שמחפש חיבור עמוק יותר עם הרוחניות והיציבות הרגשית.",
		"__v": 1,
		"descriptionImageFileName": "1725889236586.jpg",
		"descriptionText": "לורם איפסום דולור סיט אמט, קונסקטורר אדיפיסינג אלית קולורס מונפרד אדנדום סילקוף, מרגשי ומרגשח. עמחליף נולום ארווס סאפיאן - פוסיליס קוויס, אקווזמן ליבם סולגק. בראיט ולחת צורק מונחף, בגורמי מגמש. תרבנך וסתעד לכנו סתשם השמה - לתכי מורגם בורק? לתיג ישבעס.\n\nקולורס מונפרד אדנדום סילקוף, מרגשי ומרגשח. עמחליף קונסקטורר אדיפיסינג אלית. סת אלמנקום ניסי נון ניבאה. דס איאקוליס וולופטה דיאם. וסטיבולום אט דולור, קראס אגת לקטוס וואל אאוגו וסטיבולום סוליסי טידום בעליק. קונדימנטום קורוס בליקרה, נונסטי קלובר בריקנה סטום,
...
Response: 304 9.219 ms 

Request: GET / at Wed Dec 04 2024 18:06:34 GMT+0200, IP: ::1, User Agent: Mozilla/5.0 (Linux; Android 13; Pixel 7) AppleWebKit/537.36 (KHTML, like Gecko) Chrome/116.0.0.0 Mobile Safari/537.36 Edg/131.0.0.0
Response: 304 11.448 ms 

Request: GET /api/products at Wed Dec 04 2024 18:06:34 GMT+0200, IP: ::1, User Agent: Mozilla/5.0 (Linux; Android 13; Pixel 7) AppleWebKit/537.36 (KHTML, like Gecko) Chrome/116.0.0.0 Mobile Safari/537.36 Edg/131.0.0.0
Response Body:
[
	{
		"_id": "66cc90241508324d6c354dba",
		"title": "קישוט לשיער",
		"description": "הכניסי נגיעה של סטייל בוהו לשיער שלך עם אקססורי מקרמה ייחודי בעבודת יד! פריט זה משדרג כל תסרוקת, בין אם מדובר בשיער פזור, קוקו גבוה או צמה. החוטים הארוגים בעדינות יוצרים דפוסים יפיפיים שמשלבים בין יוקרה ופשטות. האקססורי לשיער זמין במגוון צבעים ודוגמאות, כך שתוכלי להתאים אותו לכל מראה ולכל אירוע. זו הדרך המושלמת להוסיף נגיעה של סטייל אישי ותעוזה לכל הופעה.",
		"imageFileNames": [
			"1724679930178.jpg",
			"1724679930183.jpg",
			"1724679930189.jpg",
			"1724679930200.jpg",
			"1724679930275.jpg"
		],
		"stock": 14,
		"stringAColor": "orange",
		"stringBColor": "yellow",
		"stone": "סיטרין",
		"category": "אקססוריז",
		"__v": 0,
		"discount": 0,
		"currentPrice": 630,
		"originalPrice": 630,
		"positionIndex": 0
	},
	{
		"_id": "66cc90241508324d6c354db8",
		"title": "שרשרת",
		"description": "שרשרת המקרמה הזו היא יותר מאשר תכשיט - היא יצירת אמנות של ממש. עשויה בקפידה מחוטי מקרמה איכותיים, כל שרשרת נרקמ
...
Response: 304 16.523 ms 

Request: GET /api/categories at Wed Dec 04 2024 18:06:34 GMT+0200, IP: ::1, User Agent: Mozilla/5.0 (Linux; Android 13; Pixel 7) AppleWebKit/537.36 (KHTML, like Gecko) Chrome/116.0.0.0 Mobile Safari/537.36 Edg/131.0.0.0
Response Body:
[
	{
		"_id": "66cc8fb935338737ded85208",
		"hebTitle": "צמידים",
		"engLink": "Bracelets",
		"imageFileNames": [
			"1724680280611.jpg",
			"1724680280613.jpg",
			"1724680280613.jpg",
			"1724680280615.jpg"
		],
		"__v": 1
	},
	{
		"_id": "66cc8fb935338737ded85209",
		"hebTitle": "עגילים",
		"engLink": "earings",
		"imageFileNames": [
			"1724679146877.jpg",
			"1724679146905.jpg",
			"1724679146913.jpg",
			"1724679146922.jpg",
			"1731247801786.jpg",
			"1731247833352.jpg"
		],
		"__v": 1
	},
	{
		"_id": "66cc8fb935338737ded8520a",
		"hebTitle": "עגילי טבעת",
		"engLink": "Hook Earrings",
		"imageFileNames": [
			"1724679752305.jpg",
			"1724679752307.jpg",
			"1724679752310.jpg",
			"1724679752314.jpg",
			"1724679752333.jpg"
		],
		"__v": 0
	},
	{
		"_id": "66cc8fb935338737ded8520b",
		"hebTitle": "שרשראות",
		"engLink": "Necklaces",
		"imageFileNames": [
			"1724679330997.jpg",
			"1724679331021.jpg",
			"1724679331024.jpg",
			"1724679331026.jpg",
			"1724679331036.jpg"
		],
		
...
Response: 304 15.678 ms 

Request: GET /api/stones at Wed Dec 04 2024 18:06:34 GMT+0200, IP: ::1, User Agent: Mozilla/5.0 (Linux; Android 13; Pixel 7) AppleWebKit/537.36 (KHTML, like Gecko) Chrome/116.0.0.0 Mobile Safari/537.36 Edg/131.0.0.0
Response Body:
[
	{
		"_id": "66cc8fb935338737ded8520e",
		"name": "אמטיסט",
		"description": "אבן האמטיסט, בגוון סגול מהפנט, נחשבת לאבן הרוחניות והשלווה. היא ידועה כמסייעת בהרגעת הנפש ובאיזון רגשי, ומציעה הגנה מפני אנרגיות שליליות. האמטיסט מתאימה במיוחד לבני ובנות מזלות דגים, בתולה, וקשת, ותורמת להעצמת האינטואיציה ולחיזוק הקשר עם העצמי הפנימי. זו האבן המושלמת למי שמחפש חיבור עמוק יותר עם הרוחניות והיציבות הרגשית.",
		"__v": 1,
		"descriptionImageFileName": "1725889236586.jpg",
		"descriptionText": "לורם איפסום דולור סיט אמט, קונסקטורר אדיפיסינג אלית קולורס מונפרד אדנדום סילקוף, מרגשי ומרגשח. עמחליף נולום ארווס סאפיאן - פוסיליס קוויס, אקווזמן ליבם סולגק. בראיט ולחת צורק מונחף, בגורמי מגמש. תרבנך וסתעד לכנו סתשם השמה - לתכי מורגם בורק? לתיג ישבעס.\n\nקולורס מונפרד אדנדום סילקוף, מרגשי ומרגשח. עמחליף קונסקטורר אדיפיסינג אלית. סת אלמנקום ניסי נון ניבאה. דס איאקוליס וולופטה דיאם. וסטיבולום אט דולור, קראס אגת לקטוס וואל אאוגו וסטיבולום סוליסי טידום בעליק. קונדימנטום קורוס בליקרה, נונסטי קלובר בריקנה סטום,
...
Response: 304 22.008 ms 

Request: GET / at Wed Dec 04 2024 18:06:34 GMT+0200, IP: ::1, User Agent: Mozilla/5.0 (Linux; Android 13; Pixel 7) AppleWebKit/537.36 (KHTML, like Gecko) Chrome/116.0.0.0 Mobile Safari/537.36 Edg/131.0.0.0
Response: 304 104.873 ms 

Request: GET /api/products at Wed Dec 04 2024 18:06:34 GMT+0200, IP: ::1, User Agent: Mozilla/5.0 (Linux; Android 13; Pixel 7) AppleWebKit/537.36 (KHTML, like Gecko) Chrome/116.0.0.0 Mobile Safari/537.36 Edg/131.0.0.0
Response Body:
[
	{
		"_id": "66cc90241508324d6c354dba",
		"title": "קישוט לשיער",
		"description": "הכניסי נגיעה של סטייל בוהו לשיער שלך עם אקססורי מקרמה ייחודי בעבודת יד! פריט זה משדרג כל תסרוקת, בין אם מדובר בשיער פזור, קוקו גבוה או צמה. החוטים הארוגים בעדינות יוצרים דפוסים יפיפיים שמשלבים בין יוקרה ופשטות. האקססורי לשיער זמין במגוון צבעים ודוגמאות, כך שתוכלי להתאים אותו לכל מראה ולכל אירוע. זו הדרך המושלמת להוסיף נגיעה של סטייל אישי ותעוזה לכל הופעה.",
		"imageFileNames": [
			"1724679930178.jpg",
			"1724679930183.jpg",
			"1724679930189.jpg",
			"1724679930200.jpg",
			"1724679930275.jpg"
		],
		"stock": 14,
		"stringAColor": "orange",
		"stringBColor": "yellow",
		"stone": "סיטרין",
		"category": "אקססוריז",
		"__v": 0,
		"discount": 0,
		"currentPrice": 630,
		"originalPrice": 630,
		"positionIndex": 0
	},
	{
		"_id": "66cc90241508324d6c354db8",
		"title": "שרשרת",
		"description": "שרשרת המקרמה הזו היא יותר מאשר תכשיט - היא יצירת אמנות של ממש. עשויה בקפידה מחוטי מקרמה איכותיים, כל שרשרת נרקמ
...
Response: 304 66.841 ms 

Request: GET /api/categories at Wed Dec 04 2024 18:06:34 GMT+0200, IP: ::1, User Agent: Mozilla/5.0 (Linux; Android 13; Pixel 7) AppleWebKit/537.36 (KHTML, like Gecko) Chrome/116.0.0.0 Mobile Safari/537.36 Edg/131.0.0.0
Response Body:
[
	{
		"_id": "66cc8fb935338737ded85208",
		"hebTitle": "צמידים",
		"engLink": "Bracelets",
		"imageFileNames": [
			"1724680280611.jpg",
			"1724680280613.jpg",
			"1724680280613.jpg",
			"1724680280615.jpg"
		],
		"__v": 1
	},
	{
		"_id": "66cc8fb935338737ded85209",
		"hebTitle": "עגילים",
		"engLink": "earings",
		"imageFileNames": [
			"1724679146877.jpg",
			"1724679146905.jpg",
			"1724679146913.jpg",
			"1724679146922.jpg",
			"1731247801786.jpg",
			"1731247833352.jpg"
		],
		"__v": 1
	},
	{
		"_id": "66cc8fb935338737ded8520a",
		"hebTitle": "עגילי טבעת",
		"engLink": "Hook Earrings",
		"imageFileNames": [
			"1724679752305.jpg",
			"1724679752307.jpg",
			"1724679752310.jpg",
			"1724679752314.jpg",
			"1724679752333.jpg"
		],
		"__v": 0
	},
	{
		"_id": "66cc8fb935338737ded8520b",
		"hebTitle": "שרשראות",
		"engLink": "Necklaces",
		"imageFileNames": [
			"1724679330997.jpg",
			"1724679331021.jpg",
			"1724679331024.jpg",
			"1724679331026.jpg",
			"1724679331036.jpg"
		],
		
...
Response: 304 62.496 ms 

Request: GET /api/stones at Wed Dec 04 2024 18:06:34 GMT+0200, IP: ::1, User Agent: Mozilla/5.0 (Linux; Android 13; Pixel 7) AppleWebKit/537.36 (KHTML, like Gecko) Chrome/116.0.0.0 Mobile Safari/537.36 Edg/131.0.0.0
Response Body:
[
	{
		"_id": "66cc8fb935338737ded8520e",
		"name": "אמטיסט",
		"description": "אבן האמטיסט, בגוון סגול מהפנט, נחשבת לאבן הרוחניות והשלווה. היא ידועה כמסייעת בהרגעת הנפש ובאיזון רגשי, ומציעה הגנה מפני אנרגיות שליליות. האמטיסט מתאימה במיוחד לבני ובנות מזלות דגים, בתולה, וקשת, ותורמת להעצמת האינטואיציה ולחיזוק הקשר עם העצמי הפנימי. זו האבן המושלמת למי שמחפש חיבור עמוק יותר עם הרוחניות והיציבות הרגשית.",
		"__v": 1,
		"descriptionImageFileName": "1725889236586.jpg",
		"descriptionText": "לורם איפסום דולור סיט אמט, קונסקטורר אדיפיסינג אלית קולורס מונפרד אדנדום סילקוף, מרגשי ומרגשח. עמחליף נולום ארווס סאפיאן - פוסיליס קוויס, אקווזמן ליבם סולגק. בראיט ולחת צורק מונחף, בגורמי מגמש. תרבנך וסתעד לכנו סתשם השמה - לתכי מורגם בורק? לתיג ישבעס.\n\nקולורס מונפרד אדנדום סילקוף, מרגשי ומרגשח. עמחליף קונסקטורר אדיפיסינג אלית. סת אלמנקום ניסי נון ניבאה. דס איאקוליס וולופטה דיאם. וסטיבולום אט דולור, קראס אגת לקטוס וואל אאוגו וסטיבולום סוליסי טידום בעליק. קונדימנטום קורוס בליקרה, נונסטי קלובר בריקנה סטום,
...
Response: 304 27.859 ms 

Request: GET /api/stones at Wed Dec 04 2024 18:06:34 GMT+0200, IP: ::1, User Agent: Mozilla/5.0 (Linux; Android 13; Pixel 7) AppleWebKit/537.36 (KHTML, like Gecko) Chrome/116.0.0.0 Mobile Safari/537.36 Edg/131.0.0.0
Response Body:
[
	{
		"_id": "66cc8fb935338737ded8520e",
		"name": "אמטיסט",
		"description": "אבן האמטיסט, בגוון סגול מהפנט, נחשבת לאבן הרוחניות והשלווה. היא ידועה כמסייעת בהרגעת הנפש ובאיזון רגשי, ומציעה הגנה מפני אנרגיות שליליות. האמטיסט מתאימה במיוחד לבני ובנות מזלות דגים, בתולה, וקשת, ותורמת להעצמת האינטואיציה ולחיזוק הקשר עם העצמי הפנימי. זו האבן המושלמת למי שמחפש חיבור עמוק יותר עם הרוחניות והיציבות הרגשית.",
		"__v": 1,
		"descriptionImageFileName": "1725889236586.jpg",
		"descriptionText": "לורם איפסום דולור סיט אמט, קונסקטורר אדיפיסינג אלית קולורס מונפרד אדנדום סילקוף, מרגשי ומרגשח. עמחליף נולום ארווס סאפיאן - פוסיליס קוויס, אקווזמן ליבם סולגק. בראיט ולחת צורק מונחף, בגורמי מגמש. תרבנך וסתעד לכנו סתשם השמה - לתכי מורגם בורק? לתיג ישבעס.\n\nקולורס מונפרד אדנדום סילקוף, מרגשי ומרגשח. עמחליף קונסקטורר אדיפיסינג אלית. סת אלמנקום ניסי נון ניבאה. דס איאקוליס וולופטה דיאם. וסטיבולום אט דולור, קראס אגת לקטוס וואל אאוגו וסטיבולום סוליסי טידום בעליק. קונדימנטום קורוס בליקרה, נונסטי קלובר בריקנה סטום,
...
Response: 304 4.976 ms 

Request: GET /public/stones/1730735011893.jpg at Wed Dec 04 2024 18:06:34 GMT+0200, IP: ::1, User Agent: Mozilla/5.0 (Linux; Android 13; Pixel 7) AppleWebKit/537.36 (KHTML, like Gecko) Chrome/116.0.0.0 Mobile Safari/537.36 Edg/131.0.0.0
Response: 304 9.766 ms 

Request: GET /public/products/1724680280611.jpg at Wed Dec 04 2024 18:06:34 GMT+0200, IP: ::1, User Agent: Mozilla/5.0 (Linux; Android 13; Pixel 7) AppleWebKit/537.36 (KHTML, like Gecko) Chrome/116.0.0.0 Mobile Safari/537.36 Edg/131.0.0.0
Response: 304 16.310 ms 

Request: GET /public/products/1724679146877.jpg at Wed Dec 04 2024 18:06:34 GMT+0200, IP: ::1, User Agent: Mozilla/5.0 (Linux; Android 13; Pixel 7) AppleWebKit/537.36 (KHTML, like Gecko) Chrome/116.0.0.0 Mobile Safari/537.36 Edg/131.0.0.0
Response: 304 8.954 ms 

Request: GET /public/products/1724679752305.jpg at Wed Dec 04 2024 18:06:34 GMT+0200, IP: ::1, User Agent: Mozilla/5.0 (Linux; Android 13; Pixel 7) AppleWebKit/537.36 (KHTML, like Gecko) Chrome/116.0.0.0 Mobile Safari/537.36 Edg/131.0.0.0
Response: 304 9.763 ms 

Request: GET /public/products/1724679330997.jpg at Wed Dec 04 2024 18:06:34 GMT+0200, IP: ::1, User Agent: Mozilla/5.0 (Linux; Android 13; Pixel 7) AppleWebKit/537.36 (KHTML, like Gecko) Chrome/116.0.0.0 Mobile Safari/537.36 Edg/131.0.0.0
Response: 304 9.595 ms 

Request: GET /public/products/1724679930178.jpg at Wed Dec 04 2024 18:06:34 GMT+0200, IP: ::1, User Agent: Mozilla/5.0 (Linux; Android 13; Pixel 7) AppleWebKit/537.36 (KHTML, like Gecko) Chrome/116.0.0.0 Mobile Safari/537.36 Edg/131.0.0.0
Response: 304 10.114 ms 

Request: GET /public/products/1731247801786.jpg at Wed Dec 04 2024 18:06:34 GMT+0200, IP: ::1, User Agent: Mozilla/5.0 (Linux; Android 13; Pixel 7) AppleWebKit/537.36 (KHTML, like Gecko) Chrome/116.0.0.0 Mobile Safari/537.36 Edg/131.0.0.0
Response: 304 11.336 ms 

Request: GET /public/products/1731247833352.jpg at Wed Dec 04 2024 18:06:34 GMT+0200, IP: ::1, User Agent: Mozilla/5.0 (Linux; Android 13; Pixel 7) AppleWebKit/537.36 (KHTML, like Gecko) Chrome/116.0.0.0 Mobile Safari/537.36 Edg/131.0.0.0
Response: 304 29.801 ms 

Request: GET /api/stones at Wed Dec 04 2024 18:20:40 GMT+0200, IP: ::1, User Agent: Mozilla/5.0 (Linux; Android 13; Pixel 7) AppleWebKit/537.36 (KHTML, like Gecko) Chrome/116.0.0.0 Mobile Safari/537.36 Edg/131.0.0.0
Response Body:
[
	{
		"_id": "66cc8fb935338737ded8520e",
		"name": "אמטיסט",
		"description": "אבן האמטיסט, בגוון סגול מהפנט, נחשבת לאבן הרוחניות והשלווה. היא ידועה כמסייעת בהרגעת הנפש ובאיזון רגשי, ומציעה הגנה מפני אנרגיות שליליות. האמטיסט מתאימה במיוחד לבני ובנות מזלות דגים, בתולה, וקשת, ותורמת להעצמת האינטואיציה ולחיזוק הקשר עם העצמי הפנימי. זו האבן המושלמת למי שמחפש חיבור עמוק יותר עם הרוחניות והיציבות הרגשית.",
		"__v": 1,
		"descriptionImageFileName": "1725889236586.jpg",
		"descriptionText": "לורם איפסום דולור סיט אמט, קונסקטורר אדיפיסינג אלית קולורס מונפרד אדנדום סילקוף, מרגשי ומרגשח. עמחליף נולום ארווס סאפיאן - פוסיליס קוויס, אקווזמן ליבם סולגק. בראיט ולחת צורק מונחף, בגורמי מגמש. תרבנך וסתעד לכנו סתשם השמה - לתכי מורגם בורק? לתיג ישבעס.\n\nקולורס מונפרד אדנדום סילקוף, מרגשי ומרגשח. עמחליף קונסקטורר אדיפיסינג אלית. סת אלמנקום ניסי נון ניבאה. דס איאקוליס וולופטה דיאם. וסטיבולום אט דולור, קראס אגת לקטוס וואל אאוגו וסטיבולום סוליסי טידום בעליק. קונדימנטום קורוס בליקרה, נונסטי קלובר בריקנה סטום,
...
Response: 304 32.188 ms 

Request: GET / at Wed Dec 04 2024 18:20:40 GMT+0200, IP: ::1, User Agent: Mozilla/5.0 (Linux; Android 13; Pixel 7) AppleWebKit/537.36 (KHTML, like Gecko) Chrome/116.0.0.0 Mobile Safari/537.36 Edg/131.0.0.0
Response: 304 50.095 ms 

Request: GET /api/products at Wed Dec 04 2024 18:20:40 GMT+0200, IP: ::1, User Agent: Mozilla/5.0 (Linux; Android 13; Pixel 7) AppleWebKit/537.36 (KHTML, like Gecko) Chrome/116.0.0.0 Mobile Safari/537.36 Edg/131.0.0.0
Response Body:
[
	{
		"_id": "66cc90241508324d6c354dba",
		"title": "קישוט לשיער",
		"description": "הכניסי נגיעה של סטייל בוהו לשיער שלך עם אקססורי מקרמה ייחודי בעבודת יד! פריט זה משדרג כל תסרוקת, בין אם מדובר בשיער פזור, קוקו גבוה או צמה. החוטים הארוגים בעדינות יוצרים דפוסים יפיפיים שמשלבים בין יוקרה ופשטות. האקססורי לשיער זמין במגוון צבעים ודוגמאות, כך שתוכלי להתאים אותו לכל מראה ולכל אירוע. זו הדרך המושלמת להוסיף נגיעה של סטייל אישי ותעוזה לכל הופעה.",
		"imageFileNames": [
			"1724679930178.jpg",
			"1724679930183.jpg",
			"1724679930189.jpg",
			"1724679930200.jpg",
			"1724679930275.jpg"
		],
		"stock": 14,
		"stringAColor": "orange",
		"stringBColor": "yellow",
		"stone": "סיטרין",
		"category": "אקססוריז",
		"__v": 0,
		"discount": 0,
		"currentPrice": 630,
		"originalPrice": 630,
		"positionIndex": 0
	},
	{
		"_id": "66cc90241508324d6c354db8",
		"title": "שרשרת",
		"description": "שרשרת המקרמה הזו היא יותר מאשר תכשיט - היא יצירת אמנות של ממש. עשויה בקפידה מחוטי מקרמה איכותיים, כל שרשרת נרקמ
...
Response: 304 56.332 ms 

Request: GET /api/categories at Wed Dec 04 2024 18:20:40 GMT+0200, IP: ::1, User Agent: Mozilla/5.0 (Linux; Android 13; Pixel 7) AppleWebKit/537.36 (KHTML, like Gecko) Chrome/116.0.0.0 Mobile Safari/537.36 Edg/131.0.0.0
Response Body:
[
	{
		"_id": "66cc8fb935338737ded85208",
		"hebTitle": "צמידים",
		"engLink": "Bracelets",
		"imageFileNames": [
			"1724680280611.jpg",
			"1724680280613.jpg",
			"1724680280613.jpg",
			"1724680280615.jpg"
		],
		"__v": 1
	},
	{
		"_id": "66cc8fb935338737ded85209",
		"hebTitle": "עגילים",
		"engLink": "earings",
		"imageFileNames": [
			"1724679146877.jpg",
			"1724679146905.jpg",
			"1724679146913.jpg",
			"1724679146922.jpg",
			"1731247801786.jpg",
			"1731247833352.jpg"
		],
		"__v": 1
	},
	{
		"_id": "66cc8fb935338737ded8520a",
		"hebTitle": "עגילי טבעת",
		"engLink": "Hook Earrings",
		"imageFileNames": [
			"1724679752305.jpg",
			"1724679752307.jpg",
			"1724679752310.jpg",
			"1724679752314.jpg",
			"1724679752333.jpg"
		],
		"__v": 0
	},
	{
		"_id": "66cc8fb935338737ded8520b",
		"hebTitle": "שרשראות",
		"engLink": "Necklaces",
		"imageFileNames": [
			"1724679330997.jpg",
			"1724679331021.jpg",
			"1724679331024.jpg",
			"1724679331026.jpg",
			"1724679331036.jpg"
		],
		
...
Response: 304 66.495 ms 

Request: GET /api/stones at Wed Dec 04 2024 18:20:40 GMT+0200, IP: ::1, User Agent: Mozilla/5.0 (Linux; Android 13; Pixel 7) AppleWebKit/537.36 (KHTML, like Gecko) Chrome/116.0.0.0 Mobile Safari/537.36 Edg/131.0.0.0
Response Body:
[
	{
		"_id": "66cc8fb935338737ded8520e",
		"name": "אמטיסט",
		"description": "אבן האמטיסט, בגוון סגול מהפנט, נחשבת לאבן הרוחניות והשלווה. היא ידועה כמסייעת בהרגעת הנפש ובאיזון רגשי, ומציעה הגנה מפני אנרגיות שליליות. האמטיסט מתאימה במיוחד לבני ובנות מזלות דגים, בתולה, וקשת, ותורמת להעצמת האינטואיציה ולחיזוק הקשר עם העצמי הפנימי. זו האבן המושלמת למי שמחפש חיבור עמוק יותר עם הרוחניות והיציבות הרגשית.",
		"__v": 1,
		"descriptionImageFileName": "1725889236586.jpg",
		"descriptionText": "לורם איפסום דולור סיט אמט, קונסקטורר אדיפיסינג אלית קולורס מונפרד אדנדום סילקוף, מרגשי ומרגשח. עמחליף נולום ארווס סאפיאן - פוסיליס קוויס, אקווזמן ליבם סולגק. בראיט ולחת צורק מונחף, בגורמי מגמש. תרבנך וסתעד לכנו סתשם השמה - לתכי מורגם בורק? לתיג ישבעס.\n\nקולורס מונפרד אדנדום סילקוף, מרגשי ומרגשח. עמחליף קונסקטורר אדיפיסינג אלית. סת אלמנקום ניסי נון ניבאה. דס איאקוליס וולופטה דיאם. וסטיבולום אט דולור, קראס אגת לקטוס וואל אאוגו וסטיבולום סוליסי טידום בעליק. קונדימנטום קורוס בליקרה, נונסטי קלובר בריקנה סטום,
...
Response: 304 17.250 ms 

Request: GET / at Wed Dec 04 2024 18:20:40 GMT+0200, IP: ::1, User Agent: Mozilla/5.0 (Linux; Android 13; Pixel 7) AppleWebKit/537.36 (KHTML, like Gecko) Chrome/116.0.0.0 Mobile Safari/537.36 Edg/131.0.0.0
Response: 304 12.516 ms 

Request: GET /api/products at Wed Dec 04 2024 18:20:40 GMT+0200, IP: ::1, User Agent: Mozilla/5.0 (Linux; Android 13; Pixel 7) AppleWebKit/537.36 (KHTML, like Gecko) Chrome/116.0.0.0 Mobile Safari/537.36 Edg/131.0.0.0
Response Body:
[
	{
		"_id": "66cc90241508324d6c354dba",
		"title": "קישוט לשיער",
		"description": "הכניסי נגיעה של סטייל בוהו לשיער שלך עם אקססורי מקרמה ייחודי בעבודת יד! פריט זה משדרג כל תסרוקת, בין אם מדובר בשיער פזור, קוקו גבוה או צמה. החוטים הארוגים בעדינות יוצרים דפוסים יפיפיים שמשלבים בין יוקרה ופשטות. האקססורי לשיער זמין במגוון צבעים ודוגמאות, כך שתוכלי להתאים אותו לכל מראה ולכל אירוע. זו הדרך המושלמת להוסיף נגיעה של סטייל אישי ותעוזה לכל הופעה.",
		"imageFileNames": [
			"1724679930178.jpg",
			"1724679930183.jpg",
			"1724679930189.jpg",
			"1724679930200.jpg",
			"1724679930275.jpg"
		],
		"stock": 14,
		"stringAColor": "orange",
		"stringBColor": "yellow",
		"stone": "סיטרין",
		"category": "אקססוריז",
		"__v": 0,
		"discount": 0,
		"currentPrice": 630,
		"originalPrice": 630,
		"positionIndex": 0
	},
	{
		"_id": "66cc90241508324d6c354db8",
		"title": "שרשרת",
		"description": "שרשרת המקרמה הזו היא יותר מאשר תכשיט - היא יצירת אמנות של ממש. עשויה בקפידה מחוטי מקרמה איכותיים, כל שרשרת נרקמ
...
Response: 304 13.582 ms 

Request: GET /api/categories at Wed Dec 04 2024 18:20:40 GMT+0200, IP: ::1, User Agent: Mozilla/5.0 (Linux; Android 13; Pixel 7) AppleWebKit/537.36 (KHTML, like Gecko) Chrome/116.0.0.0 Mobile Safari/537.36 Edg/131.0.0.0
Response Body:
[
	{
		"_id": "66cc8fb935338737ded85208",
		"hebTitle": "צמידים",
		"engLink": "Bracelets",
		"imageFileNames": [
			"1724680280611.jpg",
			"1724680280613.jpg",
			"1724680280613.jpg",
			"1724680280615.jpg"
		],
		"__v": 1
	},
	{
		"_id": "66cc8fb935338737ded85209",
		"hebTitle": "עגילים",
		"engLink": "earings",
		"imageFileNames": [
			"1724679146877.jpg",
			"1724679146905.jpg",
			"1724679146913.jpg",
			"1724679146922.jpg",
			"1731247801786.jpg",
			"1731247833352.jpg"
		],
		"__v": 1
	},
	{
		"_id": "66cc8fb935338737ded8520a",
		"hebTitle": "עגילי טבעת",
		"engLink": "Hook Earrings",
		"imageFileNames": [
			"1724679752305.jpg",
			"1724679752307.jpg",
			"1724679752310.jpg",
			"1724679752314.jpg",
			"1724679752333.jpg"
		],
		"__v": 0
	},
	{
		"_id": "66cc8fb935338737ded8520b",
		"hebTitle": "שרשראות",
		"engLink": "Necklaces",
		"imageFileNames": [
			"1724679330997.jpg",
			"1724679331021.jpg",
			"1724679331024.jpg",
			"1724679331026.jpg",
			"1724679331036.jpg"
		],
		
...
Response: 304 15.000 ms 

Request: GET /api/stones at Wed Dec 04 2024 18:20:40 GMT+0200, IP: ::1, User Agent: Mozilla/5.0 (Linux; Android 13; Pixel 7) AppleWebKit/537.36 (KHTML, like Gecko) Chrome/116.0.0.0 Mobile Safari/537.36 Edg/131.0.0.0
Response Body:
[
	{
		"_id": "66cc8fb935338737ded8520e",
		"name": "אמטיסט",
		"description": "אבן האמטיסט, בגוון סגול מהפנט, נחשבת לאבן הרוחניות והשלווה. היא ידועה כמסייעת בהרגעת הנפש ובאיזון רגשי, ומציעה הגנה מפני אנרגיות שליליות. האמטיסט מתאימה במיוחד לבני ובנות מזלות דגים, בתולה, וקשת, ותורמת להעצמת האינטואיציה ולחיזוק הקשר עם העצמי הפנימי. זו האבן המושלמת למי שמחפש חיבור עמוק יותר עם הרוחניות והיציבות הרגשית.",
		"__v": 1,
		"descriptionImageFileName": "1725889236586.jpg",
		"descriptionText": "לורם איפסום דולור סיט אמט, קונסקטורר אדיפיסינג אלית קולורס מונפרד אדנדום סילקוף, מרגשי ומרגשח. עמחליף נולום ארווס סאפיאן - פוסיליס קוויס, אקווזמן ליבם סולגק. בראיט ולחת צורק מונחף, בגורמי מגמש. תרבנך וסתעד לכנו סתשם השמה - לתכי מורגם בורק? לתיג ישבעס.\n\nקולורס מונפרד אדנדום סילקוף, מרגשי ומרגשח. עמחליף קונסקטורר אדיפיסינג אלית. סת אלמנקום ניסי נון ניבאה. דס איאקוליס וולופטה דיאם. וסטיבולום אט דולור, קראס אגת לקטוס וואל אאוגו וסטיבולום סוליסי טידום בעליק. קונדימנטום קורוס בליקרה, נונסטי קלובר בריקנה סטום,
...
Response: 304 6.396 ms 

Request: GET /api/stones at Wed Dec 04 2024 18:20:40 GMT+0200, IP: ::1, User Agent: Mozilla/5.0 (Linux; Android 13; Pixel 7) AppleWebKit/537.36 (KHTML, like Gecko) Chrome/116.0.0.0 Mobile Safari/537.36 Edg/131.0.0.0
Response Body:
[
	{
		"_id": "66cc8fb935338737ded8520e",
		"name": "אמטיסט",
		"description": "אבן האמטיסט, בגוון סגול מהפנט, נחשבת לאבן הרוחניות והשלווה. היא ידועה כמסייעת בהרגעת הנפש ובאיזון רגשי, ומציעה הגנה מפני אנרגיות שליליות. האמטיסט מתאימה במיוחד לבני ובנות מזלות דגים, בתולה, וקשת, ותורמת להעצמת האינטואיציה ולחיזוק הקשר עם העצמי הפנימי. זו האבן המושלמת למי שמחפש חיבור עמוק יותר עם הרוחניות והיציבות הרגשית.",
		"__v": 1,
		"descriptionImageFileName": "1725889236586.jpg",
		"descriptionText": "לורם איפסום דולור סיט אמט, קונסקטורר אדיפיסינג אלית קולורס מונפרד אדנדום סילקוף, מרגשי ומרגשח. עמחליף נולום ארווס סאפיאן - פוסיליס קוויס, אקווזמן ליבם סולגק. בראיט ולחת צורק מונחף, בגורמי מגמש. תרבנך וסתעד לכנו סתשם השמה - לתכי מורגם בורק? לתיג ישבעס.\n\nקולורס מונפרד אדנדום סילקוף, מרגשי ומרגשח. עמחליף קונסקטורר אדיפיסינג אלית. סת אלמנקום ניסי נון ניבאה. דס איאקוליס וולופטה דיאם. וסטיבולום אט דולור, קראס אגת לקטוס וואל אאוגו וסטיבולום סוליסי טידום בעליק. קונדימנטום קורוס בליקרה, נונסטי קלובר בריקנה סטום,
...
Response: 304 4.965 ms 

Request: GET /public/stones/1730735011893.jpg at Wed Dec 04 2024 18:20:41 GMT+0200, IP: ::1, User Agent: Mozilla/5.0 (Linux; Android 13; Pixel 7) AppleWebKit/537.36 (KHTML, like Gecko) Chrome/116.0.0.0 Mobile Safari/537.36 Edg/131.0.0.0
Response: 304 1.396 ms 

Request: GET /public/products/1724680280611.jpg at Wed Dec 04 2024 18:20:41 GMT+0200, IP: ::1, User Agent: Mozilla/5.0 (Linux; Android 13; Pixel 7) AppleWebKit/537.36 (KHTML, like Gecko) Chrome/116.0.0.0 Mobile Safari/537.36 Edg/131.0.0.0
Response: 304 0.583 ms 

Request: GET /public/products/1724679146877.jpg at Wed Dec 04 2024 18:20:41 GMT+0200, IP: ::1, User Agent: Mozilla/5.0 (Linux; Android 13; Pixel 7) AppleWebKit/537.36 (KHTML, like Gecko) Chrome/116.0.0.0 Mobile Safari/537.36 Edg/131.0.0.0
Response: 304 1.266 ms 

Request: GET /public/products/1724679752305.jpg at Wed Dec 04 2024 18:20:41 GMT+0200, IP: ::1, User Agent: Mozilla/5.0 (Linux; Android 13; Pixel 7) AppleWebKit/537.36 (KHTML, like Gecko) Chrome/116.0.0.0 Mobile Safari/537.36 Edg/131.0.0.0
Response: 304 3.212 ms 

Request: GET /public/products/1724679330997.jpg at Wed Dec 04 2024 18:20:41 GMT+0200, IP: ::1, User Agent: Mozilla/5.0 (Linux; Android 13; Pixel 7) AppleWebKit/537.36 (KHTML, like Gecko) Chrome/116.0.0.0 Mobile Safari/537.36 Edg/131.0.0.0
Response: 304 2.916 ms 

Request: GET /public/products/1724679930178.jpg at Wed Dec 04 2024 18:20:41 GMT+0200, IP: ::1, User Agent: Mozilla/5.0 (Linux; Android 13; Pixel 7) AppleWebKit/537.36 (KHTML, like Gecko) Chrome/116.0.0.0 Mobile Safari/537.36 Edg/131.0.0.0
Response: 304 1.511 ms 

Request: GET /public/products/1731247801786.jpg at Wed Dec 04 2024 18:20:41 GMT+0200, IP: ::1, User Agent: Mozilla/5.0 (Linux; Android 13; Pixel 7) AppleWebKit/537.36 (KHTML, like Gecko) Chrome/116.0.0.0 Mobile Safari/537.36 Edg/131.0.0.0
Response: 304 1.875 ms 

Request: GET /public/products/1731247833352.jpg at Wed Dec 04 2024 18:20:41 GMT+0200, IP: ::1, User Agent: Mozilla/5.0 (Linux; Android 13; Pixel 7) AppleWebKit/537.36 (KHTML, like Gecko) Chrome/116.0.0.0 Mobile Safari/537.36 Edg/131.0.0.0
Response: 304 2.260 ms 

Request: GET /api/stones at Wed Dec 04 2024 18:22:45 GMT+0200, IP: ::1, User Agent: Mozilla/5.0 (Linux; Android 13; Pixel 7) AppleWebKit/537.36 (KHTML, like Gecko) Chrome/116.0.0.0 Mobile Safari/537.36 Edg/131.0.0.0
Response Body:
[
	{
		"_id": "66cc8fb935338737ded8520e",
		"name": "אמטיסט",
		"description": "אבן האמטיסט, בגוון סגול מהפנט, נחשבת לאבן הרוחניות והשלווה. היא ידועה כמסייעת בהרגעת הנפש ובאיזון רגשי, ומציעה הגנה מפני אנרגיות שליליות. האמטיסט מתאימה במיוחד לבני ובנות מזלות דגים, בתולה, וקשת, ותורמת להעצמת האינטואיציה ולחיזוק הקשר עם העצמי הפנימי. זו האבן המושלמת למי שמחפש חיבור עמוק יותר עם הרוחניות והיציבות הרגשית.",
		"__v": 1,
		"descriptionImageFileName": "1725889236586.jpg",
		"descriptionText": "לורם איפסום דולור סיט אמט, קונסקטורר אדיפיסינג אלית קולורס מונפרד אדנדום סילקוף, מרגשי ומרגשח. עמחליף נולום ארווס סאפיאן - פוסיליס קוויס, אקווזמן ליבם סולגק. בראיט ולחת צורק מונחף, בגורמי מגמש. תרבנך וסתעד לכנו סתשם השמה - לתכי מורגם בורק? לתיג ישבעס.\n\nקולורס מונפרד אדנדום סילקוף, מרגשי ומרגשח. עמחליף קונסקטורר אדיפיסינג אלית. סת אלמנקום ניסי נון ניבאה. דס איאקוליס וולופטה דיאם. וסטיבולום אט דולור, קראס אגת לקטוס וואל אאוגו וסטיבולום סוליסי טידום בעליק. קונדימנטום קורוס בליקרה, נונסטי קלובר בריקנה סטום,
...
Response: 304 3.664 ms 

Request: GET /api/stones at Wed Dec 04 2024 18:22:45 GMT+0200, IP: ::1, User Agent: Mozilla/5.0 (Linux; Android 13; Pixel 7) AppleWebKit/537.36 (KHTML, like Gecko) Chrome/116.0.0.0 Mobile Safari/537.36 Edg/131.0.0.0
Response Body:
[
	{
		"_id": "66cc8fb935338737ded8520e",
		"name": "אמטיסט",
		"description": "אבן האמטיסט, בגוון סגול מהפנט, נחשבת לאבן הרוחניות והשלווה. היא ידועה כמסייעת בהרגעת הנפש ובאיזון רגשי, ומציעה הגנה מפני אנרגיות שליליות. האמטיסט מתאימה במיוחד לבני ובנות מזלות דגים, בתולה, וקשת, ותורמת להעצמת האינטואיציה ולחיזוק הקשר עם העצמי הפנימי. זו האבן המושלמת למי שמחפש חיבור עמוק יותר עם הרוחניות והיציבות הרגשית.",
		"__v": 1,
		"descriptionImageFileName": "1725889236586.jpg",
		"descriptionText": "לורם איפסום דולור סיט אמט, קונסקטורר אדיפיסינג אלית קולורס מונפרד אדנדום סילקוף, מרגשי ומרגשח. עמחליף נולום ארווס סאפיאן - פוסיליס קוויס, אקווזמן ליבם סולגק. בראיט ולחת צורק מונחף, בגורמי מגמש. תרבנך וסתעד לכנו סתשם השמה - לתכי מורגם בורק? לתיג ישבעס.\n\nקולורס מונפרד אדנדום סילקוף, מרגשי ומרגשח. עמחליף קונסקטורר אדיפיסינג אלית. סת אלמנקום ניסי נון ניבאה. דס איאקוליס וולופטה דיאם. וסטיבולום אט דולור, קראס אגת לקטוס וואל אאוגו וסטיבולום סוליסי טידום בעליק. קונדימנטום קורוס בליקרה, נונסטי קלובר בריקנה סטום,
...
Response: 304 3.100 ms 

Request: GET /api/stones at Wed Dec 04 2024 19:11:14 GMT+0200, IP: ::1, User Agent: Mozilla/5.0 (Linux; Android 6.0; Nexus 5 Build/MRA58N) AppleWebKit/537.36 (KHTML, like Gecko) Chrome/131.0.0.0 Mobile Safari/537.36 Edg/131.0.0.0
Response Body:
[
	{
		"_id": "66cc8fb935338737ded8520e",
		"name": "אמטיסט",
		"description": "אבן האמטיסט, בגוון סגול מהפנט, נחשבת לאבן הרוחניות והשלווה. היא ידועה כמסייעת בהרגעת הנפש ובאיזון רגשי, ומציעה הגנה מפני אנרגיות שליליות. האמטיסט מתאימה במיוחד לבני ובנות מזלות דגים, בתולה, וקשת, ותורמת להעצמת האינטואיציה ולחיזוק הקשר עם העצמי הפנימי. זו האבן המושלמת למי שמחפש חיבור עמוק יותר עם הרוחניות והיציבות הרגשית.",
		"__v": 1,
		"descriptionImageFileName": "1725889236586.jpg",
		"descriptionText": "לורם איפסום דולור סיט אמט, קונסקטורר אדיפיסינג אלית קולורס מונפרד אדנדום סילקוף, מרגשי ומרגשח. עמחליף נולום ארווס סאפיאן - פוסיליס קוויס, אקווזמן ליבם סולגק. בראיט ולחת צורק מונחף, בגורמי מגמש. תרבנך וסתעד לכנו סתשם השמה - לתכי מורגם בורק? לתיג ישבעס.\n\nקולורס מונפרד אדנדום סילקוף, מרגשי ומרגשח. עמחליף קונסקטורר אדיפיסינג אלית. סת אלמנקום ניסי נון ניבאה. דס איאקוליס וולופטה דיאם. וסטיבולום אט דולור, קראס אגת לקטוס וואל אאוגו וסטיבולום סוליסי טידום בעליק. קונדימנטום קורוס בליקרה, נונסטי קלובר בריקנה סטום,
...
Response: 304 3.220 ms 

Request: GET /api/stones at Wed Dec 04 2024 19:11:14 GMT+0200, IP: ::1, User Agent: Mozilla/5.0 (Linux; Android 6.0; Nexus 5 Build/MRA58N) AppleWebKit/537.36 (KHTML, like Gecko) Chrome/131.0.0.0 Mobile Safari/537.36 Edg/131.0.0.0
Response Body:
[
	{
		"_id": "66cc8fb935338737ded8520e",
		"name": "אמטיסט",
		"description": "אבן האמטיסט, בגוון סגול מהפנט, נחשבת לאבן הרוחניות והשלווה. היא ידועה כמסייעת בהרגעת הנפש ובאיזון רגשי, ומציעה הגנה מפני אנרגיות שליליות. האמטיסט מתאימה במיוחד לבני ובנות מזלות דגים, בתולה, וקשת, ותורמת להעצמת האינטואיציה ולחיזוק הקשר עם העצמי הפנימי. זו האבן המושלמת למי שמחפש חיבור עמוק יותר עם הרוחניות והיציבות הרגשית.",
		"__v": 1,
		"descriptionImageFileName": "1725889236586.jpg",
		"descriptionText": "לורם איפסום דולור סיט אמט, קונסקטורר אדיפיסינג אלית קולורס מונפרד אדנדום סילקוף, מרגשי ומרגשח. עמחליף נולום ארווס סאפיאן - פוסיליס קוויס, אקווזמן ליבם סולגק. בראיט ולחת צורק מונחף, בגורמי מגמש. תרבנך וסתעד לכנו סתשם השמה - לתכי מורגם בורק? לתיג ישבעס.\n\nקולורס מונפרד אדנדום סילקוף, מרגשי ומרגשח. עמחליף קונסקטורר אדיפיסינג אלית. סת אלמנקום ניסי נון ניבאה. דס איאקוליס וולופטה דיאם. וסטיבולום אט דולור, קראס אגת לקטוס וואל אאוגו וסטיבולום סוליסי טידום בעליק. קונדימנטום קורוס בליקרה, נונסטי קלובר בריקנה סטום,
...
Response: 304 3.014 ms 

Request: GET /public/products/1724679930178.jpg at Wed Dec 04 2024 19:13:17 GMT+0200, IP: ::1, User Agent: Mozilla/5.0 (Linux; Android 6.0; Nexus 5 Build/MRA58N) AppleWebKit/537.36 (KHTML, like Gecko) Chrome/131.0.0.0 Mobile Safari/537.36 Edg/131.0.0.0
Response: 304 7.027 ms 

Request: GET /api/stones at Wed Dec 04 2024 19:13:28 GMT+0200, IP: ::1, User Agent: Mozilla/5.0 (Linux; Android 6.0; Nexus 5 Build/MRA58N) AppleWebKit/537.36 (KHTML, like Gecko) Chrome/131.0.0.0 Mobile Safari/537.36 Edg/131.0.0.0
Response Body:
[
	{
		"_id": "66cc8fb935338737ded8520e",
		"name": "אמטיסט",
		"description": "אבן האמטיסט, בגוון סגול מהפנט, נחשבת לאבן הרוחניות והשלווה. היא ידועה כמסייעת בהרגעת הנפש ובאיזון רגשי, ומציעה הגנה מפני אנרגיות שליליות. האמטיסט מתאימה במיוחד לבני ובנות מזלות דגים, בתולה, וקשת, ותורמת להעצמת האינטואיציה ולחיזוק הקשר עם העצמי הפנימי. זו האבן המושלמת למי שמחפש חיבור עמוק יותר עם הרוחניות והיציבות הרגשית.",
		"__v": 1,
		"descriptionImageFileName": "1725889236586.jpg",
		"descriptionText": "לורם איפסום דולור סיט אמט, קונסקטורר אדיפיסינג אלית קולורס מונפרד אדנדום סילקוף, מרגשי ומרגשח. עמחליף נולום ארווס סאפיאן - פוסיליס קוויס, אקווזמן ליבם סולגק. בראיט ולחת צורק מונחף, בגורמי מגמש. תרבנך וסתעד לכנו סתשם השמה - לתכי מורגם בורק? לתיג ישבעס.\n\nקולורס מונפרד אדנדום סילקוף, מרגשי ומרגשח. עמחליף קונסקטורר אדיפיסינג אלית. סת אלמנקום ניסי נון ניבאה. דס איאקוליס וולופטה דיאם. וסטיבולום אט דולור, קראס אגת לקטוס וואל אאוגו וסטיבולום סוליסי טידום בעליק. קונדימנטום קורוס בליקרה, נונסטי קלובר בריקנה סטום,
...
Response: 304 8.931 ms 

Request: GET /api/stones at Wed Dec 04 2024 19:13:28 GMT+0200, IP: ::1, User Agent: Mozilla/5.0 (Linux; Android 6.0; Nexus 5 Build/MRA58N) AppleWebKit/537.36 (KHTML, like Gecko) Chrome/131.0.0.0 Mobile Safari/537.36 Edg/131.0.0.0
Response Body:
[
	{
		"_id": "66cc8fb935338737ded8520e",
		"name": "אמטיסט",
		"description": "אבן האמטיסט, בגוון סגול מהפנט, נחשבת לאבן הרוחניות והשלווה. היא ידועה כמסייעת בהרגעת הנפש ובאיזון רגשי, ומציעה הגנה מפני אנרגיות שליליות. האמטיסט מתאימה במיוחד לבני ובנות מזלות דגים, בתולה, וקשת, ותורמת להעצמת האינטואיציה ולחיזוק הקשר עם העצמי הפנימי. זו האבן המושלמת למי שמחפש חיבור עמוק יותר עם הרוחניות והיציבות הרגשית.",
		"__v": 1,
		"descriptionImageFileName": "1725889236586.jpg",
		"descriptionText": "לורם איפסום דולור סיט אמט, קונסקטורר אדיפיסינג אלית קולורס מונפרד אדנדום סילקוף, מרגשי ומרגשח. עמחליף נולום ארווס סאפיאן - פוסיליס קוויס, אקווזמן ליבם סולגק. בראיט ולחת צורק מונחף, בגורמי מגמש. תרבנך וסתעד לכנו סתשם השמה - לתכי מורגם בורק? לתיג ישבעס.\n\nקולורס מונפרד אדנדום סילקוף, מרגשי ומרגשח. עמחליף קונסקטורר אדיפיסינג אלית. סת אלמנקום ניסי נון ניבאה. דס איאקוליס וולופטה דיאם. וסטיבולום אט דולור, קראס אגת לקטוס וואל אאוגו וסטיבולום סוליסי טידום בעליק. קונדימנטום קורוס בליקרה, נונסטי קלובר בריקנה סטום,
...
Response: 304 4.608 ms 

Request: GET /api/stones at Wed Dec 04 2024 19:13:38 GMT+0200, IP: ::1, User Agent: Mozilla/5.0 (Linux; Android 6.0; Nexus 5 Build/MRA58N) AppleWebKit/537.36 (KHTML, like Gecko) Chrome/131.0.0.0 Mobile Safari/537.36 Edg/131.0.0.0
Response Body:
[
	{
		"_id": "66cc8fb935338737ded8520e",
		"name": "אמטיסט",
		"description": "אבן האמטיסט, בגוון סגול מהפנט, נחשבת לאבן הרוחניות והשלווה. היא ידועה כמסייעת בהרגעת הנפש ובאיזון רגשי, ומציעה הגנה מפני אנרגיות שליליות. האמטיסט מתאימה במיוחד לבני ובנות מזלות דגים, בתולה, וקשת, ותורמת להעצמת האינטואיציה ולחיזוק הקשר עם העצמי הפנימי. זו האבן המושלמת למי שמחפש חיבור עמוק יותר עם הרוחניות והיציבות הרגשית.",
		"__v": 1,
		"descriptionImageFileName": "1725889236586.jpg",
		"descriptionText": "לורם איפסום דולור סיט אמט, קונסקטורר אדיפיסינג אלית קולורס מונפרד אדנדום סילקוף, מרגשי ומרגשח. עמחליף נולום ארווס סאפיאן - פוסיליס קוויס, אקווזמן ליבם סולגק. בראיט ולחת צורק מונחף, בגורמי מגמש. תרבנך וסתעד לכנו סתשם השמה - לתכי מורגם בורק? לתיג ישבעס.\n\nקולורס מונפרד אדנדום סילקוף, מרגשי ומרגשח. עמחליף קונסקטורר אדיפיסינג אלית. סת אלמנקום ניסי נון ניבאה. דס איאקוליס וולופטה דיאם. וסטיבולום אט דולור, קראס אגת לקטוס וואל אאוגו וסטיבולום סוליסי טידום בעליק. קונדימנטום קורוס בליקרה, נונסטי קלובר בריקנה סטום,
...
Response: 304 6.829 ms 

Request: GET / at Wed Dec 04 2024 19:13:38 GMT+0200, IP: ::1, User Agent: Mozilla/5.0 (Linux; Android 6.0; Nexus 5 Build/MRA58N) AppleWebKit/537.36 (KHTML, like Gecko) Chrome/131.0.0.0 Mobile Safari/537.36 Edg/131.0.0.0
Response: 304 6.143 ms 

Request: GET /api/products at Wed Dec 04 2024 19:13:38 GMT+0200, IP: ::1, User Agent: Mozilla/5.0 (Linux; Android 6.0; Nexus 5 Build/MRA58N) AppleWebKit/537.36 (KHTML, like Gecko) Chrome/131.0.0.0 Mobile Safari/537.36 Edg/131.0.0.0
Response Body:
[
	{
		"_id": "66cc90241508324d6c354dba",
		"title": "קישוט לשיער",
		"description": "הכניסי נגיעה של סטייל בוהו לשיער שלך עם אקססורי מקרמה ייחודי בעבודת יד! פריט זה משדרג כל תסרוקת, בין אם מדובר בשיער פזור, קוקו גבוה או צמה. החוטים הארוגים בעדינות יוצרים דפוסים יפיפיים שמשלבים בין יוקרה ופשטות. האקססורי לשיער זמין במגוון צבעים ודוגמאות, כך שתוכלי להתאים אותו לכל מראה ולכל אירוע. זו הדרך המושלמת להוסיף נגיעה של סטייל אישי ותעוזה לכל הופעה.",
		"imageFileNames": [
			"1724679930178.jpg",
			"1724679930183.jpg",
			"1724679930189.jpg",
			"1724679930200.jpg",
			"1724679930275.jpg"
		],
		"stock": 14,
		"stringAColor": "orange",
		"stringBColor": "yellow",
		"stone": "סיטרין",
		"category": "אקססוריז",
		"__v": 0,
		"discount": 0,
		"currentPrice": 630,
		"originalPrice": 630,
		"positionIndex": 0
	},
	{
		"_id": "66cc90241508324d6c354db8",
		"title": "שרשרת",
		"description": "שרשרת המקרמה הזו היא יותר מאשר תכשיט - היא יצירת אמנות של ממש. עשויה בקפידה מחוטי מקרמה איכותיים, כל שרשרת נרקמ
...
Response: 304 10.083 ms 

Request: GET /api/categories at Wed Dec 04 2024 19:13:38 GMT+0200, IP: ::1, User Agent: Mozilla/5.0 (Linux; Android 6.0; Nexus 5 Build/MRA58N) AppleWebKit/537.36 (KHTML, like Gecko) Chrome/131.0.0.0 Mobile Safari/537.36 Edg/131.0.0.0
Response Body:
[
	{
		"_id": "66cc8fb935338737ded85208",
		"hebTitle": "צמידים",
		"engLink": "Bracelets",
		"imageFileNames": [
			"1724680280611.jpg",
			"1724680280613.jpg",
			"1724680280613.jpg",
			"1724680280615.jpg"
		],
		"__v": 1
	},
	{
		"_id": "66cc8fb935338737ded85209",
		"hebTitle": "עגילים",
		"engLink": "earings",
		"imageFileNames": [
			"1724679146877.jpg",
			"1724679146905.jpg",
			"1724679146913.jpg",
			"1724679146922.jpg",
			"1731247801786.jpg",
			"1731247833352.jpg"
		],
		"__v": 1
	},
	{
		"_id": "66cc8fb935338737ded8520a",
		"hebTitle": "עגילי טבעת",
		"engLink": "Hook Earrings",
		"imageFileNames": [
			"1724679752305.jpg",
			"1724679752307.jpg",
			"1724679752310.jpg",
			"1724679752314.jpg",
			"1724679752333.jpg"
		],
		"__v": 0
	},
	{
		"_id": "66cc8fb935338737ded8520b",
		"hebTitle": "שרשראות",
		"engLink": "Necklaces",
		"imageFileNames": [
			"1724679330997.jpg",
			"1724679331021.jpg",
			"1724679331024.jpg",
			"1724679331026.jpg",
			"1724679331036.jpg"
		],
		
...
Response: 304 8.857 ms 

Request: GET / at Wed Dec 04 2024 19:13:38 GMT+0200, IP: ::1, User Agent: Mozilla/5.0 (Linux; Android 6.0; Nexus 5 Build/MRA58N) AppleWebKit/537.36 (KHTML, like Gecko) Chrome/131.0.0.0 Mobile Safari/537.36 Edg/131.0.0.0
Response: 304 1.900 ms 

Request: GET /api/stones at Wed Dec 04 2024 19:13:38 GMT+0200, IP: ::1, User Agent: Mozilla/5.0 (Linux; Android 6.0; Nexus 5 Build/MRA58N) AppleWebKit/537.36 (KHTML, like Gecko) Chrome/131.0.0.0 Mobile Safari/537.36 Edg/131.0.0.0
Response Body:
[
	{
		"_id": "66cc8fb935338737ded8520e",
		"name": "אמטיסט",
		"description": "אבן האמטיסט, בגוון סגול מהפנט, נחשבת לאבן הרוחניות והשלווה. היא ידועה כמסייעת בהרגעת הנפש ובאיזון רגשי, ומציעה הגנה מפני אנרגיות שליליות. האמטיסט מתאימה במיוחד לבני ובנות מזלות דגים, בתולה, וקשת, ותורמת להעצמת האינטואיציה ולחיזוק הקשר עם העצמי הפנימי. זו האבן המושלמת למי שמחפש חיבור עמוק יותר עם הרוחניות והיציבות הרגשית.",
		"__v": 1,
		"descriptionImageFileName": "1725889236586.jpg",
		"descriptionText": "לורם איפסום דולור סיט אמט, קונסקטורר אדיפיסינג אלית קולורס מונפרד אדנדום סילקוף, מרגשי ומרגשח. עמחליף נולום ארווס סאפיאן - פוסיליס קוויס, אקווזמן ליבם סולגק. בראיט ולחת צורק מונחף, בגורמי מגמש. תרבנך וסתעד לכנו סתשם השמה - לתכי מורגם בורק? לתיג ישבעס.\n\nקולורס מונפרד אדנדום סילקוף, מרגשי ומרגשח. עמחליף קונסקטורר אדיפיסינג אלית. סת אלמנקום ניסי נון ניבאה. דס איאקוליס וולופטה דיאם. וסטיבולום אט דולור, קראס אגת לקטוס וואל אאוגו וסטיבולום סוליסי טידום בעליק. קונדימנטום קורוס בליקרה, נונסטי קלובר בריקנה סטום,
...
Response: 304 9.707 ms 

Request: GET /api/products at Wed Dec 04 2024 19:13:38 GMT+0200, IP: ::1, User Agent: Mozilla/5.0 (Linux; Android 6.0; Nexus 5 Build/MRA58N) AppleWebKit/537.36 (KHTML, like Gecko) Chrome/131.0.0.0 Mobile Safari/537.36 Edg/131.0.0.0
Response Body:
[
	{
		"_id": "66cc90241508324d6c354dba",
		"title": "קישוט לשיער",
		"description": "הכניסי נגיעה של סטייל בוהו לשיער שלך עם אקססורי מקרמה ייחודי בעבודת יד! פריט זה משדרג כל תסרוקת, בין אם מדובר בשיער פזור, קוקו גבוה או צמה. החוטים הארוגים בעדינות יוצרים דפוסים יפיפיים שמשלבים בין יוקרה ופשטות. האקססורי לשיער זמין במגוון צבעים ודוגמאות, כך שתוכלי להתאים אותו לכל מראה ולכל אירוע. זו הדרך המושלמת להוסיף נגיעה של סטייל אישי ותעוזה לכל הופעה.",
		"imageFileNames": [
			"1724679930178.jpg",
			"1724679930183.jpg",
			"1724679930189.jpg",
			"1724679930200.jpg",
			"1724679930275.jpg"
		],
		"stock": 14,
		"stringAColor": "orange",
		"stringBColor": "yellow",
		"stone": "סיטרין",
		"category": "אקססוריז",
		"__v": 0,
		"discount": 0,
		"currentPrice": 630,
		"originalPrice": 630,
		"positionIndex": 0
	},
	{
		"_id": "66cc90241508324d6c354db8",
		"title": "שרשרת",
		"description": "שרשרת המקרמה הזו היא יותר מאשר תכשיט - היא יצירת אמנות של ממש. עשויה בקפידה מחוטי מקרמה איכותיים, כל שרשרת נרקמ
...
Response: 304 9.727 ms 

Request: GET /api/categories at Wed Dec 04 2024 19:13:38 GMT+0200, IP: ::1, User Agent: Mozilla/5.0 (Linux; Android 6.0; Nexus 5 Build/MRA58N) AppleWebKit/537.36 (KHTML, like Gecko) Chrome/131.0.0.0 Mobile Safari/537.36 Edg/131.0.0.0
Response Body:
[
	{
		"_id": "66cc8fb935338737ded85208",
		"hebTitle": "צמידים",
		"engLink": "Bracelets",
		"imageFileNames": [
			"1724680280611.jpg",
			"1724680280613.jpg",
			"1724680280613.jpg",
			"1724680280615.jpg"
		],
		"__v": 1
	},
	{
		"_id": "66cc8fb935338737ded85209",
		"hebTitle": "עגילים",
		"engLink": "earings",
		"imageFileNames": [
			"1724679146877.jpg",
			"1724679146905.jpg",
			"1724679146913.jpg",
			"1724679146922.jpg",
			"1731247801786.jpg",
			"1731247833352.jpg"
		],
		"__v": 1
	},
	{
		"_id": "66cc8fb935338737ded8520a",
		"hebTitle": "עגילי טבעת",
		"engLink": "Hook Earrings",
		"imageFileNames": [
			"1724679752305.jpg",
			"1724679752307.jpg",
			"1724679752310.jpg",
			"1724679752314.jpg",
			"1724679752333.jpg"
		],
		"__v": 0
	},
	{
		"_id": "66cc8fb935338737ded8520b",
		"hebTitle": "שרשראות",
		"engLink": "Necklaces",
		"imageFileNames": [
			"1724679330997.jpg",
			"1724679331021.jpg",
			"1724679331024.jpg",
			"1724679331026.jpg",
			"1724679331036.jpg"
		],
		
...
Response: 304 7.351 ms 

Request: GET /api/stones at Wed Dec 04 2024 19:13:38 GMT+0200, IP: ::1, User Agent: Mozilla/5.0 (Linux; Android 6.0; Nexus 5 Build/MRA58N) AppleWebKit/537.36 (KHTML, like Gecko) Chrome/131.0.0.0 Mobile Safari/537.36 Edg/131.0.0.0
Response Body:
[
	{
		"_id": "66cc8fb935338737ded8520e",
		"name": "אמטיסט",
		"description": "אבן האמטיסט, בגוון סגול מהפנט, נחשבת לאבן הרוחניות והשלווה. היא ידועה כמסייעת בהרגעת הנפש ובאיזון רגשי, ומציעה הגנה מפני אנרגיות שליליות. האמטיסט מתאימה במיוחד לבני ובנות מזלות דגים, בתולה, וקשת, ותורמת להעצמת האינטואיציה ולחיזוק הקשר עם העצמי הפנימי. זו האבן המושלמת למי שמחפש חיבור עמוק יותר עם הרוחניות והיציבות הרגשית.",
		"__v": 1,
		"descriptionImageFileName": "1725889236586.jpg",
		"descriptionText": "לורם איפסום דולור סיט אמט, קונסקטורר אדיפיסינג אלית קולורס מונפרד אדנדום סילקוף, מרגשי ומרגשח. עמחליף נולום ארווס סאפיאן - פוסיליס קוויס, אקווזמן ליבם סולגק. בראיט ולחת צורק מונחף, בגורמי מגמש. תרבנך וסתעד לכנו סתשם השמה - לתכי מורגם בורק? לתיג ישבעס.\n\nקולורס מונפרד אדנדום סילקוף, מרגשי ומרגשח. עמחליף קונסקטורר אדיפיסינג אלית. סת אלמנקום ניסי נון ניבאה. דס איאקוליס וולופטה דיאם. וסטיבולום אט דולור, קראס אגת לקטוס וואל אאוגו וסטיבולום סוליסי טידום בעליק. קונדימנטום קורוס בליקרה, נונסטי קלובר בריקנה סטום,
...
Response: 304 5.251 ms 

Request: GET /api/stones at Wed Dec 04 2024 19:13:38 GMT+0200, IP: ::1, User Agent: Mozilla/5.0 (Linux; Android 6.0; Nexus 5 Build/MRA58N) AppleWebKit/537.36 (KHTML, like Gecko) Chrome/131.0.0.0 Mobile Safari/537.36 Edg/131.0.0.0
Response Body:
[
	{
		"_id": "66cc8fb935338737ded8520e",
		"name": "אמטיסט",
		"description": "אבן האמטיסט, בגוון סגול מהפנט, נחשבת לאבן הרוחניות והשלווה. היא ידועה כמסייעת בהרגעת הנפש ובאיזון רגשי, ומציעה הגנה מפני אנרגיות שליליות. האמטיסט מתאימה במיוחד לבני ובנות מזלות דגים, בתולה, וקשת, ותורמת להעצמת האינטואיציה ולחיזוק הקשר עם העצמי הפנימי. זו האבן המושלמת למי שמחפש חיבור עמוק יותר עם הרוחניות והיציבות הרגשית.",
		"__v": 1,
		"descriptionImageFileName": "1725889236586.jpg",
		"descriptionText": "לורם איפסום דולור סיט אמט, קונסקטורר אדיפיסינג אלית קולורס מונפרד אדנדום סילקוף, מרגשי ומרגשח. עמחליף נולום ארווס סאפיאן - פוסיליס קוויס, אקווזמן ליבם סולגק. בראיט ולחת צורק מונחף, בגורמי מגמש. תרבנך וסתעד לכנו סתשם השמה - לתכי מורגם בורק? לתיג ישבעס.\n\nקולורס מונפרד אדנדום סילקוף, מרגשי ומרגשח. עמחליף קונסקטורר אדיפיסינג אלית. סת אלמנקום ניסי נון ניבאה. דס איאקוליס וולופטה דיאם. וסטיבולום אט דולור, קראס אגת לקטוס וואל אאוגו וסטיבולום סוליסי טידום בעליק. קונדימנטום קורוס בליקרה, נונסטי קלובר בריקנה סטום,
...
Response: 304 2.372 ms 

Request: GET /public/stones/1730735011893.jpg at Wed Dec 04 2024 19:13:38 GMT+0200, IP: ::1, User Agent: Mozilla/5.0 (Linux; Android 6.0; Nexus 5 Build/MRA58N) AppleWebKit/537.36 (KHTML, like Gecko) Chrome/131.0.0.0 Mobile Safari/537.36 Edg/131.0.0.0
Response: 304 0.983 ms 

Request: GET /public/products/1724680280611.jpg at Wed Dec 04 2024 19:13:38 GMT+0200, IP: ::1, User Agent: Mozilla/5.0 (Linux; Android 6.0; Nexus 5 Build/MRA58N) AppleWebKit/537.36 (KHTML, like Gecko) Chrome/131.0.0.0 Mobile Safari/537.36 Edg/131.0.0.0
Response: 304 1.228 ms 

Request: GET /public/products/1724679146877.jpg at Wed Dec 04 2024 19:13:38 GMT+0200, IP: ::1, User Agent: Mozilla/5.0 (Linux; Android 6.0; Nexus 5 Build/MRA58N) AppleWebKit/537.36 (KHTML, like Gecko) Chrome/131.0.0.0 Mobile Safari/537.36 Edg/131.0.0.0
Response: 304 1.951 ms 

Request: GET /public/products/1724679752305.jpg at Wed Dec 04 2024 19:13:38 GMT+0200, IP: ::1, User Agent: Mozilla/5.0 (Linux; Android 6.0; Nexus 5 Build/MRA58N) AppleWebKit/537.36 (KHTML, like Gecko) Chrome/131.0.0.0 Mobile Safari/537.36 Edg/131.0.0.0
Response: 304 2.449 ms 

Request: GET /public/products/1724679330997.jpg at Wed Dec 04 2024 19:13:38 GMT+0200, IP: ::1, User Agent: Mozilla/5.0 (Linux; Android 6.0; Nexus 5 Build/MRA58N) AppleWebKit/537.36 (KHTML, like Gecko) Chrome/131.0.0.0 Mobile Safari/537.36 Edg/131.0.0.0
Response: 304 2.711 ms 

Request: GET /public/products/1724679930178.jpg at Wed Dec 04 2024 19:13:38 GMT+0200, IP: ::1, User Agent: Mozilla/5.0 (Linux; Android 6.0; Nexus 5 Build/MRA58N) AppleWebKit/537.36 (KHTML, like Gecko) Chrome/131.0.0.0 Mobile Safari/537.36 Edg/131.0.0.0
Response: 304 3.107 ms 

Request: GET /public/products/1731247801786.jpg at Wed Dec 04 2024 19:13:38 GMT+0200, IP: ::1, User Agent: Mozilla/5.0 (Linux; Android 6.0; Nexus 5 Build/MRA58N) AppleWebKit/537.36 (KHTML, like Gecko) Chrome/131.0.0.0 Mobile Safari/537.36 Edg/131.0.0.0
Response: 304 0.655 ms 

Request: GET /public/products/1731247833352.jpg at Wed Dec 04 2024 19:13:38 GMT+0200, IP: ::1, User Agent: Mozilla/5.0 (Linux; Android 6.0; Nexus 5 Build/MRA58N) AppleWebKit/537.36 (KHTML, like Gecko) Chrome/131.0.0.0 Mobile Safari/537.36 Edg/131.0.0.0
Response: 304 1.380 ms 
