
Request: GET / at Mon Oct 14 2024 14:57:26 GMT+0300, IP: ::1, User Agent: Mozilla/5.0 (Linux; Android 6.0; Nexus 5 Build/MRA58N) AppleWebKit/537.36 (KHTML, like Gecko) Chrome/129.0.0.0 Mobile Safari/537.36 Edg/129.0.0.0
Response: 304 3.371 ms 

Request: GET / at Mon Oct 14 2024 14:57:26 GMT+0300, IP: ::1, User Agent: Mozilla/5.0 (Linux; Android 6.0; Nexus 5 Build/MRA58N) AppleWebKit/537.36 (KHTML, like Gecko) Chrome/129.0.0.0 Mobile Safari/537.36 Edg/129.0.0.0
Response: 304 0.828 ms 

Request: GET /api/products at Mon Oct 14 2024 14:57:26 GMT+0300, IP: ::1, User Agent: Mozilla/5.0 (Linux; Android 6.0; Nexus 5 Build/MRA58N) AppleWebKit/537.36 (KHTML, like Gecko) Chrome/129.0.0.0 Mobile Safari/537.36 Edg/129.0.0.0
Response Body:
[
	{
		"_id": "66cc90241508324d6c354db7",
		"title": "עגילים",
		"description": "עגילי מקרמה בעבודת יד אלו הם שילוב מושלם של עיצוב בוהו-שיק קלאסי ואמנות קראפט עכשווית. כל זוג עגילים עשוי מחוטי מקרמה איכותיים הנקשרים בקפידה ליצירת דפוסים ייחודיים ומורכבים. העגילים קלים ונוחים לענידה, ומוסיפים נגיעה של סטייל ייחודי לכל הופעה יומיומית או ערב אלגנטי. בין אם את מחפשת מתנה מקורית או תוספת אופנתית לאוסף שלך, עגילי המקרמה הללו הם הבחירה המושלמת.",
		"imageFileNames": [
			"1724679146877.jpg",
			"1724679146905.jpg",
			"1724679146913.jpg",
			"1724679146922.jpg"
		],
		"stock": 2,
		"stringAColor": "black",
		"stringBColor": "white",
		"stone": "אקוומרין",
		"category": "עגילים",
		"__v": 0,
		"discount": 20,
		"currentPrice": 280,
		"originalPrice": 350
	},
	{
		"_id": "66cc90241508324d6c354db8",
		"title": "שרשרת",
		"description": "שרשרת המקרמה הזו היא יותר מאשר תכשיט - היא יצירת אמנות של ממש. עשויה בקפידה מחוטי מקרמה איכותיים, כל שרשרת נרקמת בעבודת יד תוך תשומת לב לפרטים הקטנים ביותר. הדוג
...
Response: 304 19.306 ms 

Request: GET /api/categories at Mon Oct 14 2024 14:57:26 GMT+0300, IP: ::1, User Agent: Mozilla/5.0 (Linux; Android 6.0; Nexus 5 Build/MRA58N) AppleWebKit/537.36 (KHTML, like Gecko) Chrome/129.0.0.0 Mobile Safari/537.36 Edg/129.0.0.0
Response Body:
[
	{
		"_id": "66cc8fb935338737ded85208",
		"hebTitle": "צמידים",
		"engLink": "Bracelets",
		"imageFileNames": [
			"1724680280610.jpg",
			"1724680280611.jpg",
			"1724680280613.jpg",
			"1724680280613.jpg",
			"1724680280615.jpg"
		],
		"__v": 0
	},
	{
		"_id": "66cc8fb935338737ded85209",
		"hebTitle": "עגילים",
		"engLink": "earings",
		"imageFileNames": [
			"1724679146877.jpg",
			"1724679146905.jpg",
			"1724679146913.jpg",
			"1724679146922.jpg",
			"1725450626782.jpg",
			"1728390743395.jpg",
			"1728390968682.jpg",
			"1728809302122.png",
			"1728810017677.bmp",
			"1728810017767.png"
		],
		"__v": 0
	},
	{
		"_id": "66cc8fb935338737ded8520a",
		"hebTitle": "עגילי טבעת",
		"engLink": "Hook Earrings",
		"imageFileNames": [
			"1724679752305.jpg",
			"1724679752307.jpg",
			"1724679752310.jpg",
			"1724679752314.jpg",
			"1724679752333.jpg"
		],
		"__v": 0
	},
	{
		"_id": "66cc8fb935338737ded8520b",
		"hebTitle": "שרשראות",
		"engLink": "Necklaces",
		"imageFileNames": [
			"17
...
Response: 304 21.511 ms 

Request: GET /api/products at Mon Oct 14 2024 14:57:26 GMT+0300, IP: ::1, User Agent: Mozilla/5.0 (Linux; Android 6.0; Nexus 5 Build/MRA58N) AppleWebKit/537.36 (KHTML, like Gecko) Chrome/129.0.0.0 Mobile Safari/537.36 Edg/129.0.0.0
Response Body:
[
	{
		"_id": "66cc90241508324d6c354db7",
		"title": "עגילים",
		"description": "עגילי מקרמה בעבודת יד אלו הם שילוב מושלם של עיצוב בוהו-שיק קלאסי ואמנות קראפט עכשווית. כל זוג עגילים עשוי מחוטי מקרמה איכותיים הנקשרים בקפידה ליצירת דפוסים ייחודיים ומורכבים. העגילים קלים ונוחים לענידה, ומוסיפים נגיעה של סטייל ייחודי לכל הופעה יומיומית או ערב אלגנטי. בין אם את מחפשת מתנה מקורית או תוספת אופנתית לאוסף שלך, עגילי המקרמה הללו הם הבחירה המושלמת.",
		"imageFileNames": [
			"1724679146877.jpg",
			"1724679146905.jpg",
			"1724679146913.jpg",
			"1724679146922.jpg"
		],
		"stock": 2,
		"stringAColor": "black",
		"stringBColor": "white",
		"stone": "אקוומרין",
		"category": "עגילים",
		"__v": 0,
		"discount": 20,
		"currentPrice": 280,
		"originalPrice": 350
	},
	{
		"_id": "66cc90241508324d6c354db8",
		"title": "שרשרת",
		"description": "שרשרת המקרמה הזו היא יותר מאשר תכשיט - היא יצירת אמנות של ממש. עשויה בקפידה מחוטי מקרמה איכותיים, כל שרשרת נרקמת בעבודת יד תוך תשומת לב לפרטים הקטנים ביותר. הדוג
...
Response: 304 5.728 ms 

Request: GET /api/stones at Mon Oct 14 2024 14:57:26 GMT+0300, IP: ::1, User Agent: Mozilla/5.0 (Linux; Android 6.0; Nexus 5 Build/MRA58N) AppleWebKit/537.36 (KHTML, like Gecko) Chrome/129.0.0.0 Mobile Safari/537.36 Edg/129.0.0.0
Response Body:
[
	{
		"_id": "66cc8fb935338737ded8520e",
		"name": "אמטיסט",
		"zodiac": "",
		"description": "אבן האמטיסט, בגוון סגול מהפנט, נחשבת לאבן הרוחניות והשלווה. היא ידועה כמסייעת בהרגעת הנפש ובאיזון רגשי, ומציעה הגנה מפני אנרגיות שליליות. האמטיסט מתאימה במיוחד לבני ובנות מזלות דגים, בתולה, וקשת, ותורמת להעצמת האינטואיציה ולחיזוק הקשר עם העצמי הפנימי. זו האבן המושלמת למי שמחפש חיבור עמוק יותר עם הרוחניות והיציבות הרגשית.",
		"imageFileName": "1725888893039.jpg",
		"__v": 0,
		"descriptionImageFileName": "1725889236586.jpg",
		"descriptionText": ""
	},
	{
		"_id": "66cc8fb935338737ded8520f",
		"name": "רוז קוורץ",
		"zodiac": "",
		"description": "רוז קוורץ, אבן האהבה ללא תנאים, מגיעה בגוון ורוד רך ועדין. היא נחשבת לאבן שמביאה איתה אהבה, שלווה ושלום, ומחזקת את תחושת ההרמוניה והאמפתיה. האבן מתאימה במיוחד לבני ובנות מזלות שור, סרטן, ומאזניים, ותורמת לפיתוח מערכות יחסים עמוקות ומלאות רגש. הרוז קוורץ היא הבחירה האידיאלית עבור מי שרוצה לטפח אהבה, גם כלפי עצמו וגם כלפי אחרים.",
		"imageFileName": "
...
Response: 304 6.975 ms 

Request: GET /api/categories at Mon Oct 14 2024 14:57:26 GMT+0300, IP: ::1, User Agent: Mozilla/5.0 (Linux; Android 6.0; Nexus 5 Build/MRA58N) AppleWebKit/537.36 (KHTML, like Gecko) Chrome/129.0.0.0 Mobile Safari/537.36 Edg/129.0.0.0
Response Body:
[
	{
		"_id": "66cc8fb935338737ded85208",
		"hebTitle": "צמידים",
		"engLink": "Bracelets",
		"imageFileNames": [
			"1724680280610.jpg",
			"1724680280611.jpg",
			"1724680280613.jpg",
			"1724680280613.jpg",
			"1724680280615.jpg"
		],
		"__v": 0
	},
	{
		"_id": "66cc8fb935338737ded85209",
		"hebTitle": "עגילים",
		"engLink": "earings",
		"imageFileNames": [
			"1724679146877.jpg",
			"1724679146905.jpg",
			"1724679146913.jpg",
			"1724679146922.jpg",
			"1725450626782.jpg",
			"1728390743395.jpg",
			"1728390968682.jpg",
			"1728809302122.png",
			"1728810017677.bmp",
			"1728810017767.png"
		],
		"__v": 0
	},
	{
		"_id": "66cc8fb935338737ded8520a",
		"hebTitle": "עגילי טבעת",
		"engLink": "Hook Earrings",
		"imageFileNames": [
			"1724679752305.jpg",
			"1724679752307.jpg",
			"1724679752310.jpg",
			"1724679752314.jpg",
			"1724679752333.jpg"
		],
		"__v": 0
	},
	{
		"_id": "66cc8fb935338737ded8520b",
		"hebTitle": "שרשראות",
		"engLink": "Necklaces",
		"imageFileNames": [
			"17
...
Response: 304 8.720 ms 

Request: GET /public/products/1724680280610.jpg at Mon Oct 14 2024 14:57:27 GMT+0300, IP: ::1, User Agent: Mozilla/5.0 (Linux; Android 6.0; Nexus 5 Build/MRA58N) AppleWebKit/537.36 (KHTML, like Gecko) Chrome/129.0.0.0 Mobile Safari/537.36 Edg/129.0.0.0
Response: 304 3.733 ms 

Request: GET /public/products/1724679146877.jpg at Mon Oct 14 2024 14:57:27 GMT+0300, IP: ::1, User Agent: Mozilla/5.0 (Linux; Android 6.0; Nexus 5 Build/MRA58N) AppleWebKit/537.36 (KHTML, like Gecko) Chrome/129.0.0.0 Mobile Safari/537.36 Edg/129.0.0.0
Response: 304 4.269 ms 

Request: GET /public/products/1724679752305.jpg at Mon Oct 14 2024 14:57:27 GMT+0300, IP: ::1, User Agent: Mozilla/5.0 (Linux; Android 6.0; Nexus 5 Build/MRA58N) AppleWebKit/537.36 (KHTML, like Gecko) Chrome/129.0.0.0 Mobile Safari/537.36 Edg/129.0.0.0
Response: 304 3.829 ms 

Request: GET /public/products/1724679330997.jpg at Mon Oct 14 2024 14:57:27 GMT+0300, IP: ::1, User Agent: Mozilla/5.0 (Linux; Android 6.0; Nexus 5 Build/MRA58N) AppleWebKit/537.36 (KHTML, like Gecko) Chrome/129.0.0.0 Mobile Safari/537.36 Edg/129.0.0.0
Response: 304 0.925 ms 

Request: GET /public/products/1724679930178.jpg at Mon Oct 14 2024 14:57:27 GMT+0300, IP: ::1, User Agent: Mozilla/5.0 (Linux; Android 6.0; Nexus 5 Build/MRA58N) AppleWebKit/537.36 (KHTML, like Gecko) Chrome/129.0.0.0 Mobile Safari/537.36 Edg/129.0.0.0
Response: 304 0.988 ms 

Request: GET /public/stones/1725889236586.jpg at Mon Oct 14 2024 14:59:23 GMT+0300, IP: ::1, User Agent: Mozilla/5.0 (Linux; Android 6.0; Nexus 5 Build/MRA58N) AppleWebKit/537.36 (KHTML, like Gecko) Chrome/129.0.0.0 Mobile Safari/537.36 Edg/129.0.0.0
Response: 304 1.330 ms 

Request: GET /public/stones/1725888893039.jpg at Mon Oct 14 2024 14:59:23 GMT+0300, IP: ::1, User Agent: Mozilla/5.0 (Linux; Android 6.0; Nexus 5 Build/MRA58N) AppleWebKit/537.36 (KHTML, like Gecko) Chrome/129.0.0.0 Mobile Safari/537.36 Edg/129.0.0.0
Response: 304 1.788 ms 

Request: GET /public/stones/1725889236586.jpg at Mon Oct 14 2024 15:02:32 GMT+0300, IP: ::1, User Agent: Mozilla/5.0 (Linux; Android 6.0; Nexus 5 Build/MRA58N) AppleWebKit/537.36 (KHTML, like Gecko) Chrome/129.0.0.0 Mobile Safari/537.36 Edg/129.0.0.0
Response: 304 2.058 ms 

Request: GET /public/stones/1725888893039.jpg at Mon Oct 14 2024 15:02:32 GMT+0300, IP: ::1, User Agent: Mozilla/5.0 (Linux; Android 6.0; Nexus 5 Build/MRA58N) AppleWebKit/537.36 (KHTML, like Gecko) Chrome/129.0.0.0 Mobile Safari/537.36 Edg/129.0.0.0
Response: 304 6.009 ms 

Request: GET /api/stones at Mon Oct 14 2024 15:07:18 GMT+0300, IP: ::1, User Agent: Mozilla/5.0 (Linux; Android 6.0; Nexus 5 Build/MRA58N) AppleWebKit/537.36 (KHTML, like Gecko) Chrome/129.0.0.0 Mobile Safari/537.36 Edg/129.0.0.0
Response Body:
[
	{
		"_id": "66cc8fb935338737ded8520e",
		"name": "אמטיסט",
		"zodiac": "",
		"description": "אבן האמטיסט, בגוון סגול מהפנט, נחשבת לאבן הרוחניות והשלווה. היא ידועה כמסייעת בהרגעת הנפש ובאיזון רגשי, ומציעה הגנה מפני אנרגיות שליליות. האמטיסט מתאימה במיוחד לבני ובנות מזלות דגים, בתולה, וקשת, ותורמת להעצמת האינטואיציה ולחיזוק הקשר עם העצמי הפנימי. זו האבן המושלמת למי שמחפש חיבור עמוק יותר עם הרוחניות והיציבות הרגשית.",
		"imageFileName": "1725888893039.jpg",
		"__v": 0,
		"descriptionImageFileName": "1725889236586.jpg",
		"descriptionText": "askfdjbasikdbaKS"
	},
	{
		"_id": "66cc8fb935338737ded8520f",
		"name": "רוז קוורץ",
		"zodiac": "",
		"description": "רוז קוורץ, אבן האהבה ללא תנאים, מגיעה בגוון ורוד רך ועדין. היא נחשבת לאבן שמביאה איתה אהבה, שלווה ושלום, ומחזקת את תחושת ההרמוניה והאמפתיה. האבן מתאימה במיוחד לבני ובנות מזלות שור, סרטן, ומאזניים, ותורמת לפיתוח מערכות יחסים עמוקות ומלאות רגש. הרוז קוורץ היא הבחירה האידיאלית עבור מי שרוצה לטפח אהבה, גם כלפי עצמו וגם כלפי אחרים.",
		"i
...
Response: 304 3.739 ms 

Request: GET /api/stones at Mon Oct 14 2024 15:07:18 GMT+0300, IP: ::1, User Agent: Mozilla/5.0 (Linux; Android 6.0; Nexus 5 Build/MRA58N) AppleWebKit/537.36 (KHTML, like Gecko) Chrome/129.0.0.0 Mobile Safari/537.36 Edg/129.0.0.0
Response Body:
[
	{
		"_id": "66cc8fb935338737ded8520e",
		"name": "אמטיסט",
		"zodiac": "",
		"description": "אבן האמטיסט, בגוון סגול מהפנט, נחשבת לאבן הרוחניות והשלווה. היא ידועה כמסייעת בהרגעת הנפש ובאיזון רגשי, ומציעה הגנה מפני אנרגיות שליליות. האמטיסט מתאימה במיוחד לבני ובנות מזלות דגים, בתולה, וקשת, ותורמת להעצמת האינטואיציה ולחיזוק הקשר עם העצמי הפנימי. זו האבן המושלמת למי שמחפש חיבור עמוק יותר עם הרוחניות והיציבות הרגשית.",
		"imageFileName": "1725888893039.jpg",
		"__v": 0,
		"descriptionImageFileName": "1725889236586.jpg",
		"descriptionText": "askfdjbasikdbaKS"
	},
	{
		"_id": "66cc8fb935338737ded8520f",
		"name": "רוז קוורץ",
		"zodiac": "",
		"description": "רוז קוורץ, אבן האהבה ללא תנאים, מגיעה בגוון ורוד רך ועדין. היא נחשבת לאבן שמביאה איתה אהבה, שלווה ושלום, ומחזקת את תחושת ההרמוניה והאמפתיה. האבן מתאימה במיוחד לבני ובנות מזלות שור, סרטן, ומאזניים, ותורמת לפיתוח מערכות יחסים עמוקות ומלאות רגש. הרוז קוורץ היא הבחירה האידיאלית עבור מי שרוצה לטפח אהבה, גם כלפי עצמו וגם כלפי אחרים.",
		"i
...
Response: 304 3.594 ms 

Request: GET /public/stones/1724338568812.jpg at Mon Oct 14 2024 15:07:18 GMT+0300, IP: ::1, User Agent: Mozilla/5.0 (Linux; Android 6.0; Nexus 5 Build/MRA58N) AppleWebKit/537.36 (KHTML, like Gecko) Chrome/129.0.0.0 Mobile Safari/537.36 Edg/129.0.0.0
Response: 304 1.929 ms 

Request: GET /public/stones/1724338810205.jpg at Mon Oct 14 2024 15:07:18 GMT+0300, IP: ::1, User Agent: Mozilla/5.0 (Linux; Android 6.0; Nexus 5 Build/MRA58N) AppleWebKit/537.36 (KHTML, like Gecko) Chrome/129.0.0.0 Mobile Safari/537.36 Edg/129.0.0.0
Response: 304 3.032 ms 

Request: GET /public/stones/1724338838501.jpg at Mon Oct 14 2024 15:07:18 GMT+0300, IP: ::1, User Agent: Mozilla/5.0 (Linux; Android 6.0; Nexus 5 Build/MRA58N) AppleWebKit/537.36 (KHTML, like Gecko) Chrome/129.0.0.0 Mobile Safari/537.36 Edg/129.0.0.0
Response: 304 5.146 ms 

Request: GET /public/stones/1727781718270.jpg at Mon Oct 14 2024 15:07:18 GMT+0300, IP: ::1, User Agent: Mozilla/5.0 (Linux; Android 6.0; Nexus 5 Build/MRA58N) AppleWebKit/537.36 (KHTML, like Gecko) Chrome/129.0.0.0 Mobile Safari/537.36 Edg/129.0.0.0
Response: 304 4.550 ms 

Request: GET /public/stones/1726235232131.JPG at Mon Oct 14 2024 15:07:18 GMT+0300, IP: ::1, User Agent: Mozilla/5.0 (Linux; Android 6.0; Nexus 5 Build/MRA58N) AppleWebKit/537.36 (KHTML, like Gecko) Chrome/129.0.0.0 Mobile Safari/537.36 Edg/129.0.0.0
Response: 304 5.316 ms 

Request: GET /public/stones/1728389610119.jpg at Mon Oct 14 2024 15:07:18 GMT+0300, IP: ::1, User Agent: Mozilla/5.0 (Linux; Android 6.0; Nexus 5 Build/MRA58N) AppleWebKit/537.36 (KHTML, like Gecko) Chrome/129.0.0.0 Mobile Safari/537.36 Edg/129.0.0.0
Response: 304 6.133 ms 

Request: GET /api/stones at Mon Oct 14 2024 15:07:23 GMT+0300, IP: ::1, User Agent: Mozilla/5.0 (Linux; Android 6.0; Nexus 5 Build/MRA58N) AppleWebKit/537.36 (KHTML, like Gecko) Chrome/129.0.0.0 Mobile Safari/537.36 Edg/129.0.0.0
Response Body:
[
	{
		"_id": "66cc8fb935338737ded8520e",
		"name": "אמטיסט",
		"zodiac": "",
		"description": "אבן האמטיסט, בגוון סגול מהפנט, נחשבת לאבן הרוחניות והשלווה. היא ידועה כמסייעת בהרגעת הנפש ובאיזון רגשי, ומציעה הגנה מפני אנרגיות שליליות. האמטיסט מתאימה במיוחד לבני ובנות מזלות דגים, בתולה, וקשת, ותורמת להעצמת האינטואיציה ולחיזוק הקשר עם העצמי הפנימי. זו האבן המושלמת למי שמחפש חיבור עמוק יותר עם הרוחניות והיציבות הרגשית.",
		"imageFileName": "1725888893039.jpg",
		"__v": 0,
		"descriptionImageFileName": "1725889236586.jpg",
		"descriptionText": "askfdjbasikdbaKS"
	},
	{
		"_id": "66cc8fb935338737ded8520f",
		"name": "רוז קוורץ",
		"zodiac": "",
		"description": "רוז קוורץ, אבן האהבה ללא תנאים, מגיעה בגוון ורוד רך ועדין. היא נחשבת לאבן שמביאה איתה אהבה, שלווה ושלום, ומחזקת את תחושת ההרמוניה והאמפתיה. האבן מתאימה במיוחד לבני ובנות מזלות שור, סרטן, ומאזניים, ותורמת לפיתוח מערכות יחסים עמוקות ומלאות רגש. הרוז קוורץ היא הבחירה האידיאלית עבור מי שרוצה לטפח אהבה, גם כלפי עצמו וגם כלפי אחרים.",
		"i
...
Response: 304 2.816 ms 

Request: GET /api/stones at Mon Oct 14 2024 15:07:23 GMT+0300, IP: ::1, User Agent: Mozilla/5.0 (Linux; Android 6.0; Nexus 5 Build/MRA58N) AppleWebKit/537.36 (KHTML, like Gecko) Chrome/129.0.0.0 Mobile Safari/537.36 Edg/129.0.0.0
Response Body:
[
	{
		"_id": "66cc8fb935338737ded8520e",
		"name": "אמטיסט",
		"zodiac": "",
		"description": "אבן האמטיסט, בגוון סגול מהפנט, נחשבת לאבן הרוחניות והשלווה. היא ידועה כמסייעת בהרגעת הנפש ובאיזון רגשי, ומציעה הגנה מפני אנרגיות שליליות. האמטיסט מתאימה במיוחד לבני ובנות מזלות דגים, בתולה, וקשת, ותורמת להעצמת האינטואיציה ולחיזוק הקשר עם העצמי הפנימי. זו האבן המושלמת למי שמחפש חיבור עמוק יותר עם הרוחניות והיציבות הרגשית.",
		"imageFileName": "1725888893039.jpg",
		"__v": 0,
		"descriptionImageFileName": "1725889236586.jpg",
		"descriptionText": "askfdjbasikdbaKS"
	},
	{
		"_id": "66cc8fb935338737ded8520f",
		"name": "רוז קוורץ",
		"zodiac": "",
		"description": "רוז קוורץ, אבן האהבה ללא תנאים, מגיעה בגוון ורוד רך ועדין. היא נחשבת לאבן שמביאה איתה אהבה, שלווה ושלום, ומחזקת את תחושת ההרמוניה והאמפתיה. האבן מתאימה במיוחד לבני ובנות מזלות שור, סרטן, ומאזניים, ותורמת לפיתוח מערכות יחסים עמוקות ומלאות רגש. הרוז קוורץ היא הבחירה האידיאלית עבור מי שרוצה לטפח אהבה, גם כלפי עצמו וגם כלפי אחרים.",
		"i
...
Response: 304 3.394 ms 

Request: GET /api/stones at Mon Oct 14 2024 15:07:26 GMT+0300, IP: ::1, User Agent: Mozilla/5.0 (Linux; Android 6.0; Nexus 5 Build/MRA58N) AppleWebKit/537.36 (KHTML, like Gecko) Chrome/129.0.0.0 Mobile Safari/537.36 Edg/129.0.0.0
Response Body:
[
	{
		"_id": "66cc8fb935338737ded8520e",
		"name": "אמטיסט",
		"zodiac": "",
		"description": "אבן האמטיסט, בגוון סגול מהפנט, נחשבת לאבן הרוחניות והשלווה. היא ידועה כמסייעת בהרגעת הנפש ובאיזון רגשי, ומציעה הגנה מפני אנרגיות שליליות. האמטיסט מתאימה במיוחד לבני ובנות מזלות דגים, בתולה, וקשת, ותורמת להעצמת האינטואיציה ולחיזוק הקשר עם העצמי הפנימי. זו האבן המושלמת למי שמחפש חיבור עמוק יותר עם הרוחניות והיציבות הרגשית.",
		"imageFileName": "1725888893039.jpg",
		"__v": 0,
		"descriptionImageFileName": "1725889236586.jpg",
		"descriptionText": "askfdjbasikdbaKS"
	},
	{
		"_id": "66cc8fb935338737ded8520f",
		"name": "רוז קוורץ",
		"zodiac": "",
		"description": "רוז קוורץ, אבן האהבה ללא תנאים, מגיעה בגוון ורוד רך ועדין. היא נחשבת לאבן שמביאה איתה אהבה, שלווה ושלום, ומחזקת את תחושת ההרמוניה והאמפתיה. האבן מתאימה במיוחד לבני ובנות מזלות שור, סרטן, ומאזניים, ותורמת לפיתוח מערכות יחסים עמוקות ומלאות רגש. הרוז קוורץ היא הבחירה האידיאלית עבור מי שרוצה לטפח אהבה, גם כלפי עצמו וגם כלפי אחרים.",
		"i
...
Response: 304 3.195 ms 

Request: GET /api/stones at Mon Oct 14 2024 15:07:26 GMT+0300, IP: ::1, User Agent: Mozilla/5.0 (Linux; Android 6.0; Nexus 5 Build/MRA58N) AppleWebKit/537.36 (KHTML, like Gecko) Chrome/129.0.0.0 Mobile Safari/537.36 Edg/129.0.0.0
Response Body:
[
	{
		"_id": "66cc8fb935338737ded8520e",
		"name": "אמטיסט",
		"zodiac": "",
		"description": "אבן האמטיסט, בגוון סגול מהפנט, נחשבת לאבן הרוחניות והשלווה. היא ידועה כמסייעת בהרגעת הנפש ובאיזון רגשי, ומציעה הגנה מפני אנרגיות שליליות. האמטיסט מתאימה במיוחד לבני ובנות מזלות דגים, בתולה, וקשת, ותורמת להעצמת האינטואיציה ולחיזוק הקשר עם העצמי הפנימי. זו האבן המושלמת למי שמחפש חיבור עמוק יותר עם הרוחניות והיציבות הרגשית.",
		"imageFileName": "1725888893039.jpg",
		"__v": 0,
		"descriptionImageFileName": "1725889236586.jpg",
		"descriptionText": "askfdjbasikdbaKS"
	},
	{
		"_id": "66cc8fb935338737ded8520f",
		"name": "רוז קוורץ",
		"zodiac": "",
		"description": "רוז קוורץ, אבן האהבה ללא תנאים, מגיעה בגוון ורוד רך ועדין. היא נחשבת לאבן שמביאה איתה אהבה, שלווה ושלום, ומחזקת את תחושת ההרמוניה והאמפתיה. האבן מתאימה במיוחד לבני ובנות מזלות שור, סרטן, ומאזניים, ותורמת לפיתוח מערכות יחסים עמוקות ומלאות רגש. הרוז קוורץ היא הבחירה האידיאלית עבור מי שרוצה לטפח אהבה, גם כלפי עצמו וגם כלפי אחרים.",
		"i
...
Response: 304 2.899 ms 

Request: GET /api/stones at Mon Oct 14 2024 15:07:34 GMT+0300, IP: ::1, User Agent: Mozilla/5.0 (Linux; Android 6.0; Nexus 5 Build/MRA58N) AppleWebKit/537.36 (KHTML, like Gecko) Chrome/129.0.0.0 Mobile Safari/537.36 Edg/129.0.0.0
Response Body:
[
	{
		"_id": "66cc8fb935338737ded8520e",
		"name": "אמטיסט",
		"zodiac": "",
		"description": "אבן האמטיסט, בגוון סגול מהפנט, נחשבת לאבן הרוחניות והשלווה. היא ידועה כמסייעת בהרגעת הנפש ובאיזון רגשי, ומציעה הגנה מפני אנרגיות שליליות. האמטיסט מתאימה במיוחד לבני ובנות מזלות דגים, בתולה, וקשת, ותורמת להעצמת האינטואיציה ולחיזוק הקשר עם העצמי הפנימי. זו האבן המושלמת למי שמחפש חיבור עמוק יותר עם הרוחניות והיציבות הרגשית.",
		"imageFileName": "1725888893039.jpg",
		"__v": 0,
		"descriptionImageFileName": "1725889236586.jpg",
		"descriptionText": "askfdjbasikdbaKS"
	},
	{
		"_id": "66cc8fb935338737ded8520f",
		"name": "רוז קוורץ",
		"zodiac": "",
		"description": "רוז קוורץ, אבן האהבה ללא תנאים, מגיעה בגוון ורוד רך ועדין. היא נחשבת לאבן שמביאה איתה אהבה, שלווה ושלום, ומחזקת את תחושת ההרמוניה והאמפתיה. האבן מתאימה במיוחד לבני ובנות מזלות שור, סרטן, ומאזניים, ותורמת לפיתוח מערכות יחסים עמוקות ומלאות רגש. הרוז קוורץ היא הבחירה האידיאלית עבור מי שרוצה לטפח אהבה, גם כלפי עצמו וגם כלפי אחרים.",
		"i
...
Response: 304 4.264 ms 

Request: GET /api/stones at Mon Oct 14 2024 15:07:34 GMT+0300, IP: ::1, User Agent: Mozilla/5.0 (Linux; Android 6.0; Nexus 5 Build/MRA58N) AppleWebKit/537.36 (KHTML, like Gecko) Chrome/129.0.0.0 Mobile Safari/537.36 Edg/129.0.0.0
Response Body:
[
	{
		"_id": "66cc8fb935338737ded8520e",
		"name": "אמטיסט",
		"zodiac": "",
		"description": "אבן האמטיסט, בגוון סגול מהפנט, נחשבת לאבן הרוחניות והשלווה. היא ידועה כמסייעת בהרגעת הנפש ובאיזון רגשי, ומציעה הגנה מפני אנרגיות שליליות. האמטיסט מתאימה במיוחד לבני ובנות מזלות דגים, בתולה, וקשת, ותורמת להעצמת האינטואיציה ולחיזוק הקשר עם העצמי הפנימי. זו האבן המושלמת למי שמחפש חיבור עמוק יותר עם הרוחניות והיציבות הרגשית.",
		"imageFileName": "1725888893039.jpg",
		"__v": 0,
		"descriptionImageFileName": "1725889236586.jpg",
		"descriptionText": "askfdjbasikdbaKS"
	},
	{
		"_id": "66cc8fb935338737ded8520f",
		"name": "רוז קוורץ",
		"zodiac": "",
		"description": "רוז קוורץ, אבן האהבה ללא תנאים, מגיעה בגוון ורוד רך ועדין. היא נחשבת לאבן שמביאה איתה אהבה, שלווה ושלום, ומחזקת את תחושת ההרמוניה והאמפתיה. האבן מתאימה במיוחד לבני ובנות מזלות שור, סרטן, ומאזניים, ותורמת לפיתוח מערכות יחסים עמוקות ומלאות רגש. הרוז קוורץ היא הבחירה האידיאלית עבור מי שרוצה לטפח אהבה, גם כלפי עצמו וגם כלפי אחרים.",
		"i
...
Response: 304 5.229 ms 

Request: GET /api/stones at Mon Oct 14 2024 15:07:39 GMT+0300, IP: ::1, User Agent: Mozilla/5.0 (Linux; Android 6.0; Nexus 5 Build/MRA58N) AppleWebKit/537.36 (KHTML, like Gecko) Chrome/129.0.0.0 Mobile Safari/537.36 Edg/129.0.0.0
Response Body:
[
	{
		"_id": "66cc8fb935338737ded8520e",
		"name": "אמטיסט",
		"zodiac": "",
		"description": "אבן האמטיסט, בגוון סגול מהפנט, נחשבת לאבן הרוחניות והשלווה. היא ידועה כמסייעת בהרגעת הנפש ובאיזון רגשי, ומציעה הגנה מפני אנרגיות שליליות. האמטיסט מתאימה במיוחד לבני ובנות מזלות דגים, בתולה, וקשת, ותורמת להעצמת האינטואיציה ולחיזוק הקשר עם העצמי הפנימי. זו האבן המושלמת למי שמחפש חיבור עמוק יותר עם הרוחניות והיציבות הרגשית.",
		"imageFileName": "1725888893039.jpg",
		"__v": 0,
		"descriptionImageFileName": "1725889236586.jpg",
		"descriptionText": "askfdjbasikdbaKS"
	},
	{
		"_id": "66cc8fb935338737ded8520f",
		"name": "רוז קוורץ",
		"zodiac": "",
		"description": "רוז קוורץ, אבן האהבה ללא תנאים, מגיעה בגוון ורוד רך ועדין. היא נחשבת לאבן שמביאה איתה אהבה, שלווה ושלום, ומחזקת את תחושת ההרמוניה והאמפתיה. האבן מתאימה במיוחד לבני ובנות מזלות שור, סרטן, ומאזניים, ותורמת לפיתוח מערכות יחסים עמוקות ומלאות רגש. הרוז קוורץ היא הבחירה האידיאלית עבור מי שרוצה לטפח אהבה, גם כלפי עצמו וגם כלפי אחרים.",
		"i
...
Response: 304 2.050 ms 

Request: GET /api/stones at Mon Oct 14 2024 15:07:39 GMT+0300, IP: ::1, User Agent: Mozilla/5.0 (Linux; Android 6.0; Nexus 5 Build/MRA58N) AppleWebKit/537.36 (KHTML, like Gecko) Chrome/129.0.0.0 Mobile Safari/537.36 Edg/129.0.0.0
Response Body:
[
	{
		"_id": "66cc8fb935338737ded8520e",
		"name": "אמטיסט",
		"zodiac": "",
		"description": "אבן האמטיסט, בגוון סגול מהפנט, נחשבת לאבן הרוחניות והשלווה. היא ידועה כמסייעת בהרגעת הנפש ובאיזון רגשי, ומציעה הגנה מפני אנרגיות שליליות. האמטיסט מתאימה במיוחד לבני ובנות מזלות דגים, בתולה, וקשת, ותורמת להעצמת האינטואיציה ולחיזוק הקשר עם העצמי הפנימי. זו האבן המושלמת למי שמחפש חיבור עמוק יותר עם הרוחניות והיציבות הרגשית.",
		"imageFileName": "1725888893039.jpg",
		"__v": 0,
		"descriptionImageFileName": "1725889236586.jpg",
		"descriptionText": "askfdjbasikdbaKS"
	},
	{
		"_id": "66cc8fb935338737ded8520f",
		"name": "רוז קוורץ",
		"zodiac": "",
		"description": "רוז קוורץ, אבן האהבה ללא תנאים, מגיעה בגוון ורוד רך ועדין. היא נחשבת לאבן שמביאה איתה אהבה, שלווה ושלום, ומחזקת את תחושת ההרמוניה והאמפתיה. האבן מתאימה במיוחד לבני ובנות מזלות שור, סרטן, ומאזניים, ותורמת לפיתוח מערכות יחסים עמוקות ומלאות רגש. הרוז קוורץ היא הבחירה האידיאלית עבור מי שרוצה לטפח אהבה, גם כלפי עצמו וגם כלפי אחרים.",
		"i
...
Response: 304 10.920 ms 

Request: GET /api/stones at Mon Oct 14 2024 15:28:18 GMT+0300, IP: ::1, User Agent: Mozilla/5.0 (Linux; Android 6.0; Nexus 5 Build/MRA58N) AppleWebKit/537.36 (KHTML, like Gecko) Chrome/129.0.0.0 Mobile Safari/537.36 Edg/129.0.0.0
Response Body:
[
	{
		"_id": "66cc8fb935338737ded8520e",
		"name": "אמטיסט",
		"zodiac": "",
		"description": "אבן האמטיסט, בגוון סגול מהפנט, נחשבת לאבן הרוחניות והשלווה. היא ידועה כמסייעת בהרגעת הנפש ובאיזון רגשי, ומציעה הגנה מפני אנרגיות שליליות. האמטיסט מתאימה במיוחד לבני ובנות מזלות דגים, בתולה, וקשת, ותורמת להעצמת האינטואיציה ולחיזוק הקשר עם העצמי הפנימי. זו האבן המושלמת למי שמחפש חיבור עמוק יותר עם הרוחניות והיציבות הרגשית.",
		"imageFileName": "1725888893039.jpg",
		"__v": 0,
		"descriptionImageFileName": "1725889236586.jpg",
		"descriptionText": "askfdjbasikdbaKS"
	},
	{
		"_id": "66cc8fb935338737ded8520f",
		"name": "רוז קוורץ",
		"zodiac": "",
		"description": "רוז קוורץ, אבן האהבה ללא תנאים, מגיעה בגוון ורוד רך ועדין. היא נחשבת לאבן שמביאה איתה אהבה, שלווה ושלום, ומחזקת את תחושת ההרמוניה והאמפתיה. האבן מתאימה במיוחד לבני ובנות מזלות שור, סרטן, ומאזניים, ותורמת לפיתוח מערכות יחסים עמוקות ומלאות רגש. הרוז קוורץ היא הבחירה האידיאלית עבור מי שרוצה לטפח אהבה, גם כלפי עצמו וגם כלפי אחרים.",
		"i
...
Response: 304 8.488 ms 

Request: GET /api/stones at Mon Oct 14 2024 15:28:18 GMT+0300, IP: ::1, User Agent: Mozilla/5.0 (Linux; Android 6.0; Nexus 5 Build/MRA58N) AppleWebKit/537.36 (KHTML, like Gecko) Chrome/129.0.0.0 Mobile Safari/537.36 Edg/129.0.0.0
Response Body:
[
	{
		"_id": "66cc8fb935338737ded8520e",
		"name": "אמטיסט",
		"zodiac": "",
		"description": "אבן האמטיסט, בגוון סגול מהפנט, נחשבת לאבן הרוחניות והשלווה. היא ידועה כמסייעת בהרגעת הנפש ובאיזון רגשי, ומציעה הגנה מפני אנרגיות שליליות. האמטיסט מתאימה במיוחד לבני ובנות מזלות דגים, בתולה, וקשת, ותורמת להעצמת האינטואיציה ולחיזוק הקשר עם העצמי הפנימי. זו האבן המושלמת למי שמחפש חיבור עמוק יותר עם הרוחניות והיציבות הרגשית.",
		"imageFileName": "1725888893039.jpg",
		"__v": 0,
		"descriptionImageFileName": "1725889236586.jpg",
		"descriptionText": "askfdjbasikdbaKS"
	},
	{
		"_id": "66cc8fb935338737ded8520f",
		"name": "רוז קוורץ",
		"zodiac": "",
		"description": "רוז קוורץ, אבן האהבה ללא תנאים, מגיעה בגוון ורוד רך ועדין. היא נחשבת לאבן שמביאה איתה אהבה, שלווה ושלום, ומחזקת את תחושת ההרמוניה והאמפתיה. האבן מתאימה במיוחד לבני ובנות מזלות שור, סרטן, ומאזניים, ותורמת לפיתוח מערכות יחסים עמוקות ומלאות רגש. הרוז קוורץ היא הבחירה האידיאלית עבור מי שרוצה לטפח אהבה, גם כלפי עצמו וגם כלפי אחרים.",
		"i
...
Response: 304 2.575 ms 

Request: GET / at Tue Oct 15 2024 04:36:35 GMT+0300, IP: ::1, User Agent: Mozilla/5.0 (Linux; Android 6.0; Nexus 5 Build/MRA58N) AppleWebKit/537.36 (KHTML, like Gecko) Chrome/129.0.0.0 Mobile Safari/537.36 Edg/129.0.0.0
Response: 304 39.794 ms 

Request: GET / at Tue Oct 15 2024 04:36:35 GMT+0300, IP: ::1, User Agent: Mozilla/5.0 (Linux; Android 6.0; Nexus 5 Build/MRA58N) AppleWebKit/537.36 (KHTML, like Gecko) Chrome/129.0.0.0 Mobile Safari/537.36 Edg/129.0.0.0
Response: 304 1.033 ms 

Request: GET /api/categories at Tue Oct 15 2024 04:36:35 GMT+0300, IP: ::1, User Agent: Mozilla/5.0 (Linux; Android 6.0; Nexus 5 Build/MRA58N) AppleWebKit/537.36 (KHTML, like Gecko) Chrome/129.0.0.0 Mobile Safari/537.36 Edg/129.0.0.0
Response Body:
[
	{
		"_id": "66cc8fb935338737ded85208",
		"hebTitle": "צמידים",
		"engLink": "Bracelets",
		"imageFileNames": [
			"1724680280610.jpg",
			"1724680280611.jpg",
			"1724680280613.jpg",
			"1724680280613.jpg",
			"1724680280615.jpg"
		],
		"__v": 0
	},
	{
		"_id": "66cc8fb935338737ded85209",
		"hebTitle": "עגילים",
		"engLink": "earings",
		"imageFileNames": [
			"1724679146877.jpg",
			"1724679146905.jpg",
			"1724679146913.jpg",
			"1724679146922.jpg",
			"1725450626782.jpg",
			"1728390743395.jpg",
			"1728390968682.jpg",
			"1728809302122.png",
			"1728810017677.bmp",
			"1728810017767.png"
		],
		"__v": 0
	},
	{
		"_id": "66cc8fb935338737ded8520a",
		"hebTitle": "עגילי טבעת",
		"engLink": "Hook Earrings",
		"imageFileNames": [
			"1724679752305.jpg",
			"1724679752307.jpg",
			"1724679752310.jpg",
			"1724679752314.jpg",
			"1724679752333.jpg"
		],
		"__v": 0
	},
	{
		"_id": "66cc8fb935338737ded8520b",
		"hebTitle": "שרשראות",
		"engLink": "Necklaces",
		"imageFileNames": [
			"17
...
Response: 304 67.919 ms 

Request: GET /api/stones at Tue Oct 15 2024 04:36:35 GMT+0300, IP: ::1, User Agent: Mozilla/5.0 (Linux; Android 6.0; Nexus 5 Build/MRA58N) AppleWebKit/537.36 (KHTML, like Gecko) Chrome/129.0.0.0 Mobile Safari/537.36 Edg/129.0.0.0
Response Body:
[
	{
		"_id": "66cc8fb935338737ded8520e",
		"name": "אמטיסט",
		"zodiac": "",
		"description": "אבן האמטיסט, בגוון סגול מהפנט, נחשבת לאבן הרוחניות והשלווה. היא ידועה כמסייעת בהרגעת הנפש ובאיזון רגשי, ומציעה הגנה מפני אנרגיות שליליות. האמטיסט מתאימה במיוחד לבני ובנות מזלות דגים, בתולה, וקשת, ותורמת להעצמת האינטואיציה ולחיזוק הקשר עם העצמי הפנימי. זו האבן המושלמת למי שמחפש חיבור עמוק יותר עם הרוחניות והיציבות הרגשית.",
		"imageFileName": "1725888893039.jpg",
		"__v": 0,
		"descriptionImageFileName": "1725889236586.jpg",
		"descriptionText": "askfdjbasikdbaKS"
	},
	{
		"_id": "66cc8fb935338737ded8520f",
		"name": "רוז קוורץ",
		"zodiac": "",
		"description": "רוז קוורץ, אבן האהבה ללא תנאים, מגיעה בגוון ורוד רך ועדין. היא נחשבת לאבן שמביאה איתה אהבה, שלווה ושלום, ומחזקת את תחושת ההרמוניה והאמפתיה. האבן מתאימה במיוחד לבני ובנות מזלות שור, סרטן, ומאזניים, ותורמת לפיתוח מערכות יחסים עמוקות ומלאות רגש. הרוז קוורץ היא הבחירה האידיאלית עבור מי שרוצה לטפח אהבה, גם כלפי עצמו וגם כלפי אחרים.",
		"i
...
Response: 304 120.899 ms 

Request: GET /api/products at Tue Oct 15 2024 04:36:35 GMT+0300, IP: ::1, User Agent: Mozilla/5.0 (Linux; Android 6.0; Nexus 5 Build/MRA58N) AppleWebKit/537.36 (KHTML, like Gecko) Chrome/129.0.0.0 Mobile Safari/537.36 Edg/129.0.0.0
Response Body:
[
	{
		"_id": "66cc90241508324d6c354db7",
		"title": "עגילים",
		"description": "עגילי מקרמה בעבודת יד אלו הם שילוב מושלם של עיצוב בוהו-שיק קלאסי ואמנות קראפט עכשווית. כל זוג עגילים עשוי מחוטי מקרמה איכותיים הנקשרים בקפידה ליצירת דפוסים ייחודיים ומורכבים. העגילים קלים ונוחים לענידה, ומוסיפים נגיעה של סטייל ייחודי לכל הופעה יומיומית או ערב אלגנטי. בין אם את מחפשת מתנה מקורית או תוספת אופנתית לאוסף שלך, עגילי המקרמה הללו הם הבחירה המושלמת.",
		"imageFileNames": [
			"1724679146877.jpg",
			"1724679146905.jpg",
			"1724679146913.jpg",
			"1724679146922.jpg"
		],
		"stock": 2,
		"stringAColor": "black",
		"stringBColor": "white",
		"stone": "אקוומרין",
		"category": "עגילים",
		"__v": 0,
		"discount": 20,
		"currentPrice": 280,
		"originalPrice": 350
	},
	{
		"_id": "66cc90241508324d6c354db8",
		"title": "שרשרת",
		"description": "שרשרת המקרמה הזו היא יותר מאשר תכשיט - היא יצירת אמנות של ממש. עשויה בקפידה מחוטי מקרמה איכותיים, כל שרשרת נרקמת בעבודת יד תוך תשומת לב לפרטים הקטנים ביותר. הדוג
...
Response: 304 108.191 ms 

Request: GET /api/categories at Tue Oct 15 2024 04:36:35 GMT+0300, IP: ::1, User Agent: Mozilla/5.0 (Linux; Android 6.0; Nexus 5 Build/MRA58N) AppleWebKit/537.36 (KHTML, like Gecko) Chrome/129.0.0.0 Mobile Safari/537.36 Edg/129.0.0.0
Response Body:
[
	{
		"_id": "66cc8fb935338737ded85208",
		"hebTitle": "צמידים",
		"engLink": "Bracelets",
		"imageFileNames": [
			"1724680280610.jpg",
			"1724680280611.jpg",
			"1724680280613.jpg",
			"1724680280613.jpg",
			"1724680280615.jpg"
		],
		"__v": 0
	},
	{
		"_id": "66cc8fb935338737ded85209",
		"hebTitle": "עגילים",
		"engLink": "earings",
		"imageFileNames": [
			"1724679146877.jpg",
			"1724679146905.jpg",
			"1724679146913.jpg",
			"1724679146922.jpg",
			"1725450626782.jpg",
			"1728390743395.jpg",
			"1728390968682.jpg",
			"1728809302122.png",
			"1728810017677.bmp",
			"1728810017767.png"
		],
		"__v": 0
	},
	{
		"_id": "66cc8fb935338737ded8520a",
		"hebTitle": "עגילי טבעת",
		"engLink": "Hook Earrings",
		"imageFileNames": [
			"1724679752305.jpg",
			"1724679752307.jpg",
			"1724679752310.jpg",
			"1724679752314.jpg",
			"1724679752333.jpg"
		],
		"__v": 0
	},
	{
		"_id": "66cc8fb935338737ded8520b",
		"hebTitle": "שרשראות",
		"engLink": "Necklaces",
		"imageFileNames": [
			"17
...
Response: 304 5.803 ms 

Request: GET /api/stones at Tue Oct 15 2024 04:36:35 GMT+0300, IP: ::1, User Agent: Mozilla/5.0 (Linux; Android 6.0; Nexus 5 Build/MRA58N) AppleWebKit/537.36 (KHTML, like Gecko) Chrome/129.0.0.0 Mobile Safari/537.36 Edg/129.0.0.0
Response Body:
[
	{
		"_id": "66cc8fb935338737ded8520e",
		"name": "אמטיסט",
		"zodiac": "",
		"description": "אבן האמטיסט, בגוון סגול מהפנט, נחשבת לאבן הרוחניות והשלווה. היא ידועה כמסייעת בהרגעת הנפש ובאיזון רגשי, ומציעה הגנה מפני אנרגיות שליליות. האמטיסט מתאימה במיוחד לבני ובנות מזלות דגים, בתולה, וקשת, ותורמת להעצמת האינטואיציה ולחיזוק הקשר עם העצמי הפנימי. זו האבן המושלמת למי שמחפש חיבור עמוק יותר עם הרוחניות והיציבות הרגשית.",
		"imageFileName": "1725888893039.jpg",
		"__v": 0,
		"descriptionImageFileName": "1725889236586.jpg",
		"descriptionText": "askfdjbasikdbaKS"
	},
	{
		"_id": "66cc8fb935338737ded8520f",
		"name": "רוז קוורץ",
		"zodiac": "",
		"description": "רוז קוורץ, אבן האהבה ללא תנאים, מגיעה בגוון ורוד רך ועדין. היא נחשבת לאבן שמביאה איתה אהבה, שלווה ושלום, ומחזקת את תחושת ההרמוניה והאמפתיה. האבן מתאימה במיוחד לבני ובנות מזלות שור, סרטן, ומאזניים, ותורמת לפיתוח מערכות יחסים עמוקות ומלאות רגש. הרוז קוורץ היא הבחירה האידיאלית עבור מי שרוצה לטפח אהבה, גם כלפי עצמו וגם כלפי אחרים.",
		"i
...
Response: 304 6.768 ms 

Request: GET /api/products at Tue Oct 15 2024 04:36:35 GMT+0300, IP: ::1, User Agent: Mozilla/5.0 (Linux; Android 6.0; Nexus 5 Build/MRA58N) AppleWebKit/537.36 (KHTML, like Gecko) Chrome/129.0.0.0 Mobile Safari/537.36 Edg/129.0.0.0
Response Body:
[
	{
		"_id": "66cc90241508324d6c354db7",
		"title": "עגילים",
		"description": "עגילי מקרמה בעבודת יד אלו הם שילוב מושלם של עיצוב בוהו-שיק קלאסי ואמנות קראפט עכשווית. כל זוג עגילים עשוי מחוטי מקרמה איכותיים הנקשרים בקפידה ליצירת דפוסים ייחודיים ומורכבים. העגילים קלים ונוחים לענידה, ומוסיפים נגיעה של סטייל ייחודי לכל הופעה יומיומית או ערב אלגנטי. בין אם את מחפשת מתנה מקורית או תוספת אופנתית לאוסף שלך, עגילי המקרמה הללו הם הבחירה המושלמת.",
		"imageFileNames": [
			"1724679146877.jpg",
			"1724679146905.jpg",
			"1724679146913.jpg",
			"1724679146922.jpg"
		],
		"stock": 2,
		"stringAColor": "black",
		"stringBColor": "white",
		"stone": "אקוומרין",
		"category": "עגילים",
		"__v": 0,
		"discount": 20,
		"currentPrice": 280,
		"originalPrice": 350
	},
	{
		"_id": "66cc90241508324d6c354db8",
		"title": "שרשרת",
		"description": "שרשרת המקרמה הזו היא יותר מאשר תכשיט - היא יצירת אמנות של ממש. עשויה בקפידה מחוטי מקרמה איכותיים, כל שרשרת נרקמת בעבודת יד תוך תשומת לב לפרטים הקטנים ביותר. הדוג
...
Response: 304 8.818 ms 

Request: GET /api/stones at Tue Oct 15 2024 04:36:35 GMT+0300, IP: ::1, User Agent: Mozilla/5.0 (Linux; Android 6.0; Nexus 5 Build/MRA58N) AppleWebKit/537.36 (KHTML, like Gecko) Chrome/129.0.0.0 Mobile Safari/537.36 Edg/129.0.0.0
Response Body:
[
	{
		"_id": "66cc8fb935338737ded8520e",
		"name": "אמטיסט",
		"zodiac": "",
		"description": "אבן האמטיסט, בגוון סגול מהפנט, נחשבת לאבן הרוחניות והשלווה. היא ידועה כמסייעת בהרגעת הנפש ובאיזון רגשי, ומציעה הגנה מפני אנרגיות שליליות. האמטיסט מתאימה במיוחד לבני ובנות מזלות דגים, בתולה, וקשת, ותורמת להעצמת האינטואיציה ולחיזוק הקשר עם העצמי הפנימי. זו האבן המושלמת למי שמחפש חיבור עמוק יותר עם הרוחניות והיציבות הרגשית.",
		"imageFileName": "1725888893039.jpg",
		"__v": 0,
		"descriptionImageFileName": "1725889236586.jpg",
		"descriptionText": "askfdjbasikdbaKS"
	},
	{
		"_id": "66cc8fb935338737ded8520f",
		"name": "רוז קוורץ",
		"zodiac": "",
		"description": "רוז קוורץ, אבן האהבה ללא תנאים, מגיעה בגוון ורוד רך ועדין. היא נחשבת לאבן שמביאה איתה אהבה, שלווה ושלום, ומחזקת את תחושת ההרמוניה והאמפתיה. האבן מתאימה במיוחד לבני ובנות מזלות שור, סרטן, ומאזניים, ותורמת לפיתוח מערכות יחסים עמוקות ומלאות רגש. הרוז קוורץ היא הבחירה האידיאלית עבור מי שרוצה לטפח אהבה, גם כלפי עצמו וגם כלפי אחרים.",
		"i
...
Response: 304 3.638 ms 

Request: GET /api/stones at Tue Oct 15 2024 04:36:35 GMT+0300, IP: ::1, User Agent: Mozilla/5.0 (Linux; Android 6.0; Nexus 5 Build/MRA58N) AppleWebKit/537.36 (KHTML, like Gecko) Chrome/129.0.0.0 Mobile Safari/537.36 Edg/129.0.0.0
Response Body:
[
	{
		"_id": "66cc8fb935338737ded8520e",
		"name": "אמטיסט",
		"zodiac": "",
		"description": "אבן האמטיסט, בגוון סגול מהפנט, נחשבת לאבן הרוחניות והשלווה. היא ידועה כמסייעת בהרגעת הנפש ובאיזון רגשי, ומציעה הגנה מפני אנרגיות שליליות. האמטיסט מתאימה במיוחד לבני ובנות מזלות דגים, בתולה, וקשת, ותורמת להעצמת האינטואיציה ולחיזוק הקשר עם העצמי הפנימי. זו האבן המושלמת למי שמחפש חיבור עמוק יותר עם הרוחניות והיציבות הרגשית.",
		"imageFileName": "1725888893039.jpg",
		"__v": 0,
		"descriptionImageFileName": "1725889236586.jpg",
		"descriptionText": "askfdjbasikdbaKS"
	},
	{
		"_id": "66cc8fb935338737ded8520f",
		"name": "רוז קוורץ",
		"zodiac": "",
		"description": "רוז קוורץ, אבן האהבה ללא תנאים, מגיעה בגוון ורוד רך ועדין. היא נחשבת לאבן שמביאה איתה אהבה, שלווה ושלום, ומחזקת את תחושת ההרמוניה והאמפתיה. האבן מתאימה במיוחד לבני ובנות מזלות שור, סרטן, ומאזניים, ותורמת לפיתוח מערכות יחסים עמוקות ומלאות רגש. הרוז קוורץ היא הבחירה האידיאלית עבור מי שרוצה לטפח אהבה, גם כלפי עצמו וגם כלפי אחרים.",
		"i
...
Response: 304 4.039 ms 

Request: GET /public/stones/1725888893039.jpg at Tue Oct 15 2024 04:36:35 GMT+0300, IP: ::1, User Agent: Mozilla/5.0 (Linux; Android 6.0; Nexus 5 Build/MRA58N) AppleWebKit/537.36 (KHTML, like Gecko) Chrome/129.0.0.0 Mobile Safari/537.36 Edg/129.0.0.0
Response: 304 29.120 ms 

Request: GET /public/stones/1724338810205.jpg at Tue Oct 15 2024 04:36:35 GMT+0300, IP: ::1, User Agent: Mozilla/5.0 (Linux; Android 6.0; Nexus 5 Build/MRA58N) AppleWebKit/537.36 (KHTML, like Gecko) Chrome/129.0.0.0 Mobile Safari/537.36 Edg/129.0.0.0
Response: 304 26.823 ms 

Request: GET /public/stones/1724338838501.jpg at Tue Oct 15 2024 04:36:35 GMT+0300, IP: ::1, User Agent: Mozilla/5.0 (Linux; Android 6.0; Nexus 5 Build/MRA58N) AppleWebKit/537.36 (KHTML, like Gecko) Chrome/129.0.0.0 Mobile Safari/537.36 Edg/129.0.0.0
Response: 304 29.316 ms 

Request: GET /public/stones/1724338568812.jpg at Tue Oct 15 2024 04:36:35 GMT+0300, IP: ::1, User Agent: Mozilla/5.0 (Linux; Android 6.0; Nexus 5 Build/MRA58N) AppleWebKit/537.36 (KHTML, like Gecko) Chrome/129.0.0.0 Mobile Safari/537.36 Edg/129.0.0.0
Response: 304 31.171 ms 

Request: GET /public/stones/1726235232131.JPG at Tue Oct 15 2024 04:36:35 GMT+0300, IP: ::1, User Agent: Mozilla/5.0 (Linux; Android 6.0; Nexus 5 Build/MRA58N) AppleWebKit/537.36 (KHTML, like Gecko) Chrome/129.0.0.0 Mobile Safari/537.36 Edg/129.0.0.0
Response: 304 27.946 ms 

Request: GET /public/stones/1727781718270.jpg at Tue Oct 15 2024 04:36:35 GMT+0300, IP: ::1, User Agent: Mozilla/5.0 (Linux; Android 6.0; Nexus 5 Build/MRA58N) AppleWebKit/537.36 (KHTML, like Gecko) Chrome/129.0.0.0 Mobile Safari/537.36 Edg/129.0.0.0
Response: 304 28.196 ms 

Request: GET /public/stones/1728389610119.jpg at Tue Oct 15 2024 04:36:36 GMT+0300, IP: ::1, User Agent: Mozilla/5.0 (Linux; Android 6.0; Nexus 5 Build/MRA58N) AppleWebKit/537.36 (KHTML, like Gecko) Chrome/129.0.0.0 Mobile Safari/537.36 Edg/129.0.0.0
Response: 304 2.567 ms 

Request: GET /public/products/1724680280610.jpg at Tue Oct 15 2024 04:36:36 GMT+0300, IP: ::1, User Agent: Mozilla/5.0 (Linux; Android 6.0; Nexus 5 Build/MRA58N) AppleWebKit/537.36 (KHTML, like Gecko) Chrome/129.0.0.0 Mobile Safari/537.36 Edg/129.0.0.0
Response: 304 1.903 ms 

Request: GET /public/products/1724679146877.jpg at Tue Oct 15 2024 04:36:36 GMT+0300, IP: ::1, User Agent: Mozilla/5.0 (Linux; Android 6.0; Nexus 5 Build/MRA58N) AppleWebKit/537.36 (KHTML, like Gecko) Chrome/129.0.0.0 Mobile Safari/537.36 Edg/129.0.0.0
Response: 304 2.458 ms 

Request: GET /public/products/1724679752305.jpg at Tue Oct 15 2024 04:36:36 GMT+0300, IP: ::1, User Agent: Mozilla/5.0 (Linux; Android 6.0; Nexus 5 Build/MRA58N) AppleWebKit/537.36 (KHTML, like Gecko) Chrome/129.0.0.0 Mobile Safari/537.36 Edg/129.0.0.0
Response: 304 2.869 ms 

Request: GET /public/products/1724679330997.jpg at Tue Oct 15 2024 04:36:36 GMT+0300, IP: ::1, User Agent: Mozilla/5.0 (Linux; Android 6.0; Nexus 5 Build/MRA58N) AppleWebKit/537.36 (KHTML, like Gecko) Chrome/129.0.0.0 Mobile Safari/537.36 Edg/129.0.0.0
Response: 304 2.028 ms 

Request: GET /public/products/1724679930178.jpg at Tue Oct 15 2024 04:36:36 GMT+0300, IP: ::1, User Agent: Mozilla/5.0 (Linux; Android 6.0; Nexus 5 Build/MRA58N) AppleWebKit/537.36 (KHTML, like Gecko) Chrome/129.0.0.0 Mobile Safari/537.36 Edg/129.0.0.0
Response: 304 2.299 ms 
